The list of distances to compute is: [1.0, 1.1, 1.2, 1.3, 1.4, 1.5, 1.6, 1.7, 1.8, 1.9, 2.0, 2.1, 2.2, 2.3, 2.4, 2.5, 2.6, 2.7, 2.8, 2.9, 3.0]
I am the distance: 1.6
Li 0 0 0; H 0 0 1.6
Problem reduced to 10 qubits.
HF energy:                 -7.8618647698086450
Active space FCI energy:    -7.8820965999196524
n_electrons: 2
0.0
molecule.n_orbitals: 5
 adapt threshold: 1e-08
 theta threshold: 1e-10
 Generate Sparse Matrices for operators in pool
Ground state energy: -7.88209659991964
initial energy -7.861864769808646
 Start ADAPT-VQE algorithm
 Now start to grow the ansatz




 --------------------------------------------------------------------------
                         ADAPT-VQE iteration:  0
 --------------------------------------------------------------------------
['XYYZIIZIZY']
 Finished:      -7.863553389409
 Error:       0.018543210510
1.6




 --------------------------------------------------------------------------
                         ADAPT-VQE iteration:  1
 --------------------------------------------------------------------------
['YYIZZZIZXY', 'XYYZIIZIZY']
 Finished:      -7.878313326893
 Error:       0.003783273027
1.6




 --------------------------------------------------------------------------
                         ADAPT-VQE iteration:  2
 --------------------------------------------------------------------------
['XXZXZIIIYI', 'YYIZZZIZXY', 'XYYZIIZIZY']
 Finished:      -7.880048966192
 Error:       0.002047633727
1.6




 --------------------------------------------------------------------------
                         ADAPT-VQE iteration:  3
 --------------------------------------------------------------------------
['XXZXZIIIYI', 'XYYYIZZZII', 'YYIZZZIZXY', 'XYYZIIZIZY']
 Finished:      -7.880638753939
 Error:       0.001457845981
1.6




 --------------------------------------------------------------------------
                         ADAPT-VQE iteration:  4
 --------------------------------------------------------------------------
['XXIIYXZZII', 'XXZXZIIIYI', 'XYYYIZZZII', 'YYIZZZIZXY', 'XYYZIIZIZY']
 Finished:      -7.881087566487
 Error:       0.001009033433
1.6




 --------------------------------------------------------------------------
                         ADAPT-VQE iteration:  5
 --------------------------------------------------------------------------
['YXZZIZYYII', 'XXIIYXZZII', 'XXZXZIIIYI', 'XYYYIZZZII', 'YYIZZZIZXY', 'XYYZIIZIZY']
 Finished:      -7.881520917995
 Error:       0.000575681925
1.6




 --------------------------------------------------------------------------
                         ADAPT-VQE iteration:  6
 --------------------------------------------------------------------------
['YXZZIZYYII', 'XXIIYXZZII', 'XXZXZIIIYI', 'XYYYIZZZII', 'YYIZZZIZXY', 'IIZIZZYYXY', 'XYYZIIZIZY']
 Finished:      -7.881548240269
 Error:       0.000548359651
1.6




 --------------------------------------------------------------------------
                         ADAPT-VQE iteration:  7
 --------------------------------------------------------------------------
['YXZZIZYYII', 'XXIIYXZZII', 'XXZXZIIIYI', 'XYYYIZZZII', 'ZZXZXXIIZY', 'YYIZZZIZXY', 'IIZIZZYYXY', 'XYYZIIZIZY']
 Finished:      -7.881552922381
 Error:       0.000543677539
1.6




 --------------------------------------------------------------------------
                         ADAPT-VQE iteration:  8
 --------------------------------------------------------------------------
['XYZYIZZIYI', 'YXZZIZYYII', 'XXIIYXZZII', 'XXZXZIIIYI', 'XYYYIZZZII', 'ZZXZXXIIZY', 'YYIZZZIZXY', 'IIZIZZYYXY', 'XYYZIIZIZY']
 Finished:      -7.881577359807
 Error:       0.000519240113
1.6




 --------------------------------------------------------------------------
                         ADAPT-VQE iteration:  9
 --------------------------------------------------------------------------
['XYZYIZZIYI', 'YXZZIZYYII', 'XXIIYXZZII', 'XXZXZIIIYI', 'XXXZIIZZZY', 'XYYYIZZZII', 'ZZXZXXIIZY', 'YYIZZZIZXY', 'IIZIZZYYXY', 'XYYZIIZIZY']
 Finished:      -7.881601372067
 Error:       0.000495227853
1.6




 --------------------------------------------------------------------------
                         ADAPT-VQE iteration:  10
 --------------------------------------------------------------------------
['XYZYIZZIYI', 'XXIYIIXYZY', 'YXZZIZYYII', 'XXIIYXZZII', 'XXZXZIIIYI', 'XXXZIIZZZY', 'XYYYIZZZII', 'ZZXZXXIIZY', 'YYIZZZIZXY', 'IIZIZZYYXY', 'XYYZIIZIZY']
 Finished:      -7.881601594404
 Error:       0.000495005515
1.6




 --------------------------------------------------------------------------
                         ADAPT-VQE iteration:  11
 --------------------------------------------------------------------------
['XYZYIZZIYI', 'XXIYIIXYZY', 'YXZZIZYYII', 'XXIIYXZZII', 'XXZXZIIIYI', 'XXXZIIZZZY', 'XYYYIZZZII', 'ZZXZXXIIZY', 'YYIZZZIZXY', 'XXIYIIXYZY', 'IIZIZZYYXY', 'XYYZIIZIZY']
 Finished:      -7.881608931193
 Error:       0.000487668726
1.6




 --------------------------------------------------------------------------
                         ADAPT-VQE iteration:  12
 --------------------------------------------------------------------------
['XYZYIZZIYI', 'XXIYIIXYZY', 'YXZZIZYYII', 'XXIIYXZZII', 'XXZXZIIIYI', 'XXXZIIZZZY', 'XYYYIZZZII', 'ZZXZXXIIZY', 'YYIZZZIZXY', 'XXIYIIXYZY', 'XYZYIZZIYI', 'IIZIZZYYXY', 'XYYZIIZIZY']
 Finished:      -7.881624869079
 Error:       0.000471730841
1.6




 --------------------------------------------------------------------------
                         ADAPT-VQE iteration:  13
 --------------------------------------------------------------------------
['XYZYIZZIYI', 'XXIYIIXYZY', 'YXZZIZYYII', 'XXIIYXZZII', 'XXZXZIIIYI', 'XXIIYXZZII', 'XXXZIIZZZY', 'XYYYIZZZII', 'ZZXZXXIIZY', 'YYIZZZIZXY', 'XXIYIIXYZY', 'XYZYIZZIYI', 'IIZIZZYYXY', 'XYYZIIZIZY']
 Finished:      -7.881629184614
 Error:       0.000467415306
1.6




 --------------------------------------------------------------------------
                         ADAPT-VQE iteration:  14
 --------------------------------------------------------------------------
['XYZYIZZIYI', 'XXIYIIXYZY', 'YXZZIZYYII', 'XXIIYXZZII', 'XXZXZIIIYI', 'XXIIYXZZII', 'XXXZIIZZZY', 'XYYYIZZZII', 'XYXZXXXYZY', 'ZZXZXXIIZY', 'YYIZZZIZXY', 'XXIYIIXYZY', 'XYZYIZZIYI', 'IIZIZZYYXY', 'XYYZIIZIZY']
 Finished:      -7.881629187719
 Error:       0.000467412201
1.6




 --------------------------------------------------------------------------
                         ADAPT-VQE iteration:  15
 --------------------------------------------------------------------------
['XYZYIZZIYI', 'XXIYIIXYZY', 'YXZZIZYYII', 'XXIIYXZZII', 'XXZXZIIIYI', 'XXIIYXZZII', 'XXXZIIZZZY', 'XYYYIZZZII', 'XXIYIIXYZY', 'XYXZXXXYZY', 'ZZXZXXIIZY', 'YYIZZZIZXY', 'XXIYIIXYZY', 'XYZYIZZIYI', 'IIZIZZYYXY', 'XYYZIIZIZY']
 Finished:      -7.881630154116
 Error:       0.000466445804
1.6




 --------------------------------------------------------------------------
                         ADAPT-VQE iteration:  16
 --------------------------------------------------------------------------
['XXXZIIZZZY', 'XYZYIZZIYI', 'XXIYIIXYZY', 'YXZZIZYYII', 'XXIIYXZZII', 'XXZXZIIIYI', 'XXIIYXZZII', 'XXXZIIZZZY', 'XYYYIZZZII', 'XXIYIIXYZY', 'XYXZXXXYZY', 'ZZXZXXIIZY', 'YYIZZZIZXY', 'XXIYIIXYZY', 'XYZYIZZIYI', 'IIZIZZYYXY', 'XYYZIIZIZY']
 Finished:      -7.881633326888
 Error:       0.000463273032
1.6




 --------------------------------------------------------------------------
                         ADAPT-VQE iteration:  17
 --------------------------------------------------------------------------
['XXXZIIZZZY', 'XYZYIZZIYI', 'XXIYIIXYZY', 'YXZZIZYYII', 'XXIIYXZZII', 'XXZXZIIIYI', 'XXIIYXZZII', 'XXXZIIZZZY', 'XYYYIZZZII', 'XXIYIIXYZY', 'YZZZXYZZZY', 'XYXZXXXYZY', 'ZZXZXXIIZY', 'YYIZZZIZXY', 'XXIYIIXYZY', 'XYZYIZZIYI', 'IIZIZZYYXY', 'XYYZIIZIZY']
 Finished:      -7.881633332542
 Error:       0.000463267377
1.6




 --------------------------------------------------------------------------
                         ADAPT-VQE iteration:  18
 --------------------------------------------------------------------------
['XXXZIIZZZY', 'XYZYIZZIYI', 'XXIYIIXYZY', 'YXZZIZYYII', 'XXIIYXZZII', 'XXZXZIIIYI', 'XXIIYXZZII', 'ZZXZXXIIZY', 'XXXZIIZZZY', 'XYYYIZZZII', 'XXIYIIXYZY', 'YZZZXYZZZY', 'XYXZXXXYZY', 'ZZXZXXIIZY', 'YYIZZZIZXY', 'XXIYIIXYZY', 'XYZYIZZIYI', 'IIZIZZYYXY', 'XYYZIIZIZY']
 Finished:      -7.881648198519
 Error:       0.000448401401
1.6




 --------------------------------------------------------------------------
                         ADAPT-VQE iteration:  19
 --------------------------------------------------------------------------
['XXXZIIZZZY', 'XYZYIZZIYI', 'XXIYIIXYZY', 'YXZZIZYYII', 'XXIIYXZZII', 'XXZXZIIIYI', 'XXIIYXZZII', 'ZZXZXXIIZY', 'XXXZIIZZZY', 'XYYYIZZZII', 'XXIYIIXYZY', 'YZZZXYZZZY', 'XYXZXXXYZY', 'ZZXZXXIIZY', 'YZZZXYZZZY', 'YYIZZZIZXY', 'XXIYIIXYZY', 'XYZYIZZIYI', 'IIZIZZYYXY', 'XYYZIIZIZY']
 Finished:      -7.881806030181
 Error:       0.000290569738
1.6




 --------------------------------------------------------------------------
                         ADAPT-VQE iteration:  20
 --------------------------------------------------------------------------
['XXXZIIZZZY', 'XYZYIZZIYI', 'XXIYIIXYZY', 'YXZZIZYYII', 'XXIIYXZZII', 'XXZXZIIIYI', 'XXIIYXZZII', 'ZZXZXXIIZY', 'XXXZIIZZZY', 'XYYYIZZZII', 'XXIYIIXYZY', 'YZZZXYZZZY', 'XYYZIIZIZY', 'XYXZXXXYZY', 'ZZXZXXIIZY', 'YZZZXYZZZY', 'YYIZZZIZXY', 'XXIYIIXYZY', 'XYZYIZZIYI', 'IIZIZZYYXY', 'XYYZIIZIZY']
 Finished:      -7.881806813780
 Error:       0.000289786140
1.6




 --------------------------------------------------------------------------
                         ADAPT-VQE iteration:  21
 --------------------------------------------------------------------------
['XXXZIIZZZY', 'XYZYIZZIYI', 'XXIYIIXYZY', 'YXZZIZYYII', 'XYXZXXXYZY', 'XXIIYXZZII', 'XXZXZIIIYI', 'XXIIYXZZII', 'ZZXZXXIIZY', 'XXXZIIZZZY', 'XYYYIZZZII', 'XXIYIIXYZY', 'YZZZXYZZZY', 'XYYZIIZIZY', 'XYXZXXXYZY', 'ZZXZXXIIZY', 'YZZZXYZZZY', 'YYIZZZIZXY', 'XXIYIIXYZY', 'XYZYIZZIYI', 'IIZIZZYYXY', 'XYYZIIZIZY']
 Finished:      -7.881807898110
 Error:       0.000288701810
1.6




 --------------------------------------------------------------------------
                         ADAPT-VQE iteration:  22
 --------------------------------------------------------------------------
['XXXZIIZZZY', 'XYZYIZZIYI', 'XXIYIIXYZY', 'YXZZIZYYII', 'XYXZXXXYZY', 'XXIIYXZZII', 'IXIZXXZZYI', 'XXZXZIIIYI', 'XXIIYXZZII', 'ZZXZXXIIZY', 'XXXZIIZZZY', 'XYYYIZZZII', 'XXIYIIXYZY', 'YZZZXYZZZY', 'XYYZIIZIZY', 'XYXZXXXYZY', 'ZZXZXXIIZY', 'YZZZXYZZZY', 'YYIZZZIZXY', 'XXIYIIXYZY', 'XYZYIZZIYI', 'IIZIZZYYXY', 'XYYZIIZIZY']
 Finished:      -7.881808072754
 Error:       0.000288527166
1.6




 --------------------------------------------------------------------------
                         ADAPT-VQE iteration:  23
 --------------------------------------------------------------------------
['XXXZIIZZZY', 'XYZYIZZIYI', 'XXIYIIXYZY', 'YXZZIZYYII', 'XYXZXXXYZY', 'XXIIYXZZII', 'IXIZXXZZYI', 'XXZXZIIIYI', 'XXIIYXZZII', 'ZZXZXXIIZY', 'XXXZIIZZZY', 'IXIZXXZZYI', 'XYYYIZZZII', 'XXIYIIXYZY', 'YZZZXYZZZY', 'XYYZIIZIZY', 'XYXZXXXYZY', 'ZZXZXXIIZY', 'YZZZXYZZZY', 'YYIZZZIZXY', 'XXIYIIXYZY', 'XYZYIZZIYI', 'IIZIZZYYXY', 'XYYZIIZIZY']
 Finished:      -7.881808474961
 Error:       0.000288124958
1.6




 --------------------------------------------------------------------------
                         ADAPT-VQE iteration:  24
 --------------------------------------------------------------------------
['XXXZIIZZZY', 'XYZYIZZIYI', 'XXIYIIXYZY', 'YXZZIZYYII', 'XYXZXXXYZY', 'XXIIYXZZII', 'IXIZXXZZYI', 'XXZXZIIIYI', 'XXIIYXZZII', 'ZZXZXXIIZY', 'XXXZIIZZZY', 'IXIZXXZZYI', 'XYYYIZZZII', 'XXIYIIXYZY', 'YYIZZZIZXY', 'YZZZXYZZZY', 'XYYZIIZIZY', 'XYXZXXXYZY', 'ZZXZXXIIZY', 'YZZZXYZZZY', 'YYIZZZIZXY', 'XXIYIIXYZY', 'XYZYIZZIYI', 'IIZIZZYYXY', 'XYYZIIZIZY']
 Finished:      -7.881833096958
 Error:       0.000263502962
1.6




 --------------------------------------------------------------------------
                         ADAPT-VQE iteration:  25
 --------------------------------------------------------------------------
['XXXZIIZZZY', 'YYIZZZIZXY', 'XYZYIZZIYI', 'XXIYIIXYZY', 'YXZZIZYYII', 'XYXZXXXYZY', 'XXIIYXZZII', 'IXIZXXZZYI', 'XXZXZIIIYI', 'XXIIYXZZII', 'ZZXZXXIIZY', 'XXXZIIZZZY', 'IXIZXXZZYI', 'XYYYIZZZII', 'XXIYIIXYZY', 'YYIZZZIZXY', 'YZZZXYZZZY', 'XYYZIIZIZY', 'XYXZXXXYZY', 'ZZXZXXIIZY', 'YZZZXYZZZY', 'YYIZZZIZXY', 'XXIYIIXYZY', 'XYZYIZZIYI', 'IIZIZZYYXY', 'XYYZIIZIZY']
 Finished:      -7.881848145049
 Error:       0.000248454871
1.6




 --------------------------------------------------------------------------
                         ADAPT-VQE iteration:  26
 --------------------------------------------------------------------------
['XXXZIIZZZY', 'YYIZZZIZXY', 'XYZYIZZIYI', 'XXIYIIXYZY', 'YXZZIZYYII', 'XYXZXXXYZY', 'XXIIYXZZII', 'IXIZXXZZYI', 'XXZXZIIIYI', 'XXIIYXZZII', 'ZZXZXXIIZY', 'XXXZIIZZZY', 'IXIZXXZZYI', 'IIZIZZYYXY', 'XYYYIZZZII', 'XXIYIIXYZY', 'YYIZZZIZXY', 'YZZZXYZZZY', 'XYYZIIZIZY', 'XYXZXXXYZY', 'ZZXZXXIIZY', 'YZZZXYZZZY', 'YYIZZZIZXY', 'XXIYIIXYZY', 'XYZYIZZIYI', 'IIZIZZYYXY', 'XYYZIIZIZY']
 Finished:      -7.881855849283
 Error:       0.000240750637
1.6




 --------------------------------------------------------------------------
                         ADAPT-VQE iteration:  27
 --------------------------------------------------------------------------
['XXXZIIZZZY', 'ZZXZXXIIZY', 'YYIZZZIZXY', 'XYZYIZZIYI', 'XXIYIIXYZY', 'YXZZIZYYII', 'XYXZXXXYZY', 'XXIIYXZZII', 'IXIZXXZZYI', 'XXZXZIIIYI', 'XXIIYXZZII', 'ZZXZXXIIZY', 'XXXZIIZZZY', 'IXIZXXZZYI', 'IIZIZZYYXY', 'XYYYIZZZII', 'XXIYIIXYZY', 'YYIZZZIZXY', 'YZZZXYZZZY', 'XYYZIIZIZY', 'XYXZXXXYZY', 'ZZXZXXIIZY', 'YZZZXYZZZY', 'YYIZZZIZXY', 'XXIYIIXYZY', 'XYZYIZZIYI', 'IIZIZZYYXY', 'XYYZIIZIZY']
 Finished:      -7.881868102192
 Error:       0.000228497728
1.6




 --------------------------------------------------------------------------
                         ADAPT-VQE iteration:  28
 --------------------------------------------------------------------------
['XXXZIIZZZY', 'ZZXZXXIIZY', 'YYIZZZIZXY', 'XYZYIZZIYI', 'XXIYIIXYZY', 'YXZZIZYYII', 'XYXZXXXYZY', 'XXIIYXZZII', 'IXIZXXZZYI', 'XXZXZIIIYI', 'XXIIYXZZII', 'ZZXZXXIIZY', 'XXXZIIZZZY', 'IXIZXXZZYI', 'IIZIZZYYXY', 'XYYYIZZZII', 'XXIYIIXYZY', 'YYIZZZIZXY', 'YZZZXYZZZY', 'XYYZIIZIZY', 'XYXZXXXYZY', 'ZZXZXXIIZY', 'XYYYIZZZII', 'YZZZXYZZZY', 'YYIZZZIZXY', 'XXIYIIXYZY', 'XYZYIZZIYI', 'IIZIZZYYXY', 'XYYZIIZIZY']
 Finished:      -7.881868206801
 Error:       0.000228393119
1.6




 --------------------------------------------------------------------------
                         ADAPT-VQE iteration:  29
 --------------------------------------------------------------------------
['XXXZIIZZZY', 'ZZXZXXIIZY', 'YYIZZZIZXY', 'XYZYIZZIYI', 'XXIYIIXYZY', 'YXZZIZYYII', 'XYXZXXXYZY', 'XXIIYXZZII', 'IXIZXXZZYI', 'XXZXZIIIYI', 'XXIIYXZZII', 'ZZXZXXIIZY', 'XXXZIIZZZY', 'IXIZXXZZYI', 'IIZIZZYYXY', 'XYYYIZZZII', 'XXIYIIXYZY', 'YYIZZZIZXY', 'YZZZXYZZZY', 'XYYYIZZZII', 'XYYZIIZIZY', 'XYXZXXXYZY', 'ZZXZXXIIZY', 'XYYYIZZZII', 'YZZZXYZZZY', 'YYIZZZIZXY', 'XXIYIIXYZY', 'XYZYIZZIYI', 'IIZIZZYYXY', 'XYYZIIZIZY']
 Finished:      -7.881881858987
 Error:       0.000214740933
1.6




 --------------------------------------------------------------------------
                         ADAPT-VQE iteration:  30
 --------------------------------------------------------------------------
['XYXZXXXYZY', 'XXXZIIZZZY', 'ZZXZXXIIZY', 'YYIZZZIZXY', 'XYZYIZZIYI', 'XXIYIIXYZY', 'YXZZIZYYII', 'XYXZXXXYZY', 'XXIIYXZZII', 'IXIZXXZZYI', 'XXZXZIIIYI', 'XXIIYXZZII', 'ZZXZXXIIZY', 'XXXZIIZZZY', 'IXIZXXZZYI', 'IIZIZZYYXY', 'XYYYIZZZII', 'XXIYIIXYZY', 'YYIZZZIZXY', 'YZZZXYZZZY', 'XYYYIZZZII', 'XYYZIIZIZY', 'XYXZXXXYZY', 'ZZXZXXIIZY', 'XYYYIZZZII', 'YZZZXYZZZY', 'YYIZZZIZXY', 'XXIYIIXYZY', 'XYZYIZZIYI', 'IIZIZZYYXY', 'XYYZIIZIZY']
 Finished:      -7.881882278759
 Error:       0.000214321160
1.6




 --------------------------------------------------------------------------
                         ADAPT-VQE iteration:  31
 --------------------------------------------------------------------------
['XYXZXXXYZY', 'XXXZIIZZZY', 'XYXZXXXYZY', 'ZZXZXXIIZY', 'YYIZZZIZXY', 'XYZYIZZIYI', 'XXIYIIXYZY', 'YXZZIZYYII', 'XYXZXXXYZY', 'XXIIYXZZII', 'IXIZXXZZYI', 'XXZXZIIIYI', 'XXIIYXZZII', 'ZZXZXXIIZY', 'XXXZIIZZZY', 'IXIZXXZZYI', 'IIZIZZYYXY', 'XYYYIZZZII', 'XXIYIIXYZY', 'YYIZZZIZXY', 'YZZZXYZZZY', 'XYYYIZZZII', 'XYYZIIZIZY', 'XYXZXXXYZY', 'ZZXZXXIIZY', 'XYYYIZZZII', 'YZZZXYZZZY', 'YYIZZZIZXY', 'XXIYIIXYZY', 'XYZYIZZIYI', 'IIZIZZYYXY', 'XYYZIIZIZY']
 Finished:      -7.881882919818
 Error:       0.000213680101
1.6




 --------------------------------------------------------------------------
                         ADAPT-VQE iteration:  32
 --------------------------------------------------------------------------
['IIZIZZYYXY', 'XYXZXXXYZY', 'XXXZIIZZZY', 'XYXZXXXYZY', 'ZZXZXXIIZY', 'YYIZZZIZXY', 'XYZYIZZIYI', 'XXIYIIXYZY', 'YXZZIZYYII', 'XYXZXXXYZY', 'XXIIYXZZII', 'IXIZXXZZYI', 'XXZXZIIIYI', 'XXIIYXZZII', 'ZZXZXXIIZY', 'XXXZIIZZZY', 'IXIZXXZZYI', 'IIZIZZYYXY', 'XYYYIZZZII', 'XXIYIIXYZY', 'YYIZZZIZXY', 'YZZZXYZZZY', 'XYYYIZZZII', 'XYYZIIZIZY', 'XYXZXXXYZY', 'ZZXZXXIIZY', 'XYYYIZZZII', 'YZZZXYZZZY', 'YYIZZZIZXY', 'XXIYIIXYZY', 'XYZYIZZIYI', 'IIZIZZYYXY', 'XYYZIIZIZY']
 Finished:      -7.881884275014
 Error:       0.000212324906
1.6




 --------------------------------------------------------------------------
                         ADAPT-VQE iteration:  33
 --------------------------------------------------------------------------
['IIZIZZYYXY', 'XYXZXXXYZY', 'XXXZIIZZZY', 'XYXZXXXYZY', 'ZZXZXXIIZY', 'YYIZZZIZXY', 'XYZYIZZIYI', 'XXIYIIXYZY', 'YXZZIZYYII', 'XYXZXXXYZY', 'XXIIYXZZII', 'IXIZXXZZYI', 'XXZXZIIIYI', 'XXIIYXZZII', 'ZZXZXXIIZY', 'XXXZIIZZZY', 'IXIZXXZZYI', 'IIZIZZYYXY', 'XYYYIZZZII', 'XXIYIIXYZY', 'YYIZZZIZXY', 'YZZZXYZZZY', 'XYYYIZZZII', 'XYYZIIZIZY', 'XYXZXXXYZY', 'ZZXZXXIIZY', 'XYYYIZZZII', 'YZZZXYZZZY', 'XXZXZIIIYI', 'YYIZZZIZXY', 'XXIYIIXYZY', 'XYZYIZZIYI', 'IIZIZZYYXY', 'XYYZIIZIZY']
 Finished:      -7.881886573348
 Error:       0.000210026572
1.6




 --------------------------------------------------------------------------
                         ADAPT-VQE iteration:  34
 --------------------------------------------------------------------------
['IIZIZZYYXY', 'XYXZXXXYZY', 'XXXZIIZZZY', 'XYXZXXXYZY', 'ZZXZXXIIZY', 'YYIZZZIZXY', 'XYZYIZZIYI', 'XXIYIIXYZY', 'YXZZIZYYII', 'XYXZXXXYZY', 'XXIIYXZZII', 'IXIZXXZZYI', 'XXZXZIIIYI', 'XXIIYXZZII', 'ZZXZXXIIZY', 'XXXZIIZZZY', 'IXIZXXZZYI', 'IIZIZZYYXY', 'XYYYIZZZII', 'XXIYIIXYZY', 'YYIZZZIZXY', 'YZZZXYZZZY', 'XYYYIZZZII', 'XYYZIIZIZY', 'XYXZXXXYZY', 'ZZXZXXIIZY', 'XYYYIZZZII', 'XXZXZIIIYI', 'YZZZXYZZZY', 'XXZXZIIIYI', 'YYIZZZIZXY', 'XXIYIIXYZY', 'XYZYIZZIYI', 'IIZIZZYYXY', 'XYYZIIZIZY']
 Finished:      -7.881886573995
 Error:       0.000210025925
1.6




 --------------------------------------------------------------------------
                         ADAPT-VQE iteration:  35
 --------------------------------------------------------------------------
['IIZIZZYYXY', 'XYXZXXXYZY', 'XXXZIIZZZY', 'XYXZXXXYZY', 'ZZXZXXIIZY', 'YYIZZZIZXY', 'XYZYIZZIYI', 'XXIYIIXYZY', 'YXZZIZYYII', 'XYXZXXXYZY', 'XXIIYXZZII', 'IXIZXXZZYI', 'XXZXZIIIYI', 'XXIIYXZZII', 'ZZXZXXIIZY', 'XXXZIIZZZY', 'IXIZXXZZYI', 'IIZIZZYYXY', 'XYYYIZZZII', 'XXIYIIXYZY', 'YYIZZZIZXY', 'YZZZXYZZZY', 'XYZYIZZIYI', 'XYYYIZZZII', 'XYYZIIZIZY', 'XYXZXXXYZY', 'ZZXZXXIIZY', 'XYYYIZZZII', 'XXZXZIIIYI', 'YZZZXYZZZY', 'XXZXZIIIYI', 'YYIZZZIZXY', 'XXIYIIXYZY', 'XYZYIZZIYI', 'IIZIZZYYXY', 'XYYZIIZIZY']
 Finished:      -7.881886600337
 Error:       0.000209999583
1.6




 --------------------------------------------------------------------------
                         ADAPT-VQE iteration:  36
 --------------------------------------------------------------------------
['IIZIZZYYXY', 'XYXZXXXYZY', 'XXXZIIZZZY', 'XYXZXXXYZY', 'ZZXZXXIIZY', 'YYIZZZIZXY', 'XYZYIZZIYI', 'XXIYIIXYZY', 'YXZZIZYYII', 'XYXZXXXYZY', 'XXIIYXZZII', 'IXIZXXZZYI', 'XXZXZIIIYI', 'XXIIYXZZII', 'ZZXZXXIIZY', 'XXXZIIZZZY', 'IXIZXXZZYI', 'IIZIZZYYXY', 'XXZXZIIIYI', 'XYYYIZZZII', 'XXIYIIXYZY', 'YYIZZZIZXY', 'YZZZXYZZZY', 'XYZYIZZIYI', 'XYYYIZZZII', 'XYYZIIZIZY', 'XYXZXXXYZY', 'ZZXZXXIIZY', 'XYYYIZZZII', 'XXZXZIIIYI', 'YZZZXYZZZY', 'XXZXZIIIYI', 'YYIZZZIZXY', 'XXIYIIXYZY', 'XYZYIZZIYI', 'IIZIZZYYXY', 'XYYZIIZIZY']
 Finished:      -7.882061421212
 Error:       0.000035178708
1.6




 --------------------------------------------------------------------------
                         ADAPT-VQE iteration:  37
 --------------------------------------------------------------------------
['IIZIZZYYXY', 'XYXZXXXYZY', 'XXXZIIZZZY', 'XYXZXXXYZY', 'ZZXZXXIIZY', 'YYIZZZIZXY', 'XYZYIZZIYI', 'XXIYIIXYZY', 'YXZZIZYYII', 'XYXZXXXYZY', 'XXIIYXZZII', 'IXIZXXZZYI', 'XXZXZIIIYI', 'XXIIYXZZII', 'ZZXZXXIIZY', 'XXXZIIZZZY', 'IXIZXXZZYI', 'IIZIZZYYXY', 'XXZXZIIIYI', 'IIZIZZYYXY', 'XYYYIZZZII', 'XXIYIIXYZY', 'YYIZZZIZXY', 'YZZZXYZZZY', 'XYZYIZZIYI', 'XYYYIZZZII', 'XYYZIIZIZY', 'XYXZXXXYZY', 'ZZXZXXIIZY', 'XYYYIZZZII', 'XXZXZIIIYI', 'YZZZXYZZZY', 'XXZXZIIIYI', 'YYIZZZIZXY', 'XXIYIIXYZY', 'XYZYIZZIYI', 'IIZIZZYYXY', 'XYYZIIZIZY']
 Finished:      -7.882063923142
 Error:       0.000032676777
1.6




 --------------------------------------------------------------------------
                         ADAPT-VQE iteration:  38
 --------------------------------------------------------------------------
['IIZIZZYYXY', 'XYXZXXXYZY', 'XXXZIIZZZY', 'XYXZXXXYZY', 'ZZXZXXIIZY', 'XXIYIIXYZY', 'YYIZZZIZXY', 'XYZYIZZIYI', 'XXIYIIXYZY', 'YXZZIZYYII', 'XYXZXXXYZY', 'XXIIYXZZII', 'IXIZXXZZYI', 'XXZXZIIIYI', 'XXIIYXZZII', 'ZZXZXXIIZY', 'XXXZIIZZZY', 'IXIZXXZZYI', 'IIZIZZYYXY', 'XXZXZIIIYI', 'IIZIZZYYXY', 'XYYYIZZZII', 'XXIYIIXYZY', 'YYIZZZIZXY', 'YZZZXYZZZY', 'XYZYIZZIYI', 'XYYYIZZZII', 'XYYZIIZIZY', 'XYXZXXXYZY', 'ZZXZXXIIZY', 'XYYYIZZZII', 'XXZXZIIIYI', 'YZZZXYZZZY', 'XXZXZIIIYI', 'YYIZZZIZXY', 'XXIYIIXYZY', 'XYZYIZZIYI', 'IIZIZZYYXY', 'XYYZIIZIZY']
 Finished:      -7.882065677217
 Error:       0.000030922702
1.6




 --------------------------------------------------------------------------
                         ADAPT-VQE iteration:  39
 --------------------------------------------------------------------------
['IIZIZZYYXY', 'XYXZXXXYZY', 'XXXZIIZZZY', 'XYXZXXXYZY', 'ZZXZXXIIZY', 'XXIYIIXYZY', 'YYIZZZIZXY', 'XYZYIZZIYI', 'XXIYIIXYZY', 'YXZZIZYYII', 'XYXZXXXYZY', 'XXIIYXZZII', 'IXIZXXZZYI', 'XXZXZIIIYI', 'XXIIYXZZII', 'ZZXZXXIIZY', 'XXXZIIZZZY', 'IXIZXXZZYI', 'IIZIZZYYXY', 'XXZXZIIIYI', 'IIZIZZYYXY', 'XYYYIZZZII', 'XXIYIIXYZY', 'YYIZZZIZXY', 'YZZZXYZZZY', 'XYZYIZZIYI', 'XYYYIZZZII', 'XYYZIIZIZY', 'XYXZXXXYZY', 'ZZXZXXIIZY', 'XYYYIZZZII', 'XXZXZIIIYI', 'YZZZXYZZZY', 'XXZXZIIIYI', 'YYIZZZIZXY', 'XXIYIIXYZY', 'XYZYIZZIYI', 'IIZIZZYYXY', 'IXIZXXZZYI', 'XYYZIIZIZY']
 Finished:      -7.882068075332
 Error:       0.000028524587
1.6




 --------------------------------------------------------------------------
                         ADAPT-VQE iteration:  40
 --------------------------------------------------------------------------
['IIZIZZYYXY', 'XYXZXXXYZY', 'XXXZIIZZZY', 'XYXZXXXYZY', 'ZZXZXXIIZY', 'XXIYIIXYZY', 'YYIZZZIZXY', 'XYZYIZZIYI', 'XXIYIIXYZY', 'YXZZIZYYII', 'XYXZXXXYZY', 'XXIIYXZZII', 'IXIZXXZZYI', 'XXZXZIIIYI', 'YZZZXYZZZY', 'XXIIYXZZII', 'ZZXZXXIIZY', 'XXXZIIZZZY', 'IXIZXXZZYI', 'IIZIZZYYXY', 'XXZXZIIIYI', 'IIZIZZYYXY', 'XYYYIZZZII', 'XXIYIIXYZY', 'YYIZZZIZXY', 'YZZZXYZZZY', 'XYZYIZZIYI', 'XYYYIZZZII', 'XYYZIIZIZY', 'XYXZXXXYZY', 'ZZXZXXIIZY', 'XYYYIZZZII', 'XXZXZIIIYI', 'YZZZXYZZZY', 'XXZXZIIIYI', 'YYIZZZIZXY', 'XXIYIIXYZY', 'XYZYIZZIYI', 'IIZIZZYYXY', 'IXIZXXZZYI', 'XYYZIIZIZY']
 Finished:      -7.882071669968
 Error:       0.000024929952
1.6




 --------------------------------------------------------------------------
                         ADAPT-VQE iteration:  41
 --------------------------------------------------------------------------
['IIZIZZYYXY', 'XYXZXXXYZY', 'XXXZIIZZZY', 'XYXZXXXYZY', 'ZZXZXXIIZY', 'XXIYIIXYZY', 'YYIZZZIZXY', 'XYZYIZZIYI', 'XXIYIIXYZY', 'YXZZIZYYII', 'XYXZXXXYZY', 'XXIIYXZZII', 'IXIZXXZZYI', 'XXZXZIIIYI', 'XYXZXXXYZY', 'YZZZXYZZZY', 'XXIIYXZZII', 'ZZXZXXIIZY', 'XXXZIIZZZY', 'IXIZXXZZYI', 'IIZIZZYYXY', 'XXZXZIIIYI', 'IIZIZZYYXY', 'XYYYIZZZII', 'XXIYIIXYZY', 'YYIZZZIZXY', 'YZZZXYZZZY', 'XYZYIZZIYI', 'XYYYIZZZII', 'XYYZIIZIZY', 'XYXZXXXYZY', 'ZZXZXXIIZY', 'XYYYIZZZII', 'XXZXZIIIYI', 'YZZZXYZZZY', 'XXZXZIIIYI', 'YYIZZZIZXY', 'XXIYIIXYZY', 'XYZYIZZIYI', 'IIZIZZYYXY', 'IXIZXXZZYI', 'XYYZIIZIZY']
 Finished:      -7.882071896628
 Error:       0.000024703292
1.6




 --------------------------------------------------------------------------
                         ADAPT-VQE iteration:  42
 --------------------------------------------------------------------------
['IIZIZZYYXY', 'XYXZXXXYZY', 'XXXZIIZZZY', 'XYXZXXXYZY', 'ZZXZXXIIZY', 'XXIYIIXYZY', 'YYIZZZIZXY', 'XYZYIZZIYI', 'XXIYIIXYZY', 'YXZZIZYYII', 'XYXZXXXYZY', 'XXIIYXZZII', 'IXIZXXZZYI', 'XXZXZIIIYI', 'XYXZXXXYZY', 'YZZZXYZZZY', 'XXIIYXZZII', 'XYYZIIZIZY', 'ZZXZXXIIZY', 'XXXZIIZZZY', 'IXIZXXZZYI', 'IIZIZZYYXY', 'XXZXZIIIYI', 'IIZIZZYYXY', 'XYYYIZZZII', 'XXIYIIXYZY', 'YYIZZZIZXY', 'YZZZXYZZZY', 'XYZYIZZIYI', 'XYYYIZZZII', 'XYYZIIZIZY', 'XYXZXXXYZY', 'ZZXZXXIIZY', 'XYYYIZZZII', 'XXZXZIIIYI', 'YZZZXYZZZY', 'XXZXZIIIYI', 'YYIZZZIZXY', 'XXIYIIXYZY', 'XYZYIZZIYI', 'IIZIZZYYXY', 'IXIZXXZZYI', 'XYYZIIZIZY']
 Finished:      -7.882089754356
 Error:       0.000006845564
1.6




 --------------------------------------------------------------------------
                         ADAPT-VQE iteration:  43
 --------------------------------------------------------------------------
['IIZIZZYYXY', 'XYXZXXXYZY', 'XXXZIIZZZY', 'XYXZXXXYZY', 'ZZXZXXIIZY', 'XXIYIIXYZY', 'YYIZZZIZXY', 'XYZYIZZIYI', 'XXIYIIXYZY', 'YXZZIZYYII', 'XYXZXXXYZY', 'XXIIYXZZII', 'IXIZXXZZYI', 'XXZXZIIIYI', 'XYXZXXXYZY', 'YZZZXYZZZY', 'XXIIYXZZII', 'XYYZIIZIZY', 'ZZXZXXIIZY', 'XXXZIIZZZY', 'IXIZXXZZYI', 'IIZIZZYYXY', 'XXZXZIIIYI', 'IIZIZZYYXY', 'XYYYIZZZII', 'XXIYIIXYZY', 'YYIZZZIZXY', 'YZZZXYZZZY', 'XYZYIZZIYI', 'XYYYIZZZII', 'XYYZIIZIZY', 'XYXZXXXYZY', 'ZZXZXXIIZY', 'XXIIYXZZII', 'XYYYIZZZII', 'XXZXZIIIYI', 'YZZZXYZZZY', 'XXZXZIIIYI', 'YYIZZZIZXY', 'XXIYIIXYZY', 'XYZYIZZIYI', 'IIZIZZYYXY', 'IXIZXXZZYI', 'XYYZIIZIZY']
 Finished:      -7.882093744066
 Error:       0.000002855854
1.6




 --------------------------------------------------------------------------
                         ADAPT-VQE iteration:  44
 --------------------------------------------------------------------------
['IIZIZZYYXY', 'XYXZXXXYZY', 'XXXZIIZZZY', 'XYXZXXXYZY', 'ZZXZXXIIZY', 'XXIYIIXYZY', 'YYIZZZIZXY', 'XYZYIZZIYI', 'XXIYIIXYZY', 'YXZZIZYYII', 'XYXZXXXYZY', 'XXIIYXZZII', 'IXIZXXZZYI', 'XXZXZIIIYI', 'XYXZXXXYZY', 'YZZZXYZZZY', 'XXIIYXZZII', 'XYYZIIZIZY', 'ZZXZXXIIZY', 'XXXZIIZZZY', 'IXIZXXZZYI', 'IIZIZZYYXY', 'XXZXZIIIYI', 'IIZIZZYYXY', 'XYYYIZZZII', 'XXIYIIXYZY', 'YYIZZZIZXY', 'YZZZXYZZZY', 'XYZYIZZIYI', 'XYYYIZZZII', 'XYYZIIZIZY', 'XYXZXXXYZY', 'ZZXZXXIIZY', 'XXIIYXZZII', 'XYYYIZZZII', 'XXZXZIIIYI', 'IIZIZZYYXY', 'YZZZXYZZZY', 'XXZXZIIIYI', 'YYIZZZIZXY', 'XXIYIIXYZY', 'XYZYIZZIYI', 'IIZIZZYYXY', 'IXIZXXZZYI', 'XYYZIIZIZY']
 Finished:      -7.882094308603
 Error:       0.000002291317
1.6




 --------------------------------------------------------------------------
                         ADAPT-VQE iteration:  45
 --------------------------------------------------------------------------
['IIZIZZYYXY', 'XYXZXXXYZY', 'XXXZIIZZZY', 'XYXZXXXYZY', 'ZZXZXXIIZY', 'XXIYIIXYZY', 'YYIZZZIZXY', 'XYZYIZZIYI', 'XXIYIIXYZY', 'YXZZIZYYII', 'XYXZXXXYZY', 'XXIIYXZZII', 'IXIZXXZZYI', 'XXZXZIIIYI', 'XYXZXXXYZY', 'YZZZXYZZZY', 'XXIIYXZZII', 'XYYZIIZIZY', 'ZZXZXXIIZY', 'XXXZIIZZZY', 'XXIYIIXYZY', 'IXIZXXZZYI', 'IIZIZZYYXY', 'XXZXZIIIYI', 'IIZIZZYYXY', 'XYYYIZZZII', 'XXIYIIXYZY', 'YYIZZZIZXY', 'YZZZXYZZZY', 'XYZYIZZIYI', 'XYYYIZZZII', 'XYYZIIZIZY', 'XYXZXXXYZY', 'ZZXZXXIIZY', 'XXIIYXZZII', 'XYYYIZZZII', 'XXZXZIIIYI', 'IIZIZZYYXY', 'YZZZXYZZZY', 'XXZXZIIIYI', 'YYIZZZIZXY', 'XXIYIIXYZY', 'XYZYIZZIYI', 'IIZIZZYYXY', 'IXIZXXZZYI', 'XYYZIIZIZY']
 Finished:      -7.882094610469
 Error:       0.000001989451
1.6




 --------------------------------------------------------------------------
                         ADAPT-VQE iteration:  46
 --------------------------------------------------------------------------
['IIZIZZYYXY', 'XYXZXXXYZY', 'XXXZIIZZZY', 'XYXZXXXYZY', 'ZZXZXXIIZY', 'XXIYIIXYZY', 'YYIZZZIZXY', 'XYZYIZZIYI', 'XXIYIIXYZY', 'YXZZIZYYII', 'XYXZXXXYZY', 'XXIIYXZZII', 'IXIZXXZZYI', 'XXZXZIIIYI', 'XYXZXXXYZY', 'YZZZXYZZZY', 'XXIIYXZZII', 'XYYZIIZIZY', 'ZZXZXXIIZY', 'XXXZIIZZZY', 'XXIYIIXYZY', 'IXIZXXZZYI', 'IIZIZZYYXY', 'XXZXZIIIYI', 'IIZIZZYYXY', 'XYYYIZZZII', 'XYXZXXXYZY', 'XXIYIIXYZY', 'YYIZZZIZXY', 'YZZZXYZZZY', 'XYZYIZZIYI', 'XYYYIZZZII', 'XYYZIIZIZY', 'XYXZXXXYZY', 'ZZXZXXIIZY', 'XXIIYXZZII', 'XYYYIZZZII', 'XXZXZIIIYI', 'IIZIZZYYXY', 'YZZZXYZZZY', 'XXZXZIIIYI', 'YYIZZZIZXY', 'XXIYIIXYZY', 'XYZYIZZIYI', 'IIZIZZYYXY', 'IXIZXXZZYI', 'XYYZIIZIZY']
 Finished:      -7.882094630784
 Error:       0.000001969136
1.6




 --------------------------------------------------------------------------
                         ADAPT-VQE iteration:  47
 --------------------------------------------------------------------------
['IIZIZZYYXY', 'XYXZXXXYZY', 'XXXZIIZZZY', 'XYXZXXXYZY', 'ZZXZXXIIZY', 'XXIYIIXYZY', 'YYIZZZIZXY', 'XYZYIZZIYI', 'XXIYIIXYZY', 'YXZZIZYYII', 'XYXZXXXYZY', 'IIZIZZYYXY', 'XXIIYXZZII', 'IXIZXXZZYI', 'XXZXZIIIYI', 'XYXZXXXYZY', 'YZZZXYZZZY', 'XXIIYXZZII', 'XYYZIIZIZY', 'ZZXZXXIIZY', 'XXXZIIZZZY', 'XXIYIIXYZY', 'IXIZXXZZYI', 'IIZIZZYYXY', 'XXZXZIIIYI', 'IIZIZZYYXY', 'XYYYIZZZII', 'XYXZXXXYZY', 'XXIYIIXYZY', 'YYIZZZIZXY', 'YZZZXYZZZY', 'XYZYIZZIYI', 'XYYYIZZZII', 'XYYZIIZIZY', 'XYXZXXXYZY', 'ZZXZXXIIZY', 'XXIIYXZZII', 'XYYYIZZZII', 'XXZXZIIIYI', 'IIZIZZYYXY', 'YZZZXYZZZY', 'XXZXZIIIYI', 'YYIZZZIZXY', 'XXIYIIXYZY', 'XYZYIZZIYI', 'IIZIZZYYXY', 'IXIZXXZZYI', 'XYYZIIZIZY']
 Finished:      -7.882095024229
 Error:       0.000001575690
1.6




 --------------------------------------------------------------------------
                         ADAPT-VQE iteration:  48
 --------------------------------------------------------------------------
['IIZIZZYYXY', 'XYXZXXXYZY', 'XXXZIIZZZY', 'XYYYIZZZII', 'XYXZXXXYZY', 'ZZXZXXIIZY', 'XXIYIIXYZY', 'YYIZZZIZXY', 'XYZYIZZIYI', 'XXIYIIXYZY', 'YXZZIZYYII', 'XYXZXXXYZY', 'IIZIZZYYXY', 'XXIIYXZZII', 'IXIZXXZZYI', 'XXZXZIIIYI', 'XYXZXXXYZY', 'YZZZXYZZZY', 'XXIIYXZZII', 'XYYZIIZIZY', 'ZZXZXXIIZY', 'XXXZIIZZZY', 'XXIYIIXYZY', 'IXIZXXZZYI', 'IIZIZZYYXY', 'XXZXZIIIYI', 'IIZIZZYYXY', 'XYYYIZZZII', 'XYXZXXXYZY', 'XXIYIIXYZY', 'YYIZZZIZXY', 'YZZZXYZZZY', 'XYZYIZZIYI', 'XYYYIZZZII', 'XYYZIIZIZY', 'XYXZXXXYZY', 'ZZXZXXIIZY', 'XXIIYXZZII', 'XYYYIZZZII', 'XXZXZIIIYI', 'IIZIZZYYXY', 'YZZZXYZZZY', 'XXZXZIIIYI', 'YYIZZZIZXY', 'XXIYIIXYZY', 'XYZYIZZIYI', 'IIZIZZYYXY', 'IXIZXXZZYI', 'XYYZIIZIZY']
 Finished:      -7.882095273361
 Error:       0.000001326558
1.6




 --------------------------------------------------------------------------
                         ADAPT-VQE iteration:  49
 --------------------------------------------------------------------------
['IIZIZZYYXY', 'XYXZXXXYZY', 'XXXZIIZZZY', 'XYYYIZZZII', 'XYXZXXXYZY', 'ZZXZXXIIZY', 'XXIYIIXYZY', 'YYIZZZIZXY', 'XYZYIZZIYI', 'XXIYIIXYZY', 'YXZZIZYYII', 'XYXZXXXYZY', 'IIZIZZYYXY', 'XXIIYXZZII', 'IXIZXXZZYI', 'XXZXZIIIYI', 'XYXZXXXYZY', 'YZZZXYZZZY', 'XXIIYXZZII', 'XYYZIIZIZY', 'ZZXZXXIIZY', 'XXXZIIZZZY', 'XXIYIIXYZY', 'IXIZXXZZYI', 'IIZIZZYYXY', 'XXZXZIIIYI', 'IIZIZZYYXY', 'XYYYIZZZII', 'XYXZXXXYZY', 'XXIYIIXYZY', 'YYIZZZIZXY', 'YZZZXYZZZY', 'XYZYIZZIYI', 'XYYYIZZZII', 'XXIYIIXYZY', 'XYYZIIZIZY', 'XYXZXXXYZY', 'ZZXZXXIIZY', 'XXIIYXZZII', 'XYYYIZZZII', 'XXZXZIIIYI', 'IIZIZZYYXY', 'YZZZXYZZZY', 'XXZXZIIIYI', 'YYIZZZIZXY', 'XXIYIIXYZY', 'XYZYIZZIYI', 'IIZIZZYYXY', 'IXIZXXZZYI', 'XYYZIIZIZY']
 Finished:      -7.882095340062
 Error:       0.000001259858
1.6




 --------------------------------------------------------------------------
                         ADAPT-VQE iteration:  50
 --------------------------------------------------------------------------
['IIZIZZYYXY', 'XYXZXXXYZY', 'XXXZIIZZZY', 'XYYYIZZZII', 'XYXZXXXYZY', 'ZZXZXXIIZY', 'XXIYIIXYZY', 'YYIZZZIZXY', 'XYZYIZZIYI', 'XXIYIIXYZY', 'YXZZIZYYII', 'XYXZXXXYZY', 'IIZIZZYYXY', 'XXIIYXZZII', 'IXIZXXZZYI', 'XXZXZIIIYI', 'XYXZXXXYZY', 'YZZZXYZZZY', 'XXIIYXZZII', 'XYYZIIZIZY', 'ZZXZXXIIZY', 'XXXZIIZZZY', 'XXIYIIXYZY', 'IXIZXXZZYI', 'IIZIZZYYXY', 'XXZXZIIIYI', 'IIZIZZYYXY', 'XYYYIZZZII', 'XYXZXXXYZY', 'XXIYIIXYZY', 'YYIZZZIZXY', 'IIZIZZYYXY', 'YZZZXYZZZY', 'XYZYIZZIYI', 'XYYYIZZZII', 'XXIYIIXYZY', 'XYYZIIZIZY', 'XYXZXXXYZY', 'ZZXZXXIIZY', 'XXIIYXZZII', 'XYYYIZZZII', 'XXZXZIIIYI', 'IIZIZZYYXY', 'YZZZXYZZZY', 'XXZXZIIIYI', 'YYIZZZIZXY', 'XXIYIIXYZY', 'XYZYIZZIYI', 'IIZIZZYYXY', 'IXIZXXZZYI', 'XYYZIIZIZY']
 Finished:      -7.882095474054
 Error:       0.000001125866
1.6




 --------------------------------------------------------------------------
                         ADAPT-VQE iteration:  51
 --------------------------------------------------------------------------
['IIZIZZYYXY', 'XYXZXXXYZY', 'XXXZIIZZZY', 'XYYYIZZZII', 'XYXZXXXYZY', 'ZZXZXXIIZY', 'XXIYIIXYZY', 'YYIZZZIZXY', 'XYZYIZZIYI', 'XXIYIIXYZY', 'YXZZIZYYII', 'XYXZXXXYZY', 'IIZIZZYYXY', 'XXIIYXZZII', 'IXIZXXZZYI', 'XXZXZIIIYI', 'XYXZXXXYZY', 'YZZZXYZZZY', 'XXIIYXZZII', 'XYYZIIZIZY', 'ZZXZXXIIZY', 'XXXZIIZZZY', 'XXIYIIXYZY', 'IXIZXXZZYI', 'IIZIZZYYXY', 'XXZXZIIIYI', 'IIZIZZYYXY', 'XYYYIZZZII', 'XYXZXXXYZY', 'XXIYIIXYZY', 'YYIZZZIZXY', 'IIZIZZYYXY', 'YZZZXYZZZY', 'XYZYIZZIYI', 'XYYYIZZZII', 'XXIYIIXYZY', 'XYYZIIZIZY', 'XYXZXXXYZY', 'ZZXZXXIIZY', 'XXIIYXZZII', 'XYYYIZZZII', 'XXZXZIIIYI', 'IIZIZZYYXY', 'YZZZXYZZZY', 'XXZXZIIIYI', 'YYIZZZIZXY', 'XXIYIIXYZY', 'XYZYIZZIYI', 'IIZIZZYYXY', 'IXIZXXZZYI', 'IIZIZZYYXY', 'XYYZIIZIZY']
 Finished:      -7.882095580606
 Error:       0.000001019313
1.6




 --------------------------------------------------------------------------
                         ADAPT-VQE iteration:  52
 --------------------------------------------------------------------------
['IIZIZZYYXY', 'XYXZXXXYZY', 'XXXZIIZZZY', 'XYYYIZZZII', 'XYXZXXXYZY', 'ZZXZXXIIZY', 'XXIYIIXYZY', 'YYIZZZIZXY', 'XYZYIZZIYI', 'XXIYIIXYZY', 'YXZZIZYYII', 'XYXZXXXYZY', 'IIZIZZYYXY', 'XXIIYXZZII', 'IXIZXXZZYI', 'XXZXZIIIYI', 'XYXZXXXYZY', 'YZZZXYZZZY', 'XXIIYXZZII', 'XYYZIIZIZY', 'ZZXZXXIIZY', 'XXXZIIZZZY', 'XXIYIIXYZY', 'IXIZXXZZYI', 'IIZIZZYYXY', 'XXZXZIIIYI', 'IIZIZZYYXY', 'XYYYIZZZII', 'XYXZXXXYZY', 'XXIYIIXYZY', 'YYIZZZIZXY', 'IIZIZZYYXY', 'YZZZXYZZZY', 'XYZYIZZIYI', 'XYYYIZZZII', 'XXIYIIXYZY', 'XYYZIIZIZY', 'XYXZXXXYZY', 'ZZXZXXIIZY', 'XXIIYXZZII', 'XYYYIZZZII', 'XXZXZIIIYI', 'IIZIZZYYXY', 'YZZZXYZZZY', 'XXZXZIIIYI', 'YYIZZZIZXY', 'XYXZXXXYZY', 'XXIYIIXYZY', 'XYZYIZZIYI', 'IIZIZZYYXY', 'IXIZXXZZYI', 'IIZIZZYYXY', 'XYYZIIZIZY']
 Finished:      -7.882095686236
 Error:       0.000000913684
1.6




 --------------------------------------------------------------------------
                         ADAPT-VQE iteration:  53
 --------------------------------------------------------------------------
['IIZIZZYYXY', 'XYXZXXXYZY', 'XXXZIIZZZY', 'XYYYIZZZII', 'XYXZXXXYZY', 'ZZXZXXIIZY', 'XXIYIIXYZY', 'YYIZZZIZXY', 'XYZYIZZIYI', 'XXIYIIXYZY', 'YXZZIZYYII', 'XYXZXXXYZY', 'IIZIZZYYXY', 'XXIIYXZZII', 'IXIZXXZZYI', 'XXZXZIIIYI', 'XYXZXXXYZY', 'YZZZXYZZZY', 'XXIIYXZZII', 'XYYZIIZIZY', 'ZZXZXXIIZY', 'XXXZIIZZZY', 'XXIYIIXYZY', 'IXIZXXZZYI', 'IIZIZZYYXY', 'XXZXZIIIYI', 'IIZIZZYYXY', 'XYYYIZZZII', 'XYXZXXXYZY', 'XXIYIIXYZY', 'YYIZZZIZXY', 'IIZIZZYYXY', 'YZZZXYZZZY', 'XYZYIZZIYI', 'XYXZXXXYZY', 'XYYYIZZZII', 'XXIYIIXYZY', 'XYYZIIZIZY', 'XYXZXXXYZY', 'ZZXZXXIIZY', 'XXIIYXZZII', 'XYYYIZZZII', 'XXZXZIIIYI', 'IIZIZZYYXY', 'YZZZXYZZZY', 'XXZXZIIIYI', 'YYIZZZIZXY', 'XYXZXXXYZY', 'XXIYIIXYZY', 'XYZYIZZIYI', 'IIZIZZYYXY', 'IXIZXXZZYI', 'IIZIZZYYXY', 'XYYZIIZIZY']
 Finished:      -7.882096090012
 Error:       0.000000509908
1.6




 --------------------------------------------------------------------------
                         ADAPT-VQE iteration:  54
 --------------------------------------------------------------------------
['IIZIZZYYXY', 'XYXZXXXYZY', 'XXXZIIZZZY', 'XYYYIZZZII', 'XYXZXXXYZY', 'ZZXZXXIIZY', 'XXIYIIXYZY', 'YYIZZZIZXY', 'XYZYIZZIYI', 'XXIYIIXYZY', 'YXZZIZYYII', 'XYXZXXXYZY', 'IIZIZZYYXY', 'XXIIYXZZII', 'IXIZXXZZYI', 'XXZXZIIIYI', 'XYXZXXXYZY', 'YZZZXYZZZY', 'XXIIYXZZII', 'XYYZIIZIZY', 'ZZXZXXIIZY', 'XXXZIIZZZY', 'XXIYIIXYZY', 'IXIZXXZZYI', 'IIZIZZYYXY', 'XXZXZIIIYI', 'IIZIZZYYXY', 'XYYYIZZZII', 'XYXZXXXYZY', 'XXIYIIXYZY', 'YYIZZZIZXY', 'XYXZXXXYZY', 'IIZIZZYYXY', 'YZZZXYZZZY', 'XYZYIZZIYI', 'XYXZXXXYZY', 'XYYYIZZZII', 'XXIYIIXYZY', 'XYYZIIZIZY', 'XYXZXXXYZY', 'ZZXZXXIIZY', 'XXIIYXZZII', 'XYYYIZZZII', 'XXZXZIIIYI', 'IIZIZZYYXY', 'YZZZXYZZZY', 'XXZXZIIIYI', 'YYIZZZIZXY', 'XYXZXXXYZY', 'XXIYIIXYZY', 'XYZYIZZIYI', 'IIZIZZYYXY', 'IXIZXXZZYI', 'IIZIZZYYXY', 'XYYZIIZIZY']
 Finished:      -7.882096189155
 Error:       0.000000410765
1.6




 --------------------------------------------------------------------------
                         ADAPT-VQE iteration:  55
 --------------------------------------------------------------------------
['IIZIZZYYXY', 'XYXZXXXYZY', 'XXXZIIZZZY', 'XYYYIZZZII', 'XYXZXXXYZY', 'ZZXZXXIIZY', 'XXIYIIXYZY', 'YYIZZZIZXY', 'XYZYIZZIYI', 'XXIYIIXYZY', 'YXZZIZYYII', 'XYXZXXXYZY', 'IIZIZZYYXY', 'XXIIYXZZII', 'IXIZXXZZYI', 'XXZXZIIIYI', 'XYXZXXXYZY', 'YZZZXYZZZY', 'XXIIYXZZII', 'XYYZIIZIZY', 'ZZXZXXIIZY', 'XXXZIIZZZY', 'XYXZXXXYZY', 'XXIYIIXYZY', 'IXIZXXZZYI', 'IIZIZZYYXY', 'XXZXZIIIYI', 'IIZIZZYYXY', 'XYYYIZZZII', 'XYXZXXXYZY', 'XXIYIIXYZY', 'YYIZZZIZXY', 'XYXZXXXYZY', 'IIZIZZYYXY', 'YZZZXYZZZY', 'XYZYIZZIYI', 'XYXZXXXYZY', 'XYYYIZZZII', 'XXIYIIXYZY', 'XYYZIIZIZY', 'XYXZXXXYZY', 'ZZXZXXIIZY', 'XXIIYXZZII', 'XYYYIZZZII', 'XXZXZIIIYI', 'IIZIZZYYXY', 'YZZZXYZZZY', 'XXZXZIIIYI', 'YYIZZZIZXY', 'XYXZXXXYZY', 'XXIYIIXYZY', 'XYZYIZZIYI', 'IIZIZZYYXY', 'IXIZXXZZYI', 'IIZIZZYYXY', 'XYYZIIZIZY']
 Finished:      -7.882096269111
 Error:       0.000000330809
1.6




 --------------------------------------------------------------------------
                         ADAPT-VQE iteration:  56
 --------------------------------------------------------------------------
['IIZIZZYYXY', 'XYXZXXXYZY', 'XXXZIIZZZY', 'XYYYIZZZII', 'XYXZXXXYZY', 'ZZXZXXIIZY', 'XXIYIIXYZY', 'YYIZZZIZXY', 'XYZYIZZIYI', 'XXIYIIXYZY', 'YXZZIZYYII', 'XYXZXXXYZY', 'IIZIZZYYXY', 'XXIIYXZZII', 'IXIZXXZZYI', 'XXZXZIIIYI', 'XYXZXXXYZY', 'YZZZXYZZZY', 'XXIIYXZZII', 'XYYZIIZIZY', 'ZZXZXXIIZY', 'XXXZIIZZZY', 'XYXZXXXYZY', 'XXIYIIXYZY', 'IXIZXXZZYI', 'IIZIZZYYXY', 'XXZXZIIIYI', 'IIZIZZYYXY', 'XYYYIZZZII', 'XYXZXXXYZY', 'XXIYIIXYZY', 'YYIZZZIZXY', 'XYXZXXXYZY', 'IIZIZZYYXY', 'YZZZXYZZZY', 'XYZYIZZIYI', 'XYXZXXXYZY', 'XYYYIZZZII', 'XXIYIIXYZY', 'XYYZIIZIZY', 'XYXZXXXYZY', 'ZZXZXXIIZY', 'XXIIYXZZII', 'XYYYIZZZII', 'XXZXZIIIYI', 'IIZIZZYYXY', 'YZZZXYZZZY', 'XXZXZIIIYI', 'YYIZZZIZXY', 'XYXZXXXYZY', 'XXIYIIXYZY', 'XYZYIZZIYI', 'XXIYIIXYZY', 'IIZIZZYYXY', 'IXIZXXZZYI', 'IIZIZZYYXY', 'XYYZIIZIZY']
 Finished:      -7.882096336190
 Error:       0.000000263730
1.6




 --------------------------------------------------------------------------
                         ADAPT-VQE iteration:  57
 --------------------------------------------------------------------------
['IIZIZZYYXY', 'XYXZXXXYZY', 'XXXZIIZZZY', 'XYYYIZZZII', 'XYXZXXXYZY', 'ZZXZXXIIZY', 'XXIYIIXYZY', 'YYIZZZIZXY', 'XYZYIZZIYI', 'XXIYIIXYZY', 'YXZZIZYYII', 'XYXZXXXYZY', 'IIZIZZYYXY', 'XXIIYXZZII', 'IXIZXXZZYI', 'XXZXZIIIYI', 'XYXZXXXYZY', 'YZZZXYZZZY', 'XXIIYXZZII', 'XYYZIIZIZY', 'ZZXZXXIIZY', 'XXXZIIZZZY', 'XYXZXXXYZY', 'XXIYIIXYZY', 'IXIZXXZZYI', 'IIZIZZYYXY', 'XXZXZIIIYI', 'IIZIZZYYXY', 'XYYYIZZZII', 'XYXZXXXYZY', 'XXIYIIXYZY', 'YYIZZZIZXY', 'XYXZXXXYZY', 'IIZIZZYYXY', 'YZZZXYZZZY', 'IIZIZZYYXY', 'XYZYIZZIYI', 'XYXZXXXYZY', 'XYYYIZZZII', 'XXIYIIXYZY', 'XYYZIIZIZY', 'XYXZXXXYZY', 'ZZXZXXIIZY', 'XXIIYXZZII', 'XYYYIZZZII', 'XXZXZIIIYI', 'IIZIZZYYXY', 'YZZZXYZZZY', 'XXZXZIIIYI', 'YYIZZZIZXY', 'XYXZXXXYZY', 'XXIYIIXYZY', 'XYZYIZZIYI', 'XXIYIIXYZY', 'IIZIZZYYXY', 'IXIZXXZZYI', 'IIZIZZYYXY', 'XYYZIIZIZY']
 Finished:      -7.882096394843
 Error:       0.000000205076
1.6




 --------------------------------------------------------------------------
                         ADAPT-VQE iteration:  58
 --------------------------------------------------------------------------
['IIZIZZYYXY', 'XYXZXXXYZY', 'XXXZIIZZZY', 'XYYYIZZZII', 'XYXZXXXYZY', 'ZZXZXXIIZY', 'XXIYIIXYZY', 'YYIZZZIZXY', 'XYZYIZZIYI', 'XXIYIIXYZY', 'YXZZIZYYII', 'XYXZXXXYZY', 'IIZIZZYYXY', 'XXIIYXZZII', 'IXIZXXZZYI', 'XXZXZIIIYI', 'XYXZXXXYZY', 'YZZZXYZZZY', 'XXIIYXZZII', 'XYYZIIZIZY', 'ZZXZXXIIZY', 'YZZZXYZZZY', 'XXXZIIZZZY', 'XYXZXXXYZY', 'XXIYIIXYZY', 'IXIZXXZZYI', 'IIZIZZYYXY', 'XXZXZIIIYI', 'IIZIZZYYXY', 'XYYYIZZZII', 'XYXZXXXYZY', 'XXIYIIXYZY', 'YYIZZZIZXY', 'XYXZXXXYZY', 'IIZIZZYYXY', 'YZZZXYZZZY', 'IIZIZZYYXY', 'XYZYIZZIYI', 'XYXZXXXYZY', 'XYYYIZZZII', 'XXIYIIXYZY', 'XYYZIIZIZY', 'XYXZXXXYZY', 'ZZXZXXIIZY', 'XXIIYXZZII', 'XYYYIZZZII', 'XXZXZIIIYI', 'IIZIZZYYXY', 'YZZZXYZZZY', 'XXZXZIIIYI', 'YYIZZZIZXY', 'XYXZXXXYZY', 'XXIYIIXYZY', 'XYZYIZZIYI', 'XXIYIIXYZY', 'IIZIZZYYXY', 'IXIZXXZZYI', 'IIZIZZYYXY', 'XYYZIIZIZY']
 Finished:      -7.882096474355
 Error:       0.000000125564
1.6




 --------------------------------------------------------------------------
                         ADAPT-VQE iteration:  59
 --------------------------------------------------------------------------
['IIZIZZYYXY', 'XYXZXXXYZY', 'XXXZIIZZZY', 'XYYYIZZZII', 'XYXZXXXYZY', 'ZZXZXXIIZY', 'XXIYIIXYZY', 'YYIZZZIZXY', 'XYZYIZZIYI', 'XXIYIIXYZY', 'YXZZIZYYII', 'XYXZXXXYZY', 'IIZIZZYYXY', 'XXIIYXZZII', 'IXIZXXZZYI', 'XXZXZIIIYI', 'XYXZXXXYZY', 'YZZZXYZZZY', 'IIZIZZYYXY', 'XXIIYXZZII', 'XYYZIIZIZY', 'ZZXZXXIIZY', 'YZZZXYZZZY', 'XXXZIIZZZY', 'XYXZXXXYZY', 'XXIYIIXYZY', 'IXIZXXZZYI', 'IIZIZZYYXY', 'XXZXZIIIYI', 'IIZIZZYYXY', 'XYYYIZZZII', 'XYXZXXXYZY', 'XXIYIIXYZY', 'YYIZZZIZXY', 'XYXZXXXYZY', 'IIZIZZYYXY', 'YZZZXYZZZY', 'IIZIZZYYXY', 'XYZYIZZIYI', 'XYXZXXXYZY', 'XYYYIZZZII', 'XXIYIIXYZY', 'XYYZIIZIZY', 'XYXZXXXYZY', 'ZZXZXXIIZY', 'XXIIYXZZII', 'XYYYIZZZII', 'XXZXZIIIYI', 'IIZIZZYYXY', 'YZZZXYZZZY', 'XXZXZIIIYI', 'YYIZZZIZXY', 'XYXZXXXYZY', 'XXIYIIXYZY', 'XYZYIZZIYI', 'XXIYIIXYZY', 'IIZIZZYYXY', 'IXIZXXZZYI', 'IIZIZZYYXY', 'XYYZIIZIZY']
 Finished:      -7.882096572028
 Error:       0.000000027891
1.6




 --------------------------------------------------------------------------
                         ADAPT-VQE iteration:  60
 --------------------------------------------------------------------------
['IIZIZZYYXY', 'XYXZXXXYZY', 'XXXZIIZZZY', 'XYYYIZZZII', 'XYZYIZZIYI', 'XYXZXXXYZY', 'ZZXZXXIIZY', 'XXIYIIXYZY', 'YYIZZZIZXY', 'XYZYIZZIYI', 'XXIYIIXYZY', 'YXZZIZYYII', 'XYXZXXXYZY', 'IIZIZZYYXY', 'XXIIYXZZII', 'IXIZXXZZYI', 'XXZXZIIIYI', 'XYXZXXXYZY', 'YZZZXYZZZY', 'IIZIZZYYXY', 'XXIIYXZZII', 'XYYZIIZIZY', 'ZZXZXXIIZY', 'YZZZXYZZZY', 'XXXZIIZZZY', 'XYXZXXXYZY', 'XXIYIIXYZY', 'IXIZXXZZYI', 'IIZIZZYYXY', 'XXZXZIIIYI', 'IIZIZZYYXY', 'XYYYIZZZII', 'XYXZXXXYZY', 'XXIYIIXYZY', 'YYIZZZIZXY', 'XYXZXXXYZY', 'IIZIZZYYXY', 'YZZZXYZZZY', 'IIZIZZYYXY', 'XYZYIZZIYI', 'XYXZXXXYZY', 'XYYYIZZZII', 'XXIYIIXYZY', 'XYYZIIZIZY', 'XYXZXXXYZY', 'ZZXZXXIIZY', 'XXIIYXZZII', 'XYYYIZZZII', 'XXZXZIIIYI', 'IIZIZZYYXY', 'YZZZXYZZZY', 'XXZXZIIIYI', 'YYIZZZIZXY', 'XYXZXXXYZY', 'XXIYIIXYZY', 'XYZYIZZIYI', 'XXIYIIXYZY', 'IIZIZZYYXY', 'IXIZXXZZYI', 'IIZIZZYYXY', 'XYYZIIZIZY']
 Finished:      -7.882096579486
 Error:       0.000000020434
1.6




 --------------------------------------------------------------------------
                         ADAPT-VQE iteration:  61
 --------------------------------------------------------------------------
['IIZIZZYYXY', 'XYXZXXXYZY', 'XXXZIIZZZY', 'XYYYIZZZII', 'XYZYIZZIYI', 'XYXZXXXYZY', 'ZZXZXXIIZY', 'XXIYIIXYZY', 'YYIZZZIZXY', 'XYZYIZZIYI', 'XXIYIIXYZY', 'YXZZIZYYII', 'XYXZXXXYZY', 'IIZIZZYYXY', 'XXIIYXZZII', 'IXIZXXZZYI', 'XXZXZIIIYI', 'XYXZXXXYZY', 'YZZZXYZZZY', 'IIZIZZYYXY', 'XXIIYXZZII', 'XYYZIIZIZY', 'ZZXZXXIIZY', 'YZZZXYZZZY', 'XXXZIIZZZY', 'XYXZXXXYZY', 'XXIYIIXYZY', 'IXIZXXZZYI', 'IIZIZZYYXY', 'XXZXZIIIYI', 'IIZIZZYYXY', 'XYYYIZZZII', 'XYXZXXXYZY', 'XXIYIIXYZY', 'YYIZZZIZXY', 'XYXZXXXYZY', 'IIZIZZYYXY', 'YZZZXYZZZY', 'IIZIZZYYXY', 'XYZYIZZIYI', 'XYXZXXXYZY', 'XYYYIZZZII', 'XXIYIIXYZY', 'XYYZIIZIZY', 'XYXZXXXYZY', 'ZZXZXXIIZY', 'XXIIYXZZII', 'XYYYIZZZII', 'XXZXZIIIYI', 'IIZIZZYYXY', 'YZZZXYZZZY', 'XXZXZIIIYI', 'YYIZZZIZXY', 'XYXZXXXYZY', 'XXIYIIXYZY', 'XYZYIZZIYI', 'XXIYIIXYZY', 'IIZIZZYYXY', 'IXIZXXZZYI', 'YXZZIZYYII', 'IIZIZZYYXY', 'XYYZIIZIZY']
 Finished:      -7.882096584963
 Error:       0.000000014956
1.6




 --------------------------------------------------------------------------
                         ADAPT-VQE iteration:  62
 --------------------------------------------------------------------------
['IIZIZZYYXY', 'XYXZXXXYZY', 'XXXZIIZZZY', 'XYYYIZZZII', 'XYZYIZZIYI', 'XYXZXXXYZY', 'ZZXZXXIIZY', 'XXIYIIXYZY', 'YYIZZZIZXY', 'XYZYIZZIYI', 'XXIYIIXYZY', 'YXZZIZYYII', 'XYXZXXXYZY', 'IIZIZZYYXY', 'XXIIYXZZII', 'IXIZXXZZYI', 'XXZXZIIIYI', 'XYXZXXXYZY', 'YZZZXYZZZY', 'IIZIZZYYXY', 'XXIIYXZZII', 'XYYZIIZIZY', 'ZZXZXXIIZY', 'YZZZXYZZZY', 'XXXZIIZZZY', 'XYXZXXXYZY', 'XXIYIIXYZY', 'IXIZXXZZYI', 'IIZIZZYYXY', 'YZZZXYZZZY', 'XXZXZIIIYI', 'IIZIZZYYXY', 'XYYYIZZZII', 'XYXZXXXYZY', 'XXIYIIXYZY', 'YYIZZZIZXY', 'XYXZXXXYZY', 'IIZIZZYYXY', 'YZZZXYZZZY', 'IIZIZZYYXY', 'XYZYIZZIYI', 'XYXZXXXYZY', 'XYYYIZZZII', 'XXIYIIXYZY', 'XYYZIIZIZY', 'XYXZXXXYZY', 'ZZXZXXIIZY', 'XXIIYXZZII', 'XYYYIZZZII', 'XXZXZIIIYI', 'IIZIZZYYXY', 'YZZZXYZZZY', 'XXZXZIIIYI', 'YYIZZZIZXY', 'XYXZXXXYZY', 'XXIYIIXYZY', 'XYZYIZZIYI', 'XXIYIIXYZY', 'IIZIZZYYXY', 'IXIZXXZZYI', 'YXZZIZYYII', 'IIZIZZYYXY', 'XYYZIIZIZY']
 Finished:      -7.882096590401
 Error:       0.000000009519

 
 ------------------------------------------ 

