The list of distances to compute is: [1.0, 1.1, 1.2, 1.3, 1.4, 1.5, 1.6, 1.7, 1.8, 1.9, 2.0, 2.1, 2.2, 2.3, 2.4, 2.5, 2.6, 2.7, 2.8, 2.9, 3.0]
I am the distance: 1.5
Li 0 0 0; H 0 0 1.5
Problem reduced to 10 qubits.
HF energy:                 -7.8633576215351235
Active space FCI energy:    -7.8821399602345537
n_electrons: 2
0.0
molecule.n_orbitals: 5
 adapt threshold: 1e-08
 theta threshold: 1e-10
 Generate Sparse Matrices for operators in pool
Ground state energy: -7.882139960234577
initial energy -7.863357621535124
 Start ADAPT-VQE algorithm
 Now start to grow the ansatz




 --------------------------------------------------------------------------
                         ADAPT-VQE iteration:  0
 --------------------------------------------------------------------------
0.0
['XYYZIIZIZY']
 Finished:      -7.864862700064
 Error:       0.017277260171
1.5




 --------------------------------------------------------------------------
                         ADAPT-VQE iteration:  1
 --------------------------------------------------------------------------
0.24763723897903978
['YYIZZZIZXY', 'XYYZIIZIZY']
 Finished:      -7.878584089897
 Error:       0.003555870338
1.5




 --------------------------------------------------------------------------
                         ADAPT-VQE iteration:  2
 --------------------------------------------------------------------------
0.06915476112929989
['XXZXZIIIYI', 'YYIZZZIZXY', 'XYYZIIZIZY']
 Finished:      -7.880147948088
 Error:       0.001992012147
1.5




 --------------------------------------------------------------------------
                         ADAPT-VQE iteration:  3
 --------------------------------------------------------------------------
0.040455297681342234
['YXZZIZYYII', 'XXZXZIIIYI', 'YYIZZZIZXY', 'XYYZIIZIZY']
 Finished:      -7.880712940145
 Error:       0.001427020089
1.5




 --------------------------------------------------------------------------
                         ADAPT-VQE iteration:  4
 --------------------------------------------------------------------------
0.03955269118452673
['XXIIYXZZII', 'YXZZIZYYII', 'XXZXZIIIYI', 'YYIZZZIZXY', 'XYYZIIZIZY']
 Finished:      -7.881251503441
 Error:       0.000888456793
1.5




 --------------------------------------------------------------------------
                         ADAPT-VQE iteration:  5
 --------------------------------------------------------------------------
0.031997845550907664
['XYYYIZZZII', 'XXIIYXZZII', 'YXZZIZYYII', 'XXZXZIIIYI', 'YYIZZZIZXY', 'XYYZIIZIZY']
 Finished:      -7.881611406254
 Error:       0.000528553980
1.5




 --------------------------------------------------------------------------
                         ADAPT-VQE iteration:  6
 --------------------------------------------------------------------------
0.017811112691682472
['IIZIZZYYXY', 'XYYYIZZZII', 'XXIIYXZZII', 'YXZZIZYYII', 'XXZXZIIIYI', 'YYIZZZIZXY', 'XYYZIIZIZY']
 Finished:      -7.881637751166
 Error:       0.000502209068
1.5




 --------------------------------------------------------------------------
                         ADAPT-VQE iteration:  7
 --------------------------------------------------------------------------
0.0065541480752171755
['ZZXZXXIIZY', 'IIZIZZYYXY', 'XYYYIZZZII', 'XXIIYXZZII', 'YXZZIZYYII', 'XXZXZIIIYI', 'YYIZZZIZXY', 'XYYZIIZIZY']
 Finished:      -7.881641958546
 Error:       0.000498001689
1.5




 --------------------------------------------------------------------------
                         ADAPT-VQE iteration:  8
 --------------------------------------------------------------------------
0.0027637947051267903
['XXXZIIZZZY', 'ZZXZXXIIZY', 'IIZIZZYYXY', 'XYYYIZZZII', 'XXIIYXZZII', 'YXZZIZYYII', 'XXZXZIIIYI', 'YYIZZZIZXY', 'XYYZIIZIZY']
 Finished:      -7.881669769985
 Error:       0.000470190249
1.5




 --------------------------------------------------------------------------
                         ADAPT-VQE iteration:  9
 --------------------------------------------------------------------------
0.002050136621329163
['XXIYIIXYZY', 'XXXZIIZZZY', 'ZZXZXXIIZY', 'IIZIZZYYXY', 'XYYYIZZZII', 'XXIIYXZZII', 'YXZZIZYYII', 'XXZXZIIIYI', 'YYIZZZIZXY', 'XYYZIIZIZY']
 Finished:      -7.881670535313
 Error:       0.000469424922
1.5




 --------------------------------------------------------------------------
                         ADAPT-VQE iteration:  10
 --------------------------------------------------------------------------
0.0014939872556119953
['XYZYIZZIYI', 'XXIYIIXYZY', 'XXXZIIZZZY', 'ZZXZXXIIZY', 'IIZIZZYYXY', 'XYYYIZZZII', 'XXIIYXZZII', 'YXZZIZYYII', 'XXZXZIIIYI', 'YYIZZZIZXY', 'XYYZIIZIZY']
 Finished:      -7.881682237415
 Error:       0.000457722820
1.5




 --------------------------------------------------------------------------
                         ADAPT-VQE iteration:  11
 --------------------------------------------------------------------------
0.0009868391923062354
['XXZXZIIIYI', 'XYZYIZZIYI', 'XXIYIIXYZY', 'XXXZIIZZZY', 'ZZXZXXIIZY', 'IIZIZZYYXY', 'XYYYIZZZII', 'XXIIYXZZII', 'YXZZIZYYII', 'XXZXZIIIYI', 'YYIZZZIZXY', 'XYYZIIZIZY']
 Finished:      -7.881705193283
 Error:       0.000434766951
1.5




 --------------------------------------------------------------------------
                         ADAPT-VQE iteration:  12
 --------------------------------------------------------------------------
0.0007144008767839842
['XXXZIIZZZY', 'XXZXZIIIYI', 'XYZYIZZIYI', 'XXIYIIXYZY', 'XXXZIIZZZY', 'ZZXZXXIIZY', 'IIZIZZYYXY', 'XYYYIZZZII', 'XXIIYXZZII', 'YXZZIZYYII', 'XXZXZIIIYI', 'YYIZZZIZXY', 'XYYZIIZIZY']
 Finished:      -7.881716258682
 Error:       0.000423701553
1.5




 --------------------------------------------------------------------------
                         ADAPT-VQE iteration:  13
 --------------------------------------------------------------------------
0.00032539016490331046
['XXIYIIXYZY', 'XXXZIIZZZY', 'XXZXZIIIYI', 'XYZYIZZIYI', 'XXIYIIXYZY', 'XXXZIIZZZY', 'ZZXZXXIIZY', 'IIZIZZYYXY', 'XYYYIZZZII', 'XXIIYXZZII', 'YXZZIZYYII', 'XXZXZIIIYI', 'YYIZZZIZXY', 'XYYZIIZIZY']
 Finished:      -7.881717406359
 Error:       0.000422553876
1.5




 --------------------------------------------------------------------------
                         ADAPT-VQE iteration:  14
 --------------------------------------------------------------------------
0.00013384342185480814
['XYXZXXXYZY', 'XXIYIIXYZY', 'XXXZIIZZZY', 'XXZXZIIIYI', 'XYZYIZZIYI', 'XXIYIIXYZY', 'XXXZIIZZZY', 'ZZXZXXIIZY', 'IIZIZZYYXY', 'XYYYIZZZII', 'XXIIYXZZII', 'YXZZIZYYII', 'XXZXZIIIYI', 'YYIZZZIZXY', 'XYYZIIZIZY']
 Finished:      -7.881717407787
 Error:       0.000422552448
1.5




 --------------------------------------------------------------------------
                         ADAPT-VQE iteration:  15
 --------------------------------------------------------------------------
7.049350569744608e-05
['YZZZXYZZZY', 'XYXZXXXYZY', 'XXIYIIXYZY', 'XXXZIIZZZY', 'XXZXZIIIYI', 'XYZYIZZIYI', 'XXIYIIXYZY', 'XXXZIIZZZY', 'ZZXZXXIIZY', 'IIZIZZYYXY', 'XYYYIZZZII', 'XXIIYXZZII', 'YXZZIZYYII', 'XXZXZIIIYI', 'YYIZZZIZXY', 'XYYZIIZIZY']
 Finished:      -7.881717408951
 Error:       0.000422551283
1.5




 --------------------------------------------------------------------------
                         ADAPT-VQE iteration:  16
 --------------------------------------------------------------------------
4.408285892925166e-05
['IXIZXXZZYI', 'YZZZXYZZZY', 'XYXZXXXYZY', 'XXIYIIXYZY', 'XXXZIIZZZY', 'XXZXZIIIYI', 'XYZYIZZIYI', 'XXIYIIXYZY', 'XXXZIIZZZY', 'ZZXZXXIIZY', 'IIZIZZYYXY', 'XYYYIZZZII', 'XXIIYXZZII', 'YXZZIZYYII', 'XXZXZIIIYI', 'YYIZZZIZXY', 'XYYZIIZIZY']
 Finished:      -7.881717409407
 Error:       0.000422550828
1.5




 --------------------------------------------------------------------------
                         ADAPT-VQE iteration:  17
 --------------------------------------------------------------------------
1.5617871591130896e-05
['IIZIZZYYXY', 'IXIZXXZZYI', 'YZZZXYZZZY', 'XYXZXXXYZY', 'XXIYIIXYZY', 'XXXZIIZZZY', 'XXZXZIIIYI', 'XYZYIZZIYI', 'XXIYIIXYZY', 'XXXZIIZZZY', 'ZZXZXXIIZY', 'IIZIZZYYXY', 'XYYYIZZZII', 'XXIIYXZZII', 'YXZZIZYYII', 'XXZXZIIIYI', 'YYIZZZIZXY', 'XYYZIIZIZY']
 Finished:      -7.881718697372
 Error:       0.000421262863
1.5




 --------------------------------------------------------------------------
                         ADAPT-VQE iteration:  18
 --------------------------------------------------------------------------
0.00017586182331522196
['XYXZXXXYZY', 'IIZIZZYYXY', 'IXIZXXZZYI', 'YZZZXYZZZY', 'XYXZXXXYZY', 'XXIYIIXYZY', 'XXXZIIZZZY', 'XXZXZIIIYI', 'XYZYIZZIYI', 'XXIYIIXYZY', 'XXXZIIZZZY', 'ZZXZXXIIZY', 'IIZIZZYYXY', 'XYYYIZZZII', 'XXIIYXZZII', 'YXZZIZYYII', 'XXZXZIIIYI', 'YYIZZZIZXY', 'XYYZIIZIZY']
 Finished:      -7.881718754908
 Error:       0.000421205326
1.5




 --------------------------------------------------------------------------
                         ADAPT-VQE iteration:  19
 --------------------------------------------------------------------------
7.641473262789692e-05
['XXIIYXZZII', 'XYXZXXXYZY', 'IIZIZZYYXY', 'IXIZXXZZYI', 'YZZZXYZZZY', 'XYXZXXXYZY', 'XXIYIIXYZY', 'XXXZIIZZZY', 'XXZXZIIIYI', 'XYZYIZZIYI', 'XXIYIIXYZY', 'XXXZIIZZZY', 'ZZXZXXIIZY', 'IIZIZZYYXY', 'XYYYIZZZII', 'XXIIYXZZII', 'YXZZIZYYII', 'XXZXZIIIYI', 'YYIZZZIZXY', 'XYYZIIZIZY']
 Finished:      -7.881721976207
 Error:       0.000417984028
1.5




 --------------------------------------------------------------------------
                         ADAPT-VQE iteration:  20
 --------------------------------------------------------------------------
0.00013992965983564707
['IXIZXXZZYI', 'XXIIYXZZII', 'XYXZXXXYZY', 'IIZIZZYYXY', 'IXIZXXZZYI', 'YZZZXYZZZY', 'XYXZXXXYZY', 'XXIYIIXYZY', 'XXXZIIZZZY', 'XXZXZIIIYI', 'XYZYIZZIYI', 'XXIYIIXYZY', 'XXXZIIZZZY', 'ZZXZXXIIZY', 'IIZIZZYYXY', 'XYYYIZZZII', 'XXIIYXZZII', 'YXZZIZYYII', 'XXZXZIIIYI', 'YYIZZZIZXY', 'XYYZIIZIZY']
 Finished:      -7.881722501112
 Error:       0.000417459122
1.5




 --------------------------------------------------------------------------
                         ADAPT-VQE iteration:  21
 --------------------------------------------------------------------------
7.496454774916683e-05
['IIZIZZYYXY', 'IXIZXXZZYI', 'XXIIYXZZII', 'XYXZXXXYZY', 'IIZIZZYYXY', 'IXIZXXZZYI', 'YZZZXYZZZY', 'XYXZXXXYZY', 'XXIYIIXYZY', 'XXXZIIZZZY', 'XXZXZIIIYI', 'XYZYIZZIYI', 'XXIYIIXYZY', 'XXXZIIZZZY', 'ZZXZXXIIZY', 'IIZIZZYYXY', 'XYYYIZZZII', 'XXIIYXZZII', 'YXZZIZYYII', 'XXZXZIIIYI', 'YYIZZZIZXY', 'XYYZIIZIZY']
 Finished:      -7.881725745034
 Error:       0.000414215200
1.5




 --------------------------------------------------------------------------
                         ADAPT-VQE iteration:  22
 --------------------------------------------------------------------------
0.00011446276182152594
['YZZZXYZZZY', 'IIZIZZYYXY', 'IXIZXXZZYI', 'XXIIYXZZII', 'XYXZXXXYZY', 'IIZIZZYYXY', 'IXIZXXZZYI', 'YZZZXYZZZY', 'XYXZXXXYZY', 'XXIYIIXYZY', 'XXXZIIZZZY', 'XXZXZIIIYI', 'XYZYIZZIYI', 'XXIYIIXYZY', 'XXXZIIZZZY', 'ZZXZXXIIZY', 'IIZIZZYYXY', 'XYYYIZZZII', 'XXIIYXZZII', 'YXZZIZYYII', 'XXZXZIIIYI', 'YYIZZZIZXY', 'XYYZIIZIZY']
 Finished:      -7.881932257966
 Error:       0.000207702269
1.5




 --------------------------------------------------------------------------
                         ADAPT-VQE iteration:  23
 --------------------------------------------------------------------------
0.0009090952073504549
['XXIYIIXYZY', 'YZZZXYZZZY', 'IIZIZZYYXY', 'IXIZXXZZYI', 'XXIIYXZZII', 'XYXZXXXYZY', 'IIZIZZYYXY', 'IXIZXXZZYI', 'YZZZXYZZZY', 'XYXZXXXYZY', 'XXIYIIXYZY', 'XXXZIIZZZY', 'XXZXZIIIYI', 'XYZYIZZIYI', 'XXIYIIXYZY', 'XXXZIIZZZY', 'ZZXZXXIIZY', 'IIZIZZYYXY', 'XYYYIZZZII', 'XXIIYXZZII', 'YXZZIZYYII', 'XXZXZIIIYI', 'YYIZZZIZXY', 'XYYZIIZIZY']
 Finished:      -7.881936824730
 Error:       0.000203135504
1.5




 --------------------------------------------------------------------------
                         ADAPT-VQE iteration:  24
 --------------------------------------------------------------------------
0.0006541198692248205
['XYYYIZZZII', 'XXIYIIXYZY', 'YZZZXYZZZY', 'IIZIZZYYXY', 'IXIZXXZZYI', 'XXIIYXZZII', 'XYXZXXXYZY', 'IIZIZZYYXY', 'IXIZXXZZYI', 'YZZZXYZZZY', 'XYXZXXXYZY', 'XXIYIIXYZY', 'XXXZIIZZZY', 'XXZXZIIIYI', 'XYZYIZZIYI', 'XXIYIIXYZY', 'XXXZIIZZZY', 'ZZXZXXIIZY', 'IIZIZZYYXY', 'XYYYIZZZII', 'XXIIYXZZII', 'YXZZIZYYII', 'XXZXZIIIYI', 'YYIZZZIZXY', 'XYYZIIZIZY']
 Finished:      -7.882085590533
 Error:       0.000054369702
1.5




 --------------------------------------------------------------------------
                         ADAPT-VQE iteration:  25
 --------------------------------------------------------------------------
0.0025666351031217597
['XXIYIIXYZY', 'XYYYIZZZII', 'XXIYIIXYZY', 'YZZZXYZZZY', 'IIZIZZYYXY', 'IXIZXXZZYI', 'XXIIYXZZII', 'XYXZXXXYZY', 'IIZIZZYYXY', 'IXIZXXZZYI', 'YZZZXYZZZY', 'XYXZXXXYZY', 'XXIYIIXYZY', 'XXXZIIZZZY', 'XXZXZIIIYI', 'XYZYIZZIYI', 'XXIYIIXYZY', 'XXXZIIZZZY', 'ZZXZXXIIZY', 'IIZIZZYYXY', 'XYYYIZZZII', 'XXIIYXZZII', 'YXZZIZYYII', 'XXZXZIIIYI', 'YYIZZZIZXY', 'XYYZIIZIZY']
 Finished:      -7.882087679046
 Error:       0.000052281189
1.5




 --------------------------------------------------------------------------
                         ADAPT-VQE iteration:  26
 --------------------------------------------------------------------------
0.0024298950669892124
['ZZXZXXIIZY', 'XXIYIIXYZY', 'XYYYIZZZII', 'XXIYIIXYZY', 'YZZZXYZZZY', 'IIZIZZYYXY', 'IXIZXXZZYI', 'XXIIYXZZII', 'XYXZXXXYZY', 'IIZIZZYYXY', 'IXIZXXZZYI', 'YZZZXYZZZY', 'XYXZXXXYZY', 'XXIYIIXYZY', 'XXXZIIZZZY', 'XXZXZIIIYI', 'XYZYIZZIYI', 'XXIYIIXYZY', 'XXXZIIZZZY', 'ZZXZXXIIZY', 'IIZIZZYYXY', 'XYYYIZZZII', 'XXIIYXZZII', 'YXZZIZYYII', 'XXZXZIIIYI', 'YYIZZZIZXY', 'XYYZIIZIZY']
 Finished:      -7.882089627574
 Error:       0.000050332661
1.5




 --------------------------------------------------------------------------
                         ADAPT-VQE iteration:  27
 --------------------------------------------------------------------------
0.0005842899108160059
['XXZXZIIIYI', 'ZZXZXXIIZY', 'XXIYIIXYZY', 'XYYYIZZZII', 'XXIYIIXYZY', 'YZZZXYZZZY', 'IIZIZZYYXY', 'IXIZXXZZYI', 'XXIIYXZZII', 'XYXZXXXYZY', 'IIZIZZYYXY', 'IXIZXXZZYI', 'YZZZXYZZZY', 'XYXZXXXYZY', 'XXIYIIXYZY', 'XXXZIIZZZY', 'XXZXZIIIYI', 'XYZYIZZIYI', 'XXIYIIXYZY', 'XXXZIIZZZY', 'ZZXZXXIIZY', 'IIZIZZYYXY', 'XYYYIZZZII', 'XXIIYXZZII', 'YXZZIZYYII', 'XXZXZIIIYI', 'YYIZZZIZXY', 'XYYZIIZIZY']
 Finished:      -7.882106136179
 Error:       0.000033824056
1.5




 --------------------------------------------------------------------------
                         ADAPT-VQE iteration:  28
 --------------------------------------------------------------------------
0.0004910067377326465
['XXIIYXZZII', 'XXZXZIIIYI', 'ZZXZXXIIZY', 'XXIYIIXYZY', 'XYYYIZZZII', 'XXIYIIXYZY', 'YZZZXYZZZY', 'IIZIZZYYXY', 'IXIZXXZZYI', 'XXIIYXZZII', 'XYXZXXXYZY', 'IIZIZZYYXY', 'IXIZXXZZYI', 'YZZZXYZZZY', 'XYXZXXXYZY', 'XXIYIIXYZY', 'XXXZIIZZZY', 'XXZXZIIIYI', 'XYZYIZZIYI', 'XXIYIIXYZY', 'XXXZIIZZZY', 'ZZXZXXIIZY', 'IIZIZZYYXY', 'XYYYIZZZII', 'XXIIYXZZII', 'YXZZIZYYII', 'XXZXZIIIYI', 'YYIZZZIZXY', 'XYYZIIZIZY']
 Finished:      -7.882112309902
 Error:       0.000027650333
1.5




 --------------------------------------------------------------------------
                         ADAPT-VQE iteration:  29
 --------------------------------------------------------------------------
0.0003685975833957841
['IIZIZZYYXY', 'XXIIYXZZII', 'XXZXZIIIYI', 'ZZXZXXIIZY', 'XXIYIIXYZY', 'XYYYIZZZII', 'XXIYIIXYZY', 'YZZZXYZZZY', 'IIZIZZYYXY', 'IXIZXXZZYI', 'XXIIYXZZII', 'XYXZXXXYZY', 'IIZIZZYYXY', 'IXIZXXZZYI', 'YZZZXYZZZY', 'XYXZXXXYZY', 'XXIYIIXYZY', 'XXXZIIZZZY', 'XXZXZIIIYI', 'XYZYIZZIYI', 'XXIYIIXYZY', 'XXXZIIZZZY', 'ZZXZXXIIZY', 'IIZIZZYYXY', 'XYYYIZZZII', 'XXIIYXZZII', 'YXZZIZYYII', 'XXZXZIIIYI', 'YYIZZZIZXY', 'XYYZIIZIZY']
 Finished:      -7.882113866438
 Error:       0.000026093797
1.5




 --------------------------------------------------------------------------
                         ADAPT-VQE iteration:  30
 --------------------------------------------------------------------------
0.00032151740267517923
['XYYZIIZIZY', 'IIZIZZYYXY', 'XXIIYXZZII', 'XXZXZIIIYI', 'ZZXZXXIIZY', 'XXIYIIXYZY', 'XYYYIZZZII', 'XXIYIIXYZY', 'YZZZXYZZZY', 'IIZIZZYYXY', 'IXIZXXZZYI', 'XXIIYXZZII', 'XYXZXXXYZY', 'IIZIZZYYXY', 'IXIZXXZZYI', 'YZZZXYZZZY', 'XYXZXXXYZY', 'XXIYIIXYZY', 'XXXZIIZZZY', 'XXZXZIIIYI', 'XYZYIZZIYI', 'XXIYIIXYZY', 'XXXZIIZZZY', 'ZZXZXXIIZY', 'IIZIZZYYXY', 'XYYYIZZZII', 'XXIIYXZZII', 'YXZZIZYYII', 'XXZXZIIIYI', 'YYIZZZIZXY', 'XYYZIIZIZY']
 Finished:      -7.882124957900
 Error:       0.000015002335
1.5




 --------------------------------------------------------------------------
                         ADAPT-VQE iteration:  31
 --------------------------------------------------------------------------
0.00039319047542320283
['IIZIZZYYXY', 'XYYZIIZIZY', 'IIZIZZYYXY', 'XXIIYXZZII', 'XXZXZIIIYI', 'ZZXZXXIIZY', 'XXIYIIXYZY', 'XYYYIZZZII', 'XXIYIIXYZY', 'YZZZXYZZZY', 'IIZIZZYYXY', 'IXIZXXZZYI', 'XXIIYXZZII', 'XYXZXXXYZY', 'IIZIZZYYXY', 'IXIZXXZZYI', 'YZZZXYZZZY', 'XYXZXXXYZY', 'XXIYIIXYZY', 'XXXZIIZZZY', 'XXZXZIIIYI', 'XYZYIZZIYI', 'XXIYIIXYZY', 'XXXZIIZZZY', 'ZZXZXXIIZY', 'IIZIZZYYXY', 'XYYYIZZZII', 'XXIIYXZZII', 'YXZZIZYYII', 'XXZXZIIIYI', 'YYIZZZIZXY', 'XYYZIIZIZY']
 Finished:      -7.882127504824
 Error:       0.000012455410
1.5




 --------------------------------------------------------------------------
                         ADAPT-VQE iteration:  32
 --------------------------------------------------------------------------
0.0002269580426912047
['XXXZIIZZZY', 'IIZIZZYYXY', 'XYYZIIZIZY', 'IIZIZZYYXY', 'XXIIYXZZII', 'XXZXZIIIYI', 'ZZXZXXIIZY', 'XXIYIIXYZY', 'XYYYIZZZII', 'XXIYIIXYZY', 'YZZZXYZZZY', 'IIZIZZYYXY', 'IXIZXXZZYI', 'XXIIYXZZII', 'XYXZXXXYZY', 'IIZIZZYYXY', 'IXIZXXZZYI', 'YZZZXYZZZY', 'XYXZXXXYZY', 'XXIYIIXYZY', 'XXXZIIZZZY', 'XXZXZIIIYI', 'XYZYIZZIYI', 'XXIYIIXYZY', 'XXXZIIZZZY', 'ZZXZXXIIZY', 'IIZIZZYYXY', 'XYYYIZZZII', 'XXIIYXZZII', 'YXZZIZYYII', 'XXZXZIIIYI', 'YYIZZZIZXY', 'XYYZIIZIZY']
 Finished:      -7.882130501350
 Error:       0.000009458885
1.5




 --------------------------------------------------------------------------
                         ADAPT-VQE iteration:  33
 --------------------------------------------------------------------------
0.00022833785977270828
['YZZZXYZZZY', 'XXXZIIZZZY', 'IIZIZZYYXY', 'XYYZIIZIZY', 'IIZIZZYYXY', 'XXIIYXZZII', 'XXZXZIIIYI', 'ZZXZXXIIZY', 'XXIYIIXYZY', 'XYYYIZZZII', 'XXIYIIXYZY', 'YZZZXYZZZY', 'IIZIZZYYXY', 'IXIZXXZZYI', 'XXIIYXZZII', 'XYXZXXXYZY', 'IIZIZZYYXY', 'IXIZXXZZYI', 'YZZZXYZZZY', 'XYXZXXXYZY', 'XXIYIIXYZY', 'XXXZIIZZZY', 'XXZXZIIIYI', 'XYZYIZZIYI', 'XXIYIIXYZY', 'XXXZIIZZZY', 'ZZXZXXIIZY', 'IIZIZZYYXY', 'XYYYIZZZII', 'XXIIYXZZII', 'YXZZIZYYII', 'XXZXZIIIYI', 'YYIZZZIZXY', 'XYYZIIZIZY']
 Finished:      -7.882130518806
 Error:       0.000009441429
1.5




 --------------------------------------------------------------------------
                         ADAPT-VQE iteration:  34
 --------------------------------------------------------------------------
0.0001156307990502203
['IXIZXXZZYI', 'YZZZXYZZZY', 'XXXZIIZZZY', 'IIZIZZYYXY', 'XYYZIIZIZY', 'IIZIZZYYXY', 'XXIIYXZZII', 'XXZXZIIIYI', 'ZZXZXXIIZY', 'XXIYIIXYZY', 'XYYYIZZZII', 'XXIYIIXYZY', 'YZZZXYZZZY', 'IIZIZZYYXY', 'IXIZXXZZYI', 'XXIIYXZZII', 'XYXZXXXYZY', 'IIZIZZYYXY', 'IXIZXXZZYI', 'YZZZXYZZZY', 'XYXZXXXYZY', 'XXIYIIXYZY', 'XXXZIIZZZY', 'XXZXZIIIYI', 'XYZYIZZIYI', 'XXIYIIXYZY', 'XXXZIIZZZY', 'ZZXZXXIIZY', 'IIZIZZYYXY', 'XYYYIZZZII', 'XXIIYXZZII', 'YXZZIZYYII', 'XXZXZIIIYI', 'YYIZZZIZXY', 'XYYZIIZIZY']
 Finished:      -7.882130523437
 Error:       0.000009436798
1.5




 --------------------------------------------------------------------------
                         ADAPT-VQE iteration:  35
 --------------------------------------------------------------------------
2.2980923562674593e-05
['XYZYIZZIYI', 'IXIZXXZZYI', 'YZZZXYZZZY', 'XXXZIIZZZY', 'IIZIZZYYXY', 'XYYZIIZIZY', 'IIZIZZYYXY', 'XXIIYXZZII', 'XXZXZIIIYI', 'ZZXZXXIIZY', 'XXIYIIXYZY', 'XYYYIZZZII', 'XXIYIIXYZY', 'YZZZXYZZZY', 'IIZIZZYYXY', 'IXIZXXZZYI', 'XXIIYXZZII', 'XYXZXXXYZY', 'IIZIZZYYXY', 'IXIZXXZZYI', 'YZZZXYZZZY', 'XYXZXXXYZY', 'XXIYIIXYZY', 'XXXZIIZZZY', 'XXZXZIIIYI', 'XYZYIZZIYI', 'XXIYIIXYZY', 'XXXZIIZZZY', 'ZZXZXXIIZY', 'IIZIZZYYXY', 'XYYYIZZZII', 'XXIIYXZZII', 'YXZZIZYYII', 'XXZXZIIIYI', 'YYIZZZIZXY', 'XYYZIIZIZY']
 Finished:      -7.882130808447
 Error:       0.000009151787
1.5




 --------------------------------------------------------------------------
                         ADAPT-VQE iteration:  36
 --------------------------------------------------------------------------
3.835706036778225e-05
['XYXZXXXYZY', 'XYZYIZZIYI', 'IXIZXXZZYI', 'YZZZXYZZZY', 'XXXZIIZZZY', 'IIZIZZYYXY', 'XYYZIIZIZY', 'IIZIZZYYXY', 'XXIIYXZZII', 'XXZXZIIIYI', 'ZZXZXXIIZY', 'XXIYIIXYZY', 'XYYYIZZZII', 'XXIYIIXYZY', 'YZZZXYZZZY', 'IIZIZZYYXY', 'IXIZXXZZYI', 'XXIIYXZZII', 'XYXZXXXYZY', 'IIZIZZYYXY', 'IXIZXXZZYI', 'YZZZXYZZZY', 'XYXZXXXYZY', 'XXIYIIXYZY', 'XXXZIIZZZY', 'XXZXZIIIYI', 'XYZYIZZIYI', 'XXIYIIXYZY', 'XXXZIIZZZY', 'ZZXZXXIIZY', 'IIZIZZYYXY', 'XYYYIZZZII', 'XXIIYXZZII', 'YXZZIZYYII', 'XXZXZIIIYI', 'YYIZZZIZXY', 'XYYZIIZIZY']
 Finished:      -7.882130808638
 Error:       0.000009151596
1.5




 --------------------------------------------------------------------------
                         ADAPT-VQE iteration:  37
 --------------------------------------------------------------------------
1.7210393252907776e-05
['YYIZZZIZXY', 'XYXZXXXYZY', 'XYZYIZZIYI', 'IXIZXXZZYI', 'YZZZXYZZZY', 'XXXZIIZZZY', 'IIZIZZYYXY', 'XYYZIIZIZY', 'IIZIZZYYXY', 'XXIIYXZZII', 'XXZXZIIIYI', 'ZZXZXXIIZY', 'XXIYIIXYZY', 'XYYYIZZZII', 'XXIYIIXYZY', 'YZZZXYZZZY', 'IIZIZZYYXY', 'IXIZXXZZYI', 'XXIIYXZZII', 'XYXZXXXYZY', 'IIZIZZYYXY', 'IXIZXXZZYI', 'YZZZXYZZZY', 'XYXZXXXYZY', 'XXIYIIXYZY', 'XXXZIIZZZY', 'XXZXZIIIYI', 'XYZYIZZIYI', 'XXIYIIXYZY', 'XXXZIIZZZY', 'ZZXZXXIIZY', 'IIZIZZYYXY', 'XYYYIZZZII', 'XXIIYXZZII', 'YXZZIZYYII', 'XXZXZIIIYI', 'YYIZZZIZXY', 'XYYZIIZIZY']
 Finished:      -7.882135780757
 Error:       0.000004179477
1.5




 --------------------------------------------------------------------------
                         ADAPT-VQE iteration:  38
 --------------------------------------------------------------------------
0.0007452441163170091
['XYXZXXXYZY', 'YYIZZZIZXY', 'XYXZXXXYZY', 'XYZYIZZIYI', 'IXIZXXZZYI', 'YZZZXYZZZY', 'XXXZIIZZZY', 'IIZIZZYYXY', 'XYYZIIZIZY', 'IIZIZZYYXY', 'XXIIYXZZII', 'XXZXZIIIYI', 'ZZXZXXIIZY', 'XXIYIIXYZY', 'XYYYIZZZII', 'XXIYIIXYZY', 'YZZZXYZZZY', 'IIZIZZYYXY', 'IXIZXXZZYI', 'XXIIYXZZII', 'XYXZXXXYZY', 'IIZIZZYYXY', 'IXIZXXZZYI', 'YZZZXYZZZY', 'XYXZXXXYZY', 'XXIYIIXYZY', 'XXXZIIZZZY', 'XXZXZIIIYI', 'XYZYIZZIYI', 'XXIYIIXYZY', 'XXXZIIZZZY', 'ZZXZXXIIZY', 'IIZIZZYYXY', 'XYYYIZZZII', 'XXIIYXZZII', 'YXZZIZYYII', 'XXZXZIIIYI', 'YYIZZZIZXY', 'XYYZIIZIZY']
 Finished:      -7.882135845692
 Error:       0.000004114543
1.5




 --------------------------------------------------------------------------
                         ADAPT-VQE iteration:  39
 --------------------------------------------------------------------------
0.0002224624528764562
['ZZXZXXIIZY', 'XYXZXXXYZY', 'YYIZZZIZXY', 'XYXZXXXYZY', 'XYZYIZZIYI', 'IXIZXXZZYI', 'YZZZXYZZZY', 'XXXZIIZZZY', 'IIZIZZYYXY', 'XYYZIIZIZY', 'IIZIZZYYXY', 'XXIIYXZZII', 'XXZXZIIIYI', 'ZZXZXXIIZY', 'XXIYIIXYZY', 'XYYYIZZZII', 'XXIYIIXYZY', 'YZZZXYZZZY', 'IIZIZZYYXY', 'IXIZXXZZYI', 'XXIIYXZZII', 'XYXZXXXYZY', 'IIZIZZYYXY', 'IXIZXXZZYI', 'YZZZXYZZZY', 'XYXZXXXYZY', 'XXIYIIXYZY', 'XXXZIIZZZY', 'XXZXZIIIYI', 'XYZYIZZIYI', 'XXIYIIXYZY', 'XXXZIIZZZY', 'ZZXZXXIIZY', 'IIZIZZYYXY', 'XYYYIZZZII', 'XXIIYXZZII', 'YXZZIZYYII', 'XXZXZIIIYI', 'YYIZZZIZXY', 'XYYZIIZIZY']
 Finished:      -7.882136043709
 Error:       0.000003916526
1.5




 --------------------------------------------------------------------------
                         ADAPT-VQE iteration:  40
 --------------------------------------------------------------------------
9.799751630323903e-05
['IIZIZZYYXY', 'ZZXZXXIIZY', 'XYXZXXXYZY', 'YYIZZZIZXY', 'XYXZXXXYZY', 'XYZYIZZIYI', 'IXIZXXZZYI', 'YZZZXYZZZY', 'XXXZIIZZZY', 'IIZIZZYYXY', 'XYYZIIZIZY', 'IIZIZZYYXY', 'XXIIYXZZII', 'XXZXZIIIYI', 'ZZXZXXIIZY', 'XXIYIIXYZY', 'XYYYIZZZII', 'XXIYIIXYZY', 'YZZZXYZZZY', 'IIZIZZYYXY', 'IXIZXXZZYI', 'XXIIYXZZII', 'XYXZXXXYZY', 'IIZIZZYYXY', 'IXIZXXZZYI', 'YZZZXYZZZY', 'XYXZXXXYZY', 'XXIYIIXYZY', 'XXXZIIZZZY', 'XXZXZIIIYI', 'XYZYIZZIYI', 'XXIYIIXYZY', 'XXXZIIZZZY', 'ZZXZXXIIZY', 'IIZIZZYYXY', 'XYYYIZZZII', 'XXIIYXZZII', 'YXZZIZYYII', 'XXZXZIIIYI', 'YYIZZZIZXY', 'XYYZIIZIZY']
 Finished:      -7.882136566077
 Error:       0.000003394157
1.5




 --------------------------------------------------------------------------
                         ADAPT-VQE iteration:  41
 --------------------------------------------------------------------------
2.2389753874364652e-05
['XXIYIIXYZY', 'IIZIZZYYXY', 'ZZXZXXIIZY', 'XYXZXXXYZY', 'YYIZZZIZXY', 'XYXZXXXYZY', 'XYZYIZZIYI', 'IXIZXXZZYI', 'YZZZXYZZZY', 'XXXZIIZZZY', 'IIZIZZYYXY', 'XYYZIIZIZY', 'IIZIZZYYXY', 'XXIIYXZZII', 'XXZXZIIIYI', 'ZZXZXXIIZY', 'XXIYIIXYZY', 'XYYYIZZZII', 'XXIYIIXYZY', 'YZZZXYZZZY', 'IIZIZZYYXY', 'IXIZXXZZYI', 'XXIIYXZZII', 'XYXZXXXYZY', 'IIZIZZYYXY', 'IXIZXXZZYI', 'YZZZXYZZZY', 'XYXZXXXYZY', 'XXIYIIXYZY', 'XXXZIIZZZY', 'XXZXZIIIYI', 'XYZYIZZIYI', 'XXIYIIXYZY', 'XXXZIIZZZY', 'ZZXZXXIIZY', 'IIZIZZYYXY', 'XYYYIZZZII', 'XXIIYXZZII', 'YXZZIZYYII', 'XXZXZIIIYI', 'YYIZZZIZXY', 'XYYZIIZIZY']
 Finished:      -7.882136582630
 Error:       0.000003377605
1.5




 --------------------------------------------------------------------------
                         ADAPT-VQE iteration:  42
 --------------------------------------------------------------------------
2.188733528132061e-05
['XXIIYXZZII', 'XXIYIIXYZY', 'IIZIZZYYXY', 'ZZXZXXIIZY', 'XYXZXXXYZY', 'YYIZZZIZXY', 'XYXZXXXYZY', 'XYZYIZZIYI', 'IXIZXXZZYI', 'YZZZXYZZZY', 'XXXZIIZZZY', 'IIZIZZYYXY', 'XYYZIIZIZY', 'IIZIZZYYXY', 'XXIIYXZZII', 'XXZXZIIIYI', 'ZZXZXXIIZY', 'XXIYIIXYZY', 'XYYYIZZZII', 'XXIYIIXYZY', 'YZZZXYZZZY', 'IIZIZZYYXY', 'IXIZXXZZYI', 'XXIIYXZZII', 'XYXZXXXYZY', 'IIZIZZYYXY', 'IXIZXXZZYI', 'YZZZXYZZZY', 'XYXZXXXYZY', 'XXIYIIXYZY', 'XXXZIIZZZY', 'XXZXZIIIYI', 'XYZYIZZIYI', 'XXIYIIXYZY', 'XXXZIIZZZY', 'ZZXZXXIIZY', 'IIZIZZYYXY', 'XYYYIZZZII', 'XXIIYXZZII', 'YXZZIZYYII', 'XXZXZIIIYI', 'YYIZZZIZXY', 'XYYZIIZIZY']
 Finished:      -7.882137535138
 Error:       0.000002425096
1.5




 --------------------------------------------------------------------------
                         ADAPT-VQE iteration:  43
 --------------------------------------------------------------------------
1.4551477940459912e-05
['IXIZXXZZYI', 'XXIIYXZZII', 'XXIYIIXYZY', 'IIZIZZYYXY', 'ZZXZXXIIZY', 'XYXZXXXYZY', 'YYIZZZIZXY', 'XYXZXXXYZY', 'XYZYIZZIYI', 'IXIZXXZZYI', 'YZZZXYZZZY', 'XXXZIIZZZY', 'IIZIZZYYXY', 'XYYZIIZIZY', 'IIZIZZYYXY', 'XXIIYXZZII', 'XXZXZIIIYI', 'ZZXZXXIIZY', 'XXIYIIXYZY', 'XYYYIZZZII', 'XXIYIIXYZY', 'YZZZXYZZZY', 'IIZIZZYYXY', 'IXIZXXZZYI', 'XXIIYXZZII', 'XYXZXXXYZY', 'IIZIZZYYXY', 'IXIZXXZZYI', 'YZZZXYZZZY', 'XYXZXXXYZY', 'XXIYIIXYZY', 'XXXZIIZZZY', 'XXZXZIIIYI', 'XYZYIZZIYI', 'XXIYIIXYZY', 'XXXZIIZZZY', 'ZZXZXXIIZY', 'IIZIZZYYXY', 'XYYYIZZZII', 'XXIIYXZZII', 'YXZZIZYYII', 'XXZXZIIIYI', 'YYIZZZIZXY', 'XYYZIIZIZY']
 Finished:      -7.882137537262
 Error:       0.000002422972
1.5




 --------------------------------------------------------------------------
                         ADAPT-VQE iteration:  44
 --------------------------------------------------------------------------
7.016837920750101e-06
['YXZZIZYYII', 'IXIZXXZZYI', 'XXIIYXZZII', 'XXIYIIXYZY', 'IIZIZZYYXY', 'ZZXZXXIIZY', 'XYXZXXXYZY', 'YYIZZZIZXY', 'XYXZXXXYZY', 'XYZYIZZIYI', 'IXIZXXZZYI', 'YZZZXYZZZY', 'XXXZIIZZZY', 'IIZIZZYYXY', 'XYYZIIZIZY', 'IIZIZZYYXY', 'XXIIYXZZII', 'XXZXZIIIYI', 'ZZXZXXIIZY', 'XXIYIIXYZY', 'XYYYIZZZII', 'XXIYIIXYZY', 'YZZZXYZZZY', 'IIZIZZYYXY', 'IXIZXXZZYI', 'XXIIYXZZII', 'XYXZXXXYZY', 'IIZIZZYYXY', 'IXIZXXZZYI', 'YZZZXYZZZY', 'XYXZXXXYZY', 'XXIYIIXYZY', 'XXXZIIZZZY', 'XXZXZIIIYI', 'XYZYIZZIYI', 'XXIYIIXYZY', 'XXXZIIZZZY', 'ZZXZXXIIZY', 'IIZIZZYYXY', 'XYYYIZZZII', 'XXIIYXZZII', 'YXZZIZYYII', 'XXZXZIIIYI', 'YYIZZZIZXY', 'XYYZIIZIZY']
 Finished:      -7.882137564373
 Error:       0.000002395862
1.5




 --------------------------------------------------------------------------
                         ADAPT-VQE iteration:  45
 --------------------------------------------------------------------------
5.914127120276324e-06
['XXXZIIZZZY', 'YXZZIZYYII', 'IXIZXXZZYI', 'XXIIYXZZII', 'XXIYIIXYZY', 'IIZIZZYYXY', 'ZZXZXXIIZY', 'XYXZXXXYZY', 'YYIZZZIZXY', 'XYXZXXXYZY', 'XYZYIZZIYI', 'IXIZXXZZYI', 'YZZZXYZZZY', 'XXXZIIZZZY', 'IIZIZZYYXY', 'XYYZIIZIZY', 'IIZIZZYYXY', 'XXIIYXZZII', 'XXZXZIIIYI', 'ZZXZXXIIZY', 'XXIYIIXYZY', 'XYYYIZZZII', 'XXIYIIXYZY', 'YZZZXYZZZY', 'IIZIZZYYXY', 'IXIZXXZZYI', 'XXIIYXZZII', 'XYXZXXXYZY', 'IIZIZZYYXY', 'IXIZXXZZYI', 'YZZZXYZZZY', 'XYXZXXXYZY', 'XXIYIIXYZY', 'XXXZIIZZZY', 'XXZXZIIIYI', 'XYZYIZZIYI', 'XXIYIIXYZY', 'XXXZIIZZZY', 'ZZXZXXIIZY', 'IIZIZZYYXY', 'XYYYIZZZII', 'XXIIYXZZII', 'YXZZIZYYII', 'XXZXZIIIYI', 'YYIZZZIZXY', 'XYYZIIZIZY']
 Finished:      -7.882137575305
 Error:       0.000002384930
1.5




 --------------------------------------------------------------------------
                         ADAPT-VQE iteration:  46
 --------------------------------------------------------------------------
2.822706448401907e-05
['XYXZXXXYZY', 'XXXZIIZZZY', 'YXZZIZYYII', 'IXIZXXZZYI', 'XXIIYXZZII', 'XXIYIIXYZY', 'IIZIZZYYXY', 'ZZXZXXIIZY', 'XYXZXXXYZY', 'YYIZZZIZXY', 'XYXZXXXYZY', 'XYZYIZZIYI', 'IXIZXXZZYI', 'YZZZXYZZZY', 'XXXZIIZZZY', 'IIZIZZYYXY', 'XYYZIIZIZY', 'IIZIZZYYXY', 'XXIIYXZZII', 'XXZXZIIIYI', 'ZZXZXXIIZY', 'XXIYIIXYZY', 'XYYYIZZZII', 'XXIYIIXYZY', 'YZZZXYZZZY', 'IIZIZZYYXY', 'IXIZXXZZYI', 'XXIIYXZZII', 'XYXZXXXYZY', 'IIZIZZYYXY', 'IXIZXXZZYI', 'YZZZXYZZZY', 'XYXZXXXYZY', 'XXIYIIXYZY', 'XXXZIIZZZY', 'XXZXZIIIYI', 'XYZYIZZIYI', 'XXIYIIXYZY', 'XXXZIIZZZY', 'ZZXZXXIIZY', 'IIZIZZYYXY', 'XYYYIZZZII', 'XXIIYXZZII', 'YXZZIZYYII', 'XXZXZIIIYI', 'YYIZZZIZXY', 'XYYZIIZIZY']
 Finished:      -7.882139133742
 Error:       0.000000826493
1.5




 --------------------------------------------------------------------------
                         ADAPT-VQE iteration:  47
 --------------------------------------------------------------------------
2.580029631128323e-06
['YZZZXYZZZY', 'XYXZXXXYZY', 'XXXZIIZZZY', 'YXZZIZYYII', 'IXIZXXZZYI', 'XXIIYXZZII', 'XXIYIIXYZY', 'IIZIZZYYXY', 'ZZXZXXIIZY', 'XYXZXXXYZY', 'YYIZZZIZXY', 'XYXZXXXYZY', 'XYZYIZZIYI', 'IXIZXXZZYI', 'YZZZXYZZZY', 'XXXZIIZZZY', 'IIZIZZYYXY', 'XYYZIIZIZY', 'IIZIZZYYXY', 'XXIIYXZZII', 'XXZXZIIIYI', 'ZZXZXXIIZY', 'XXIYIIXYZY', 'XYYYIZZZII', 'XXIYIIXYZY', 'YZZZXYZZZY', 'IIZIZZYYXY', 'IXIZXXZZYI', 'XXIIYXZZII', 'XYXZXXXYZY', 'IIZIZZYYXY', 'IXIZXXZZYI', 'YZZZXYZZZY', 'XYXZXXXYZY', 'XXIYIIXYZY', 'XXXZIIZZZY', 'XXZXZIIIYI', 'XYZYIZZIYI', 'XXIYIIXYZY', 'XXXZIIZZZY', 'ZZXZXXIIZY', 'IIZIZZYYXY', 'XYYYIZZZII', 'XXIIYXZZII', 'YXZZIZYYII', 'XXZXZIIIYI', 'YYIZZZIZXY', 'XYYZIIZIZY']
 Finished:      -7.882139133860
 Error:       0.000000826375
1.5




 --------------------------------------------------------------------------
                         ADAPT-VQE iteration:  48
 --------------------------------------------------------------------------
1.6362393860365923e-06
['XXZXZIIIYI', 'YZZZXYZZZY', 'XYXZXXXYZY', 'XXXZIIZZZY', 'YXZZIZYYII', 'IXIZXXZZYI', 'XXIIYXZZII', 'XXIYIIXYZY', 'IIZIZZYYXY', 'ZZXZXXIIZY', 'XYXZXXXYZY', 'YYIZZZIZXY', 'XYXZXXXYZY', 'XYZYIZZIYI', 'IXIZXXZZYI', 'YZZZXYZZZY', 'XXXZIIZZZY', 'IIZIZZYYXY', 'XYYZIIZIZY', 'IIZIZZYYXY', 'XXIIYXZZII', 'XXZXZIIIYI', 'ZZXZXXIIZY', 'XXIYIIXYZY', 'XYYYIZZZII', 'XXIYIIXYZY', 'YZZZXYZZZY', 'IIZIZZYYXY', 'IXIZXXZZYI', 'XXIIYXZZII', 'XYXZXXXYZY', 'IIZIZZYYXY', 'IXIZXXZZYI', 'YZZZXYZZZY', 'XYXZXXXYZY', 'XXIYIIXYZY', 'XXXZIIZZZY', 'XXZXZIIIYI', 'XYZYIZZIYI', 'XXIYIIXYZY', 'XXXZIIZZZY', 'ZZXZXXIIZY', 'IIZIZZYYXY', 'XYYYIZZZII', 'XXIIYXZZII', 'YXZZIZYYII', 'XXZXZIIIYI', 'YYIZZZIZXY', 'XYYZIIZIZY']
 Finished:      -7.882139142911
 Error:       0.000000817323
1.5




 --------------------------------------------------------------------------
                         ADAPT-VQE iteration:  49
 --------------------------------------------------------------------------
2.832282073259894e-06
['XYXZXXXYZY', 'XXZXZIIIYI', 'YZZZXYZZZY', 'XYXZXXXYZY', 'XXXZIIZZZY', 'YXZZIZYYII', 'IXIZXXZZYI', 'XXIIYXZZII', 'XXIYIIXYZY', 'IIZIZZYYXY', 'ZZXZXXIIZY', 'XYXZXXXYZY', 'YYIZZZIZXY', 'XYXZXXXYZY', 'XYZYIZZIYI', 'IXIZXXZZYI', 'YZZZXYZZZY', 'XXXZIIZZZY', 'IIZIZZYYXY', 'XYYZIIZIZY', 'IIZIZZYYXY', 'XXIIYXZZII', 'XXZXZIIIYI', 'ZZXZXXIIZY', 'XXIYIIXYZY', 'XYYYIZZZII', 'XXIYIIXYZY', 'YZZZXYZZZY', 'IIZIZZYYXY', 'IXIZXXZZYI', 'XXIIYXZZII', 'XYXZXXXYZY', 'IIZIZZYYXY', 'IXIZXXZZYI', 'YZZZXYZZZY', 'XYXZXXXYZY', 'XXIYIIXYZY', 'XXXZIIZZZY', 'XXZXZIIIYI', 'XYZYIZZIYI', 'XXIYIIXYZY', 'XXXZIIZZZY', 'ZZXZXXIIZY', 'IIZIZZYYXY', 'XYYYIZZZII', 'XXIIYXZZII', 'YXZZIZYYII', 'XXZXZIIIYI', 'YYIZZZIZXY', 'XYYZIIZIZY']
 Finished:      -7.882139143843
 Error:       0.000000816392
1.5




 --------------------------------------------------------------------------
                         ADAPT-VQE iteration:  50
 --------------------------------------------------------------------------
2.0033384991899564e-06
['YZZZXYZZZY', 'XYXZXXXYZY', 'XXZXZIIIYI', 'YZZZXYZZZY', 'XYXZXXXYZY', 'XXXZIIZZZY', 'YXZZIZYYII', 'IXIZXXZZYI', 'XXIIYXZZII', 'XXIYIIXYZY', 'IIZIZZYYXY', 'ZZXZXXIIZY', 'XYXZXXXYZY', 'YYIZZZIZXY', 'XYXZXXXYZY', 'XYZYIZZIYI', 'IXIZXXZZYI', 'YZZZXYZZZY', 'XXXZIIZZZY', 'IIZIZZYYXY', 'XYYZIIZIZY', 'IIZIZZYYXY', 'XXIIYXZZII', 'XXZXZIIIYI', 'ZZXZXXIIZY', 'XXIYIIXYZY', 'XYYYIZZZII', 'XXIYIIXYZY', 'YZZZXYZZZY', 'IIZIZZYYXY', 'IXIZXXZZYI', 'XXIIYXZZII', 'XYXZXXXYZY', 'IIZIZZYYXY', 'IXIZXXZZYI', 'YZZZXYZZZY', 'XYXZXXXYZY', 'XXIYIIXYZY', 'XXXZIIZZZY', 'XXZXZIIIYI', 'XYZYIZZIYI', 'XXIYIIXYZY', 'XXXZIIZZZY', 'ZZXZXXIIZY', 'IIZIZZYYXY', 'XYYYIZZZII', 'XXIIYXZZII', 'YXZZIZYYII', 'XXZXZIIIYI', 'YYIZZZIZXY', 'XYYZIIZIZY']
 Finished:      -7.882139155668
 Error:       0.000000804567
1.5




 --------------------------------------------------------------------------
                         ADAPT-VQE iteration:  51
 --------------------------------------------------------------------------
8.215410921098018e-07
['IIZIZZYYXY', 'YZZZXYZZZY', 'XYXZXXXYZY', 'XXZXZIIIYI', 'YZZZXYZZZY', 'XYXZXXXYZY', 'XXXZIIZZZY', 'YXZZIZYYII', 'IXIZXXZZYI', 'XXIIYXZZII', 'XXIYIIXYZY', 'IIZIZZYYXY', 'ZZXZXXIIZY', 'XYXZXXXYZY', 'YYIZZZIZXY', 'XYXZXXXYZY', 'XYZYIZZIYI', 'IXIZXXZZYI', 'YZZZXYZZZY', 'XXXZIIZZZY', 'IIZIZZYYXY', 'XYYZIIZIZY', 'IIZIZZYYXY', 'XXIIYXZZII', 'XXZXZIIIYI', 'ZZXZXXIIZY', 'XXIYIIXYZY', 'XYYYIZZZII', 'XXIYIIXYZY', 'YZZZXYZZZY', 'IIZIZZYYXY', 'IXIZXXZZYI', 'XXIIYXZZII', 'XYXZXXXYZY', 'IIZIZZYYXY', 'IXIZXXZZYI', 'YZZZXYZZZY', 'XYXZXXXYZY', 'XXIYIIXYZY', 'XXXZIIZZZY', 'XXZXZIIIYI', 'XYZYIZZIYI', 'XXIYIIXYZY', 'XXXZIIZZZY', 'ZZXZXXIIZY', 'IIZIZZYYXY', 'XYYYIZZZII', 'XXIIYXZZII', 'YXZZIZYYII', 'XXZXZIIIYI', 'YYIZZZIZXY', 'XYYZIIZIZY']
 Finished:      -7.882139159075
 Error:       0.000000801159
1.5




 --------------------------------------------------------------------------
                         ADAPT-VQE iteration:  52
 --------------------------------------------------------------------------
3.287094753906921e-07
['ZZXZXXIIZY', 'IIZIZZYYXY', 'YZZZXYZZZY', 'XYXZXXXYZY', 'XXZXZIIIYI', 'YZZZXYZZZY', 'XYXZXXXYZY', 'XXXZIIZZZY', 'YXZZIZYYII', 'IXIZXXZZYI', 'XXIIYXZZII', 'XXIYIIXYZY', 'IIZIZZYYXY', 'ZZXZXXIIZY', 'XYXZXXXYZY', 'YYIZZZIZXY', 'XYXZXXXYZY', 'XYZYIZZIYI', 'IXIZXXZZYI', 'YZZZXYZZZY', 'XXXZIIZZZY', 'IIZIZZYYXY', 'XYYZIIZIZY', 'IIZIZZYYXY', 'XXIIYXZZII', 'XXZXZIIIYI', 'ZZXZXXIIZY', 'XXIYIIXYZY', 'XYYYIZZZII', 'XXIYIIXYZY', 'YZZZXYZZZY', 'IIZIZZYYXY', 'IXIZXXZZYI', 'XXIIYXZZII', 'XYXZXXXYZY', 'IIZIZZYYXY', 'IXIZXXZZYI', 'YZZZXYZZZY', 'XYXZXXXYZY', 'XXIYIIXYZY', 'XXXZIIZZZY', 'XXZXZIIIYI', 'XYZYIZZIYI', 'XXIYIIXYZY', 'XXXZIIZZZY', 'ZZXZXXIIZY', 'IIZIZZYYXY', 'XYYYIZZZII', 'XXIIYXZZII', 'YXZZIZYYII', 'XXZXZIIIYI', 'YYIZZZIZXY', 'XYYZIIZIZY']
 Finished:      -7.882139160135
 Error:       0.000000800099
1.5




 --------------------------------------------------------------------------
                         ADAPT-VQE iteration:  53
 --------------------------------------------------------------------------
1.334314019696271e-06
['IXIZXXZZYI', 'ZZXZXXIIZY', 'IIZIZZYYXY', 'YZZZXYZZZY', 'XYXZXXXYZY', 'XXZXZIIIYI', 'YZZZXYZZZY', 'XYXZXXXYZY', 'XXXZIIZZZY', 'YXZZIZYYII', 'IXIZXXZZYI', 'XXIIYXZZII', 'XXIYIIXYZY', 'IIZIZZYYXY', 'ZZXZXXIIZY', 'XYXZXXXYZY', 'YYIZZZIZXY', 'XYXZXXXYZY', 'XYZYIZZIYI', 'IXIZXXZZYI', 'YZZZXYZZZY', 'XXXZIIZZZY', 'IIZIZZYYXY', 'XYYZIIZIZY', 'IIZIZZYYXY', 'XXIIYXZZII', 'XXZXZIIIYI', 'ZZXZXXIIZY', 'XXIYIIXYZY', 'XYYYIZZZII', 'XXIYIIXYZY', 'YZZZXYZZZY', 'IIZIZZYYXY', 'IXIZXXZZYI', 'XXIIYXZZII', 'XYXZXXXYZY', 'IIZIZZYYXY', 'IXIZXXZZYI', 'YZZZXYZZZY', 'XYXZXXXYZY', 'XXIYIIXYZY', 'XXXZIIZZZY', 'XXZXZIIIYI', 'XYZYIZZIYI', 'XXIYIIXYZY', 'XXXZIIZZZY', 'ZZXZXXIIZY', 'IIZIZZYYXY', 'XYYYIZZZII', 'XXIIYXZZII', 'YXZZIZYYII', 'XXZXZIIIYI', 'YYIZZZIZXY', 'XYYZIIZIZY']
 Finished:      -7.882139160460
 Error:       0.000000799775
1.5




 --------------------------------------------------------------------------
                         ADAPT-VQE iteration:  54
 --------------------------------------------------------------------------
1.1448829352678828e-07
['XXIYIIXYZY', 'IXIZXXZZYI', 'ZZXZXXIIZY', 'IIZIZZYYXY', 'YZZZXYZZZY', 'XYXZXXXYZY', 'XXZXZIIIYI', 'YZZZXYZZZY', 'XYXZXXXYZY', 'XXXZIIZZZY', 'YXZZIZYYII', 'IXIZXXZZYI', 'XXIIYXZZII', 'XXIYIIXYZY', 'IIZIZZYYXY', 'ZZXZXXIIZY', 'XYXZXXXYZY', 'YYIZZZIZXY', 'XYXZXXXYZY', 'XYZYIZZIYI', 'IXIZXXZZYI', 'YZZZXYZZZY', 'XXXZIIZZZY', 'IIZIZZYYXY', 'XYYZIIZIZY', 'IIZIZZYYXY', 'XXIIYXZZII', 'XXZXZIIIYI', 'ZZXZXXIIZY', 'XXIYIIXYZY', 'XYYYIZZZII', 'XXIYIIXYZY', 'YZZZXYZZZY', 'IIZIZZYYXY', 'IXIZXXZZYI', 'XXIIYXZZII', 'XYXZXXXYZY', 'IIZIZZYYXY', 'IXIZXXZZYI', 'YZZZXYZZZY', 'XYXZXXXYZY', 'XXIYIIXYZY', 'XXXZIIZZZY', 'XXZXZIIIYI', 'XYZYIZZIYI', 'XXIYIIXYZY', 'XXXZIIZZZY', 'ZZXZXXIIZY', 'IIZIZZYYXY', 'XYYYIZZZII', 'XXIIYXZZII', 'YXZZIZYYII', 'XXZXZIIIYI', 'YYIZZZIZXY', 'XYYZIIZIZY']
 Finished:      -7.882139160460
 Error:       0.000000799775
1.5




 --------------------------------------------------------------------------
                         ADAPT-VQE iteration:  55
 --------------------------------------------------------------------------
1.3237564148267541e-07
['IIZIZZYYXY', 'XXIYIIXYZY', 'IXIZXXZZYI', 'ZZXZXXIIZY', 'IIZIZZYYXY', 'YZZZXYZZZY', 'XYXZXXXYZY', 'XXZXZIIIYI', 'YZZZXYZZZY', 'XYXZXXXYZY', 'XXXZIIZZZY', 'YXZZIZYYII', 'IXIZXXZZYI', 'XXIIYXZZII', 'XXIYIIXYZY', 'IIZIZZYYXY', 'ZZXZXXIIZY', 'XYXZXXXYZY', 'YYIZZZIZXY', 'XYXZXXXYZY', 'XYZYIZZIYI', 'IXIZXXZZYI', 'YZZZXYZZZY', 'XXXZIIZZZY', 'IIZIZZYYXY', 'XYYZIIZIZY', 'IIZIZZYYXY', 'XXIIYXZZII', 'XXZXZIIIYI', 'ZZXZXXIIZY', 'XXIYIIXYZY', 'XYYYIZZZII', 'XXIYIIXYZY', 'YZZZXYZZZY', 'IIZIZZYYXY', 'IXIZXXZZYI', 'XXIIYXZZII', 'XYXZXXXYZY', 'IIZIZZYYXY', 'IXIZXXZZYI', 'YZZZXYZZZY', 'XYXZXXXYZY', 'XXIYIIXYZY', 'XXXZIIZZZY', 'XXZXZIIIYI', 'XYZYIZZIYI', 'XXIYIIXYZY', 'XXXZIIZZZY', 'ZZXZXXIIZY', 'IIZIZZYYXY', 'XYYYIZZZII', 'XXIIYXZZII', 'YXZZIZYYII', 'XXZXZIIIYI', 'YYIZZZIZXY', 'XYYZIIZIZY']
 Finished:      -7.882139160460
 Error:       0.000000799775
1.5




 --------------------------------------------------------------------------
                         ADAPT-VQE iteration:  56
 --------------------------------------------------------------------------
1.0319829986418967e-07
['YZZZXYZZZY', 'IIZIZZYYXY', 'XXIYIIXYZY', 'IXIZXXZZYI', 'ZZXZXXIIZY', 'IIZIZZYYXY', 'YZZZXYZZZY', 'XYXZXXXYZY', 'XXZXZIIIYI', 'YZZZXYZZZY', 'XYXZXXXYZY', 'XXXZIIZZZY', 'YXZZIZYYII', 'IXIZXXZZYI', 'XXIIYXZZII', 'XXIYIIXYZY', 'IIZIZZYYXY', 'ZZXZXXIIZY', 'XYXZXXXYZY', 'YYIZZZIZXY', 'XYXZXXXYZY', 'XYZYIZZIYI', 'IXIZXXZZYI', 'YZZZXYZZZY', 'XXXZIIZZZY', 'IIZIZZYYXY', 'XYYZIIZIZY', 'IIZIZZYYXY', 'XXIIYXZZII', 'XXZXZIIIYI', 'ZZXZXXIIZY', 'XXIYIIXYZY', 'XYYYIZZZII', 'XXIYIIXYZY', 'YZZZXYZZZY', 'IIZIZZYYXY', 'IXIZXXZZYI', 'XXIIYXZZII', 'XYXZXXXYZY', 'IIZIZZYYXY', 'IXIZXXZZYI', 'YZZZXYZZZY', 'XYXZXXXYZY', 'XXIYIIXYZY', 'XXXZIIZZZY', 'XXZXZIIIYI', 'XYZYIZZIYI', 'XXIYIIXYZY', 'XXXZIIZZZY', 'ZZXZXXIIZY', 'IIZIZZYYXY', 'XYYYIZZZII', 'XXIIYXZZII', 'YXZZIZYYII', 'XXZXZIIIYI', 'YYIZZZIZXY', 'XYYZIIZIZY']
 Finished:      -7.882139160775
 Error:       0.000000799460
1.5




 --------------------------------------------------------------------------
                         ADAPT-VQE iteration:  57
 --------------------------------------------------------------------------
5.173957108511394e-07
['XXIYIIXYZY', 'YZZZXYZZZY', 'IIZIZZYYXY', 'XXIYIIXYZY', 'IXIZXXZZYI', 'ZZXZXXIIZY', 'IIZIZZYYXY', 'YZZZXYZZZY', 'XYXZXXXYZY', 'XXZXZIIIYI', 'YZZZXYZZZY', 'XYXZXXXYZY', 'XXXZIIZZZY', 'YXZZIZYYII', 'IXIZXXZZYI', 'XXIIYXZZII', 'XXIYIIXYZY', 'IIZIZZYYXY', 'ZZXZXXIIZY', 'XYXZXXXYZY', 'YYIZZZIZXY', 'XYXZXXXYZY', 'XYZYIZZIYI', 'IXIZXXZZYI', 'YZZZXYZZZY', 'XXXZIIZZZY', 'IIZIZZYYXY', 'XYYZIIZIZY', 'IIZIZZYYXY', 'XXIIYXZZII', 'XXZXZIIIYI', 'ZZXZXXIIZY', 'XXIYIIXYZY', 'XYYYIZZZII', 'XXIYIIXYZY', 'YZZZXYZZZY', 'IIZIZZYYXY', 'IXIZXXZZYI', 'XXIIYXZZII', 'XYXZXXXYZY', 'IIZIZZYYXY', 'IXIZXXZZYI', 'YZZZXYZZZY', 'XYXZXXXYZY', 'XXIYIIXYZY', 'XXXZIIZZZY', 'XXZXZIIIYI', 'XYZYIZZIYI', 'XXIYIIXYZY', 'XXXZIIZZZY', 'ZZXZXXIIZY', 'IIZIZZYYXY', 'XYYYIZZZII', 'XXIIYXZZII', 'YXZZIZYYII', 'XXZXZIIIYI', 'YYIZZZIZXY', 'XYYZIIZIZY']
 Finished:      -7.882139161748
 Error:       0.000000798487
1.5




 --------------------------------------------------------------------------
                         ADAPT-VQE iteration:  58
 --------------------------------------------------------------------------
3.453103245997112e-07
['XYYZIIZIZY', 'XXIYIIXYZY', 'YZZZXYZZZY', 'IIZIZZYYXY', 'XXIYIIXYZY', 'IXIZXXZZYI', 'ZZXZXXIIZY', 'IIZIZZYYXY', 'YZZZXYZZZY', 'XYXZXXXYZY', 'XXZXZIIIYI', 'YZZZXYZZZY', 'XYXZXXXYZY', 'XXXZIIZZZY', 'YXZZIZYYII', 'IXIZXXZZYI', 'XXIIYXZZII', 'XXIYIIXYZY', 'IIZIZZYYXY', 'ZZXZXXIIZY', 'XYXZXXXYZY', 'YYIZZZIZXY', 'XYXZXXXYZY', 'XYZYIZZIYI', 'IXIZXXZZYI', 'YZZZXYZZZY', 'XXXZIIZZZY', 'IIZIZZYYXY', 'XYYZIIZIZY', 'IIZIZZYYXY', 'XXIIYXZZII', 'XXZXZIIIYI', 'ZZXZXXIIZY', 'XXIYIIXYZY', 'XYYYIZZZII', 'XXIYIIXYZY', 'YZZZXYZZZY', 'IIZIZZYYXY', 'IXIZXXZZYI', 'XXIIYXZZII', 'XYXZXXXYZY', 'IIZIZZYYXY', 'IXIZXXZZYI', 'YZZZXYZZZY', 'XYXZXXXYZY', 'XXIYIIXYZY', 'XXXZIIZZZY', 'XXZXZIIIYI', 'XYZYIZZIYI', 'XXIYIIXYZY', 'XXXZIIZZZY', 'ZZXZXXIIZY', 'IIZIZZYYXY', 'XYYYIZZZII', 'XXIIYXZZII', 'YXZZIZYYII', 'XXZXZIIIYI', 'YYIZZZIZXY', 'XYYZIIZIZY']
 Finished:      -7.882139680919
 Error:       0.000000279316
1.5




 --------------------------------------------------------------------------
                         ADAPT-VQE iteration:  59
 --------------------------------------------------------------------------
1.255717314094106e-05
['XXIYIIXYZY', 'XYYZIIZIZY', 'XXIYIIXYZY', 'YZZZXYZZZY', 'IIZIZZYYXY', 'XXIYIIXYZY', 'IXIZXXZZYI', 'ZZXZXXIIZY', 'IIZIZZYYXY', 'YZZZXYZZZY', 'XYXZXXXYZY', 'XXZXZIIIYI', 'YZZZXYZZZY', 'XYXZXXXYZY', 'XXXZIIZZZY', 'YXZZIZYYII', 'IXIZXXZZYI', 'XXIIYXZZII', 'XXIYIIXYZY', 'IIZIZZYYXY', 'ZZXZXXIIZY', 'XYXZXXXYZY', 'YYIZZZIZXY', 'XYXZXXXYZY', 'XYZYIZZIYI', 'IXIZXXZZYI', 'YZZZXYZZZY', 'XXXZIIZZZY', 'IIZIZZYYXY', 'XYYZIIZIZY', 'IIZIZZYYXY', 'XXIIYXZZII', 'XXZXZIIIYI', 'ZZXZXXIIZY', 'XXIYIIXYZY', 'XYYYIZZZII', 'XXIYIIXYZY', 'YZZZXYZZZY', 'IIZIZZYYXY', 'IXIZXXZZYI', 'XXIIYXZZII', 'XYXZXXXYZY', 'IIZIZZYYXY', 'IXIZXXZZYI', 'YZZZXYZZZY', 'XYXZXXXYZY', 'XXIYIIXYZY', 'XXXZIIZZZY', 'XXZXZIIIYI', 'XYZYIZZIYI', 'XXIYIIXYZY', 'XXXZIIZZZY', 'ZZXZXXIIZY', 'IIZIZZYYXY', 'XYYYIZZZII', 'XXIIYXZZII', 'YXZZIZYYII', 'XXZXZIIIYI', 'YYIZZZIZXY', 'XYYZIIZIZY']
 Finished:      -7.882139924914
 Error:       0.000000035321
1.5




 --------------------------------------------------------------------------
                         ADAPT-VQE iteration:  60
 --------------------------------------------------------------------------
5.981833251475732e-07
['XYZYIZZIYI', 'XXIYIIXYZY', 'XYYZIIZIZY', 'XXIYIIXYZY', 'YZZZXYZZZY', 'IIZIZZYYXY', 'XXIYIIXYZY', 'IXIZXXZZYI', 'ZZXZXXIIZY', 'IIZIZZYYXY', 'YZZZXYZZZY', 'XYXZXXXYZY', 'XXZXZIIIYI', 'YZZZXYZZZY', 'XYXZXXXYZY', 'XXXZIIZZZY', 'YXZZIZYYII', 'IXIZXXZZYI', 'XXIIYXZZII', 'XXIYIIXYZY', 'IIZIZZYYXY', 'ZZXZXXIIZY', 'XYXZXXXYZY', 'YYIZZZIZXY', 'XYXZXXXYZY', 'XYZYIZZIYI', 'IXIZXXZZYI', 'YZZZXYZZZY', 'XXXZIIZZZY', 'IIZIZZYYXY', 'XYYZIIZIZY', 'IIZIZZYYXY', 'XXIIYXZZII', 'XXZXZIIIYI', 'ZZXZXXIIZY', 'XXIYIIXYZY', 'XYYYIZZZII', 'XXIYIIXYZY', 'YZZZXYZZZY', 'IIZIZZYYXY', 'IXIZXXZZYI', 'XXIIYXZZII', 'XYXZXXXYZY', 'IIZIZZYYXY', 'IXIZXXZZYI', 'YZZZXYZZZY', 'XYXZXXXYZY', 'XXIYIIXYZY', 'XXXZIIZZZY', 'XXZXZIIIYI', 'XYZYIZZIYI', 'XXIYIIXYZY', 'XXXZIIZZZY', 'ZZXZXXIIZY', 'IIZIZZYYXY', 'XYYYIZZZII', 'XXIIYXZZII', 'YXZZIZYYII', 'XXZXZIIIYI', 'YYIZZZIZXY', 'XYYZIIZIZY']
 Finished:      -7.882139928474
 Error:       0.000000031761
1.5




 --------------------------------------------------------------------------
                         ADAPT-VQE iteration:  61
 --------------------------------------------------------------------------
7.836334292691424e-07
['ZZXZXXIIZY', 'XYZYIZZIYI', 'XXIYIIXYZY', 'XYYZIIZIZY', 'XXIYIIXYZY', 'YZZZXYZZZY', 'IIZIZZYYXY', 'XXIYIIXYZY', 'IXIZXXZZYI', 'ZZXZXXIIZY', 'IIZIZZYYXY', 'YZZZXYZZZY', 'XYXZXXXYZY', 'XXZXZIIIYI', 'YZZZXYZZZY', 'XYXZXXXYZY', 'XXXZIIZZZY', 'YXZZIZYYII', 'IXIZXXZZYI', 'XXIIYXZZII', 'XXIYIIXYZY', 'IIZIZZYYXY', 'ZZXZXXIIZY', 'XYXZXXXYZY', 'YYIZZZIZXY', 'XYXZXXXYZY', 'XYZYIZZIYI', 'IXIZXXZZYI', 'YZZZXYZZZY', 'XXXZIIZZZY', 'IIZIZZYYXY', 'XYYZIIZIZY', 'IIZIZZYYXY', 'XXIIYXZZII', 'XXZXZIIIYI', 'ZZXZXXIIZY', 'XXIYIIXYZY', 'XYYYIZZZII', 'XXIYIIXYZY', 'YZZZXYZZZY', 'IIZIZZYYXY', 'IXIZXXZZYI', 'XXIIYXZZII', 'XYXZXXXYZY', 'IIZIZZYYXY', 'IXIZXXZZYI', 'YZZZXYZZZY', 'XYXZXXXYZY', 'XXIYIIXYZY', 'XXXZIIZZZY', 'XXZXZIIIYI', 'XYZYIZZIYI', 'XXIYIIXYZY', 'XXXZIIZZZY', 'ZZXZXXIIZY', 'IIZIZZYYXY', 'XYYYIZZZII', 'XXIIYXZZII', 'YXZZIZYYII', 'XXZXZIIIYI', 'YYIZZZIZXY', 'XYYZIIZIZY']
 Finished:      -7.882139938449
 Error:       0.000000021786
1.5




 --------------------------------------------------------------------------
                         ADAPT-VQE iteration:  62
 --------------------------------------------------------------------------
5.130295073726303e-07
['IXIZXXZZYI', 'ZZXZXXIIZY', 'XYZYIZZIYI', 'XXIYIIXYZY', 'XYYZIIZIZY', 'XXIYIIXYZY', 'YZZZXYZZZY', 'IIZIZZYYXY', 'XXIYIIXYZY', 'IXIZXXZZYI', 'ZZXZXXIIZY', 'IIZIZZYYXY', 'YZZZXYZZZY', 'XYXZXXXYZY', 'XXZXZIIIYI', 'YZZZXYZZZY', 'XYXZXXXYZY', 'XXXZIIZZZY', 'YXZZIZYYII', 'IXIZXXZZYI', 'XXIIYXZZII', 'XXIYIIXYZY', 'IIZIZZYYXY', 'ZZXZXXIIZY', 'XYXZXXXYZY', 'YYIZZZIZXY', 'XYXZXXXYZY', 'XYZYIZZIYI', 'IXIZXXZZYI', 'YZZZXYZZZY', 'XXXZIIZZZY', 'IIZIZZYYXY', 'XYYZIIZIZY', 'IIZIZZYYXY', 'XXIIYXZZII', 'XXZXZIIIYI', 'ZZXZXXIIZY', 'XXIYIIXYZY', 'XYYYIZZZII', 'XXIYIIXYZY', 'YZZZXYZZZY', 'IIZIZZYYXY', 'IXIZXXZZYI', 'XXIIYXZZII', 'XYXZXXXYZY', 'IIZIZZYYXY', 'IXIZXXZZYI', 'YZZZXYZZZY', 'XYXZXXXYZY', 'XXIYIIXYZY', 'XXXZIIZZZY', 'XXZXZIIIYI', 'XYZYIZZIYI', 'XXIYIIXYZY', 'XXXZIIZZZY', 'ZZXZXXIIZY', 'IIZIZZYYXY', 'XYYYIZZZII', 'XXIIYXZZII', 'YXZZIZYYII', 'XXZXZIIIYI', 'YYIZZZIZXY', 'XYYZIIZIZY']
 Finished:      -7.882139938624
 Error:       0.000000021610
1.5




 --------------------------------------------------------------------------
                         ADAPT-VQE iteration:  63
 --------------------------------------------------------------------------
4.19662643342466e-07
['YYIZZZIZXY', 'IXIZXXZZYI', 'ZZXZXXIIZY', 'XYZYIZZIYI', 'XXIYIIXYZY', 'XYYZIIZIZY', 'XXIYIIXYZY', 'YZZZXYZZZY', 'IIZIZZYYXY', 'XXIYIIXYZY', 'IXIZXXZZYI', 'ZZXZXXIIZY', 'IIZIZZYYXY', 'YZZZXYZZZY', 'XYXZXXXYZY', 'XXZXZIIIYI', 'YZZZXYZZZY', 'XYXZXXXYZY', 'XXXZIIZZZY', 'YXZZIZYYII', 'IXIZXXZZYI', 'XXIIYXZZII', 'XXIYIIXYZY', 'IIZIZZYYXY', 'ZZXZXXIIZY', 'XYXZXXXYZY', 'YYIZZZIZXY', 'XYXZXXXYZY', 'XYZYIZZIYI', 'IXIZXXZZYI', 'YZZZXYZZZY', 'XXXZIIZZZY', 'IIZIZZYYXY', 'XYYZIIZIZY', 'IIZIZZYYXY', 'XXIIYXZZII', 'XXZXZIIIYI', 'ZZXZXXIIZY', 'XXIYIIXYZY', 'XYYYIZZZII', 'XXIYIIXYZY', 'YZZZXYZZZY', 'IIZIZZYYXY', 'IXIZXXZZYI', 'XXIIYXZZII', 'XYXZXXXYZY', 'IIZIZZYYXY', 'IXIZXXZZYI', 'YZZZXYZZZY', 'XYXZXXXYZY', 'XXIYIIXYZY', 'XXXZIIZZZY', 'XXZXZIIIYI', 'XYZYIZZIYI', 'XXIYIIXYZY', 'XXXZIIZZZY', 'ZZXZXXIIZY', 'IIZIZZYYXY', 'XYYYIZZZII', 'XXIIYXZZII', 'YXZZIZYYII', 'XXZXZIIIYI', 'YYIZZZIZXY', 'XYYZIIZIZY']
 Finished:      -7.882139947158
 Error:       0.000000013077
1.5




 --------------------------------------------------------------------------
                         ADAPT-VQE iteration:  64
 --------------------------------------------------------------------------
9.487700648848637e-07
['YZZZXYZZZY', 'YYIZZZIZXY', 'IXIZXXZZYI', 'ZZXZXXIIZY', 'XYZYIZZIYI', 'XXIYIIXYZY', 'XYYZIIZIZY', 'XXIYIIXYZY', 'YZZZXYZZZY', 'IIZIZZYYXY', 'XXIYIIXYZY', 'IXIZXXZZYI', 'ZZXZXXIIZY', 'IIZIZZYYXY', 'YZZZXYZZZY', 'XYXZXXXYZY', 'XXZXZIIIYI', 'YZZZXYZZZY', 'XYXZXXXYZY', 'XXXZIIZZZY', 'YXZZIZYYII', 'IXIZXXZZYI', 'XXIIYXZZII', 'XXIYIIXYZY', 'IIZIZZYYXY', 'ZZXZXXIIZY', 'XYXZXXXYZY', 'YYIZZZIZXY', 'XYXZXXXYZY', 'XYZYIZZIYI', 'IXIZXXZZYI', 'YZZZXYZZZY', 'XXXZIIZZZY', 'IIZIZZYYXY', 'XYYZIIZIZY', 'IIZIZZYYXY', 'XXIIYXZZII', 'XXZXZIIIYI', 'ZZXZXXIIZY', 'XXIYIIXYZY', 'XYYYIZZZII', 'XXIYIIXYZY', 'YZZZXYZZZY', 'IIZIZZYYXY', 'IXIZXXZZYI', 'XXIIYXZZII', 'XYXZXXXYZY', 'IIZIZZYYXY', 'IXIZXXZZYI', 'YZZZXYZZZY', 'XYXZXXXYZY', 'XXIYIIXYZY', 'XXXZIIZZZY', 'XXZXZIIIYI', 'XYZYIZZIYI', 'XXIYIIXYZY', 'XXXZIIZZZY', 'ZZXZXXIIZY', 'IIZIZZYYXY', 'XYYYIZZZII', 'XXIIYXZZII', 'YXZZIZYYII', 'XXZXZIIIYI', 'YYIZZZIZXY', 'XYYZIIZIZY']
 Finished:      -7.882139948740
 Error:       0.000000011495
1.5




 --------------------------------------------------------------------------
                         ADAPT-VQE iteration:  65
 --------------------------------------------------------------------------
5.800253806772603e-07
['XXXZIIZZZY', 'YZZZXYZZZY', 'YYIZZZIZXY', 'IXIZXXZZYI', 'ZZXZXXIIZY', 'XYZYIZZIYI', 'XXIYIIXYZY', 'XYYZIIZIZY', 'XXIYIIXYZY', 'YZZZXYZZZY', 'IIZIZZYYXY', 'XXIYIIXYZY', 'IXIZXXZZYI', 'ZZXZXXIIZY', 'IIZIZZYYXY', 'YZZZXYZZZY', 'XYXZXXXYZY', 'XXZXZIIIYI', 'YZZZXYZZZY', 'XYXZXXXYZY', 'XXXZIIZZZY', 'YXZZIZYYII', 'IXIZXXZZYI', 'XXIIYXZZII', 'XXIYIIXYZY', 'IIZIZZYYXY', 'ZZXZXXIIZY', 'XYXZXXXYZY', 'YYIZZZIZXY', 'XYXZXXXYZY', 'XYZYIZZIYI', 'IXIZXXZZYI', 'YZZZXYZZZY', 'XXXZIIZZZY', 'IIZIZZYYXY', 'XYYZIIZIZY', 'IIZIZZYYXY', 'XXIIYXZZII', 'XXZXZIIIYI', 'ZZXZXXIIZY', 'XXIYIIXYZY', 'XYYYIZZZII', 'XXIYIIXYZY', 'YZZZXYZZZY', 'IIZIZZYYXY', 'IXIZXXZZYI', 'XXIIYXZZII', 'XYXZXXXYZY', 'IIZIZZYYXY', 'IXIZXXZZYI', 'YZZZXYZZZY', 'XYXZXXXYZY', 'XXIYIIXYZY', 'XXXZIIZZZY', 'XXZXZIIIYI', 'XYZYIZZIYI', 'XXIYIIXYZY', 'XXXZIIZZZY', 'ZZXZXXIIZY', 'IIZIZZYYXY', 'XYYYIZZZII', 'XXIIYXZZII', 'YXZZIZYYII', 'XXZXZIIIYI', 'YYIZZZIZXY', 'XYYZIIZIZY']
 Finished:      -7.882139950858
 Error:       0.000000009377

 
 ------------------------------------------ 