The list of distances to compute is: [1.0, 1.1, 1.2, 1.3, 1.4, 1.5, 1.6, 1.7, 1.8, 1.9, 2.0, 2.1, 2.2, 2.3, 2.4, 2.5, 2.6, 2.7, 2.8, 2.9, 3.0]
I am the distance: 2.1
Li 0 0 0; H 0 0 2.1
Problem reduced to 10 qubits.
HF energy:                 -7.8197702577777175
Active space FCI energy:    -7.8531962492178904
n_electrons: 2
0.0
molecule.n_orbitals: 5
 adapt threshold: 1e-08
 theta threshold: 1e-10
 Generate Sparse Matrices for operators in pool
Ground state energy: -7.853196249217899
initial energy -7.8197702577777175
 Start ADAPT-VQE algorithm
 Now start to grow the ansatz




 --------------------------------------------------------------------------
                         ADAPT-VQE iteration:  0
 --------------------------------------------------------------------------
['XYYZIIZIZY']
 Finished:      -7.823344076034
 Error:       0.029852173184
2.1




 --------------------------------------------------------------------------
                         ADAPT-VQE iteration:  1
 --------------------------------------------------------------------------
['YYIZZZIZXY', 'XYYZIIZIZY']
 Finished:      -7.846210244838
 Error:       0.006986004380
2.1




 --------------------------------------------------------------------------
                         ADAPT-VQE iteration:  2
 --------------------------------------------------------------------------
['XXZXZIIIYI', 'YYIZZZIZXY', 'XYYZIIZIZY']
 Finished:      -7.849606623169
 Error:       0.003589626049
2.1




 --------------------------------------------------------------------------
                         ADAPT-VQE iteration:  3
 --------------------------------------------------------------------------
['XXZXZIIIYI', 'XYYYIZZZII', 'YYIZZZIZXY', 'XYYZIIZIZY']
 Finished:      -7.851277711258
 Error:       0.001918537960
2.1




 --------------------------------------------------------------------------
                         ADAPT-VQE iteration:  4
 --------------------------------------------------------------------------
['XXIIYXZZII', 'XXZXZIIIYI', 'XYYYIZZZII', 'YYIZZZIZXY', 'XYYZIIZIZY']
 Finished:      -7.851506057770
 Error:       0.001690191448
2.1




 --------------------------------------------------------------------------
                         ADAPT-VQE iteration:  5
 --------------------------------------------------------------------------
['YXZZIZYYII', 'XXIIYXZZII', 'XXZXZIIIYI', 'XYYYIZZZII', 'YYIZZZIZXY', 'XYYZIIZIZY']
 Finished:      -7.851726658256
 Error:       0.001469590962
2.1




 --------------------------------------------------------------------------
                         ADAPT-VQE iteration:  6
 --------------------------------------------------------------------------
['YXZZIZYYII', 'XXIIYXZZII', 'XXZXZIIIYI', 'XYYYIZZZII', 'YYIZZZIZXY', 'IIZIZZYYXY', 'XYYZIIZIZY']
 Finished:      -7.851754109292
 Error:       0.001442139926
2.1




 --------------------------------------------------------------------------
                         ADAPT-VQE iteration:  7
 --------------------------------------------------------------------------
['XYZYIZZIYI', 'YXZZIZYYII', 'XXIIYXZZII', 'XXZXZIIIYI', 'XYYYIZZZII', 'YYIZZZIZXY', 'IIZIZZYYXY', 'XYYZIIZIZY']
 Finished:      -7.851874159606
 Error:       0.001322089611
2.1




 --------------------------------------------------------------------------
                         ADAPT-VQE iteration:  8
 --------------------------------------------------------------------------
['XYZYIZZIYI', 'YXZZIZYYII', 'XXIIYXZZII', 'XXZXZIIIYI', 'XYYYIZZZII', 'ZZXZXXIIZY', 'YYIZZZIZXY', 'IIZIZZYYXY', 'XYYZIIZIZY']
 Finished:      -7.851880926491
 Error:       0.001315322727
2.1




 --------------------------------------------------------------------------
                         ADAPT-VQE iteration:  9
 --------------------------------------------------------------------------
['XYZYIZZIYI', 'YXZZIZYYII', 'XXIIYXZZII', 'XXZXZIIIYI', 'XXXZIIZZZY', 'XYYYIZZZII', 'ZZXZXXIIZY', 'YYIZZZIZXY', 'IIZIZZYYXY', 'XYYZIIZIZY']
 Finished:      -7.851998475296
 Error:       0.001197773922
2.1




 --------------------------------------------------------------------------
                         ADAPT-VQE iteration:  10
 --------------------------------------------------------------------------
['XYZYIZZIYI', 'YXZZIZYYII', 'XXIIYXZZII', 'XXZXZIIIYI', 'XXXZIIZZZY', 'XYYYIZZZII', 'ZZXZXXIIZY', 'YYIZZZIZXY', 'XYZYIZZIYI', 'IIZIZZYYXY', 'XYYZIIZIZY']
 Finished:      -7.852104435674
 Error:       0.001091813544
2.1




 --------------------------------------------------------------------------
                         ADAPT-VQE iteration:  11
 --------------------------------------------------------------------------
['XYZYIZZIYI', 'YXZZIZYYII', 'XXIIYXZZII', 'XXZXZIIIYI', 'XXXZIIZZZY', 'XYYYIZZZII', 'ZZXZXXIIZY', 'YYIZZZIZXY', 'XYZYIZZIYI', 'XXIYIIXYZY', 'IIZIZZYYXY', 'XYYZIIZIZY']
 Finished:      -7.852106043161
 Error:       0.001090206057
2.1




 --------------------------------------------------------------------------
                         ADAPT-VQE iteration:  12
 --------------------------------------------------------------------------
['XYZYIZZIYI', 'YXZZIZYYII', 'XXIIYXZZII', 'XXZXZIIIYI', 'XXXZIIZZZY', 'XXIYIIXYZY', 'XYYYIZZZII', 'ZZXZXXIIZY', 'YYIZZZIZXY', 'XYZYIZZIYI', 'XXIYIIXYZY', 'IIZIZZYYXY', 'XYYZIIZIZY']
 Finished:      -7.852116266836
 Error:       0.001079982382
2.1




 --------------------------------------------------------------------------
                         ADAPT-VQE iteration:  13
 --------------------------------------------------------------------------
['XYZYIZZIYI', 'YXZZIZYYII', 'XXIIYXZZII', 'XXZXZIIIYI', 'XXXZIIZZZY', 'XXIYIIXYZY', 'XYYYIZZZII', 'ZZXZXXIIZY', 'XXIIYXZZII', 'YYIZZZIZXY', 'XYZYIZZIYI', 'XXIYIIXYZY', 'IIZIZZYYXY', 'XYYZIIZIZY']
 Finished:      -7.852121840677
 Error:       0.001074408541
2.1




 --------------------------------------------------------------------------
                         ADAPT-VQE iteration:  14
 --------------------------------------------------------------------------
['XYZYIZZIYI', 'YXZZIZYYII', 'XXIIYXZZII', 'XXZXZIIIYI', 'XXXZIIZZZY', 'XXIYIIXYZY', 'XYYYIZZZII', 'XXIYIIXYZY', 'ZZXZXXIIZY', 'XXIIYXZZII', 'YYIZZZIZXY', 'XYZYIZZIYI', 'XXIYIIXYZY', 'IIZIZZYYXY', 'XYYZIIZIZY']
 Finished:      -7.852124569547
 Error:       0.001071679671
2.1




 --------------------------------------------------------------------------
                         ADAPT-VQE iteration:  15
 --------------------------------------------------------------------------
['XYZYIZZIYI', 'YXZZIZYYII', 'XXIIYXZZII', 'XXZXZIIIYI', 'XXXZIIZZZY', 'XXIYIIXYZY', 'ZZXZXXIIZY', 'XYYYIZZZII', 'XXIYIIXYZY', 'ZZXZXXIIZY', 'XXIIYXZZII', 'YYIZZZIZXY', 'XYZYIZZIYI', 'XXIYIIXYZY', 'IIZIZZYYXY', 'XYYZIIZIZY']
 Finished:      -7.852125622327
 Error:       0.001070626891
2.1




 --------------------------------------------------------------------------
                         ADAPT-VQE iteration:  16
 --------------------------------------------------------------------------
['XYZYIZZIYI', 'YXZZIZYYII', 'XXIIYXZZII', 'XXZXZIIIYI', 'XXXZIIZZZY', 'XXIYIIXYZY', 'ZZXZXXIIZY', 'XYYYIZZZII', 'YZZZXYZZZY', 'XXIYIIXYZY', 'ZZXZXXIIZY', 'XXIIYXZZII', 'YYIZZZIZXY', 'XYZYIZZIYI', 'XXIYIIXYZY', 'IIZIZZYYXY', 'XYYZIIZIZY']
 Finished:      -7.852125691417
 Error:       0.001070557801
2.1




 --------------------------------------------------------------------------
                         ADAPT-VQE iteration:  17
 --------------------------------------------------------------------------
['XYZYIZZIYI', 'YXZZIZYYII', 'XXIIYXZZII', 'XXZXZIIIYI', 'XXXZIIZZZY', 'XXIYIIXYZY', 'ZZXZXXIIZY', 'XYYYIZZZII', 'YZZZXYZZZY', 'XXIYIIXYZY', 'ZZXZXXIIZY', 'XXIIYXZZII', 'YYIZZZIZXY', 'XYZYIZZIYI', 'XXIYIIXYZY', 'IIZIZZYYXY', 'YZZZXYZZZY', 'XYYZIIZIZY']
 Finished:      -7.852126743827
 Error:       0.001069505391
2.1




 --------------------------------------------------------------------------
                         ADAPT-VQE iteration:  18
 --------------------------------------------------------------------------
['YZZZXYZZZY', 'XYZYIZZIYI', 'YXZZIZYYII', 'XXIIYXZZII', 'XXZXZIIIYI', 'XXXZIIZZZY', 'XXIYIIXYZY', 'ZZXZXXIIZY', 'XYYYIZZZII', 'YZZZXYZZZY', 'XXIYIIXYZY', 'ZZXZXXIIZY', 'XXIIYXZZII', 'YYIZZZIZXY', 'XYZYIZZIYI', 'XXIYIIXYZY', 'IIZIZZYYXY', 'YZZZXYZZZY', 'XYYZIIZIZY']
 Finished:      -7.852330575939
 Error:       0.000865673279
2.1




 --------------------------------------------------------------------------
                         ADAPT-VQE iteration:  19
 --------------------------------------------------------------------------
['YZZZXYZZZY', 'XYZYIZZIYI', 'YXZZIZYYII', 'XXIIYXZZII', 'XXZXZIIIYI', 'XXXZIIZZZY', 'XXIYIIXYZY', 'ZZXZXXIIZY', 'XYYYIZZZII', 'YZZZXYZZZY', 'XXIYIIXYZY', 'ZZXZXXIIZY', 'XXIIYXZZII', 'YYIZZZIZXY', 'XYZYIZZIYI', 'XXIYIIXYZY', 'IIZIZZYYXY', 'YZZZXYZZZY', 'IIZIZZYYXY', 'XYYZIIZIZY']
 Finished:      -7.852358100333
 Error:       0.000838148885
2.1




 --------------------------------------------------------------------------
                         ADAPT-VQE iteration:  20
 --------------------------------------------------------------------------
['YZZZXYZZZY', 'XYZYIZZIYI', 'YXZZIZYYII', 'XXIIYXZZII', 'XXZXZIIIYI', 'XXXZIIZZZY', 'XXIYIIXYZY', 'ZZXZXXIIZY', 'XYYYIZZZII', 'YZZZXYZZZY', 'XXIYIIXYZY', 'ZZXZXXIIZY', 'XXIIYXZZII', 'YYIZZZIZXY', 'XYZYIZZIYI', 'XXIYIIXYZY', 'ZZXZXXIIZY', 'IIZIZZYYXY', 'YZZZXYZZZY', 'IIZIZZYYXY', 'XYYZIIZIZY']
 Finished:      -7.852457705675
 Error:       0.000738543543
2.1




 --------------------------------------------------------------------------
                         ADAPT-VQE iteration:  21
 --------------------------------------------------------------------------
['YZZZXYZZZY', 'XYZYIZZIYI', 'YXZZIZYYII', 'XXIIYXZZII', 'XXZXZIIIYI', 'XXXZIIZZZY', 'XXIYIIXYZY', 'ZZXZXXIIZY', 'XYYYIZZZII', 'YZZZXYZZZY', 'XXIYIIXYZY', 'ZZXZXXIIZY', 'XXIIYXZZII', 'YYIZZZIZXY', 'XYZYIZZIYI', 'XXIYIIXYZY', 'ZZXZXXIIZY', 'IIZIZZYYXY', 'YZZZXYZZZY', 'XXIYIIXYZY', 'IIZIZZYYXY', 'XYYZIIZIZY']
 Finished:      -7.852470149218
 Error:       0.000726100000
2.1




 --------------------------------------------------------------------------
                         ADAPT-VQE iteration:  22
 --------------------------------------------------------------------------
['YZZZXYZZZY', 'XYZYIZZIYI', 'YXZZIZYYII', 'XXIIYXZZII', 'XXZXZIIIYI', 'XXXZIIZZZY', 'XXIYIIXYZY', 'ZZXZXXIIZY', 'XYYYIZZZII', 'YZZZXYZZZY', 'XXIYIIXYZY', 'ZZXZXXIIZY', 'XXIIYXZZII', 'YYIZZZIZXY', 'XYZYIZZIYI', 'XXIYIIXYZY', 'ZZXZXXIIZY', 'IIZIZZYYXY', 'YZZZXYZZZY', 'XYZYIZZIYI', 'XXIYIIXYZY', 'IIZIZZYYXY', 'XYYZIIZIZY']
 Finished:      -7.852530833019
 Error:       0.000665416199
2.1




 --------------------------------------------------------------------------
                         ADAPT-VQE iteration:  23
 --------------------------------------------------------------------------
['YZZZXYZZZY', 'XYZYIZZIYI', 'YXZZIZYYII', 'XXIIYXZZII', 'XXZXZIIIYI', 'XXXZIIZZZY', 'XXIYIIXYZY', 'ZZXZXXIIZY', 'XYYYIZZZII', 'YZZZXYZZZY', 'XXIYIIXYZY', 'ZZXZXXIIZY', 'XXIIYXZZII', 'YYIZZZIZXY', 'XYZYIZZIYI', 'XXIYIIXYZY', 'ZZXZXXIIZY', 'IIZIZZYYXY', 'YZZZXYZZZY', 'XYZYIZZIYI', 'XXIYIIXYZY', 'IIZIZZYYXY', 'XXZXZIIIYI', 'XYYZIIZIZY']
 Finished:      -7.852610729691
 Error:       0.000585519527
2.1




 --------------------------------------------------------------------------
                         ADAPT-VQE iteration:  24
 --------------------------------------------------------------------------
['YZZZXYZZZY', 'XYZYIZZIYI', 'YXZZIZYYII', 'XXIIYXZZII', 'XXZXZIIIYI', 'XXXZIIZZZY', 'XXIYIIXYZY', 'ZZXZXXIIZY', 'XYYYIZZZII', 'YZZZXYZZZY', 'XXIYIIXYZY', 'XXXZIIZZZY', 'ZZXZXXIIZY', 'XXIIYXZZII', 'YYIZZZIZXY', 'XYZYIZZIYI', 'XXIYIIXYZY', 'ZZXZXXIIZY', 'IIZIZZYYXY', 'YZZZXYZZZY', 'XYZYIZZIYI', 'XXIYIIXYZY', 'IIZIZZYYXY', 'XXZXZIIIYI', 'XYYZIIZIZY']
 Finished:      -7.852666294458
 Error:       0.000529954760
2.1




 --------------------------------------------------------------------------
                         ADAPT-VQE iteration:  25
 --------------------------------------------------------------------------
['YZZZXYZZZY', 'XYZYIZZIYI', 'YXZZIZYYII', 'XXIIYXZZII', 'XXZXZIIIYI', 'XXXZIIZZZY', 'XXIYIIXYZY', 'ZZXZXXIIZY', 'XYYYIZZZII', 'YZZZXYZZZY', 'XXIYIIXYZY', 'XXXZIIZZZY', 'IXIZXXZZYI', 'ZZXZXXIIZY', 'XXIIYXZZII', 'YYIZZZIZXY', 'XYZYIZZIYI', 'XXIYIIXYZY', 'ZZXZXXIIZY', 'IIZIZZYYXY', 'YZZZXYZZZY', 'XYZYIZZIYI', 'XXIYIIXYZY', 'IIZIZZYYXY', 'XXZXZIIIYI', 'XYYZIIZIZY']
 Finished:      -7.852677129621
 Error:       0.000519119597
2.1




 --------------------------------------------------------------------------
                         ADAPT-VQE iteration:  26
 --------------------------------------------------------------------------
['YZZZXYZZZY', 'XYZYIZZIYI', 'YXZZIZYYII', 'XXIIYXZZII', 'XXZXZIIIYI', 'XXXZIIZZZY', 'XXIYIIXYZY', 'ZZXZXXIIZY', 'XYYYIZZZII', 'YZZZXYZZZY', 'XXIYIIXYZY', 'XXXZIIZZZY', 'XXIYIIXYZY', 'IXIZXXZZYI', 'ZZXZXXIIZY', 'XXIIYXZZII', 'YYIZZZIZXY', 'XYZYIZZIYI', 'XXIYIIXYZY', 'ZZXZXXIIZY', 'IIZIZZYYXY', 'YZZZXYZZZY', 'XYZYIZZIYI', 'XXIYIIXYZY', 'IIZIZZYYXY', 'XXZXZIIIYI', 'XYYZIIZIZY']
 Finished:      -7.852685547597
 Error:       0.000510701621
2.1




 --------------------------------------------------------------------------
                         ADAPT-VQE iteration:  27
 --------------------------------------------------------------------------
['YZZZXYZZZY', 'XYZYIZZIYI', 'YXZZIZYYII', 'XXIIYXZZII', 'XXZXZIIIYI', 'XXXZIIZZZY', 'XXIYIIXYZY', 'ZZXZXXIIZY', 'XYYYIZZZII', 'YZZZXYZZZY', 'XXZXZIIIYI', 'XXIYIIXYZY', 'XXXZIIZZZY', 'XXIYIIXYZY', 'IXIZXXZZYI', 'ZZXZXXIIZY', 'XXIIYXZZII', 'YYIZZZIZXY', 'XYZYIZZIYI', 'XXIYIIXYZY', 'ZZXZXXIIZY', 'IIZIZZYYXY', 'YZZZXYZZZY', 'XYZYIZZIYI', 'XXIYIIXYZY', 'IIZIZZYYXY', 'XXZXZIIIYI', 'XYYZIIZIZY']
 Finished:      -7.852685676924
 Error:       0.000510572294
2.1




 --------------------------------------------------------------------------
                         ADAPT-VQE iteration:  28
 --------------------------------------------------------------------------
['YZZZXYZZZY', 'XYZYIZZIYI', 'YXZZIZYYII', 'XXIIYXZZII', 'XXZXZIIIYI', 'XXXZIIZZZY', 'XXIYIIXYZY', 'ZZXZXXIIZY', 'XYYYIZZZII', 'XXIYIIXYZY', 'YZZZXYZZZY', 'XXZXZIIIYI', 'XXIYIIXYZY', 'XXXZIIZZZY', 'XXIYIIXYZY', 'IXIZXXZZYI', 'ZZXZXXIIZY', 'XXIIYXZZII', 'YYIZZZIZXY', 'XYZYIZZIYI', 'XXIYIIXYZY', 'ZZXZXXIIZY', 'IIZIZZYYXY', 'YZZZXYZZZY', 'XYZYIZZIYI', 'XXIYIIXYZY', 'IIZIZZYYXY', 'XXZXZIIIYI', 'XYYZIIZIZY']
 Finished:      -7.852689777229
 Error:       0.000506471989
2.1




 --------------------------------------------------------------------------
                         ADAPT-VQE iteration:  29
 --------------------------------------------------------------------------
['YZZZXYZZZY', 'XYZYIZZIYI', 'YXZZIZYYII', 'XXIIYXZZII', 'XXZXZIIIYI', 'IIZIZZYYXY', 'XXXZIIZZZY', 'XXIYIIXYZY', 'ZZXZXXIIZY', 'XYYYIZZZII', 'XXIYIIXYZY', 'YZZZXYZZZY', 'XXZXZIIIYI', 'XXIYIIXYZY', 'XXXZIIZZZY', 'XXIYIIXYZY', 'IXIZXXZZYI', 'ZZXZXXIIZY', 'XXIIYXZZII', 'YYIZZZIZXY', 'XYZYIZZIYI', 'XXIYIIXYZY', 'ZZXZXXIIZY', 'IIZIZZYYXY', 'YZZZXYZZZY', 'XYZYIZZIYI', 'XXIYIIXYZY', 'IIZIZZYYXY', 'XXZXZIIIYI', 'XYYZIIZIZY']
 Finished:      -7.852690958834
 Error:       0.000505290384
2.1




 --------------------------------------------------------------------------
                         ADAPT-VQE iteration:  30
 --------------------------------------------------------------------------
['YZZZXYZZZY', 'XYZYIZZIYI', 'YXZZIZYYII', 'XXIIYXZZII', 'XXZXZIIIYI', 'IIZIZZYYXY', 'XXXZIIZZZY', 'XXIYIIXYZY', 'ZZXZXXIIZY', 'XYYYIZZZII', 'IXIZXXZZYI', 'XXIYIIXYZY', 'YZZZXYZZZY', 'XXZXZIIIYI', 'XXIYIIXYZY', 'XXXZIIZZZY', 'XXIYIIXYZY', 'IXIZXXZZYI', 'ZZXZXXIIZY', 'XXIIYXZZII', 'YYIZZZIZXY', 'XYZYIZZIYI', 'XXIYIIXYZY', 'ZZXZXXIIZY', 'IIZIZZYYXY', 'YZZZXYZZZY', 'XYZYIZZIYI', 'XXIYIIXYZY', 'IIZIZZYYXY', 'XXZXZIIIYI', 'XYYZIIZIZY']
 Finished:      -7.852691080160
 Error:       0.000505169058
2.1




 --------------------------------------------------------------------------
                         ADAPT-VQE iteration:  31
 --------------------------------------------------------------------------
['YZZZXYZZZY', 'XYZYIZZIYI', 'YXZZIZYYII', 'XXIIYXZZII', 'XYYZIIZIZY', 'XXZXZIIIYI', 'IIZIZZYYXY', 'XXXZIIZZZY', 'XXIYIIXYZY', 'ZZXZXXIIZY', 'XYYYIZZZII', 'IXIZXXZZYI', 'XXIYIIXYZY', 'YZZZXYZZZY', 'XXZXZIIIYI', 'XXIYIIXYZY', 'XXXZIIZZZY', 'XXIYIIXYZY', 'IXIZXXZZYI', 'ZZXZXXIIZY', 'XXIIYXZZII', 'YYIZZZIZXY', 'XYZYIZZIYI', 'XXIYIIXYZY', 'ZZXZXXIIZY', 'IIZIZZYYXY', 'YZZZXYZZZY', 'XYZYIZZIYI', 'XXIYIIXYZY', 'IIZIZZYYXY', 'XXZXZIIIYI', 'XYYZIIZIZY']
 Finished:      -7.852691287585
 Error:       0.000504961633
2.1




 --------------------------------------------------------------------------
                         ADAPT-VQE iteration:  32
 --------------------------------------------------------------------------
['YZZZXYZZZY', 'XYZYIZZIYI', 'YXZZIZYYII', 'XXIIYXZZII', 'XYYZIIZIZY', 'XXZXZIIIYI', 'IIZIZZYYXY', 'XXXZIIZZZY', 'XXIYIIXYZY', 'ZZXZXXIIZY', 'XYYYIZZZII', 'IXIZXXZZYI', 'XXIYIIXYZY', 'YZZZXYZZZY', 'XXZXZIIIYI', 'XXIYIIXYZY', 'XXXZIIZZZY', 'XXZXZIIIYI', 'XXIYIIXYZY', 'IXIZXXZZYI', 'ZZXZXXIIZY', 'XXIIYXZZII', 'YYIZZZIZXY', 'XYZYIZZIYI', 'XXIYIIXYZY', 'ZZXZXXIIZY', 'IIZIZZYYXY', 'YZZZXYZZZY', 'XYZYIZZIYI', 'XXIYIIXYZY', 'IIZIZZYYXY', 'XXZXZIIIYI', 'XYYZIIZIZY']
 Finished:      -7.852691306696
 Error:       0.000504942522
2.1




 --------------------------------------------------------------------------
                         ADAPT-VQE iteration:  33
 --------------------------------------------------------------------------
['YZZZXYZZZY', 'XYZYIZZIYI', 'YXZZIZYYII', 'XXIIYXZZII', 'XYYZIIZIZY', 'XXZXZIIIYI', 'IIZIZZYYXY', 'XXXZIIZZZY', 'XXIYIIXYZY', 'ZZXZXXIIZY', 'XYYYIZZZII', 'IXIZXXZZYI', 'XXIYIIXYZY', 'YZZZXYZZZY', 'XXZXZIIIYI', 'XXIYIIXYZY', 'XXXZIIZZZY', 'XYYYIZZZII', 'XXZXZIIIYI', 'XXIYIIXYZY', 'IXIZXXZZYI', 'ZZXZXXIIZY', 'XXIIYXZZII', 'YYIZZZIZXY', 'XYZYIZZIYI', 'XXIYIIXYZY', 'ZZXZXXIIZY', 'IIZIZZYYXY', 'YZZZXYZZZY', 'XYZYIZZIYI', 'XXIYIIXYZY', 'IIZIZZYYXY', 'XXZXZIIIYI', 'XYYZIIZIZY']
 Finished:      -7.852691437807
 Error:       0.000504811411
2.1




 --------------------------------------------------------------------------
                         ADAPT-VQE iteration:  34
 --------------------------------------------------------------------------
['YZZZXYZZZY', 'XYZYIZZIYI', 'YXZZIZYYII', 'XXIIYXZZII', 'XYYZIIZIZY', 'XXZXZIIIYI', 'IIZIZZYYXY', 'XXXZIIZZZY', 'XXIYIIXYZY', 'ZZXZXXIIZY', 'XYYYIZZZII', 'IXIZXXZZYI', 'IIZIZZYYXY', 'XXIYIIXYZY', 'YZZZXYZZZY', 'XXZXZIIIYI', 'XXIYIIXYZY', 'XXXZIIZZZY', 'XYYYIZZZII', 'XXZXZIIIYI', 'XXIYIIXYZY', 'IXIZXXZZYI', 'ZZXZXXIIZY', 'XXIIYXZZII', 'YYIZZZIZXY', 'XYZYIZZIYI', 'XXIYIIXYZY', 'ZZXZXXIIZY', 'IIZIZZYYXY', 'YZZZXYZZZY', 'XYZYIZZIYI', 'XXIYIIXYZY', 'IIZIZZYYXY', 'XXZXZIIIYI', 'XYYZIIZIZY']
 Finished:      -7.852692098574
 Error:       0.000504150644
2.1




 --------------------------------------------------------------------------
                         ADAPT-VQE iteration:  35
 --------------------------------------------------------------------------
['YZZZXYZZZY', 'XYZYIZZIYI', 'YXZZIZYYII', 'XXIIYXZZII', 'XYYZIIZIZY', 'XXZXZIIIYI', 'IIZIZZYYXY', 'XXXZIIZZZY', 'XXIYIIXYZY', 'ZZXZXXIIZY', 'XYYYIZZZII', 'IXIZXXZZYI', 'IIZIZZYYXY', 'XXIYIIXYZY', 'YZZZXYZZZY', 'XXZXZIIIYI', 'XXIYIIXYZY', 'XXXZIIZZZY', 'XYYYIZZZII', 'XXZXZIIIYI', 'XXIYIIXYZY', 'IXIZXXZZYI', 'ZZXZXXIIZY', 'XXIIYXZZII', 'YYIZZZIZXY', 'XYZYIZZIYI', 'XXIYIIXYZY', 'ZZXZXXIIZY', 'IIZIZZYYXY', 'YZZZXYZZZY', 'XYZYIZZIYI', 'XXIYIIXYZY', 'ZZXZXXIIZY', 'IIZIZZYYXY', 'XXZXZIIIYI', 'XYYZIIZIZY']
 Finished:      -7.852828551962
 Error:       0.000367697256
2.1




 --------------------------------------------------------------------------
                         ADAPT-VQE iteration:  36
 --------------------------------------------------------------------------
['YZZZXYZZZY', 'XYZYIZZIYI', 'YXZZIZYYII', 'XXIIYXZZII', 'XYYZIIZIZY', 'XXZXZIIIYI', 'IIZIZZYYXY', 'XXXZIIZZZY', 'XXIYIIXYZY', 'ZZXZXXIIZY', 'XYYYIZZZII', 'IXIZXXZZYI', 'IIZIZZYYXY', 'XXIYIIXYZY', 'YZZZXYZZZY', 'XXZXZIIIYI', 'XXIYIIXYZY', 'XXXZIIZZZY', 'YYIZZZIZXY', 'XYYYIZZZII', 'XXZXZIIIYI', 'XXIYIIXYZY', 'IXIZXXZZYI', 'ZZXZXXIIZY', 'XXIIYXZZII', 'YYIZZZIZXY', 'XYZYIZZIYI', 'XXIYIIXYZY', 'ZZXZXXIIZY', 'IIZIZZYYXY', 'YZZZXYZZZY', 'XYZYIZZIYI', 'XXIYIIXYZY', 'ZZXZXXIIZY', 'IIZIZZYYXY', 'XXZXZIIIYI', 'XYYZIIZIZY']
 Finished:      -7.852851718120
 Error:       0.000344531097
2.1




 --------------------------------------------------------------------------
                         ADAPT-VQE iteration:  37
 --------------------------------------------------------------------------
['YZZZXYZZZY', 'XYZYIZZIYI', 'YXZZIZYYII', 'XXIIYXZZII', 'XYYZIIZIZY', 'XYYYIZZZII', 'XXZXZIIIYI', 'IIZIZZYYXY', 'XXXZIIZZZY', 'XXIYIIXYZY', 'ZZXZXXIIZY', 'XYYYIZZZII', 'IXIZXXZZYI', 'IIZIZZYYXY', 'XXIYIIXYZY', 'YZZZXYZZZY', 'XXZXZIIIYI', 'XXIYIIXYZY', 'XXXZIIZZZY', 'YYIZZZIZXY', 'XYYYIZZZII', 'XXZXZIIIYI', 'XXIYIIXYZY', 'IXIZXXZZYI', 'ZZXZXXIIZY', 'XXIIYXZZII', 'YYIZZZIZXY', 'XYZYIZZIYI', 'XXIYIIXYZY', 'ZZXZXXIIZY', 'IIZIZZYYXY', 'YZZZXYZZZY', 'XYZYIZZIYI', 'XXIYIIXYZY', 'ZZXZXXIIZY', 'IIZIZZYYXY', 'XXZXZIIIYI', 'XYYZIIZIZY']
 Finished:      -7.852892053267
 Error:       0.000304195950
2.1




 --------------------------------------------------------------------------
                         ADAPT-VQE iteration:  38
 --------------------------------------------------------------------------
['YZZZXYZZZY', 'XYZYIZZIYI', 'YXZZIZYYII', 'XXIIYXZZII', 'XYYZIIZIZY', 'XYYYIZZZII', 'XXZXZIIIYI', 'IIZIZZYYXY', 'XXXZIIZZZY', 'XXIYIIXYZY', 'ZZXZXXIIZY', 'XYYYIZZZII', 'IXIZXXZZYI', 'IIZIZZYYXY', 'XXIYIIXYZY', 'YZZZXYZZZY', 'XXZXZIIIYI', 'XXIYIIXYZY', 'XXXZIIZZZY', 'YYIZZZIZXY', 'XYYYIZZZII', 'XXZXZIIIYI', 'XXIYIIXYZY', 'IXIZXXZZYI', 'ZZXZXXIIZY', 'XXIIYXZZII', 'YYIZZZIZXY', 'XYZYIZZIYI', 'XYYYIZZZII', 'XXIYIIXYZY', 'ZZXZXXIIZY', 'IIZIZZYYXY', 'YZZZXYZZZY', 'XYZYIZZIYI', 'XXIYIIXYZY', 'ZZXZXXIIZY', 'IIZIZZYYXY', 'XXZXZIIIYI', 'XYYZIIZIZY']
 Finished:      -7.853134788186
 Error:       0.000061461032
2.1




 --------------------------------------------------------------------------
                         ADAPT-VQE iteration:  39
 --------------------------------------------------------------------------
['YZZZXYZZZY', 'XYZYIZZIYI', 'YXZZIZYYII', 'XXIIYXZZII', 'XYYZIIZIZY', 'XYYYIZZZII', 'XXZXZIIIYI', 'IIZIZZYYXY', 'XXXZIIZZZY', 'XXIYIIXYZY', 'ZZXZXXIIZY', 'XYYYIZZZII', 'IXIZXXZZYI', 'IIZIZZYYXY', 'XXIYIIXYZY', 'YZZZXYZZZY', 'XXZXZIIIYI', 'XXIYIIXYZY', 'XXXZIIZZZY', 'YYIZZZIZXY', 'XYYYIZZZII', 'XXZXZIIIYI', 'XXIYIIXYZY', 'IXIZXXZZYI', 'ZZXZXXIIZY', 'XXIIYXZZII', 'YYIZZZIZXY', 'XYZYIZZIYI', 'XYYYIZZZII', 'XXIYIIXYZY', 'ZZXZXXIIZY', 'IIZIZZYYXY', 'YZZZXYZZZY', 'IXIZXXZZYI', 'XYZYIZZIYI', 'XXIYIIXYZY', 'ZZXZXXIIZY', 'IIZIZZYYXY', 'XXZXZIIIYI', 'XYYZIIZIZY']
 Finished:      -7.853149082223
 Error:       0.000047166995
2.1




 --------------------------------------------------------------------------
                         ADAPT-VQE iteration:  40
 --------------------------------------------------------------------------
['XXIYIIXYZY', 'YZZZXYZZZY', 'XYZYIZZIYI', 'YXZZIZYYII', 'XXIIYXZZII', 'XYYZIIZIZY', 'XYYYIZZZII', 'XXZXZIIIYI', 'IIZIZZYYXY', 'XXXZIIZZZY', 'XXIYIIXYZY', 'ZZXZXXIIZY', 'XYYYIZZZII', 'IXIZXXZZYI', 'IIZIZZYYXY', 'XXIYIIXYZY', 'YZZZXYZZZY', 'XXZXZIIIYI', 'XXIYIIXYZY', 'XXXZIIZZZY', 'YYIZZZIZXY', 'XYYYIZZZII', 'XXZXZIIIYI', 'XXIYIIXYZY', 'IXIZXXZZYI', 'ZZXZXXIIZY', 'XXIIYXZZII', 'YYIZZZIZXY', 'XYZYIZZIYI', 'XYYYIZZZII', 'XXIYIIXYZY', 'ZZXZXXIIZY', 'IIZIZZYYXY', 'YZZZXYZZZY', 'IXIZXXZZYI', 'XYZYIZZIYI', 'XXIYIIXYZY', 'ZZXZXXIIZY', 'IIZIZZYYXY', 'XXZXZIIIYI', 'XYYZIIZIZY']
 Finished:      -7.853163238357
 Error:       0.000033010861
2.1




 --------------------------------------------------------------------------
                         ADAPT-VQE iteration:  41
 --------------------------------------------------------------------------
['XXIYIIXYZY', 'YZZZXYZZZY', 'XYZYIZZIYI', 'YXZZIZYYII', 'XXIIYXZZII', 'XYYZIIZIZY', 'XYYYIZZZII', 'XXZXZIIIYI', 'IIZIZZYYXY', 'YZZZXYZZZY', 'XXXZIIZZZY', 'XXIYIIXYZY', 'ZZXZXXIIZY', 'XYYYIZZZII', 'IXIZXXZZYI', 'IIZIZZYYXY', 'XXIYIIXYZY', 'YZZZXYZZZY', 'XXZXZIIIYI', 'XXIYIIXYZY', 'XXXZIIZZZY', 'YYIZZZIZXY', 'XYYYIZZZII', 'XXZXZIIIYI', 'XXIYIIXYZY', 'IXIZXXZZYI', 'ZZXZXXIIZY', 'XXIIYXZZII', 'YYIZZZIZXY', 'XYZYIZZIYI', 'XYYYIZZZII', 'XXIYIIXYZY', 'ZZXZXXIIZY', 'IIZIZZYYXY', 'YZZZXYZZZY', 'IXIZXXZZYI', 'XYZYIZZIYI', 'XXIYIIXYZY', 'ZZXZXXIIZY', 'IIZIZZYYXY', 'XXZXZIIIYI', 'XYYZIIZIZY']
 Finished:      -7.853178713376
 Error:       0.000017535841
2.1




 --------------------------------------------------------------------------
                         ADAPT-VQE iteration:  42
 --------------------------------------------------------------------------
['XXIYIIXYZY', 'YZZZXYZZZY', 'XYZYIZZIYI', 'YXZZIZYYII', 'XXIIYXZZII', 'XYYZIIZIZY', 'XYYYIZZZII', 'XXZXZIIIYI', 'IIZIZZYYXY', 'YZZZXYZZZY', 'XXXZIIZZZY', 'XXIYIIXYZY', 'YYIZZZIZXY', 'ZZXZXXIIZY', 'XYYYIZZZII', 'IXIZXXZZYI', 'IIZIZZYYXY', 'XXIYIIXYZY', 'YZZZXYZZZY', 'XXZXZIIIYI', 'XXIYIIXYZY', 'XXXZIIZZZY', 'YYIZZZIZXY', 'XYYYIZZZII', 'XXZXZIIIYI', 'XXIYIIXYZY', 'IXIZXXZZYI', 'ZZXZXXIIZY', 'XXIIYXZZII', 'YYIZZZIZXY', 'XYZYIZZIYI', 'XYYYIZZZII', 'XXIYIIXYZY', 'ZZXZXXIIZY', 'IIZIZZYYXY', 'YZZZXYZZZY', 'IXIZXXZZYI', 'XYZYIZZIYI', 'XXIYIIXYZY', 'ZZXZXXIIZY', 'IIZIZZYYXY', 'XXZXZIIIYI', 'XYYZIIZIZY']
 Finished:      -7.853187101090
 Error:       0.000009148127
2.1




 --------------------------------------------------------------------------
                         ADAPT-VQE iteration:  43
 --------------------------------------------------------------------------
['XXIYIIXYZY', 'YZZZXYZZZY', 'XYZYIZZIYI', 'YXZZIZYYII', 'XXIIYXZZII', 'XYYZIIZIZY', 'XYYYIZZZII', 'XXZXZIIIYI', 'IIZIZZYYXY', 'YZZZXYZZZY', 'XXXZIIZZZY', 'XXIYIIXYZY', 'YYIZZZIZXY', 'ZZXZXXIIZY', 'XYYYIZZZII', 'IXIZXXZZYI', 'IIZIZZYYXY', 'XXIYIIXYZY', 'YZZZXYZZZY', 'XXZXZIIIYI', 'XYXZXXXYZY', 'XXIYIIXYZY', 'XXXZIIZZZY', 'YYIZZZIZXY', 'XYYYIZZZII', 'XXZXZIIIYI', 'XXIYIIXYZY', 'IXIZXXZZYI', 'ZZXZXXIIZY', 'XXIIYXZZII', 'YYIZZZIZXY', 'XYZYIZZIYI', 'XYYYIZZZII', 'XXIYIIXYZY', 'ZZXZXXIIZY', 'IIZIZZYYXY', 'YZZZXYZZZY', 'IXIZXXZZYI', 'XYZYIZZIYI', 'XXIYIIXYZY', 'ZZXZXXIIZY', 'IIZIZZYYXY', 'XXZXZIIIYI', 'XYYZIIZIZY']
 Finished:      -7.853188040174
 Error:       0.000008209043
2.1




 --------------------------------------------------------------------------
                         ADAPT-VQE iteration:  44
 --------------------------------------------------------------------------
['XXIYIIXYZY', 'YZZZXYZZZY', 'XYZYIZZIYI', 'YXZZIZYYII', 'XXIIYXZZII', 'XYYZIIZIZY', 'XYYYIZZZII', 'XXZXZIIIYI', 'IIZIZZYYXY', 'YZZZXYZZZY', 'XXIYIIXYZY', 'XXXZIIZZZY', 'XXIYIIXYZY', 'YYIZZZIZXY', 'ZZXZXXIIZY', 'XYYYIZZZII', 'IXIZXXZZYI', 'IIZIZZYYXY', 'XXIYIIXYZY', 'YZZZXYZZZY', 'XXZXZIIIYI', 'XYXZXXXYZY', 'XXIYIIXYZY', 'XXXZIIZZZY', 'YYIZZZIZXY', 'XYYYIZZZII', 'XXZXZIIIYI', 'XXIYIIXYZY', 'IXIZXXZZYI', 'ZZXZXXIIZY', 'XXIIYXZZII', 'YYIZZZIZXY', 'XYZYIZZIYI', 'XYYYIZZZII', 'XXIYIIXYZY', 'ZZXZXXIIZY', 'IIZIZZYYXY', 'YZZZXYZZZY', 'IXIZXXZZYI', 'XYZYIZZIYI', 'XXIYIIXYZY', 'ZZXZXXIIZY', 'IIZIZZYYXY', 'XXZXZIIIYI', 'XYYZIIZIZY']
 Finished:      -7.853188994678
 Error:       0.000007254540
2.1




 --------------------------------------------------------------------------
                         ADAPT-VQE iteration:  45
 --------------------------------------------------------------------------
['XXIYIIXYZY', 'YZZZXYZZZY', 'XYZYIZZIYI', 'YXZZIZYYII', 'XXIIYXZZII', 'XYYZIIZIZY', 'XYYYIZZZII', 'XXZXZIIIYI', 'IIZIZZYYXY', 'YZZZXYZZZY', 'XXIYIIXYZY', 'XXXZIIZZZY', 'XXIYIIXYZY', 'YYIZZZIZXY', 'ZZXZXXIIZY', 'XYYYIZZZII', 'IXIZXXZZYI', 'IIZIZZYYXY', 'XXIYIIXYZY', 'YZZZXYZZZY', 'XXZXZIIIYI', 'XYXZXXXYZY', 'XXIYIIXYZY', 'XXXZIIZZZY', 'YYIZZZIZXY', 'XYYYIZZZII', 'XXZXZIIIYI', 'XYXZXXXYZY', 'XXIYIIXYZY', 'IXIZXXZZYI', 'ZZXZXXIIZY', 'XXIIYXZZII', 'YYIZZZIZXY', 'XYZYIZZIYI', 'XYYYIZZZII', 'XXIYIIXYZY', 'ZZXZXXIIZY', 'IIZIZZYYXY', 'YZZZXYZZZY', 'IXIZXXZZYI', 'XYZYIZZIYI', 'XXIYIIXYZY', 'ZZXZXXIIZY', 'IIZIZZYYXY', 'XXZXZIIIYI', 'XYYZIIZIZY']
 Finished:      -7.853190172832
 Error:       0.000006076386
2.1




 --------------------------------------------------------------------------
                         ADAPT-VQE iteration:  46
 --------------------------------------------------------------------------
['XXIYIIXYZY', 'YZZZXYZZZY', 'XYZYIZZIYI', 'YXZZIZYYII', 'XXIIYXZZII', 'XYYZIIZIZY', 'XYYYIZZZII', 'XXZXZIIIYI', 'XYXZXXXYZY', 'IIZIZZYYXY', 'YZZZXYZZZY', 'XXIYIIXYZY', 'XXXZIIZZZY', 'XXIYIIXYZY', 'YYIZZZIZXY', 'ZZXZXXIIZY', 'XYYYIZZZII', 'IXIZXXZZYI', 'IIZIZZYYXY', 'XXIYIIXYZY', 'YZZZXYZZZY', 'XXZXZIIIYI', 'XYXZXXXYZY', 'XXIYIIXYZY', 'XXXZIIZZZY', 'YYIZZZIZXY', 'XYYYIZZZII', 'XXZXZIIIYI', 'XYXZXXXYZY', 'XXIYIIXYZY', 'IXIZXXZZYI', 'ZZXZXXIIZY', 'XXIIYXZZII', 'YYIZZZIZXY', 'XYZYIZZIYI', 'XYYYIZZZII', 'XXIYIIXYZY', 'ZZXZXXIIZY', 'IIZIZZYYXY', 'YZZZXYZZZY', 'IXIZXXZZYI', 'XYZYIZZIYI', 'XXIYIIXYZY', 'ZZXZXXIIZY', 'IIZIZZYYXY', 'XXZXZIIIYI', 'XYYZIIZIZY']
 Finished:      -7.853190373104
 Error:       0.000005876114
2.1




 --------------------------------------------------------------------------
                         ADAPT-VQE iteration:  47
 --------------------------------------------------------------------------
['XXIYIIXYZY', 'YZZZXYZZZY', 'XYZYIZZIYI', 'YXZZIZYYII', 'XXIIYXZZII', 'XYYZIIZIZY', 'XYYYIZZZII', 'XXZXZIIIYI', 'XYXZXXXYZY', 'IIZIZZYYXY', 'YZZZXYZZZY', 'XXIYIIXYZY', 'XXXZIIZZZY', 'XXIYIIXYZY', 'YYIZZZIZXY', 'ZZXZXXIIZY', 'XYYYIZZZII', 'IXIZXXZZYI', 'IIZIZZYYXY', 'XXIYIIXYZY', 'YZZZXYZZZY', 'XXZXZIIIYI', 'XYXZXXXYZY', 'XXIYIIXYZY', 'XXXZIIZZZY', 'YYIZZZIZXY', 'XYYYIZZZII', 'IIZIZZYYXY', 'XXZXZIIIYI', 'XYXZXXXYZY', 'XXIYIIXYZY', 'IXIZXXZZYI', 'ZZXZXXIIZY', 'XXIIYXZZII', 'YYIZZZIZXY', 'XYZYIZZIYI', 'XYYYIZZZII', 'XXIYIIXYZY', 'ZZXZXXIIZY', 'IIZIZZYYXY', 'YZZZXYZZZY', 'IXIZXXZZYI', 'XYZYIZZIYI', 'XXIYIIXYZY', 'ZZXZXXIIZY', 'IIZIZZYYXY', 'XXZXZIIIYI', 'XYYZIIZIZY']
 Finished:      -7.853190983777
 Error:       0.000005265441
2.1




 --------------------------------------------------------------------------
                         ADAPT-VQE iteration:  48
 --------------------------------------------------------------------------
['XXIYIIXYZY', 'YZZZXYZZZY', 'XYZYIZZIYI', 'YXZZIZYYII', 'XXIIYXZZII', 'XYYZIIZIZY', 'XYYYIZZZII', 'XXZXZIIIYI', 'XYXZXXXYZY', 'IIZIZZYYXY', 'YZZZXYZZZY', 'XXIYIIXYZY', 'XXXZIIZZZY', 'XXIYIIXYZY', 'YYIZZZIZXY', 'ZZXZXXIIZY', 'XYYYIZZZII', 'IXIZXXZZYI', 'IIZIZZYYXY', 'XXIYIIXYZY', 'YZZZXYZZZY', 'XXZXZIIIYI', 'XYXZXXXYZY', 'XXIYIIXYZY', 'XXXZIIZZZY', 'YYIZZZIZXY', 'XYYYIZZZII', 'IIZIZZYYXY', 'XXZXZIIIYI', 'XYXZXXXYZY', 'XXIYIIXYZY', 'IXIZXXZZYI', 'ZZXZXXIIZY', 'XXIIYXZZII', 'YYIZZZIZXY', 'XYZYIZZIYI', 'XYYYIZZZII', 'XXIYIIXYZY', 'ZZXZXXIIZY', 'XXIYIIXYZY', 'IIZIZZYYXY', 'YZZZXYZZZY', 'IXIZXXZZYI', 'XYZYIZZIYI', 'XXIYIIXYZY', 'ZZXZXXIIZY', 'IIZIZZYYXY', 'XXZXZIIIYI', 'XYYZIIZIZY']
 Finished:      -7.853191473453
 Error:       0.000004775765
2.1




 --------------------------------------------------------------------------
                         ADAPT-VQE iteration:  49
 --------------------------------------------------------------------------
['XXIYIIXYZY', 'YZZZXYZZZY', 'XYZYIZZIYI', 'YXZZIZYYII', 'XXIIYXZZII', 'XYYZIIZIZY', 'XYYYIZZZII', 'XXZXZIIIYI', 'XYXZXXXYZY', 'IIZIZZYYXY', 'YZZZXYZZZY', 'XXIYIIXYZY', 'XXXZIIZZZY', 'XXIYIIXYZY', 'YYIZZZIZXY', 'ZZXZXXIIZY', 'XYYYIZZZII', 'IXIZXXZZYI', 'IIZIZZYYXY', 'XXIYIIXYZY', 'YZZZXYZZZY', 'XXZXZIIIYI', 'XYXZXXXYZY', 'XXIYIIXYZY', 'XXXZIIZZZY', 'YYIZZZIZXY', 'XYYYIZZZII', 'IIZIZZYYXY', 'XXZXZIIIYI', 'XYXZXXXYZY', 'XXIYIIXYZY', 'IXIZXXZZYI', 'ZZXZXXIIZY', 'XXIIYXZZII', 'YYIZZZIZXY', 'XYZYIZZIYI', 'XXIYIIXYZY', 'XYYYIZZZII', 'XXIYIIXYZY', 'ZZXZXXIIZY', 'XXIYIIXYZY', 'IIZIZZYYXY', 'YZZZXYZZZY', 'IXIZXXZZYI', 'XYZYIZZIYI', 'XXIYIIXYZY', 'ZZXZXXIIZY', 'IIZIZZYYXY', 'XXZXZIIIYI', 'XYYZIIZIZY']
 Finished:      -7.853193990534
 Error:       0.000002258684
2.1




 --------------------------------------------------------------------------
                         ADAPT-VQE iteration:  50
 --------------------------------------------------------------------------
['XXIYIIXYZY', 'YZZZXYZZZY', 'XYZYIZZIYI', 'YXZZIZYYII', 'XXIIYXZZII', 'XYYZIIZIZY', 'XYYYIZZZII', 'XXZXZIIIYI', 'XYXZXXXYZY', 'IIZIZZYYXY', 'YZZZXYZZZY', 'XXIYIIXYZY', 'XXXZIIZZZY', 'XXIYIIXYZY', 'YYIZZZIZXY', 'ZZXZXXIIZY', 'XYYYIZZZII', 'IXIZXXZZYI', 'IIZIZZYYXY', 'XXIYIIXYZY', 'YZZZXYZZZY', 'XXZXZIIIYI', 'XYXZXXXYZY', 'XXIYIIXYZY', 'XXXZIIZZZY', 'YYIZZZIZXY', 'XYXZXXXYZY', 'XYYYIZZZII', 'IIZIZZYYXY', 'XXZXZIIIYI', 'XYXZXXXYZY', 'XXIYIIXYZY', 'IXIZXXZZYI', 'ZZXZXXIIZY', 'XXIIYXZZII', 'YYIZZZIZXY', 'XYZYIZZIYI', 'XXIYIIXYZY', 'XYYYIZZZII', 'XXIYIIXYZY', 'ZZXZXXIIZY', 'XXIYIIXYZY', 'IIZIZZYYXY', 'YZZZXYZZZY', 'IXIZXXZZYI', 'XYZYIZZIYI', 'XXIYIIXYZY', 'ZZXZXXIIZY', 'IIZIZZYYXY', 'XXZXZIIIYI', 'XYYZIIZIZY']
 Finished:      -7.853194099609
 Error:       0.000002149609
2.1




 --------------------------------------------------------------------------
                         ADAPT-VQE iteration:  51
 --------------------------------------------------------------------------
['XXIYIIXYZY', 'YZZZXYZZZY', 'IIZIZZYYXY', 'XYZYIZZIYI', 'YXZZIZYYII', 'XXIIYXZZII', 'XYYZIIZIZY', 'XYYYIZZZII', 'XXZXZIIIYI', 'XYXZXXXYZY', 'IIZIZZYYXY', 'YZZZXYZZZY', 'XXIYIIXYZY', 'XXXZIIZZZY', 'XXIYIIXYZY', 'YYIZZZIZXY', 'ZZXZXXIIZY', 'XYYYIZZZII', 'IXIZXXZZYI', 'IIZIZZYYXY', 'XXIYIIXYZY', 'YZZZXYZZZY', 'XXZXZIIIYI', 'XYXZXXXYZY', 'XXIYIIXYZY', 'XXXZIIZZZY', 'YYIZZZIZXY', 'XYXZXXXYZY', 'XYYYIZZZII', 'IIZIZZYYXY', 'XXZXZIIIYI', 'XYXZXXXYZY', 'XXIYIIXYZY', 'IXIZXXZZYI', 'ZZXZXXIIZY', 'XXIIYXZZII', 'YYIZZZIZXY', 'XYZYIZZIYI', 'XXIYIIXYZY', 'XYYYIZZZII', 'XXIYIIXYZY', 'ZZXZXXIIZY', 'XXIYIIXYZY', 'IIZIZZYYXY', 'YZZZXYZZZY', 'IXIZXXZZYI', 'XYZYIZZIYI', 'XXIYIIXYZY', 'ZZXZXXIIZY', 'IIZIZZYYXY', 'XXZXZIIIYI', 'XYYZIIZIZY']
 Finished:      -7.853194218334
 Error:       0.000002030884
2.1




 --------------------------------------------------------------------------
                         ADAPT-VQE iteration:  52
 --------------------------------------------------------------------------
['XXIYIIXYZY', 'YZZZXYZZZY', 'IIZIZZYYXY', 'XYZYIZZIYI', 'YXZZIZYYII', 'XXIIYXZZII', 'XYYZIIZIZY', 'XYYYIZZZII', 'XXZXZIIIYI', 'XYYYIZZZII', 'XYXZXXXYZY', 'IIZIZZYYXY', 'YZZZXYZZZY', 'XXIYIIXYZY', 'XXXZIIZZZY', 'XXIYIIXYZY', 'YYIZZZIZXY', 'ZZXZXXIIZY', 'XYYYIZZZII', 'IXIZXXZZYI', 'IIZIZZYYXY', 'XXIYIIXYZY', 'YZZZXYZZZY', 'XXZXZIIIYI', 'XYXZXXXYZY', 'XXIYIIXYZY', 'XXXZIIZZZY', 'YYIZZZIZXY', 'XYXZXXXYZY', 'XYYYIZZZII', 'IIZIZZYYXY', 'XXZXZIIIYI', 'XYXZXXXYZY', 'XXIYIIXYZY', 'IXIZXXZZYI', 'ZZXZXXIIZY', 'XXIIYXZZII', 'YYIZZZIZXY', 'XYZYIZZIYI', 'XXIYIIXYZY', 'XYYYIZZZII', 'XXIYIIXYZY', 'ZZXZXXIIZY', 'XXIYIIXYZY', 'IIZIZZYYXY', 'YZZZXYZZZY', 'IXIZXXZZYI', 'XYZYIZZIYI', 'XXIYIIXYZY', 'ZZXZXXIIZY', 'IIZIZZYYXY', 'XXZXZIIIYI', 'XYYZIIZIZY']
 Finished:      -7.853194473460
 Error:       0.000001775758
2.1




 --------------------------------------------------------------------------
                         ADAPT-VQE iteration:  53
 --------------------------------------------------------------------------
['XXIYIIXYZY', 'YZZZXYZZZY', 'IIZIZZYYXY', 'XYXZXXXYZY', 'XYZYIZZIYI', 'YXZZIZYYII', 'XXIIYXZZII', 'XYYZIIZIZY', 'XYYYIZZZII', 'XXZXZIIIYI', 'XYYYIZZZII', 'XYXZXXXYZY', 'IIZIZZYYXY', 'YZZZXYZZZY', 'XXIYIIXYZY', 'XXXZIIZZZY', 'XXIYIIXYZY', 'YYIZZZIZXY', 'ZZXZXXIIZY', 'XYYYIZZZII', 'IXIZXXZZYI', 'IIZIZZYYXY', 'XXIYIIXYZY', 'YZZZXYZZZY', 'XXZXZIIIYI', 'XYXZXXXYZY', 'XXIYIIXYZY', 'XXXZIIZZZY', 'YYIZZZIZXY', 'XYXZXXXYZY', 'XYYYIZZZII', 'IIZIZZYYXY', 'XXZXZIIIYI', 'XYXZXXXYZY', 'XXIYIIXYZY', 'IXIZXXZZYI', 'ZZXZXXIIZY', 'XXIIYXZZII', 'YYIZZZIZXY', 'XYZYIZZIYI', 'XXIYIIXYZY', 'XYYYIZZZII', 'XXIYIIXYZY', 'ZZXZXXIIZY', 'XXIYIIXYZY', 'IIZIZZYYXY', 'YZZZXYZZZY', 'IXIZXXZZYI', 'XYZYIZZIYI', 'XXIYIIXYZY', 'ZZXZXXIIZY', 'IIZIZZYYXY', 'XXZXZIIIYI', 'XYYZIIZIZY']
 Finished:      -7.853195611480
 Error:       0.000000637738
2.1




 --------------------------------------------------------------------------
                         ADAPT-VQE iteration:  54
 --------------------------------------------------------------------------
['XXIYIIXYZY', 'YZZZXYZZZY', 'IIZIZZYYXY', 'XYXZXXXYZY', 'XYZYIZZIYI', 'YXZZIZYYII', 'XXIIYXZZII', 'XYYZIIZIZY', 'XYYYIZZZII', 'XXZXZIIIYI', 'XYYYIZZZII', 'XYXZXXXYZY', 'IIZIZZYYXY', 'YZZZXYZZZY', 'XXIYIIXYZY', 'XXXZIIZZZY', 'XXIYIIXYZY', 'XYYYIZZZII', 'YYIZZZIZXY', 'ZZXZXXIIZY', 'XYYYIZZZII', 'IXIZXXZZYI', 'IIZIZZYYXY', 'XXIYIIXYZY', 'YZZZXYZZZY', 'XXZXZIIIYI', 'XYXZXXXYZY', 'XXIYIIXYZY', 'XXXZIIZZZY', 'YYIZZZIZXY', 'XYXZXXXYZY', 'XYYYIZZZII', 'IIZIZZYYXY', 'XXZXZIIIYI', 'XYXZXXXYZY', 'XXIYIIXYZY', 'IXIZXXZZYI', 'ZZXZXXIIZY', 'XXIIYXZZII', 'YYIZZZIZXY', 'XYZYIZZIYI', 'XXIYIIXYZY', 'XYYYIZZZII', 'XXIYIIXYZY', 'ZZXZXXIIZY', 'XXIYIIXYZY', 'IIZIZZYYXY', 'YZZZXYZZZY', 'IXIZXXZZYI', 'XYZYIZZIYI', 'XXIYIIXYZY', 'ZZXZXXIIZY', 'IIZIZZYYXY', 'XXZXZIIIYI', 'XYYZIIZIZY']
 Finished:      -7.853195784372
 Error:       0.000000464846
2.1




 --------------------------------------------------------------------------
                         ADAPT-VQE iteration:  55
 --------------------------------------------------------------------------
['XXIYIIXYZY', 'YZZZXYZZZY', 'XXIYIIXYZY', 'IIZIZZYYXY', 'XYXZXXXYZY', 'XYZYIZZIYI', 'YXZZIZYYII', 'XXIIYXZZII', 'XYYZIIZIZY', 'XYYYIZZZII', 'XXZXZIIIYI', 'XYYYIZZZII', 'XYXZXXXYZY', 'IIZIZZYYXY', 'YZZZXYZZZY', 'XXIYIIXYZY', 'XXXZIIZZZY', 'XXIYIIXYZY', 'XYYYIZZZII', 'YYIZZZIZXY', 'ZZXZXXIIZY', 'XYYYIZZZII', 'IXIZXXZZYI', 'IIZIZZYYXY', 'XXIYIIXYZY', 'YZZZXYZZZY', 'XXZXZIIIYI', 'XYXZXXXYZY', 'XXIYIIXYZY', 'XXXZIIZZZY', 'YYIZZZIZXY', 'XYXZXXXYZY', 'XYYYIZZZII', 'IIZIZZYYXY', 'XXZXZIIIYI', 'XYXZXXXYZY', 'XXIYIIXYZY', 'IXIZXXZZYI', 'ZZXZXXIIZY', 'XXIIYXZZII', 'YYIZZZIZXY', 'XYZYIZZIYI', 'XXIYIIXYZY', 'XYYYIZZZII', 'XXIYIIXYZY', 'ZZXZXXIIZY', 'XXIYIIXYZY', 'IIZIZZYYXY', 'YZZZXYZZZY', 'IXIZXXZZYI', 'XYZYIZZIYI', 'XXIYIIXYZY', 'ZZXZXXIIZY', 'IIZIZZYYXY', 'XXZXZIIIYI', 'XYYZIIZIZY']
 Finished:      -7.853196069172
 Error:       0.000000180046
2.1




 --------------------------------------------------------------------------
                         ADAPT-VQE iteration:  56
 --------------------------------------------------------------------------
['XXIYIIXYZY', 'YZZZXYZZZY', 'XXIYIIXYZY', 'IIZIZZYYXY', 'XYXZXXXYZY', 'XYZYIZZIYI', 'YXZZIZYYII', 'XXIIYXZZII', 'XYYZIIZIZY', 'XYYYIZZZII', 'XXZXZIIIYI', 'XYYYIZZZII', 'XYXZXXXYZY', 'IIZIZZYYXY', 'XYYZIIZIZY', 'YZZZXYZZZY', 'XXIYIIXYZY', 'XXXZIIZZZY', 'XXIYIIXYZY', 'XYYYIZZZII', 'YYIZZZIZXY', 'ZZXZXXIIZY', 'XYYYIZZZII', 'IXIZXXZZYI', 'IIZIZZYYXY', 'XXIYIIXYZY', 'YZZZXYZZZY', 'XXZXZIIIYI', 'XYXZXXXYZY', 'XXIYIIXYZY', 'XXXZIIZZZY', 'YYIZZZIZXY', 'XYXZXXXYZY', 'XYYYIZZZII', 'IIZIZZYYXY', 'XXZXZIIIYI', 'XYXZXXXYZY', 'XXIYIIXYZY', 'IXIZXXZZYI', 'ZZXZXXIIZY', 'XXIIYXZZII', 'YYIZZZIZXY', 'XYZYIZZIYI', 'XXIYIIXYZY', 'XYYYIZZZII', 'XXIYIIXYZY', 'ZZXZXXIIZY', 'XXIYIIXYZY', 'IIZIZZYYXY', 'YZZZXYZZZY', 'IXIZXXZZYI', 'XYZYIZZIYI', 'XXIYIIXYZY', 'ZZXZXXIIZY', 'IIZIZZYYXY', 'XXZXZIIIYI', 'XYYZIIZIZY']
 Finished:      -7.853196101789
 Error:       0.000000147429
2.1




 --------------------------------------------------------------------------
                         ADAPT-VQE iteration:  57
 --------------------------------------------------------------------------
['XXIYIIXYZY', 'YZZZXYZZZY', 'XXIYIIXYZY', 'IIZIZZYYXY', 'XYXZXXXYZY', 'XYZYIZZIYI', 'YXZZIZYYII', 'XXIIYXZZII', 'XYYZIIZIZY', 'XYYYIZZZII', 'XXZXZIIIYI', 'XYYYIZZZII', 'XYXZXXXYZY', 'IIZIZZYYXY', 'YYIZZZIZXY', 'XYYZIIZIZY', 'YZZZXYZZZY', 'XXIYIIXYZY', 'XXXZIIZZZY', 'XXIYIIXYZY', 'XYYYIZZZII', 'YYIZZZIZXY', 'ZZXZXXIIZY', 'XYYYIZZZII', 'IXIZXXZZYI', 'IIZIZZYYXY', 'XXIYIIXYZY', 'YZZZXYZZZY', 'XXZXZIIIYI', 'XYXZXXXYZY', 'XXIYIIXYZY', 'XXXZIIZZZY', 'YYIZZZIZXY', 'XYXZXXXYZY', 'XYYYIZZZII', 'IIZIZZYYXY', 'XXZXZIIIYI', 'XYXZXXXYZY', 'XXIYIIXYZY', 'IXIZXXZZYI', 'ZZXZXXIIZY', 'XXIIYXZZII', 'YYIZZZIZXY', 'XYZYIZZIYI', 'XXIYIIXYZY', 'XYYYIZZZII', 'XXIYIIXYZY', 'ZZXZXXIIZY', 'XXIYIIXYZY', 'IIZIZZYYXY', 'YZZZXYZZZY', 'IXIZXXZZYI', 'XYZYIZZIYI', 'XXIYIIXYZY', 'ZZXZXXIIZY', 'IIZIZZYYXY', 'XXZXZIIIYI', 'XYYZIIZIZY']
 Finished:      -7.853196143898
 Error:       0.000000105319
2.1




 --------------------------------------------------------------------------
                         ADAPT-VQE iteration:  58
 --------------------------------------------------------------------------
['XXIYIIXYZY', 'YZZZXYZZZY', 'XXIYIIXYZY', 'IIZIZZYYXY', 'XYXZXXXYZY', 'XYZYIZZIYI', 'YXZZIZYYII', 'XXIIYXZZII', 'XYYZIIZIZY', 'XYYYIZZZII', 'XXZXZIIIYI', 'XYYYIZZZII', 'XYXZXXXYZY', 'IIZIZZYYXY', 'YYIZZZIZXY', 'XYYZIIZIZY', 'YZZZXYZZZY', 'XXIYIIXYZY', 'XXXZIIZZZY', 'XXIYIIXYZY', 'XYYYIZZZII', 'YZZZXYZZZY', 'YYIZZZIZXY', 'ZZXZXXIIZY', 'XYYYIZZZII', 'IXIZXXZZYI', 'IIZIZZYYXY', 'XXIYIIXYZY', 'YZZZXYZZZY', 'XXZXZIIIYI', 'XYXZXXXYZY', 'XXIYIIXYZY', 'XXXZIIZZZY', 'YYIZZZIZXY', 'XYXZXXXYZY', 'XYYYIZZZII', 'IIZIZZYYXY', 'XXZXZIIIYI', 'XYXZXXXYZY', 'XXIYIIXYZY', 'IXIZXXZZYI', 'ZZXZXXIIZY', 'XXIIYXZZII', 'YYIZZZIZXY', 'XYZYIZZIYI', 'XXIYIIXYZY', 'XYYYIZZZII', 'XXIYIIXYZY', 'ZZXZXXIIZY', 'XXIYIIXYZY', 'IIZIZZYYXY', 'YZZZXYZZZY', 'IXIZXXZZYI', 'XYZYIZZIYI', 'XXIYIIXYZY', 'ZZXZXXIIZY', 'IIZIZZYYXY', 'XXZXZIIIYI', 'XYYZIIZIZY']
 Finished:      -7.853196188478
 Error:       0.000000060740
2.1




 --------------------------------------------------------------------------
                         ADAPT-VQE iteration:  59
 --------------------------------------------------------------------------
['XXIYIIXYZY', 'YZZZXYZZZY', 'XXIYIIXYZY', 'IIZIZZYYXY', 'XYXZXXXYZY', 'XYZYIZZIYI', 'YXZZIZYYII', 'XXIIYXZZII', 'XYYZIIZIZY', 'XYYYIZZZII', 'XXZXZIIIYI', 'XYYYIZZZII', 'XYXZXXXYZY', 'IIZIZZYYXY', 'YYIZZZIZXY', 'XYYZIIZIZY', 'YZZZXYZZZY', 'IXIZXXZZYI', 'XXIYIIXYZY', 'XXXZIIZZZY', 'XXIYIIXYZY', 'XYYYIZZZII', 'YZZZXYZZZY', 'YYIZZZIZXY', 'ZZXZXXIIZY', 'XYYYIZZZII', 'IXIZXXZZYI', 'IIZIZZYYXY', 'XXIYIIXYZY', 'YZZZXYZZZY', 'XXZXZIIIYI', 'XYXZXXXYZY', 'XXIYIIXYZY', 'XXXZIIZZZY', 'YYIZZZIZXY', 'XYXZXXXYZY', 'XYYYIZZZII', 'IIZIZZYYXY', 'XXZXZIIIYI', 'XYXZXXXYZY', 'XXIYIIXYZY', 'IXIZXXZZYI', 'ZZXZXXIIZY', 'XXIIYXZZII', 'YYIZZZIZXY', 'XYZYIZZIYI', 'XXIYIIXYZY', 'XYYYIZZZII', 'XXIYIIXYZY', 'ZZXZXXIIZY', 'XXIYIIXYZY', 'IIZIZZYYXY', 'YZZZXYZZZY', 'IXIZXXZZYI', 'XYZYIZZIYI', 'XXIYIIXYZY', 'ZZXZXXIIZY', 'IIZIZZYYXY', 'XXZXZIIIYI', 'XYYZIIZIZY']
 Finished:      -7.853196193029
 Error:       0.000000056189
2.1




 --------------------------------------------------------------------------
                         ADAPT-VQE iteration:  60
 --------------------------------------------------------------------------
['XXIYIIXYZY', 'YZZZXYZZZY', 'XXIYIIXYZY', 'IIZIZZYYXY', 'XYXZXXXYZY', 'XYZYIZZIYI', 'YXZZIZYYII', 'XXIIYXZZII', 'XYYZIIZIZY', 'XYYYIZZZII', 'XXZXZIIIYI', 'XYYYIZZZII', 'XYXZXXXYZY', 'IIZIZZYYXY', 'YYIZZZIZXY', 'XYYZIIZIZY', 'YZZZXYZZZY', 'IXIZXXZZYI', 'XXIYIIXYZY', 'XXXZIIZZZY', 'XXIYIIXYZY', 'XYYYIZZZII', 'YZZZXYZZZY', 'YYIZZZIZXY', 'ZZXZXXIIZY', 'YYIZZZIZXY', 'XYYYIZZZII', 'IXIZXXZZYI', 'IIZIZZYYXY', 'XXIYIIXYZY', 'YZZZXYZZZY', 'XXZXZIIIYI', 'XYXZXXXYZY', 'XXIYIIXYZY', 'XXXZIIZZZY', 'YYIZZZIZXY', 'XYXZXXXYZY', 'XYYYIZZZII', 'IIZIZZYYXY', 'XXZXZIIIYI', 'XYXZXXXYZY', 'XXIYIIXYZY', 'IXIZXXZZYI', 'ZZXZXXIIZY', 'XXIIYXZZII', 'YYIZZZIZXY', 'XYZYIZZIYI', 'XXIYIIXYZY', 'XYYYIZZZII', 'XXIYIIXYZY', 'ZZXZXXIIZY', 'XXIYIIXYZY', 'IIZIZZYYXY', 'YZZZXYZZZY', 'IXIZXXZZYI', 'XYZYIZZIYI', 'XXIYIIXYZY', 'ZZXZXXIIZY', 'IIZIZZYYXY', 'XXZXZIIIYI', 'XYYZIIZIZY']
 Finished:      -7.853196201150
 Error:       0.000000048068
2.1




 --------------------------------------------------------------------------
                         ADAPT-VQE iteration:  61
 --------------------------------------------------------------------------
['XXIYIIXYZY', 'YZZZXYZZZY', 'XXIYIIXYZY', 'IIZIZZYYXY', 'XYXZXXXYZY', 'XYZYIZZIYI', 'YXZZIZYYII', 'XXIIYXZZII', 'XYYZIIZIZY', 'XYYYIZZZII', 'XXZXZIIIYI', 'XYYYIZZZII', 'XYXZXXXYZY', 'IIZIZZYYXY', 'YYIZZZIZXY', 'XYYZIIZIZY', 'YZZZXYZZZY', 'IXIZXXZZYI', 'XXIYIIXYZY', 'XXXZIIZZZY', 'XXIYIIXYZY', 'XYYYIZZZII', 'YZZZXYZZZY', 'YYIZZZIZXY', 'ZZXZXXIIZY', 'YYIZZZIZXY', 'XYYYIZZZII', 'IXIZXXZZYI', 'IIZIZZYYXY', 'XXIYIIXYZY', 'YZZZXYZZZY', 'XXZXZIIIYI', 'XYXZXXXYZY', 'XXIYIIXYZY', 'XXXZIIZZZY', 'YYIZZZIZXY', 'XYXZXXXYZY', 'XYYYIZZZII', 'IIZIZZYYXY', 'XXZXZIIIYI', 'XYXZXXXYZY', 'XXIYIIXYZY', 'IXIZXXZZYI', 'ZZXZXXIIZY', 'XXIIYXZZII', 'YYIZZZIZXY', 'XYZYIZZIYI', 'XXIYIIXYZY', 'XYYYIZZZII', 'XXIYIIXYZY', 'ZZXZXXIIZY', 'XXIYIIXYZY', 'IIZIZZYYXY', 'YZZZXYZZZY', 'IXIZXXZZYI', 'XYZYIZZIYI', 'XXIYIIXYZY', 'ZZXZXXIIZY', 'IIZIZZYYXY', 'XXZXZIIIYI', 'XYXZXXXYZY', 'XYYZIIZIZY']
 Finished:      -7.853196244236
 Error:       0.000000004982

 
 ------------------------------------------ 

