The list of distances to compute is: [1.0, 1.1, 1.2, 1.3, 1.4, 1.5, 1.6, 1.7, 1.8, 1.9, 2.0, 2.1, 2.2, 2.3, 2.4, 2.5, 2.6, 2.7, 2.8, 2.9, 3.0]
I am the distance: 2.3
Li 0 0 0; H 0 0 2.3
Problem reduced to 10 qubits.
HF energy:                 -7.7958044838176388
Active space FCI energy:    -7.8377240373491395
n_electrons: 2
0.0
molecule.n_orbitals: 5
 adapt threshold: 1e-08
 theta threshold: 1e-10
 Generate Sparse Matrices for operators in pool
Ground state energy: -7.837724037349168
initial energy -7.795804483817639
 Start ADAPT-VQE algorithm
 Now start to grow the ansatz




 --------------------------------------------------------------------------
                         ADAPT-VQE iteration:  0
 --------------------------------------------------------------------------
['XYYZIIZIZY']
 Finished:      -7.800868488511
 Error:       0.036855548838
2.3




 --------------------------------------------------------------------------
                         ADAPT-VQE iteration:  1
 --------------------------------------------------------------------------
['YYIZZZIZXY', 'XYYZIIZIZY']
 Finished:      -7.827738747269
 Error:       0.009985290080
2.3




 --------------------------------------------------------------------------
                         ADAPT-VQE iteration:  2
 --------------------------------------------------------------------------
['XXZXZIIIYI', 'YYIZZZIZXY', 'XYYZIIZIZY']
 Finished:      -7.832320152711
 Error:       0.005403884639
2.3




 --------------------------------------------------------------------------
                         ADAPT-VQE iteration:  3
 --------------------------------------------------------------------------
['XXZXZIIIYI', 'XYYYIZZZII', 'YYIZZZIZXY', 'XYYZIIZIZY']
 Finished:      -7.835035130840
 Error:       0.002688906510
2.3




 --------------------------------------------------------------------------
                         ADAPT-VQE iteration:  4
 --------------------------------------------------------------------------
['XXIIYXZZII', 'XXZXZIIIYI', 'XYYYIZZZII', 'YYIZZZIZXY', 'XYYZIIZIZY']
 Finished:      -7.835197432763
 Error:       0.002526604586
2.3




 --------------------------------------------------------------------------
                         ADAPT-VQE iteration:  5
 --------------------------------------------------------------------------
['YXZZIZYYII', 'XXIIYXZZII', 'XXZXZIIIYI', 'XYYYIZZZII', 'YYIZZZIZXY', 'XYYZIIZIZY']
 Finished:      -7.835353424036
 Error:       0.002370613313
2.3




 --------------------------------------------------------------------------
                         ADAPT-VQE iteration:  6
 --------------------------------------------------------------------------
['YXZZIZYYII', 'XXIIYXZZII', 'XXZXZIIIYI', 'XYYYIZZZII', 'YYIZZZIZXY', 'IIZIZZYYXY', 'XYYZIIZIZY']
 Finished:      -7.835378193918
 Error:       0.002345843431
2.3




 --------------------------------------------------------------------------
                         ADAPT-VQE iteration:  7
 --------------------------------------------------------------------------
['XYZYIZZIYI', 'YXZZIZYYII', 'XXIIYXZZII', 'XXZXZIIIYI', 'XYYYIZZZII', 'YYIZZZIZXY', 'IIZIZZYYXY', 'XYYZIIZIZY']
 Finished:      -7.835616106493
 Error:       0.002107930856
2.3




 --------------------------------------------------------------------------
                         ADAPT-VQE iteration:  8
 --------------------------------------------------------------------------
['XYZYIZZIYI', 'YXZZIZYYII', 'XXIIYXZZII', 'XXZXZIIIYI', 'XYYYIZZZII', 'YYIZZZIZXY', 'XYZYIZZIYI', 'IIZIZZYYXY', 'XYYZIIZIZY']
 Finished:      -7.836060996930
 Error:       0.001663040419
2.3




 --------------------------------------------------------------------------
                         ADAPT-VQE iteration:  9
 --------------------------------------------------------------------------
['XYZYIZZIYI', 'YXZZIZYYII', 'XXIIYXZZII', 'XXZXZIIIYI', 'XYYYIZZZII', 'ZZXZXXIIZY', 'YYIZZZIZXY', 'XYZYIZZIYI', 'IIZIZZYYXY', 'XYYZIIZIZY']
 Finished:      -7.836068351862
 Error:       0.001655685487
2.3




 --------------------------------------------------------------------------
                         ADAPT-VQE iteration:  10
 --------------------------------------------------------------------------
['XYZYIZZIYI', 'YXZZIZYYII', 'XXIIYXZZII', 'XXZXZIIIYI', 'XYYYIZZZII', 'ZZXZXXIIZY', 'YYIZZZIZXY', 'XYZYIZZIYI', 'XXIYIIXYZY', 'IIZIZZYYXY', 'XYYZIIZIZY']
 Finished:      -7.836071114860
 Error:       0.001652922489
2.3




 --------------------------------------------------------------------------
                         ADAPT-VQE iteration:  11
 --------------------------------------------------------------------------
['XYZYIZZIYI', 'YXZZIZYYII', 'XXIYIIXYZY', 'XXIIYXZZII', 'XXZXZIIIYI', 'XYYYIZZZII', 'ZZXZXXIIZY', 'YYIZZZIZXY', 'XYZYIZZIYI', 'XXIYIIXYZY', 'IIZIZZYYXY', 'XYYZIIZIZY']
 Finished:      -7.836082415925
 Error:       0.001641621424
2.3




 --------------------------------------------------------------------------
                         ADAPT-VQE iteration:  12
 --------------------------------------------------------------------------
['XYZYIZZIYI', 'YXZZIZYYII', 'XXIYIIXYZY', 'XXIIYXZZII', 'XXZXZIIIYI', 'XXIIYXZZII', 'XYYYIZZZII', 'ZZXZXXIIZY', 'YYIZZZIZXY', 'XYZYIZZIYI', 'XXIYIIXYZY', 'IIZIZZYYXY', 'XYYZIIZIZY']
 Finished:      -7.836088176062
 Error:       0.001635861287
2.3




 --------------------------------------------------------------------------
                         ADAPT-VQE iteration:  13
 --------------------------------------------------------------------------
['XYZYIZZIYI', 'XXXZIIZZZY', 'YXZZIZYYII', 'XXIYIIXYZY', 'XXIIYXZZII', 'XXZXZIIIYI', 'XXIIYXZZII', 'XYYYIZZZII', 'ZZXZXXIIZY', 'YYIZZZIZXY', 'XYZYIZZIYI', 'XXIYIIXYZY', 'IIZIZZYYXY', 'XYYZIIZIZY']
 Finished:      -7.836092900665
 Error:       0.001631136684
2.3




 --------------------------------------------------------------------------
                         ADAPT-VQE iteration:  14
 --------------------------------------------------------------------------
['XYZYIZZIYI', 'XXXZIIZZZY', 'YXZZIZYYII', 'XXIYIIXYZY', 'XXIIYXZZII', 'XXZXZIIIYI', 'XXIIYXZZII', 'XYYYIZZZII', 'XXIYIIXYZY', 'ZZXZXXIIZY', 'YYIZZZIZXY', 'XYZYIZZIYI', 'XXIYIIXYZY', 'IIZIZZYYXY', 'XYYZIIZIZY']
 Finished:      -7.836095292213
 Error:       0.001628745136
2.3




 --------------------------------------------------------------------------
                         ADAPT-VQE iteration:  15
 --------------------------------------------------------------------------
['XYZYIZZIYI', 'XXXZIIZZZY', 'YXZZIZYYII', 'XXIYIIXYZY', 'XXIIYXZZII', 'XXZXZIIIYI', 'XXIIYXZZII', 'ZZXZXXIIZY', 'XYYYIZZZII', 'XXIYIIXYZY', 'ZZXZXXIIZY', 'YYIZZZIZXY', 'XYZYIZZIYI', 'XXIYIIXYZY', 'IIZIZZYYXY', 'XYYZIIZIZY']
 Finished:      -7.836096836044
 Error:       0.001627201305
2.3




 --------------------------------------------------------------------------
                         ADAPT-VQE iteration:  16
 --------------------------------------------------------------------------
['XYZYIZZIYI', 'XXXZIIZZZY', 'YXZZIZYYII', 'XXIYIIXYZY', 'XXIIYXZZII', 'XXZXZIIIYI', 'XXIIYXZZII', 'ZZXZXXIIZY', 'XYYYIZZZII', 'YZZZXYZZZY', 'XXIYIIXYZY', 'ZZXZXXIIZY', 'YYIZZZIZXY', 'XYZYIZZIYI', 'XXIYIIXYZY', 'IIZIZZYYXY', 'XYYZIIZIZY']
 Finished:      -7.836096923836
 Error:       0.001627113513
2.3




 --------------------------------------------------------------------------
                         ADAPT-VQE iteration:  17
 --------------------------------------------------------------------------
['XYZYIZZIYI', 'XXXZIIZZZY', 'YXZZIZYYII', 'XXIYIIXYZY', 'XXIIYXZZII', 'XXZXZIIIYI', 'XXIIYXZZII', 'ZZXZXXIIZY', 'XYYYIZZZII', 'YZZZXYZZZY', 'XXIYIIXYZY', 'ZZXZXXIIZY', 'YZZZXYZZZY', 'YYIZZZIZXY', 'XYZYIZZIYI', 'XXIYIIXYZY', 'IIZIZZYYXY', 'XYYZIIZIZY']
 Finished:      -7.836486733220
 Error:       0.001237304129
2.3




 --------------------------------------------------------------------------
                         ADAPT-VQE iteration:  18
 --------------------------------------------------------------------------
['XYZYIZZIYI', 'XXXZIIZZZY', 'YYIZZZIZXY', 'YXZZIZYYII', 'XXIYIIXYZY', 'XXIIYXZZII', 'XXZXZIIIYI', 'XXIIYXZZII', 'ZZXZXXIIZY', 'XYYYIZZZII', 'YZZZXYZZZY', 'XXIYIIXYZY', 'ZZXZXXIIZY', 'YZZZXYZZZY', 'YYIZZZIZXY', 'XYZYIZZIYI', 'XXIYIIXYZY', 'IIZIZZYYXY', 'XYYZIIZIZY']
 Finished:      -7.836619987717
 Error:       0.001104049632
2.3




 --------------------------------------------------------------------------
                         ADAPT-VQE iteration:  19
 --------------------------------------------------------------------------
['XYZYIZZIYI', 'XXXZIIZZZY', 'YYIZZZIZXY', 'YXZZIZYYII', 'XXIYIIXYZY', 'XXIIYXZZII', 'XXZXZIIIYI', 'XXIIYXZZII', 'ZZXZXXIIZY', 'XYYYIZZZII', 'YZZZXYZZZY', 'XXIYIIXYZY', 'ZZXZXXIIZY', 'YZZZXYZZZY', 'YYIZZZIZXY', 'XYZYIZZIYI', 'XXIYIIXYZY', 'IIZIZZYYXY', 'XXZXZIIIYI', 'XYYZIIZIZY']
 Finished:      -7.836856696826
 Error:       0.000867340523
2.3




 --------------------------------------------------------------------------
                         ADAPT-VQE iteration:  20
 --------------------------------------------------------------------------
['XYZYIZZIYI', 'XXXZIIZZZY', 'YYIZZZIZXY', 'YXZZIZYYII', 'XXIYIIXYZY', 'XXIIYXZZII', 'XXZXZIIIYI', 'XXIIYXZZII', 'ZZXZXXIIZY', 'XYYYIZZZII', 'YZZZXYZZZY', 'XYYZIIZIZY', 'XXIYIIXYZY', 'ZZXZXXIIZY', 'YZZZXYZZZY', 'YYIZZZIZXY', 'XYZYIZZIYI', 'XXIYIIXYZY', 'IIZIZZYYXY', 'XXZXZIIIYI', 'XYYZIIZIZY']
 Finished:      -7.836858211276
 Error:       0.000865826073
2.3




 --------------------------------------------------------------------------
                         ADAPT-VQE iteration:  21
 --------------------------------------------------------------------------
['XYZYIZZIYI', 'XXXZIIZZZY', 'YYIZZZIZXY', 'YXZZIZYYII', 'XXIYIIXYZY', 'XXIIYXZZII', 'XXZXZIIIYI', 'XXIIYXZZII', 'ZZXZXXIIZY', 'XYYYIZZZII', 'XXXZIIZZZY', 'YZZZXYZZZY', 'XYYZIIZIZY', 'XXIYIIXYZY', 'ZZXZXXIIZY', 'YZZZXYZZZY', 'YYIZZZIZXY', 'XYZYIZZIYI', 'XXIYIIXYZY', 'IIZIZZYYXY', 'XXZXZIIIYI', 'XYYZIIZIZY']
 Finished:      -7.836923494384
 Error:       0.000800542965
2.3




 --------------------------------------------------------------------------
                         ADAPT-VQE iteration:  22
 --------------------------------------------------------------------------
['XYZYIZZIYI', 'XXIYIIXYZY', 'XXXZIIZZZY', 'YYIZZZIZXY', 'YXZZIZYYII', 'XXIYIIXYZY', 'XXIIYXZZII', 'XXZXZIIIYI', 'XXIIYXZZII', 'ZZXZXXIIZY', 'XYYYIZZZII', 'XXXZIIZZZY', 'YZZZXYZZZY', 'XYYZIIZIZY', 'XXIYIIXYZY', 'ZZXZXXIIZY', 'YZZZXYZZZY', 'YYIZZZIZXY', 'XYZYIZZIYI', 'XXIYIIXYZY', 'IIZIZZYYXY', 'XXZXZIIIYI', 'XYYZIIZIZY']
 Finished:      -7.836926102302
 Error:       0.000797935047
2.3




 --------------------------------------------------------------------------
                         ADAPT-VQE iteration:  23
 --------------------------------------------------------------------------
['XYZYIZZIYI', 'XXIYIIXYZY', 'XXXZIIZZZY', 'YYIZZZIZXY', 'YXZZIZYYII', 'XXIYIIXYZY', 'XXIIYXZZII', 'XXZXZIIIYI', 'XXIIYXZZII', 'ZZXZXXIIZY', 'XYYYIZZZII', 'XXXZIIZZZY', 'YZZZXYZZZY', 'XYZYIZZIYI', 'XYYZIIZIZY', 'XXIYIIXYZY', 'ZZXZXXIIZY', 'YZZZXYZZZY', 'YYIZZZIZXY', 'XYZYIZZIYI', 'XXIYIIXYZY', 'IIZIZZYYXY', 'XXZXZIIIYI', 'XYYZIIZIZY']
 Finished:      -7.836926214861
 Error:       0.000797822488
2.3




 --------------------------------------------------------------------------
                         ADAPT-VQE iteration:  24
 --------------------------------------------------------------------------
['XYZYIZZIYI', 'XXIYIIXYZY', 'XXXZIIZZZY', 'YYIZZZIZXY', 'YXZZIZYYII', 'XXIYIIXYZY', 'XXIIYXZZII', 'IXIZXXZZYI', 'XXZXZIIIYI', 'XXIIYXZZII', 'ZZXZXXIIZY', 'XYYYIZZZII', 'XXXZIIZZZY', 'YZZZXYZZZY', 'XYZYIZZIYI', 'XYYZIIZIZY', 'XXIYIIXYZY', 'ZZXZXXIIZY', 'YZZZXYZZZY', 'YYIZZZIZXY', 'XYZYIZZIYI', 'XXIYIIXYZY', 'IIZIZZYYXY', 'XXZXZIIIYI', 'XYYZIIZIZY']
 Finished:      -7.836926415866
 Error:       0.000797621483
2.3




 --------------------------------------------------------------------------
                         ADAPT-VQE iteration:  25
 --------------------------------------------------------------------------
['XYZYIZZIYI', 'XXIYIIXYZY', 'XXXZIIZZZY', 'YYIZZZIZXY', 'YXZZIZYYII', 'XXIYIIXYZY', 'XXIIYXZZII', 'IXIZXXZZYI', 'XXZXZIIIYI', 'XXIIYXZZII', 'ZZXZXXIIZY', 'XYYYIZZZII', 'XXXZIIZZZY', 'YZZZXYZZZY', 'XYZYIZZIYI', 'XYYZIIZIZY', 'XXIYIIXYZY', 'ZZXZXXIIZY', 'YZZZXYZZZY', 'YYIZZZIZXY', 'XYZYIZZIYI', 'IXIZXXZZYI', 'XXIYIIXYZY', 'IIZIZZYYXY', 'XXZXZIIIYI', 'XYYZIIZIZY']
 Finished:      -7.836927821119
 Error:       0.000796216230
2.3




 --------------------------------------------------------------------------
                         ADAPT-VQE iteration:  26
 --------------------------------------------------------------------------
['XYZYIZZIYI', 'XXIYIIXYZY', 'XXXZIIZZZY', 'YYIZZZIZXY', 'YXZZIZYYII', 'XXIYIIXYZY', 'XXIIYXZZII', 'IXIZXXZZYI', 'XXZXZIIIYI', 'XXIIYXZZII', 'ZZXZXXIIZY', 'XYYYIZZZII', 'XXXZIIZZZY', 'YZZZXYZZZY', 'XYZYIZZIYI', 'XYYZIIZIZY', 'XXIYIIXYZY', 'XYYYIZZZII', 'ZZXZXXIIZY', 'YZZZXYZZZY', 'YYIZZZIZXY', 'XYZYIZZIYI', 'IXIZXXZZYI', 'XXIYIIXYZY', 'IIZIZZYYXY', 'XXZXZIIIYI', 'XYYZIIZIZY']
 Finished:      -7.836927903155
 Error:       0.000796134194
2.3




 --------------------------------------------------------------------------
                         ADAPT-VQE iteration:  27
 --------------------------------------------------------------------------
['IIZIZZYYXY', 'XYZYIZZIYI', 'XXIYIIXYZY', 'XXXZIIZZZY', 'YYIZZZIZXY', 'YXZZIZYYII', 'XXIYIIXYZY', 'XXIIYXZZII', 'IXIZXXZZYI', 'XXZXZIIIYI', 'XXIIYXZZII', 'ZZXZXXIIZY', 'XYYYIZZZII', 'XXXZIIZZZY', 'YZZZXYZZZY', 'XYZYIZZIYI', 'XYYZIIZIZY', 'XXIYIIXYZY', 'XYYYIZZZII', 'ZZXZXXIIZY', 'YZZZXYZZZY', 'YYIZZZIZXY', 'XYZYIZZIYI', 'IXIZXXZZYI', 'XXIYIIXYZY', 'IIZIZZYYXY', 'XXZXZIIIYI', 'XYYZIIZIZY']
 Finished:      -7.836929066491
 Error:       0.000794970859
2.3




 --------------------------------------------------------------------------
                         ADAPT-VQE iteration:  28
 --------------------------------------------------------------------------
['IIZIZZYYXY', 'XYZYIZZIYI', 'XXIYIIXYZY', 'XXXZIIZZZY', 'YYIZZZIZXY', 'YXZZIZYYII', 'XXIYIIXYZY', 'XXIIYXZZII', 'IXIZXXZZYI', 'XXZXZIIIYI', 'XXIIYXZZII', 'ZZXZXXIIZY', 'XYYYIZZZII', 'XXIYIIXYZY', 'XXXZIIZZZY', 'YZZZXYZZZY', 'XYZYIZZIYI', 'XYYZIIZIZY', 'XXIYIIXYZY', 'XYYYIZZZII', 'ZZXZXXIIZY', 'YZZZXYZZZY', 'YYIZZZIZXY', 'XYZYIZZIYI', 'IXIZXXZZYI', 'XXIYIIXYZY', 'IIZIZZYYXY', 'XXZXZIIIYI', 'XYYZIIZIZY']
 Finished:      -7.836932081122
 Error:       0.000791956227
2.3




 --------------------------------------------------------------------------
                         ADAPT-VQE iteration:  29
 --------------------------------------------------------------------------
['IIZIZZYYXY', 'XYZYIZZIYI', 'XXIYIIXYZY', 'XXXZIIZZZY', 'YYIZZZIZXY', 'YXZZIZYYII', 'XXIYIIXYZY', 'XXIIYXZZII', 'IXIZXXZZYI', 'XXZXZIIIYI', 'XXIIYXZZII', 'ZZXZXXIIZY', 'XYYYIZZZII', 'XXIYIIXYZY', 'XXXZIIZZZY', 'YZZZXYZZZY', 'XYZYIZZIYI', 'XYYZIIZIZY', 'XXIYIIXYZY', 'XYYYIZZZII', 'XXZXZIIIYI', 'ZZXZXXIIZY', 'YZZZXYZZZY', 'YYIZZZIZXY', 'XYZYIZZIYI', 'IXIZXXZZYI', 'XXIYIIXYZY', 'IIZIZZYYXY', 'XXZXZIIIYI', 'XYYZIIZIZY']
 Finished:      -7.836932620496
 Error:       0.000791416854
2.3




 --------------------------------------------------------------------------
                         ADAPT-VQE iteration:  30
 --------------------------------------------------------------------------
['IIZIZZYYXY', 'XYZYIZZIYI', 'XXIYIIXYZY', 'XXXZIIZZZY', 'YYIZZZIZXY', 'YXZZIZYYII', 'XXIYIIXYZY', 'XXIIYXZZII', 'IXIZXXZZYI', 'XXZXZIIIYI', 'XXIIYXZZII', 'ZZXZXXIIZY', 'XYYYIZZZII', 'XXIYIIXYZY', 'XXXZIIZZZY', 'YZZZXYZZZY', 'XYZYIZZIYI', 'XYYZIIZIZY', 'XXIYIIXYZY', 'XYYYIZZZII', 'XXXZIIZZZY', 'XXZXZIIIYI', 'ZZXZXXIIZY', 'YZZZXYZZZY', 'YYIZZZIZXY', 'XYZYIZZIYI', 'IXIZXXZZYI', 'XXIYIIXYZY', 'IIZIZZYYXY', 'XXZXZIIIYI', 'XYYZIIZIZY']
 Finished:      -7.836936131291
 Error:       0.000787906058
2.3




 --------------------------------------------------------------------------
                         ADAPT-VQE iteration:  31
 --------------------------------------------------------------------------
['IIZIZZYYXY', 'XYZYIZZIYI', 'XXIYIIXYZY', 'XXXZIIZZZY', 'YYIZZZIZXY', 'YXZZIZYYII', 'XXIYIIXYZY', 'XXIIYXZZII', 'IXIZXXZZYI', 'XXZXZIIIYI', 'XXIIYXZZII', 'ZZXZXXIIZY', 'XYYYIZZZII', 'XXIYIIXYZY', 'XXXZIIZZZY', 'YZZZXYZZZY', 'XYZYIZZIYI', 'XYYZIIZIZY', 'XXIYIIXYZY', 'XYYYIZZZII', 'XXXZIIZZZY', 'XXZXZIIIYI', 'ZZXZXXIIZY', 'YZZZXYZZZY', 'YYIZZZIZXY', 'ZZXZXXIIZY', 'XYZYIZZIYI', 'IXIZXXZZYI', 'XXIYIIXYZY', 'IIZIZZYYXY', 'XXZXZIIIYI', 'XYYZIIZIZY']
 Finished:      -7.836943358410
 Error:       0.000780678940
2.3




 --------------------------------------------------------------------------
                         ADAPT-VQE iteration:  32
 --------------------------------------------------------------------------
['IIZIZZYYXY', 'XYZYIZZIYI', 'XXIYIIXYZY', 'XXXZIIZZZY', 'YYIZZZIZXY', 'YXZZIZYYII', 'XXIYIIXYZY', 'XXIIYXZZII', 'IXIZXXZZYI', 'XXZXZIIIYI', 'XXIIYXZZII', 'ZZXZXXIIZY', 'XYYYIZZZII', 'XXIYIIXYZY', 'XXXZIIZZZY', 'YZZZXYZZZY', 'XYZYIZZIYI', 'XYYZIIZIZY', 'IIZIZZYYXY', 'XXIYIIXYZY', 'XYYYIZZZII', 'XXXZIIZZZY', 'XXZXZIIIYI', 'ZZXZXXIIZY', 'YZZZXYZZZY', 'YYIZZZIZXY', 'ZZXZXXIIZY', 'XYZYIZZIYI', 'IXIZXXZZYI', 'XXIYIIXYZY', 'IIZIZZYYXY', 'XXZXZIIIYI', 'XYYZIIZIZY']
 Finished:      -7.836943425234
 Error:       0.000780612115
2.3




 --------------------------------------------------------------------------
                         ADAPT-VQE iteration:  33
 --------------------------------------------------------------------------
['IIZIZZYYXY', 'XYZYIZZIYI', 'XXIYIIXYZY', 'XXXZIIZZZY', 'YYIZZZIZXY', 'YXZZIZYYII', 'XXIYIIXYZY', 'XXIIYXZZII', 'IXIZXXZZYI', 'XXZXZIIIYI', 'XXIIYXZZII', 'ZZXZXXIIZY', 'XYYYIZZZII', 'XYXZXXXYZY', 'XXIYIIXYZY', 'XXXZIIZZZY', 'YZZZXYZZZY', 'XYZYIZZIYI', 'XYYZIIZIZY', 'IIZIZZYYXY', 'XXIYIIXYZY', 'XYYYIZZZII', 'XXXZIIZZZY', 'XXZXZIIIYI', 'ZZXZXXIIZY', 'YZZZXYZZZY', 'YYIZZZIZXY', 'ZZXZXXIIZY', 'XYZYIZZIYI', 'IXIZXXZZYI', 'XXIYIIXYZY', 'IIZIZZYYXY', 'XXZXZIIIYI', 'XYYZIIZIZY']
 Finished:      -7.836943453711
 Error:       0.000780583639
2.3




 --------------------------------------------------------------------------
                         ADAPT-VQE iteration:  34
 --------------------------------------------------------------------------
['IIZIZZYYXY', 'XYZYIZZIYI', 'XXIYIIXYZY', 'ZZXZXXIIZY', 'XXXZIIZZZY', 'YYIZZZIZXY', 'YXZZIZYYII', 'XXIYIIXYZY', 'XXIIYXZZII', 'IXIZXXZZYI', 'XXZXZIIIYI', 'XXIIYXZZII', 'ZZXZXXIIZY', 'XYYYIZZZII', 'XYXZXXXYZY', 'XXIYIIXYZY', 'XXXZIIZZZY', 'YZZZXYZZZY', 'XYZYIZZIYI', 'XYYZIIZIZY', 'IIZIZZYYXY', 'XXIYIIXYZY', 'XYYYIZZZII', 'XXXZIIZZZY', 'XXZXZIIIYI', 'ZZXZXXIIZY', 'YZZZXYZZZY', 'YYIZZZIZXY', 'ZZXZXXIIZY', 'XYZYIZZIYI', 'IXIZXXZZYI', 'XXIYIIXYZY', 'IIZIZZYYXY', 'XXZXZIIIYI', 'XYYZIIZIZY']
 Finished:      -7.836952221873
 Error:       0.000771815476
2.3




 --------------------------------------------------------------------------
                         ADAPT-VQE iteration:  35
 --------------------------------------------------------------------------
['IIZIZZYYXY', 'XYZYIZZIYI', 'XXIYIIXYZY', 'ZZXZXXIIZY', 'XXXZIIZZZY', 'YYIZZZIZXY', 'YXZZIZYYII', 'XXIYIIXYZY', 'XXIIYXZZII', 'IXIZXXZZYI', 'XXZXZIIIYI', 'XXIIYXZZII', 'ZZXZXXIIZY', 'XYYYIZZZII', 'XYXZXXXYZY', 'XXIYIIXYZY', 'XXXZIIZZZY', 'YZZZXYZZZY', 'XYZYIZZIYI', 'XYYZIIZIZY', 'IIZIZZYYXY', 'XXIYIIXYZY', 'XYYYIZZZII', 'XXXZIIZZZY', 'XXZXZIIIYI', 'ZZXZXXIIZY', 'XXIYIIXYZY', 'YZZZXYZZZY', 'YYIZZZIZXY', 'ZZXZXXIIZY', 'XYZYIZZIYI', 'IXIZXXZZYI', 'XXIYIIXYZY', 'IIZIZZYYXY', 'XXZXZIIIYI', 'XYYZIIZIZY']
 Finished:      -7.836954807587
 Error:       0.000769229762
2.3




 --------------------------------------------------------------------------
                         ADAPT-VQE iteration:  36
 --------------------------------------------------------------------------
['IIZIZZYYXY', 'XYZYIZZIYI', 'XXIYIIXYZY', 'ZZXZXXIIZY', 'XXXZIIZZZY', 'YYIZZZIZXY', 'YXZZIZYYII', 'XYXZXXXYZY', 'XXIYIIXYZY', 'XXIIYXZZII', 'IXIZXXZZYI', 'XXZXZIIIYI', 'XXIIYXZZII', 'ZZXZXXIIZY', 'XYYYIZZZII', 'XYXZXXXYZY', 'XXIYIIXYZY', 'XXXZIIZZZY', 'YZZZXYZZZY', 'XYZYIZZIYI', 'XYYZIIZIZY', 'IIZIZZYYXY', 'XXIYIIXYZY', 'XYYYIZZZII', 'XXXZIIZZZY', 'XXZXZIIIYI', 'ZZXZXXIIZY', 'XXIYIIXYZY', 'YZZZXYZZZY', 'YYIZZZIZXY', 'ZZXZXXIIZY', 'XYZYIZZIYI', 'IXIZXXZZYI', 'XXIYIIXYZY', 'IIZIZZYYXY', 'XXZXZIIIYI', 'XYYZIIZIZY']
 Finished:      -7.836955290049
 Error:       0.000768747301
2.3




 --------------------------------------------------------------------------
                         ADAPT-VQE iteration:  37
 --------------------------------------------------------------------------
['IIZIZZYYXY', 'XYZYIZZIYI', 'XXIYIIXYZY', 'ZZXZXXIIZY', 'XXXZIIZZZY', 'YYIZZZIZXY', 'YXZZIZYYII', 'XYXZXXXYZY', 'XXIYIIXYZY', 'XXIIYXZZII', 'IXIZXXZZYI', 'XXZXZIIIYI', 'XXIIYXZZII', 'ZZXZXXIIZY', 'XYYYIZZZII', 'XYXZXXXYZY', 'XXIYIIXYZY', 'XXXZIIZZZY', 'YZZZXYZZZY', 'XYZYIZZIYI', 'XYYZIIZIZY', 'IIZIZZYYXY', 'XXIYIIXYZY', 'XYYYIZZZII', 'XXXZIIZZZY', 'XXZXZIIIYI', 'ZZXZXXIIZY', 'XXIYIIXYZY', 'YZZZXYZZZY', 'YYIZZZIZXY', 'ZZXZXXIIZY', 'XYZYIZZIYI', 'XYXZXXXYZY', 'IXIZXXZZYI', 'XXIYIIXYZY', 'IIZIZZYYXY', 'XXZXZIIIYI', 'XYYZIIZIZY']
 Finished:      -7.836955483230
 Error:       0.000768554119
2.3




 --------------------------------------------------------------------------
                         ADAPT-VQE iteration:  38
 --------------------------------------------------------------------------
['IIZIZZYYXY', 'XYZYIZZIYI', 'XXIYIIXYZY', 'ZZXZXXIIZY', 'XXXZIIZZZY', 'YYIZZZIZXY', 'YXZZIZYYII', 'XYXZXXXYZY', 'XXIYIIXYZY', 'XXIIYXZZII', 'IXIZXXZZYI', 'XXZXZIIIYI', 'XXIIYXZZII', 'ZZXZXXIIZY', 'XYYYIZZZII', 'IIZIZZYYXY', 'XYXZXXXYZY', 'XXIYIIXYZY', 'XXXZIIZZZY', 'YZZZXYZZZY', 'XYZYIZZIYI', 'XYYZIIZIZY', 'IIZIZZYYXY', 'XXIYIIXYZY', 'XYYYIZZZII', 'XXXZIIZZZY', 'XXZXZIIIYI', 'ZZXZXXIIZY', 'XXIYIIXYZY', 'YZZZXYZZZY', 'YYIZZZIZXY', 'ZZXZXXIIZY', 'XYZYIZZIYI', 'XYXZXXXYZY', 'IXIZXXZZYI', 'XXIYIIXYZY', 'IIZIZZYYXY', 'XXZXZIIIYI', 'XYYZIIZIZY']
 Finished:      -7.836956342469
 Error:       0.000767694881
2.3




 --------------------------------------------------------------------------
                         ADAPT-VQE iteration:  39
 --------------------------------------------------------------------------
['IIZIZZYYXY', 'XYXZXXXYZY', 'XYZYIZZIYI', 'XXIYIIXYZY', 'ZZXZXXIIZY', 'XXXZIIZZZY', 'YYIZZZIZXY', 'YXZZIZYYII', 'XYXZXXXYZY', 'XXIYIIXYZY', 'XXIIYXZZII', 'IXIZXXZZYI', 'XXZXZIIIYI', 'XXIIYXZZII', 'ZZXZXXIIZY', 'XYYYIZZZII', 'IIZIZZYYXY', 'XYXZXXXYZY', 'XXIYIIXYZY', 'XXXZIIZZZY', 'YZZZXYZZZY', 'XYZYIZZIYI', 'XYYZIIZIZY', 'IIZIZZYYXY', 'XXIYIIXYZY', 'XYYYIZZZII', 'XXXZIIZZZY', 'XXZXZIIIYI', 'ZZXZXXIIZY', 'XXIYIIXYZY', 'YZZZXYZZZY', 'YYIZZZIZXY', 'ZZXZXXIIZY', 'XYZYIZZIYI', 'XYXZXXXYZY', 'IXIZXXZZYI', 'XXIYIIXYZY', 'IIZIZZYYXY', 'XXZXZIIIYI', 'XYYZIIZIZY']
 Finished:      -7.836956461980
 Error:       0.000767575369
2.3




 --------------------------------------------------------------------------
                         ADAPT-VQE iteration:  40
 --------------------------------------------------------------------------
['IIZIZZYYXY', 'XYXZXXXYZY', 'XYZYIZZIYI', 'XXIYIIXYZY', 'ZZXZXXIIZY', 'XYYYIZZZII', 'XXXZIIZZZY', 'YYIZZZIZXY', 'YXZZIZYYII', 'XYXZXXXYZY', 'XXIYIIXYZY', 'XXIIYXZZII', 'IXIZXXZZYI', 'XXZXZIIIYI', 'XXIIYXZZII', 'ZZXZXXIIZY', 'XYYYIZZZII', 'IIZIZZYYXY', 'XYXZXXXYZY', 'XXIYIIXYZY', 'XXXZIIZZZY', 'YZZZXYZZZY', 'XYZYIZZIYI', 'XYYZIIZIZY', 'IIZIZZYYXY', 'XXIYIIXYZY', 'XYYYIZZZII', 'XXXZIIZZZY', 'XXZXZIIIYI', 'ZZXZXXIIZY', 'XXIYIIXYZY', 'YZZZXYZZZY', 'YYIZZZIZXY', 'ZZXZXXIIZY', 'XYZYIZZIYI', 'XYXZXXXYZY', 'IXIZXXZZYI', 'XXIYIIXYZY', 'IIZIZZYYXY', 'XXZXZIIIYI', 'XYYZIIZIZY']
 Finished:      -7.836972015454
 Error:       0.000752021896
2.3




 --------------------------------------------------------------------------
                         ADAPT-VQE iteration:  41
 --------------------------------------------------------------------------
['IIZIZZYYXY', 'XYXZXXXYZY', 'XYZYIZZIYI', 'XXIYIIXYZY', 'ZZXZXXIIZY', 'XYYYIZZZII', 'XYYZIIZIZY', 'XXXZIIZZZY', 'YYIZZZIZXY', 'YXZZIZYYII', 'XYXZXXXYZY', 'XXIYIIXYZY', 'XXIIYXZZII', 'IXIZXXZZYI', 'XXZXZIIIYI', 'XXIIYXZZII', 'ZZXZXXIIZY', 'XYYYIZZZII', 'IIZIZZYYXY', 'XYXZXXXYZY', 'XXIYIIXYZY', 'XXXZIIZZZY', 'YZZZXYZZZY', 'XYZYIZZIYI', 'XYYZIIZIZY', 'IIZIZZYYXY', 'XXIYIIXYZY', 'XYYYIZZZII', 'XXXZIIZZZY', 'XXZXZIIIYI', 'ZZXZXXIIZY', 'XXIYIIXYZY', 'YZZZXYZZZY', 'YYIZZZIZXY', 'ZZXZXXIIZY', 'XYZYIZZIYI', 'XYXZXXXYZY', 'IXIZXXZZYI', 'XXIYIIXYZY', 'IIZIZZYYXY', 'XXZXZIIIYI', 'XYYZIIZIZY']
 Finished:      -7.836974356835
 Error:       0.000749680514
2.3




 --------------------------------------------------------------------------
                         ADAPT-VQE iteration:  42
 --------------------------------------------------------------------------
['IIZIZZYYXY', 'XYXZXXXYZY', 'XYZYIZZIYI', 'XXIYIIXYZY', 'ZZXZXXIIZY', 'XYYYIZZZII', 'XYYZIIZIZY', 'XXXZIIZZZY', 'YYIZZZIZXY', 'YXZZIZYYII', 'XYXZXXXYZY', 'XXIYIIXYZY', 'XXIIYXZZII', 'IXIZXXZZYI', 'XXZXZIIIYI', 'XXIIYXZZII', 'ZZXZXXIIZY', 'XYYYIZZZII', 'IIZIZZYYXY', 'XYXZXXXYZY', 'XXIYIIXYZY', 'XXXZIIZZZY', 'YZZZXYZZZY', 'XYZYIZZIYI', 'XYYZIIZIZY', 'IIZIZZYYXY', 'XXIYIIXYZY', 'XYYYIZZZII', 'XXXZIIZZZY', 'XXZXZIIIYI', 'ZZXZXXIIZY', 'XXIYIIXYZY', 'YZZZXYZZZY', 'YYIZZZIZXY', 'ZZXZXXIIZY', 'XYZYIZZIYI', 'XYXZXXXYZY', 'IXIZXXZZYI', 'XXIYIIXYZY', 'IIZIZZYYXY', 'XXZXZIIIYI', 'XYXZXXXYZY', 'XYYZIIZIZY']
 Finished:      -7.836974632611
 Error:       0.000749404738
2.3




 --------------------------------------------------------------------------
                         ADAPT-VQE iteration:  43
 --------------------------------------------------------------------------
['IIZIZZYYXY', 'XYXZXXXYZY', 'XYZYIZZIYI', 'XXIYIIXYZY', 'ZZXZXXIIZY', 'XYYYIZZZII', 'XYYZIIZIZY', 'XXXZIIZZZY', 'YYIZZZIZXY', 'IIZIZZYYXY', 'YXZZIZYYII', 'XYXZXXXYZY', 'XXIYIIXYZY', 'XXIIYXZZII', 'IXIZXXZZYI', 'XXZXZIIIYI', 'XXIIYXZZII', 'ZZXZXXIIZY', 'XYYYIZZZII', 'IIZIZZYYXY', 'XYXZXXXYZY', 'XXIYIIXYZY', 'XXXZIIZZZY', 'YZZZXYZZZY', 'XYZYIZZIYI', 'XYYZIIZIZY', 'IIZIZZYYXY', 'XXIYIIXYZY', 'XYYYIZZZII', 'XXXZIIZZZY', 'XXZXZIIIYI', 'ZZXZXXIIZY', 'XXIYIIXYZY', 'YZZZXYZZZY', 'YYIZZZIZXY', 'ZZXZXXIIZY', 'XYZYIZZIYI', 'XYXZXXXYZY', 'IXIZXXZZYI', 'XXIYIIXYZY', 'IIZIZZYYXY', 'XXZXZIIIYI', 'XYXZXXXYZY', 'XYYZIIZIZY']
 Finished:      -7.836974963759
 Error:       0.000749073590
2.3




 --------------------------------------------------------------------------
                         ADAPT-VQE iteration:  44
 --------------------------------------------------------------------------
['IIZIZZYYXY', 'XYXZXXXYZY', 'XYZYIZZIYI', 'XXIYIIXYZY', 'ZZXZXXIIZY', 'XYYYIZZZII', 'XYYZIIZIZY', 'XXXZIIZZZY', 'YYIZZZIZXY', 'IIZIZZYYXY', 'YXZZIZYYII', 'XYXZXXXYZY', 'XXIYIIXYZY', 'XXIIYXZZII', 'IXIZXXZZYI', 'XXZXZIIIYI', 'XXIIYXZZII', 'ZZXZXXIIZY', 'XYYYIZZZII', 'IIZIZZYYXY', 'XYXZXXXYZY', 'XXIYIIXYZY', 'XXXZIIZZZY', 'YZZZXYZZZY', 'XYZYIZZIYI', 'XYYZIIZIZY', 'IIZIZZYYXY', 'XXIYIIXYZY', 'XYYYIZZZII', 'XXXZIIZZZY', 'XXZXZIIIYI', 'ZZXZXXIIZY', 'XXIYIIXYZY', 'YZZZXYZZZY', 'XXXZIIZZZY', 'YYIZZZIZXY', 'ZZXZXXIIZY', 'XYZYIZZIYI', 'XYXZXXXYZY', 'IXIZXXZZYI', 'XXIYIIXYZY', 'IIZIZZYYXY', 'XXZXZIIIYI', 'XYXZXXXYZY', 'XYYZIIZIZY']
 Finished:      -7.836984996888
 Error:       0.000739040461
2.3




 --------------------------------------------------------------------------
                         ADAPT-VQE iteration:  45
 --------------------------------------------------------------------------
['IIZIZZYYXY', 'XYXZXXXYZY', 'XYZYIZZIYI', 'XXIYIIXYZY', 'ZZXZXXIIZY', 'XYYYIZZZII', 'XYYZIIZIZY', 'XXXZIIZZZY', 'XYXZXXXYZY', 'YYIZZZIZXY', 'IIZIZZYYXY', 'YXZZIZYYII', 'XYXZXXXYZY', 'XXIYIIXYZY', 'XXIIYXZZII', 'IXIZXXZZYI', 'XXZXZIIIYI', 'XXIIYXZZII', 'ZZXZXXIIZY', 'XYYYIZZZII', 'IIZIZZYYXY', 'XYXZXXXYZY', 'XXIYIIXYZY', 'XXXZIIZZZY', 'YZZZXYZZZY', 'XYZYIZZIYI', 'XYYZIIZIZY', 'IIZIZZYYXY', 'XXIYIIXYZY', 'XYYYIZZZII', 'XXXZIIZZZY', 'XXZXZIIIYI', 'ZZXZXXIIZY', 'XXIYIIXYZY', 'YZZZXYZZZY', 'XXXZIIZZZY', 'YYIZZZIZXY', 'ZZXZXXIIZY', 'XYZYIZZIYI', 'XYXZXXXYZY', 'IXIZXXZZYI', 'XXIYIIXYZY', 'IIZIZZYYXY', 'XXZXZIIIYI', 'XYXZXXXYZY', 'XYYZIIZIZY']
 Finished:      -7.836985156951
 Error:       0.000738880398
2.3




 --------------------------------------------------------------------------
                         ADAPT-VQE iteration:  46
 --------------------------------------------------------------------------
['IIZIZZYYXY', 'XYXZXXXYZY', 'XYZYIZZIYI', 'XXIYIIXYZY', 'ZZXZXXIIZY', 'XYYYIZZZII', 'ZZXZXXIIZY', 'XYYZIIZIZY', 'XXXZIIZZZY', 'XYXZXXXYZY', 'YYIZZZIZXY', 'IIZIZZYYXY', 'YXZZIZYYII', 'XYXZXXXYZY', 'XXIYIIXYZY', 'XXIIYXZZII', 'IXIZXXZZYI', 'XXZXZIIIYI', 'XXIIYXZZII', 'ZZXZXXIIZY', 'XYYYIZZZII', 'IIZIZZYYXY', 'XYXZXXXYZY', 'XXIYIIXYZY', 'XXXZIIZZZY', 'YZZZXYZZZY', 'XYZYIZZIYI', 'XYYZIIZIZY', 'IIZIZZYYXY', 'XXIYIIXYZY', 'XYYYIZZZII', 'XXXZIIZZZY', 'XXZXZIIIYI', 'ZZXZXXIIZY', 'XXIYIIXYZY', 'YZZZXYZZZY', 'XXXZIIZZZY', 'YYIZZZIZXY', 'ZZXZXXIIZY', 'XYZYIZZIYI', 'XYXZXXXYZY', 'IXIZXXZZYI', 'XXIYIIXYZY', 'IIZIZZYYXY', 'XXZXZIIIYI', 'XYXZXXXYZY', 'XYYZIIZIZY']
 Finished:      -7.836987070953
 Error:       0.000736966396
2.3




 --------------------------------------------------------------------------
                         ADAPT-VQE iteration:  47
 --------------------------------------------------------------------------
['XYYZIIZIZY', 'IIZIZZYYXY', 'XYXZXXXYZY', 'XYZYIZZIYI', 'XXIYIIXYZY', 'ZZXZXXIIZY', 'XYYYIZZZII', 'ZZXZXXIIZY', 'XYYZIIZIZY', 'XXXZIIZZZY', 'XYXZXXXYZY', 'YYIZZZIZXY', 'IIZIZZYYXY', 'YXZZIZYYII', 'XYXZXXXYZY', 'XXIYIIXYZY', 'XXIIYXZZII', 'IXIZXXZZYI', 'XXZXZIIIYI', 'XXIIYXZZII', 'ZZXZXXIIZY', 'XYYYIZZZII', 'IIZIZZYYXY', 'XYXZXXXYZY', 'XXIYIIXYZY', 'XXXZIIZZZY', 'YZZZXYZZZY', 'XYZYIZZIYI', 'XYYZIIZIZY', 'IIZIZZYYXY', 'XXIYIIXYZY', 'XYYYIZZZII', 'XXXZIIZZZY', 'XXZXZIIIYI', 'ZZXZXXIIZY', 'XXIYIIXYZY', 'YZZZXYZZZY', 'XXXZIIZZZY', 'YYIZZZIZXY', 'ZZXZXXIIZY', 'XYZYIZZIYI', 'XYXZXXXYZY', 'IXIZXXZZYI', 'XXIYIIXYZY', 'IIZIZZYYXY', 'XXZXZIIIYI', 'XYXZXXXYZY', 'XYYZIIZIZY']
 Finished:      -7.837717755610
 Error:       0.000006281740
2.3




 --------------------------------------------------------------------------
                         ADAPT-VQE iteration:  48
 --------------------------------------------------------------------------
['XYYZIIZIZY', 'IIZIZZYYXY', 'XYXZXXXYZY', 'XYZYIZZIYI', 'XXIYIIXYZY', 'ZZXZXXIIZY', 'XYYYIZZZII', 'ZZXZXXIIZY', 'XYYZIIZIZY', 'XXIYIIXYZY', 'XXXZIIZZZY', 'XYXZXXXYZY', 'YYIZZZIZXY', 'IIZIZZYYXY', 'YXZZIZYYII', 'XYXZXXXYZY', 'XXIYIIXYZY', 'XXIIYXZZII', 'IXIZXXZZYI', 'XXZXZIIIYI', 'XXIIYXZZII', 'ZZXZXXIIZY', 'XYYYIZZZII', 'IIZIZZYYXY', 'XYXZXXXYZY', 'XXIYIIXYZY', 'XXXZIIZZZY', 'YZZZXYZZZY', 'XYZYIZZIYI', 'XYYZIIZIZY', 'IIZIZZYYXY', 'XXIYIIXYZY', 'XYYYIZZZII', 'XXXZIIZZZY', 'XXZXZIIIYI', 'ZZXZXXIIZY', 'XXIYIIXYZY', 'YZZZXYZZZY', 'XXXZIIZZZY', 'YYIZZZIZXY', 'ZZXZXXIIZY', 'XYZYIZZIYI', 'XYXZXXXYZY', 'IXIZXXZZYI', 'XXIYIIXYZY', 'IIZIZZYYXY', 'XXZXZIIIYI', 'XYXZXXXYZY', 'XYYZIIZIZY']
 Finished:      -7.837718404518
 Error:       0.000005632831
2.3




 --------------------------------------------------------------------------
                         ADAPT-VQE iteration:  49
 --------------------------------------------------------------------------
['XYYZIIZIZY', 'IIZIZZYYXY', 'XYXZXXXYZY', 'XYZYIZZIYI', 'XXIYIIXYZY', 'ZZXZXXIIZY', 'XYYYIZZZII', 'ZZXZXXIIZY', 'XYYZIIZIZY', 'XXIYIIXYZY', 'XXXZIIZZZY', 'XYXZXXXYZY', 'YYIZZZIZXY', 'IIZIZZYYXY', 'YXZZIZYYII', 'XYXZXXXYZY', 'XXIYIIXYZY', 'XXIIYXZZII', 'IXIZXXZZYI', 'XXZXZIIIYI', 'XXIIYXZZII', 'ZZXZXXIIZY', 'XYYYIZZZII', 'IIZIZZYYXY', 'XYXZXXXYZY', 'XXIYIIXYZY', 'XXXZIIZZZY', 'YZZZXYZZZY', 'XYZYIZZIYI', 'XYYZIIZIZY', 'IIZIZZYYXY', 'XXIYIIXYZY', 'XYYYIZZZII', 'XXXZIIZZZY', 'XXZXZIIIYI', 'ZZXZXXIIZY', 'XXIYIIXYZY', 'YZZZXYZZZY', 'XXXZIIZZZY', 'XXIYIIXYZY', 'YYIZZZIZXY', 'ZZXZXXIIZY', 'XYZYIZZIYI', 'XYXZXXXYZY', 'IXIZXXZZYI', 'XXIYIIXYZY', 'IIZIZZYYXY', 'XXZXZIIIYI', 'XYXZXXXYZY', 'XYYZIIZIZY']
 Finished:      -7.837718997601
 Error:       0.000005039748
2.3




 --------------------------------------------------------------------------
                         ADAPT-VQE iteration:  50
 --------------------------------------------------------------------------
['XYYZIIZIZY', 'IIZIZZYYXY', 'XYXZXXXYZY', 'XYZYIZZIYI', 'XXIYIIXYZY', 'ZZXZXXIIZY', 'XYYYIZZZII', 'ZZXZXXIIZY', 'XYYZIIZIZY', 'XXIYIIXYZY', 'XXXZIIZZZY', 'XYXZXXXYZY', 'YYIZZZIZXY', 'IIZIZZYYXY', 'YXZZIZYYII', 'XYXZXXXYZY', 'XXIYIIXYZY', 'XXIIYXZZII', 'IXIZXXZZYI', 'XXZXZIIIYI', 'XXIIYXZZII', 'ZZXZXXIIZY', 'XYYYIZZZII', 'IIZIZZYYXY', 'XYXZXXXYZY', 'XXIYIIXYZY', 'XXXZIIZZZY', 'YZZZXYZZZY', 'XYZYIZZIYI', 'XYYZIIZIZY', 'IIZIZZYYXY', 'XXIYIIXYZY', 'XYYYIZZZII', 'XXXZIIZZZY', 'XXZXZIIIYI', 'ZZXZXXIIZY', 'XXIYIIXYZY', 'YZZZXYZZZY', 'IXIZXXZZYI', 'XXXZIIZZZY', 'XXIYIIXYZY', 'YYIZZZIZXY', 'ZZXZXXIIZY', 'XYZYIZZIYI', 'XYXZXXXYZY', 'IXIZXXZZYI', 'XXIYIIXYZY', 'IIZIZZYYXY', 'XXZXZIIIYI', 'XYXZXXXYZY', 'XYYZIIZIZY']
 Finished:      -7.837722577222
 Error:       0.000001460128
2.3




 --------------------------------------------------------------------------
                         ADAPT-VQE iteration:  51
 --------------------------------------------------------------------------
['XYYZIIZIZY', 'IIZIZZYYXY', 'XYXZXXXYZY', 'XYZYIZZIYI', 'XXIYIIXYZY', 'ZZXZXXIIZY', 'XYYYIZZZII', 'ZZXZXXIIZY', 'XYYZIIZIZY', 'XXIYIIXYZY', 'XXXZIIZZZY', 'XYXZXXXYZY', 'YYIZZZIZXY', 'IIZIZZYYXY', 'YXZZIZYYII', 'XYXZXXXYZY', 'XXIYIIXYZY', 'XXIIYXZZII', 'IXIZXXZZYI', 'IIZIZZYYXY', 'XXZXZIIIYI', 'XXIIYXZZII', 'ZZXZXXIIZY', 'XYYYIZZZII', 'IIZIZZYYXY', 'XYXZXXXYZY', 'XXIYIIXYZY', 'XXXZIIZZZY', 'YZZZXYZZZY', 'XYZYIZZIYI', 'XYYZIIZIZY', 'IIZIZZYYXY', 'XXIYIIXYZY', 'XYYYIZZZII', 'XXXZIIZZZY', 'XXZXZIIIYI', 'ZZXZXXIIZY', 'XXIYIIXYZY', 'YZZZXYZZZY', 'IXIZXXZZYI', 'XXXZIIZZZY', 'XXIYIIXYZY', 'YYIZZZIZXY', 'ZZXZXXIIZY', 'XYZYIZZIYI', 'XYXZXXXYZY', 'IXIZXXZZYI', 'XXIYIIXYZY', 'IIZIZZYYXY', 'XXZXZIIIYI', 'XYXZXXXYZY', 'XYYZIIZIZY']
 Finished:      -7.837723487851
 Error:       0.000000549498
2.3




 --------------------------------------------------------------------------
                         ADAPT-VQE iteration:  52
 --------------------------------------------------------------------------
['XYYZIIZIZY', 'IIZIZZYYXY', 'XYXZXXXYZY', 'XYZYIZZIYI', 'XXIYIIXYZY', 'ZZXZXXIIZY', 'XYYYIZZZII', 'ZZXZXXIIZY', 'XYYZIIZIZY', 'XXIYIIXYZY', 'XXXZIIZZZY', 'XXIYIIXYZY', 'XYXZXXXYZY', 'YYIZZZIZXY', 'IIZIZZYYXY', 'YXZZIZYYII', 'XYXZXXXYZY', 'XXIYIIXYZY', 'XXIIYXZZII', 'IXIZXXZZYI', 'IIZIZZYYXY', 'XXZXZIIIYI', 'XXIIYXZZII', 'ZZXZXXIIZY', 'XYYYIZZZII', 'IIZIZZYYXY', 'XYXZXXXYZY', 'XXIYIIXYZY', 'XXXZIIZZZY', 'YZZZXYZZZY', 'XYZYIZZIYI', 'XYYZIIZIZY', 'IIZIZZYYXY', 'XXIYIIXYZY', 'XYYYIZZZII', 'XXXZIIZZZY', 'XXZXZIIIYI', 'ZZXZXXIIZY', 'XXIYIIXYZY', 'YZZZXYZZZY', 'IXIZXXZZYI', 'XXXZIIZZZY', 'XXIYIIXYZY', 'YYIZZZIZXY', 'ZZXZXXIIZY', 'XYZYIZZIYI', 'XYXZXXXYZY', 'IXIZXXZZYI', 'XXIYIIXYZY', 'IIZIZZYYXY', 'XXZXZIIIYI', 'XYXZXXXYZY', 'XYYZIIZIZY']
 Finished:      -7.837723625086
 Error:       0.000000412263
2.3




 --------------------------------------------------------------------------
                         ADAPT-VQE iteration:  53
 --------------------------------------------------------------------------
['XYYZIIZIZY', 'IIZIZZYYXY', 'XYXZXXXYZY', 'XYZYIZZIYI', 'XXIYIIXYZY', 'ZZXZXXIIZY', 'XYYYIZZZII', 'ZZXZXXIIZY', 'XYYZIIZIZY', 'XXIYIIXYZY', 'XXXZIIZZZY', 'XXIYIIXYZY', 'XYXZXXXYZY', 'YYIZZZIZXY', 'IIZIZZYYXY', 'YXZZIZYYII', 'XYXZXXXYZY', 'XXIYIIXYZY', 'XXIIYXZZII', 'IXIZXXZZYI', 'IIZIZZYYXY', 'XXZXZIIIYI', 'XXIIYXZZII', 'ZZXZXXIIZY', 'XYYYIZZZII', 'IIZIZZYYXY', 'XYXZXXXYZY', 'XXIYIIXYZY', 'XXXZIIZZZY', 'YZZZXYZZZY', 'XYZYIZZIYI', 'XYYZIIZIZY', 'IIZIZZYYXY', 'XXIYIIXYZY', 'XYYYIZZZII', 'XXXZIIZZZY', 'XYXZXXXYZY', 'XXZXZIIIYI', 'ZZXZXXIIZY', 'XXIYIIXYZY', 'YZZZXYZZZY', 'IXIZXXZZYI', 'XXXZIIZZZY', 'XXIYIIXYZY', 'YYIZZZIZXY', 'ZZXZXXIIZY', 'XYZYIZZIYI', 'XYXZXXXYZY', 'IXIZXXZZYI', 'XXIYIIXYZY', 'IIZIZZYYXY', 'XXZXZIIIYI', 'XYXZXXXYZY', 'XYYZIIZIZY']
 Finished:      -7.837723636172
 Error:       0.000000401177
2.3




 --------------------------------------------------------------------------
                         ADAPT-VQE iteration:  54
 --------------------------------------------------------------------------
['XYYZIIZIZY', 'IIZIZZYYXY', 'XYXZXXXYZY', 'XYZYIZZIYI', 'XXIYIIXYZY', 'ZZXZXXIIZY', 'XYYYIZZZII', 'ZZXZXXIIZY', 'XYYZIIZIZY', 'XXIYIIXYZY', 'XXXZIIZZZY', 'XXIYIIXYZY', 'XYXZXXXYZY', 'YYIZZZIZXY', 'IIZIZZYYXY', 'YXZZIZYYII', 'XYXZXXXYZY', 'XXIYIIXYZY', 'XXIIYXZZII', 'IXIZXXZZYI', 'IIZIZZYYXY', 'XXZXZIIIYI', 'XXIIYXZZII', 'ZZXZXXIIZY', 'XYYYIZZZII', 'IIZIZZYYXY', 'XYXZXXXYZY', 'XXIYIIXYZY', 'XXXZIIZZZY', 'YZZZXYZZZY', 'XYZYIZZIYI', 'XYYZIIZIZY', 'IIZIZZYYXY', 'XXIYIIXYZY', 'XYYYIZZZII', 'XXXZIIZZZY', 'XYXZXXXYZY', 'XXZXZIIIYI', 'ZZXZXXIIZY', 'XXIYIIXYZY', 'YZZZXYZZZY', 'IXIZXXZZYI', 'XXXZIIZZZY', 'XYXZXXXYZY', 'XXIYIIXYZY', 'YYIZZZIZXY', 'ZZXZXXIIZY', 'XYZYIZZIYI', 'XYXZXXXYZY', 'IXIZXXZZYI', 'XXIYIIXYZY', 'IIZIZZYYXY', 'XXZXZIIIYI', 'XYXZXXXYZY', 'XYYZIIZIZY']
 Finished:      -7.837723663403
 Error:       0.000000373947
2.3




 --------------------------------------------------------------------------
                         ADAPT-VQE iteration:  55
 --------------------------------------------------------------------------
['XYYZIIZIZY', 'IIZIZZYYXY', 'XYXZXXXYZY', 'XYZYIZZIYI', 'XXIYIIXYZY', 'ZZXZXXIIZY', 'XYYYIZZZII', 'XYXZXXXYZY', 'ZZXZXXIIZY', 'XYYZIIZIZY', 'XXIYIIXYZY', 'XXXZIIZZZY', 'XXIYIIXYZY', 'XYXZXXXYZY', 'YYIZZZIZXY', 'IIZIZZYYXY', 'YXZZIZYYII', 'XYXZXXXYZY', 'XXIYIIXYZY', 'XXIIYXZZII', 'IXIZXXZZYI', 'IIZIZZYYXY', 'XXZXZIIIYI', 'XXIIYXZZII', 'ZZXZXXIIZY', 'XYYYIZZZII', 'IIZIZZYYXY', 'XYXZXXXYZY', 'XXIYIIXYZY', 'XXXZIIZZZY', 'YZZZXYZZZY', 'XYZYIZZIYI', 'XYYZIIZIZY', 'IIZIZZYYXY', 'XXIYIIXYZY', 'XYYYIZZZII', 'XXXZIIZZZY', 'XYXZXXXYZY', 'XXZXZIIIYI', 'ZZXZXXIIZY', 'XXIYIIXYZY', 'YZZZXYZZZY', 'IXIZXXZZYI', 'XXXZIIZZZY', 'XYXZXXXYZY', 'XXIYIIXYZY', 'YYIZZZIZXY', 'ZZXZXXIIZY', 'XYZYIZZIYI', 'XYXZXXXYZY', 'IXIZXXZZYI', 'XXIYIIXYZY', 'IIZIZZYYXY', 'XXZXZIIIYI', 'XYXZXXXYZY', 'XYYZIIZIZY']
 Finished:      -7.837723705232
 Error:       0.000000332117
2.3




 --------------------------------------------------------------------------
                         ADAPT-VQE iteration:  56
 --------------------------------------------------------------------------
['XYYZIIZIZY', 'IIZIZZYYXY', 'XYXZXXXYZY', 'XYZYIZZIYI', 'XYXZXXXYZY', 'XXIYIIXYZY', 'ZZXZXXIIZY', 'XYYYIZZZII', 'XYXZXXXYZY', 'ZZXZXXIIZY', 'XYYZIIZIZY', 'XXIYIIXYZY', 'XXXZIIZZZY', 'XXIYIIXYZY', 'XYXZXXXYZY', 'YYIZZZIZXY', 'IIZIZZYYXY', 'YXZZIZYYII', 'XYXZXXXYZY', 'XXIYIIXYZY', 'XXIIYXZZII', 'IXIZXXZZYI', 'IIZIZZYYXY', 'XXZXZIIIYI', 'XXIIYXZZII', 'ZZXZXXIIZY', 'XYYYIZZZII', 'IIZIZZYYXY', 'XYXZXXXYZY', 'XXIYIIXYZY', 'XXXZIIZZZY', 'YZZZXYZZZY', 'XYZYIZZIYI', 'XYYZIIZIZY', 'IIZIZZYYXY', 'XXIYIIXYZY', 'XYYYIZZZII', 'XXXZIIZZZY', 'XYXZXXXYZY', 'XXZXZIIIYI', 'ZZXZXXIIZY', 'XXIYIIXYZY', 'YZZZXYZZZY', 'IXIZXXZZYI', 'XXXZIIZZZY', 'XYXZXXXYZY', 'XXIYIIXYZY', 'YYIZZZIZXY', 'ZZXZXXIIZY', 'XYZYIZZIYI', 'XYXZXXXYZY', 'IXIZXXZZYI', 'XXIYIIXYZY', 'IIZIZZYYXY', 'XXZXZIIIYI', 'XYXZXXXYZY', 'XYYZIIZIZY']
 Finished:      -7.837723737644
 Error:       0.000000299705
2.3




 --------------------------------------------------------------------------
                         ADAPT-VQE iteration:  57
 --------------------------------------------------------------------------
['XYYZIIZIZY', 'IIZIZZYYXY', 'XYXZXXXYZY', 'XYZYIZZIYI', 'XYXZXXXYZY', 'XXIYIIXYZY', 'ZZXZXXIIZY', 'XYYYIZZZII', 'XYXZXXXYZY', 'IIZIZZYYXY', 'ZZXZXXIIZY', 'XYYZIIZIZY', 'XXIYIIXYZY', 'XXXZIIZZZY', 'XXIYIIXYZY', 'XYXZXXXYZY', 'YYIZZZIZXY', 'IIZIZZYYXY', 'YXZZIZYYII', 'XYXZXXXYZY', 'XXIYIIXYZY', 'XXIIYXZZII', 'IXIZXXZZYI', 'IIZIZZYYXY', 'XXZXZIIIYI', 'XXIIYXZZII', 'ZZXZXXIIZY', 'XYYYIZZZII', 'IIZIZZYYXY', 'XYXZXXXYZY', 'XXIYIIXYZY', 'XXXZIIZZZY', 'YZZZXYZZZY', 'XYZYIZZIYI', 'XYYZIIZIZY', 'IIZIZZYYXY', 'XXIYIIXYZY', 'XYYYIZZZII', 'XXXZIIZZZY', 'XYXZXXXYZY', 'XXZXZIIIYI', 'ZZXZXXIIZY', 'XXIYIIXYZY', 'YZZZXYZZZY', 'IXIZXXZZYI', 'XXXZIIZZZY', 'XYXZXXXYZY', 'XXIYIIXYZY', 'YYIZZZIZXY', 'ZZXZXXIIZY', 'XYZYIZZIYI', 'XYXZXXXYZY', 'IXIZXXZZYI', 'XXIYIIXYZY', 'IIZIZZYYXY', 'XXZXZIIIYI', 'XYXZXXXYZY', 'XYYZIIZIZY']
 Finished:      -7.837723809925
 Error:       0.000000227425
2.3




 --------------------------------------------------------------------------
                         ADAPT-VQE iteration:  58
 --------------------------------------------------------------------------
['XYYZIIZIZY', 'IIZIZZYYXY', 'XYXZXXXYZY', 'XYZYIZZIYI', 'XYXZXXXYZY', 'XXIYIIXYZY', 'ZZXZXXIIZY', 'XYYYIZZZII', 'XXIYIIXYZY', 'XYXZXXXYZY', 'IIZIZZYYXY', 'ZZXZXXIIZY', 'XYYZIIZIZY', 'XXIYIIXYZY', 'XXXZIIZZZY', 'XXIYIIXYZY', 'XYXZXXXYZY', 'YYIZZZIZXY', 'IIZIZZYYXY', 'YXZZIZYYII', 'XYXZXXXYZY', 'XXIYIIXYZY', 'XXIIYXZZII', 'IXIZXXZZYI', 'IIZIZZYYXY', 'XXZXZIIIYI', 'XXIIYXZZII', 'ZZXZXXIIZY', 'XYYYIZZZII', 'IIZIZZYYXY', 'XYXZXXXYZY', 'XXIYIIXYZY', 'XXXZIIZZZY', 'YZZZXYZZZY', 'XYZYIZZIYI', 'XYYZIIZIZY', 'IIZIZZYYXY', 'XXIYIIXYZY', 'XYYYIZZZII', 'XXXZIIZZZY', 'XYXZXXXYZY', 'XXZXZIIIYI', 'ZZXZXXIIZY', 'XXIYIIXYZY', 'YZZZXYZZZY', 'IXIZXXZZYI', 'XXXZIIZZZY', 'XYXZXXXYZY', 'XXIYIIXYZY', 'YYIZZZIZXY', 'ZZXZXXIIZY', 'XYZYIZZIYI', 'XYXZXXXYZY', 'IXIZXXZZYI', 'XXIYIIXYZY', 'IIZIZZYYXY', 'XXZXZIIIYI', 'XYXZXXXYZY', 'XYYZIIZIZY']
 Finished:      -7.837723936842
 Error:       0.000000100507
2.3




 --------------------------------------------------------------------------
                         ADAPT-VQE iteration:  59
 --------------------------------------------------------------------------
['XYYZIIZIZY', 'IIZIZZYYXY', 'XYXZXXXYZY', 'XYZYIZZIYI', 'XYXZXXXYZY', 'XXIYIIXYZY', 'ZZXZXXIIZY', 'XYYYIZZZII', 'XXIYIIXYZY', 'XYXZXXXYZY', 'IIZIZZYYXY', 'ZZXZXXIIZY', 'XYYZIIZIZY', 'XXIYIIXYZY', 'XXXZIIZZZY', 'XXIYIIXYZY', 'XYXZXXXYZY', 'YYIZZZIZXY', 'IIZIZZYYXY', 'YXZZIZYYII', 'XYXZXXXYZY', 'XXIYIIXYZY', 'XXIIYXZZII', 'IXIZXXZZYI', 'IIZIZZYYXY', 'XXZXZIIIYI', 'XXIIYXZZII', 'ZZXZXXIIZY', 'XYYYIZZZII', 'IIZIZZYYXY', 'XYXZXXXYZY', 'XXIYIIXYZY', 'XXXZIIZZZY', 'YZZZXYZZZY', 'XYZYIZZIYI', 'XYYZIIZIZY', 'IIZIZZYYXY', 'XXIYIIXYZY', 'XYYYIZZZII', 'XXXZIIZZZY', 'XYXZXXXYZY', 'XXZXZIIIYI', 'ZZXZXXIIZY', 'XXIYIIXYZY', 'YZZZXYZZZY', 'IXIZXXZZYI', 'XXXZIIZZZY', 'XYXZXXXYZY', 'XXIYIIXYZY', 'YYIZZZIZXY', 'ZZXZXXIIZY', 'XYZYIZZIYI', 'XYXZXXXYZY', 'IXIZXXZZYI', 'YXZZIZYYII', 'XXIYIIXYZY', 'IIZIZZYYXY', 'XXZXZIIIYI', 'XYXZXXXYZY', 'XYYZIIZIZY']
 Finished:      -7.837723990383
 Error:       0.000000046966
2.3




 --------------------------------------------------------------------------
                         ADAPT-VQE iteration:  60
 --------------------------------------------------------------------------
['XYYZIIZIZY', 'IIZIZZYYXY', 'XYXZXXXYZY', 'XYZYIZZIYI', 'XYXZXXXYZY', 'XXIYIIXYZY', 'ZZXZXXIIZY', 'XYYYIZZZII', 'XXIYIIXYZY', 'XYXZXXXYZY', 'IIZIZZYYXY', 'ZZXZXXIIZY', 'XYYZIIZIZY', 'ZZXZXXIIZY', 'XXIYIIXYZY', 'XXXZIIZZZY', 'XXIYIIXYZY', 'XYXZXXXYZY', 'YYIZZZIZXY', 'IIZIZZYYXY', 'YXZZIZYYII', 'XYXZXXXYZY', 'XXIYIIXYZY', 'XXIIYXZZII', 'IXIZXXZZYI', 'IIZIZZYYXY', 'XXZXZIIIYI', 'XXIIYXZZII', 'ZZXZXXIIZY', 'XYYYIZZZII', 'IIZIZZYYXY', 'XYXZXXXYZY', 'XXIYIIXYZY', 'XXXZIIZZZY', 'YZZZXYZZZY', 'XYZYIZZIYI', 'XYYZIIZIZY', 'IIZIZZYYXY', 'XXIYIIXYZY', 'XYYYIZZZII', 'XXXZIIZZZY', 'XYXZXXXYZY', 'XXZXZIIIYI', 'ZZXZXXIIZY', 'XXIYIIXYZY', 'YZZZXYZZZY', 'IXIZXXZZYI', 'XXXZIIZZZY', 'XYXZXXXYZY', 'XXIYIIXYZY', 'YYIZZZIZXY', 'ZZXZXXIIZY', 'XYZYIZZIYI', 'XYXZXXXYZY', 'IXIZXXZZYI', 'YXZZIZYYII', 'XXIYIIXYZY', 'IIZIZZYYXY', 'XXZXZIIIYI', 'XYXZXXXYZY', 'XYYZIIZIZY']
 Finished:      -7.837724036521
 Error:       0.000000000828

 
 ------------------------------------------ 

