The list of distances to compute is: [1.0, 1.1, 1.2, 1.3, 1.4, 1.5, 1.6, 1.7, 1.8, 1.9, 2.0, 2.1, 2.2, 2.3, 2.4, 2.5, 2.6, 2.7, 2.8, 2.9, 3.0]
I am the distance: 2.5
Li 0 0 0; H 0 0 2.5
Problem reduced to 10 qubits.
HF energy:                 -7.7708736692219018
Active space FCI energy:    -7.8234269398472565
n_electrons: 2
0.0
molecule.n_orbitals: 5
 adapt threshold: 1e-08
 theta threshold: 1e-10
 Generate Sparse Matrices for operators in pool
Ground state energy: -7.823426939847258
initial energy -7.770873669221903
 Start ADAPT-VQE algorithm
 Now start to grow the ansatz




 --------------------------------------------------------------------------
                         ADAPT-VQE iteration:  0
 --------------------------------------------------------------------------
['XYYZIIZIZY']
 Finished:      -7.778082982958
 Error:       0.045343956889
2.5




 --------------------------------------------------------------------------
                         ADAPT-VQE iteration:  1
 --------------------------------------------------------------------------
['YYIZZZIZXY', 'XYYZIIZIZY']
 Finished:      -7.808721624940
 Error:       0.014705314907
2.5




 --------------------------------------------------------------------------
                         ADAPT-VQE iteration:  2
 --------------------------------------------------------------------------
['XXZXZIIIYI', 'YYIZZZIZXY', 'XYYZIIZIZY']
 Finished:      -7.814864569440
 Error:       0.008562370407
2.5




 --------------------------------------------------------------------------
                         ADAPT-VQE iteration:  3
 --------------------------------------------------------------------------
['XYYYIZZZII', 'XXZXZIIIYI', 'YYIZZZIZXY', 'XYYZIIZIZY']
 Finished:      -7.818585055695
 Error:       0.004841884152
2.5




 --------------------------------------------------------------------------
                         ADAPT-VQE iteration:  4
 --------------------------------------------------------------------------
['XXXZIIZZZY', 'XYYYIZZZII', 'XXZXZIIIYI', 'YYIZZZIZXY', 'XYYZIIZIZY']
 Finished:      -7.819375566430
 Error:       0.004051373417
2.5




 --------------------------------------------------------------------------
                         ADAPT-VQE iteration:  5
 --------------------------------------------------------------------------
['XXIIYXZZII', 'XXXZIIZZZY', 'XYYYIZZZII', 'XXZXZIIIYI', 'YYIZZZIZXY', 'XYYZIIZIZY']
 Finished:      -7.819494532901
 Error:       0.003932406946
2.5




 --------------------------------------------------------------------------
                         ADAPT-VQE iteration:  6
 --------------------------------------------------------------------------
['YXZZIZYYII', 'XXIIYXZZII', 'XXXZIIZZZY', 'XYYYIZZZII', 'XXZXZIIIYI', 'YYIZZZIZXY', 'XYYZIIZIZY']
 Finished:      -7.819603120654
 Error:       0.003823819193
2.5




 --------------------------------------------------------------------------
                         ADAPT-VQE iteration:  7
 --------------------------------------------------------------------------
['IIZIZZYYXY', 'YXZZIZYYII', 'XXIIYXZZII', 'XXXZIIZZZY', 'XYYYIZZZII', 'XXZXZIIIYI', 'YYIZZZIZXY', 'XYYZIIZIZY']
 Finished:      -7.819620221951
 Error:       0.003806717896
2.5




 --------------------------------------------------------------------------
                         ADAPT-VQE iteration:  8
 --------------------------------------------------------------------------
['XYZYIZZIYI', 'IIZIZZYYXY', 'YXZZIZYYII', 'XXIIYXZZII', 'XXXZIIZZZY', 'XYYYIZZZII', 'XXZXZIIIYI', 'YYIZZZIZXY', 'XYYZIIZIZY']
 Finished:      -7.819804533233
 Error:       0.003622406615
2.5




 --------------------------------------------------------------------------
                         ADAPT-VQE iteration:  9
 --------------------------------------------------------------------------
['ZZXZXXIIZY', 'XYZYIZZIYI', 'IIZIZZYYXY', 'YXZZIZYYII', 'XXIIYXZZII', 'XXXZIIZZZY', 'XYYYIZZZII', 'XXZXZIIIYI', 'YYIZZZIZXY', 'XYYZIIZIZY']
 Finished:      -7.819812716001
 Error:       0.003614223847
2.5




 --------------------------------------------------------------------------
                         ADAPT-VQE iteration:  10
 --------------------------------------------------------------------------
['XXZXZIIIYI', 'ZZXZXXIIZY', 'XYZYIZZIYI', 'IIZIZZYYXY', 'YXZZIZYYII', 'XXIIYXZZII', 'XXXZIIZZZY', 'XYYYIZZZII', 'XXZXZIIIYI', 'YYIZZZIZXY', 'XYYZIIZIZY']
 Finished:      -7.820512503948
 Error:       0.002914435899
2.5




 --------------------------------------------------------------------------
                         ADAPT-VQE iteration:  11
 --------------------------------------------------------------------------
['XXXZIIZZZY', 'XXZXZIIIYI', 'ZZXZXXIIZY', 'XYZYIZZIYI', 'IIZIZZYYXY', 'YXZZIZYYII', 'XXIIYXZZII', 'XXXZIIZZZY', 'XYYYIZZZII', 'XXZXZIIIYI', 'YYIZZZIZXY', 'XYYZIIZIZY']
 Finished:      -7.820929266274
 Error:       0.002497673573
2.5




 --------------------------------------------------------------------------
                         ADAPT-VQE iteration:  12
 --------------------------------------------------------------------------
['XXIYIIXYZY', 'XXXZIIZZZY', 'XXZXZIIIYI', 'ZZXZXXIIZY', 'XYZYIZZIYI', 'IIZIZZYYXY', 'YXZZIZYYII', 'XXIIYXZZII', 'XXXZIIZZZY', 'XYYYIZZZII', 'XXZXZIIIYI', 'YYIZZZIZXY', 'XYYZIIZIZY']
 Finished:      -7.820929770477
 Error:       0.002497169370
2.5




 --------------------------------------------------------------------------
                         ADAPT-VQE iteration:  13
 --------------------------------------------------------------------------
['IIZIZZYYXY', 'XXIYIIXYZY', 'XXXZIIZZZY', 'XXZXZIIIYI', 'ZZXZXXIIZY', 'XYZYIZZIYI', 'IIZIZZYYXY', 'YXZZIZYYII', 'XXIIYXZZII', 'XXXZIIZZZY', 'XYYYIZZZII', 'XXZXZIIIYI', 'YYIZZZIZXY', 'XYYZIIZIZY']
 Finished:      -7.820940345315
 Error:       0.002486594532
2.5




 --------------------------------------------------------------------------
                         ADAPT-VQE iteration:  14
 --------------------------------------------------------------------------
['XXIIYXZZII', 'IIZIZZYYXY', 'XXIYIIXYZY', 'XXXZIIZZZY', 'XXZXZIIIYI', 'ZZXZXXIIZY', 'XYZYIZZIYI', 'IIZIZZYYXY', 'YXZZIZYYII', 'XXIIYXZZII', 'XXXZIIZZZY', 'XYYYIZZZII', 'XXZXZIIIYI', 'YYIZZZIZXY', 'XYYZIIZIZY']
 Finished:      -7.820941954445
 Error:       0.002484985403
2.5




 --------------------------------------------------------------------------
                         ADAPT-VQE iteration:  15
 --------------------------------------------------------------------------
['XYXZXXXYZY', 'XXIIYXZZII', 'IIZIZZYYXY', 'XXIYIIXYZY', 'XXXZIIZZZY', 'XXZXZIIIYI', 'ZZXZXXIIZY', 'XYZYIZZIYI', 'IIZIZZYYXY', 'YXZZIZYYII', 'XXIIYXZZII', 'XXXZIIZZZY', 'XYYYIZZZII', 'XXZXZIIIYI', 'YYIZZZIZXY', 'XYYZIIZIZY']
 Finished:      -7.820941954857
 Error:       0.002484984990
2.5




 --------------------------------------------------------------------------
                         ADAPT-VQE iteration:  16
 --------------------------------------------------------------------------
['XYYZIIZIZY', 'XYXZXXXYZY', 'XXIIYXZZII', 'IIZIZZYYXY', 'XXIYIIXYZY', 'XXXZIIZZZY', 'XXZXZIIIYI', 'ZZXZXXIIZY', 'XYZYIZZIYI', 'IIZIZZYYXY', 'YXZZIZYYII', 'XXIIYXZZII', 'XXXZIIZZZY', 'XYYYIZZZII', 'XXZXZIIIYI', 'YYIZZZIZXY', 'XYYZIIZIZY']
 Finished:      -7.820947177248
 Error:       0.002479762599
2.5




 --------------------------------------------------------------------------
                         ADAPT-VQE iteration:  17
 --------------------------------------------------------------------------
['ZZXZXXIIZY', 'XYYZIIZIZY', 'XYXZXXXYZY', 'XXIIYXZZII', 'IIZIZZYYXY', 'XXIYIIXYZY', 'XXXZIIZZZY', 'XXZXZIIIYI', 'ZZXZXXIIZY', 'XYZYIZZIYI', 'IIZIZZYYXY', 'YXZZIZYYII', 'XXIIYXZZII', 'XXXZIIZZZY', 'XYYYIZZZII', 'XXZXZIIIYI', 'YYIZZZIZXY', 'XYYZIIZIZY']
 Finished:      -7.820964447561
 Error:       0.002462492286
2.5




 --------------------------------------------------------------------------
                         ADAPT-VQE iteration:  18
 --------------------------------------------------------------------------
['XXIYIIXYZY', 'ZZXZXXIIZY', 'XYYZIIZIZY', 'XYXZXXXYZY', 'XXIIYXZZII', 'IIZIZZYYXY', 'XXIYIIXYZY', 'XXXZIIZZZY', 'XXZXZIIIYI', 'ZZXZXXIIZY', 'XYZYIZZIYI', 'IIZIZZYYXY', 'YXZZIZYYII', 'XXIIYXZZII', 'XXXZIIZZZY', 'XYYYIZZZII', 'XXZXZIIIYI', 'YYIZZZIZXY', 'XYYZIIZIZY']
 Finished:      -7.820966270764
 Error:       0.002460669083
2.5




 --------------------------------------------------------------------------
                         ADAPT-VQE iteration:  19
 --------------------------------------------------------------------------
['XXIIYXZZII', 'XXIYIIXYZY', 'ZZXZXXIIZY', 'XYYZIIZIZY', 'XYXZXXXYZY', 'XXIIYXZZII', 'IIZIZZYYXY', 'XXIYIIXYZY', 'XXXZIIZZZY', 'XXZXZIIIYI', 'ZZXZXXIIZY', 'XYZYIZZIYI', 'IIZIZZYYXY', 'YXZZIZYYII', 'XXIIYXZZII', 'XXXZIIZZZY', 'XYYYIZZZII', 'XXZXZIIIYI', 'YYIZZZIZXY', 'XYYZIIZIZY']
 Finished:      -7.820968173949
 Error:       0.002458765898
2.5




 --------------------------------------------------------------------------
                         ADAPT-VQE iteration:  20
 --------------------------------------------------------------------------
['IIZIZZYYXY', 'XXIIYXZZII', 'XXIYIIXYZY', 'ZZXZXXIIZY', 'XYYZIIZIZY', 'XYXZXXXYZY', 'XXIIYXZZII', 'IIZIZZYYXY', 'XXIYIIXYZY', 'XXXZIIZZZY', 'XXZXZIIIYI', 'ZZXZXXIIZY', 'XYZYIZZIYI', 'IIZIZZYYXY', 'YXZZIZYYII', 'XXIIYXZZII', 'XXXZIIZZZY', 'XYYYIZZZII', 'XXZXZIIIYI', 'YYIZZZIZXY', 'XYYZIIZIZY']
 Finished:      -7.820973838100
 Error:       0.002453101748
2.5




 --------------------------------------------------------------------------
                         ADAPT-VQE iteration:  21
 --------------------------------------------------------------------------
['YZZZXYZZZY', 'IIZIZZYYXY', 'XXIIYXZZII', 'XXIYIIXYZY', 'ZZXZXXIIZY', 'XYYZIIZIZY', 'XYXZXXXYZY', 'XXIIYXZZII', 'IIZIZZYYXY', 'XXIYIIXYZY', 'XXXZIIZZZY', 'XXZXZIIIYI', 'ZZXZXXIIZY', 'XYZYIZZIYI', 'IIZIZZYYXY', 'YXZZIZYYII', 'XXIIYXZZII', 'XXXZIIZZZY', 'XYYYIZZZII', 'XXZXZIIIYI', 'YYIZZZIZXY', 'XYYZIIZIZY']
 Finished:      -7.820973838609
 Error:       0.002453101238
2.5




 --------------------------------------------------------------------------
                         ADAPT-VQE iteration:  22
 --------------------------------------------------------------------------
['IXIZXXZZYI', 'YZZZXYZZZY', 'IIZIZZYYXY', 'XXIIYXZZII', 'XXIYIIXYZY', 'ZZXZXXIIZY', 'XYYZIIZIZY', 'XYXZXXXYZY', 'XXIIYXZZII', 'IIZIZZYYXY', 'XXIYIIXYZY', 'XXXZIIZZZY', 'XXZXZIIIYI', 'ZZXZXXIIZY', 'XYZYIZZIYI', 'IIZIZZYYXY', 'YXZZIZYYII', 'XXIIYXZZII', 'XXXZIIZZZY', 'XYYYIZZZII', 'XXZXZIIIYI', 'YYIZZZIZXY', 'XYYZIIZIZY']
 Finished:      -7.820973838698
 Error:       0.002453101150
2.5




 --------------------------------------------------------------------------
                         ADAPT-VQE iteration:  23
 --------------------------------------------------------------------------
['XYZYIZZIYI', 'IXIZXXZZYI', 'YZZZXYZZZY', 'IIZIZZYYXY', 'XXIIYXZZII', 'XXIYIIXYZY', 'ZZXZXXIIZY', 'XYYZIIZIZY', 'XYXZXXXYZY', 'XXIIYXZZII', 'IIZIZZYYXY', 'XXIYIIXYZY', 'XXXZIIZZZY', 'XXZXZIIIYI', 'ZZXZXXIIZY', 'XYZYIZZIYI', 'IIZIZZYYXY', 'YXZZIZYYII', 'XXIIYXZZII', 'XXXZIIZZZY', 'XYYYIZZZII', 'XXZXZIIIYI', 'YYIZZZIZXY', 'XYYZIIZIZY']
 Finished:      -7.820975092785
 Error:       0.002451847062
2.5




 --------------------------------------------------------------------------
                         ADAPT-VQE iteration:  24
 --------------------------------------------------------------------------
['XXIYIIXYZY', 'XYZYIZZIYI', 'IXIZXXZZYI', 'YZZZXYZZZY', 'IIZIZZYYXY', 'XXIIYXZZII', 'XXIYIIXYZY', 'ZZXZXXIIZY', 'XYYZIIZIZY', 'XYXZXXXYZY', 'XXIIYXZZII', 'IIZIZZYYXY', 'XXIYIIXYZY', 'XXXZIIZZZY', 'XXZXZIIIYI', 'ZZXZXXIIZY', 'XYZYIZZIYI', 'IIZIZZYYXY', 'YXZZIZYYII', 'XXIIYXZZII', 'XXXZIIZZZY', 'XYYYIZZZII', 'XXZXZIIIYI', 'YYIZZZIZXY', 'XYYZIIZIZY']
 Finished:      -7.820975386190
 Error:       0.002451553657
2.5




 --------------------------------------------------------------------------
                         ADAPT-VQE iteration:  25
 --------------------------------------------------------------------------
['XYXZXXXYZY', 'XXIYIIXYZY', 'XYZYIZZIYI', 'IXIZXXZZYI', 'YZZZXYZZZY', 'IIZIZZYYXY', 'XXIIYXZZII', 'XXIYIIXYZY', 'ZZXZXXIIZY', 'XYYZIIZIZY', 'XYXZXXXYZY', 'XXIIYXZZII', 'IIZIZZYYXY', 'XXIYIIXYZY', 'XXXZIIZZZY', 'XXZXZIIIYI', 'ZZXZXXIIZY', 'XYZYIZZIYI', 'IIZIZZYYXY', 'YXZZIZYYII', 'XXIIYXZZII', 'XXXZIIZZZY', 'XYYYIZZZII', 'XXZXZIIIYI', 'YYIZZZIZXY', 'XYYZIIZIZY']
 Finished:      -7.820975386758
 Error:       0.002451553089
2.5




 --------------------------------------------------------------------------
                         ADAPT-VQE iteration:  26
 --------------------------------------------------------------------------
['IXIZXXZZYI', 'XYXZXXXYZY', 'XXIYIIXYZY', 'XYZYIZZIYI', 'IXIZXXZZYI', 'YZZZXYZZZY', 'IIZIZZYYXY', 'XXIIYXZZII', 'XXIYIIXYZY', 'ZZXZXXIIZY', 'XYYZIIZIZY', 'XYXZXXXYZY', 'XXIIYXZZII', 'IIZIZZYYXY', 'XXIYIIXYZY', 'XXXZIIZZZY', 'XXZXZIIIYI', 'ZZXZXXIIZY', 'XYZYIZZIYI', 'IIZIZZYYXY', 'YXZZIZYYII', 'XXIIYXZZII', 'XXXZIIZZZY', 'XYYYIZZZII', 'XXZXZIIIYI', 'YYIZZZIZXY', 'XYYZIIZIZY']
 Finished:      -7.820975387407
 Error:       0.002451552441
2.5




 --------------------------------------------------------------------------
                         ADAPT-VQE iteration:  27
 --------------------------------------------------------------------------
['YZZZXYZZZY', 'IXIZXXZZYI', 'XYXZXXXYZY', 'XXIYIIXYZY', 'XYZYIZZIYI', 'IXIZXXZZYI', 'YZZZXYZZZY', 'IIZIZZYYXY', 'XXIIYXZZII', 'XXIYIIXYZY', 'ZZXZXXIIZY', 'XYYZIIZIZY', 'XYXZXXXYZY', 'XXIIYXZZII', 'IIZIZZYYXY', 'XXIYIIXYZY', 'XXXZIIZZZY', 'XXZXZIIIYI', 'ZZXZXXIIZY', 'XYZYIZZIYI', 'IIZIZZYYXY', 'YXZZIZYYII', 'XXIIYXZZII', 'XXXZIIZZZY', 'XYYYIZZZII', 'XXZXZIIIYI', 'YYIZZZIZXY', 'XYYZIIZIZY']
 Finished:      -7.820975387480
 Error:       0.002451552367
2.5




 --------------------------------------------------------------------------
                         ADAPT-VQE iteration:  28
 --------------------------------------------------------------------------
['XXZXZIIIYI', 'YZZZXYZZZY', 'IXIZXXZZYI', 'XYXZXXXYZY', 'XXIYIIXYZY', 'XYZYIZZIYI', 'IXIZXXZZYI', 'YZZZXYZZZY', 'IIZIZZYYXY', 'XXIIYXZZII', 'XXIYIIXYZY', 'ZZXZXXIIZY', 'XYYZIIZIZY', 'XYXZXXXYZY', 'XXIIYXZZII', 'IIZIZZYYXY', 'XXIYIIXYZY', 'XXXZIIZZZY', 'XXZXZIIIYI', 'ZZXZXXIIZY', 'XYZYIZZIYI', 'IIZIZZYYXY', 'YXZZIZYYII', 'XXIIYXZZII', 'XXXZIIZZZY', 'XYYYIZZZII', 'XXZXZIIIYI', 'YYIZZZIZXY', 'XYYZIIZIZY']
 Finished:      -7.820976429958
 Error:       0.002450509889
2.5




 --------------------------------------------------------------------------
                         ADAPT-VQE iteration:  29
 --------------------------------------------------------------------------
['XYXZXXXYZY', 'XXZXZIIIYI', 'YZZZXYZZZY', 'IXIZXXZZYI', 'XYXZXXXYZY', 'XXIYIIXYZY', 'XYZYIZZIYI', 'IXIZXXZZYI', 'YZZZXYZZZY', 'IIZIZZYYXY', 'XXIIYXZZII', 'XXIYIIXYZY', 'ZZXZXXIIZY', 'XYYZIIZIZY', 'XYXZXXXYZY', 'XXIIYXZZII', 'IIZIZZYYXY', 'XXIYIIXYZY', 'XXXZIIZZZY', 'XXZXZIIIYI', 'ZZXZXXIIZY', 'XYZYIZZIYI', 'IIZIZZYYXY', 'YXZZIZYYII', 'XXIIYXZZII', 'XXXZIIZZZY', 'XYYYIZZZII', 'XXZXZIIIYI', 'YYIZZZIZXY', 'XYYZIIZIZY']
 Finished:      -7.821807504193
 Error:       0.001619435654
2.5




 --------------------------------------------------------------------------
                         ADAPT-VQE iteration:  30
 --------------------------------------------------------------------------
['YYIZZZIZXY', 'XYXZXXXYZY', 'XXZXZIIIYI', 'YZZZXYZZZY', 'IXIZXXZZYI', 'XYXZXXXYZY', 'XXIYIIXYZY', 'XYZYIZZIYI', 'IXIZXXZZYI', 'YZZZXYZZZY', 'IIZIZZYYXY', 'XXIIYXZZII', 'XXIYIIXYZY', 'ZZXZXXIIZY', 'XYYZIIZIZY', 'XYXZXXXYZY', 'XXIIYXZZII', 'IIZIZZYYXY', 'XXIYIIXYZY', 'XXXZIIZZZY', 'XXZXZIIIYI', 'ZZXZXXIIZY', 'XYZYIZZIYI', 'IIZIZZYYXY', 'YXZZIZYYII', 'XXIIYXZZII', 'XXXZIIZZZY', 'XYYYIZZZII', 'XXZXZIIIYI', 'YYIZZZIZXY', 'XYYZIIZIZY']
 Finished:      -7.822238518248
 Error:       0.001188421599
2.5




 --------------------------------------------------------------------------
                         ADAPT-VQE iteration:  31
 --------------------------------------------------------------------------
['XXIYIIXYZY', 'YYIZZZIZXY', 'XYXZXXXYZY', 'XXZXZIIIYI', 'YZZZXYZZZY', 'IXIZXXZZYI', 'XYXZXXXYZY', 'XXIYIIXYZY', 'XYZYIZZIYI', 'IXIZXXZZYI', 'YZZZXYZZZY', 'IIZIZZYYXY', 'XXIIYXZZII', 'XXIYIIXYZY', 'ZZXZXXIIZY', 'XYYZIIZIZY', 'XYXZXXXYZY', 'XXIIYXZZII', 'IIZIZZYYXY', 'XXIYIIXYZY', 'XXXZIIZZZY', 'XXZXZIIIYI', 'ZZXZXXIIZY', 'XYZYIZZIYI', 'IIZIZZYYXY', 'YXZZIZYYII', 'XXIIYXZZII', 'XXXZIIZZZY', 'XYYYIZZZII', 'XXZXZIIIYI', 'YYIZZZIZXY', 'XYYZIIZIZY']
 Finished:      -7.822244825355
 Error:       0.001182114492
2.5




 --------------------------------------------------------------------------
                         ADAPT-VQE iteration:  32
 --------------------------------------------------------------------------
['XXXZIIZZZY', 'XXIYIIXYZY', 'YYIZZZIZXY', 'XYXZXXXYZY', 'XXZXZIIIYI', 'YZZZXYZZZY', 'IXIZXXZZYI', 'XYXZXXXYZY', 'XXIYIIXYZY', 'XYZYIZZIYI', 'IXIZXXZZYI', 'YZZZXYZZZY', 'IIZIZZYYXY', 'XXIIYXZZII', 'XXIYIIXYZY', 'ZZXZXXIIZY', 'XYYZIIZIZY', 'XYXZXXXYZY', 'XXIIYXZZII', 'IIZIZZYYXY', 'XXIYIIXYZY', 'XXXZIIZZZY', 'XXZXZIIIYI', 'ZZXZXXIIZY', 'XYZYIZZIYI', 'IIZIZZYYXY', 'YXZZIZYYII', 'XXIIYXZZII', 'XXXZIIZZZY', 'XYYYIZZZII', 'XXZXZIIIYI', 'YYIZZZIZXY', 'XYYZIIZIZY']
 Finished:      -7.822252316174
 Error:       0.001174623673
2.5




 --------------------------------------------------------------------------
                         ADAPT-VQE iteration:  33
 --------------------------------------------------------------------------
['YXZZIZYYII', 'XXXZIIZZZY', 'XXIYIIXYZY', 'YYIZZZIZXY', 'XYXZXXXYZY', 'XXZXZIIIYI', 'YZZZXYZZZY', 'IXIZXXZZYI', 'XYXZXXXYZY', 'XXIYIIXYZY', 'XYZYIZZIYI', 'IXIZXXZZYI', 'YZZZXYZZZY', 'IIZIZZYYXY', 'XXIIYXZZII', 'XXIYIIXYZY', 'ZZXZXXIIZY', 'XYYZIIZIZY', 'XYXZXXXYZY', 'XXIIYXZZII', 'IIZIZZYYXY', 'XXIYIIXYZY', 'XXXZIIZZZY', 'XXZXZIIIYI', 'ZZXZXXIIZY', 'XYZYIZZIYI', 'IIZIZZYYXY', 'YXZZIZYYII', 'XXIIYXZZII', 'XXXZIIZZZY', 'XYYYIZZZII', 'XXZXZIIIYI', 'YYIZZZIZXY', 'XYYZIIZIZY']
 Finished:      -7.822255758331
 Error:       0.001171181516
2.5




 --------------------------------------------------------------------------
                         ADAPT-VQE iteration:  34
 --------------------------------------------------------------------------
['XXIIYXZZII', 'YXZZIZYYII', 'XXXZIIZZZY', 'XXIYIIXYZY', 'YYIZZZIZXY', 'XYXZXXXYZY', 'XXZXZIIIYI', 'YZZZXYZZZY', 'IXIZXXZZYI', 'XYXZXXXYZY', 'XXIYIIXYZY', 'XYZYIZZIYI', 'IXIZXXZZYI', 'YZZZXYZZZY', 'IIZIZZYYXY', 'XXIIYXZZII', 'XXIYIIXYZY', 'ZZXZXXIIZY', 'XYYZIIZIZY', 'XYXZXXXYZY', 'XXIIYXZZII', 'IIZIZZYYXY', 'XXIYIIXYZY', 'XXXZIIZZZY', 'XXZXZIIIYI', 'ZZXZXXIIZY', 'XYZYIZZIYI', 'IIZIZZYYXY', 'YXZZIZYYII', 'XXIIYXZZII', 'XXXZIIZZZY', 'XYYYIZZZII', 'XXZXZIIIYI', 'YYIZZZIZXY', 'XYYZIIZIZY']
 Finished:      -7.822258843947
 Error:       0.001168095900
2.5




 --------------------------------------------------------------------------
                         ADAPT-VQE iteration:  35
 --------------------------------------------------------------------------
['XYXZXXXYZY', 'XXIIYXZZII', 'YXZZIZYYII', 'XXXZIIZZZY', 'XXIYIIXYZY', 'YYIZZZIZXY', 'XYXZXXXYZY', 'XXZXZIIIYI', 'YZZZXYZZZY', 'IXIZXXZZYI', 'XYXZXXXYZY', 'XXIYIIXYZY', 'XYZYIZZIYI', 'IXIZXXZZYI', 'YZZZXYZZZY', 'IIZIZZYYXY', 'XXIIYXZZII', 'XXIYIIXYZY', 'ZZXZXXIIZY', 'XYYZIIZIZY', 'XYXZXXXYZY', 'XXIIYXZZII', 'IIZIZZYYXY', 'XXIYIIXYZY', 'XXXZIIZZZY', 'XXZXZIIIYI', 'ZZXZXXIIZY', 'XYZYIZZIYI', 'IIZIZZYYXY', 'YXZZIZYYII', 'XXIIYXZZII', 'XXXZIIZZZY', 'XYYYIZZZII', 'XXZXZIIIYI', 'YYIZZZIZXY', 'XYYZIIZIZY']
 Finished:      -7.822259142949
 Error:       0.001167796898
2.5




 --------------------------------------------------------------------------
                         ADAPT-VQE iteration:  36
 --------------------------------------------------------------------------
['XYYYIZZZII', 'XYXZXXXYZY', 'XXIIYXZZII', 'YXZZIZYYII', 'XXXZIIZZZY', 'XXIYIIXYZY', 'YYIZZZIZXY', 'XYXZXXXYZY', 'XXZXZIIIYI', 'YZZZXYZZZY', 'IXIZXXZZYI', 'XYXZXXXYZY', 'XXIYIIXYZY', 'XYZYIZZIYI', 'IXIZXXZZYI', 'YZZZXYZZZY', 'IIZIZZYYXY', 'XXIIYXZZII', 'XXIYIIXYZY', 'ZZXZXXIIZY', 'XYYZIIZIZY', 'XYXZXXXYZY', 'XXIIYXZZII', 'IIZIZZYYXY', 'XXIYIIXYZY', 'XXXZIIZZZY', 'XXZXZIIIYI', 'ZZXZXXIIZY', 'XYZYIZZIYI', 'IIZIZZYYXY', 'YXZZIZYYII', 'XXIIYXZZII', 'XXXZIIZZZY', 'XYYYIZZZII', 'XXZXZIIIYI', 'YYIZZZIZXY', 'XYYZIIZIZY']
 Finished:      -7.822322345829
 Error:       0.001104594018
2.5




 --------------------------------------------------------------------------
                         ADAPT-VQE iteration:  37
 --------------------------------------------------------------------------
['IIZIZZYYXY', 'XYYYIZZZII', 'XYXZXXXYZY', 'XXIIYXZZII', 'YXZZIZYYII', 'XXXZIIZZZY', 'XXIYIIXYZY', 'YYIZZZIZXY', 'XYXZXXXYZY', 'XXZXZIIIYI', 'YZZZXYZZZY', 'IXIZXXZZYI', 'XYXZXXXYZY', 'XXIYIIXYZY', 'XYZYIZZIYI', 'IXIZXXZZYI', 'YZZZXYZZZY', 'IIZIZZYYXY', 'XXIIYXZZII', 'XXIYIIXYZY', 'ZZXZXXIIZY', 'XYYZIIZIZY', 'XYXZXXXYZY', 'XXIIYXZZII', 'IIZIZZYYXY', 'XXIYIIXYZY', 'XXXZIIZZZY', 'XXZXZIIIYI', 'ZZXZXXIIZY', 'XYZYIZZIYI', 'IIZIZZYYXY', 'YXZZIZYYII', 'XXIIYXZZII', 'XXXZIIZZZY', 'XYYYIZZZII', 'XXZXZIIIYI', 'YYIZZZIZXY', 'XYYZIIZIZY']
 Finished:      -7.822327745130
 Error:       0.001099194718
2.5




 --------------------------------------------------------------------------
                         ADAPT-VQE iteration:  38
 --------------------------------------------------------------------------
['XXXZIIZZZY', 'IIZIZZYYXY', 'XYYYIZZZII', 'XYXZXXXYZY', 'XXIIYXZZII', 'YXZZIZYYII', 'XXXZIIZZZY', 'XXIYIIXYZY', 'YYIZZZIZXY', 'XYXZXXXYZY', 'XXZXZIIIYI', 'YZZZXYZZZY', 'IXIZXXZZYI', 'XYXZXXXYZY', 'XXIYIIXYZY', 'XYZYIZZIYI', 'IXIZXXZZYI', 'YZZZXYZZZY', 'IIZIZZYYXY', 'XXIIYXZZII', 'XXIYIIXYZY', 'ZZXZXXIIZY', 'XYYZIIZIZY', 'XYXZXXXYZY', 'XXIIYXZZII', 'IIZIZZYYXY', 'XXIYIIXYZY', 'XXXZIIZZZY', 'XXZXZIIIYI', 'ZZXZXXIIZY', 'XYZYIZZIYI', 'IIZIZZYYXY', 'YXZZIZYYII', 'XXIIYXZZII', 'XXXZIIZZZY', 'XYYYIZZZII', 'XXZXZIIIYI', 'YYIZZZIZXY', 'XYYZIIZIZY']
 Finished:      -7.822360792389
 Error:       0.001066147458
2.5




 --------------------------------------------------------------------------
                         ADAPT-VQE iteration:  39
 --------------------------------------------------------------------------
['ZZXZXXIIZY', 'XXXZIIZZZY', 'IIZIZZYYXY', 'XYYYIZZZII', 'XYXZXXXYZY', 'XXIIYXZZII', 'YXZZIZYYII', 'XXXZIIZZZY', 'XXIYIIXYZY', 'YYIZZZIZXY', 'XYXZXXXYZY', 'XXZXZIIIYI', 'YZZZXYZZZY', 'IXIZXXZZYI', 'XYXZXXXYZY', 'XXIYIIXYZY', 'XYZYIZZIYI', 'IXIZXXZZYI', 'YZZZXYZZZY', 'IIZIZZYYXY', 'XXIIYXZZII', 'XXIYIIXYZY', 'ZZXZXXIIZY', 'XYYZIIZIZY', 'XYXZXXXYZY', 'XXIIYXZZII', 'IIZIZZYYXY', 'XXIYIIXYZY', 'XXXZIIZZZY', 'XXZXZIIIYI', 'ZZXZXXIIZY', 'XYZYIZZIYI', 'IIZIZZYYXY', 'YXZZIZYYII', 'XXIIYXZZII', 'XXXZIIZZZY', 'XYYYIZZZII', 'XXZXZIIIYI', 'YYIZZZIZXY', 'XYYZIIZIZY']
 Finished:      -7.822361420694
 Error:       0.001065519153
2.5




 --------------------------------------------------------------------------
                         ADAPT-VQE iteration:  40
 --------------------------------------------------------------------------
['IXIZXXZZYI', 'ZZXZXXIIZY', 'XXXZIIZZZY', 'IIZIZZYYXY', 'XYYYIZZZII', 'XYXZXXXYZY', 'XXIIYXZZII', 'YXZZIZYYII', 'XXXZIIZZZY', 'XXIYIIXYZY', 'YYIZZZIZXY', 'XYXZXXXYZY', 'XXZXZIIIYI', 'YZZZXYZZZY', 'IXIZXXZZYI', 'XYXZXXXYZY', 'XXIYIIXYZY', 'XYZYIZZIYI', 'IXIZXXZZYI', 'YZZZXYZZZY', 'IIZIZZYYXY', 'XXIIYXZZII', 'XXIYIIXYZY', 'ZZXZXXIIZY', 'XYYZIIZIZY', 'XYXZXXXYZY', 'XXIIYXZZII', 'IIZIZZYYXY', 'XXIYIIXYZY', 'XXXZIIZZZY', 'XXZXZIIIYI', 'ZZXZXXIIZY', 'XYZYIZZIYI', 'IIZIZZYYXY', 'YXZZIZYYII', 'XXIIYXZZII', 'XXXZIIZZZY', 'XYYYIZZZII', 'XXZXZIIIYI', 'YYIZZZIZXY', 'XYYZIIZIZY']
 Finished:      -7.822361594410
 Error:       0.001065345438
2.5




 --------------------------------------------------------------------------
                         ADAPT-VQE iteration:  41
 --------------------------------------------------------------------------
['XYZYIZZIYI', 'IXIZXXZZYI', 'ZZXZXXIIZY', 'XXXZIIZZZY', 'IIZIZZYYXY', 'XYYYIZZZII', 'XYXZXXXYZY', 'XXIIYXZZII', 'YXZZIZYYII', 'XXXZIIZZZY', 'XXIYIIXYZY', 'YYIZZZIZXY', 'XYXZXXXYZY', 'XXZXZIIIYI', 'YZZZXYZZZY', 'IXIZXXZZYI', 'XYXZXXXYZY', 'XXIYIIXYZY', 'XYZYIZZIYI', 'IXIZXXZZYI', 'YZZZXYZZZY', 'IIZIZZYYXY', 'XXIIYXZZII', 'XXIYIIXYZY', 'ZZXZXXIIZY', 'XYYZIIZIZY', 'XYXZXXXYZY', 'XXIIYXZZII', 'IIZIZZYYXY', 'XXIYIIXYZY', 'XXXZIIZZZY', 'XXZXZIIIYI', 'ZZXZXXIIZY', 'XYZYIZZIYI', 'IIZIZZYYXY', 'YXZZIZYYII', 'XXIIYXZZII', 'XXXZIIZZZY', 'XYYYIZZZII', 'XXZXZIIIYI', 'YYIZZZIZXY', 'XYYZIIZIZY']
 Finished:      -7.822364152612
 Error:       0.001062787235
2.5




 --------------------------------------------------------------------------
                         ADAPT-VQE iteration:  42
 --------------------------------------------------------------------------
['YZZZXYZZZY', 'XYZYIZZIYI', 'IXIZXXZZYI', 'ZZXZXXIIZY', 'XXXZIIZZZY', 'IIZIZZYYXY', 'XYYYIZZZII', 'XYXZXXXYZY', 'XXIIYXZZII', 'YXZZIZYYII', 'XXXZIIZZZY', 'XXIYIIXYZY', 'YYIZZZIZXY', 'XYXZXXXYZY', 'XXZXZIIIYI', 'YZZZXYZZZY', 'IXIZXXZZYI', 'XYXZXXXYZY', 'XXIYIIXYZY', 'XYZYIZZIYI', 'IXIZXXZZYI', 'YZZZXYZZZY', 'IIZIZZYYXY', 'XXIIYXZZII', 'XXIYIIXYZY', 'ZZXZXXIIZY', 'XYYZIIZIZY', 'XYXZXXXYZY', 'XXIIYXZZII', 'IIZIZZYYXY', 'XXIYIIXYZY', 'XXXZIIZZZY', 'XXZXZIIIYI', 'ZZXZXXIIZY', 'XYZYIZZIYI', 'IIZIZZYYXY', 'YXZZIZYYII', 'XXIIYXZZII', 'XXXZIIZZZY', 'XYYYIZZZII', 'XXZXZIIIYI', 'YYIZZZIZXY', 'XYYZIIZIZY']
 Finished:      -7.822364199890
 Error:       0.001062739958
2.5




 --------------------------------------------------------------------------
                         ADAPT-VQE iteration:  43
 --------------------------------------------------------------------------
['XYYZIIZIZY', 'YZZZXYZZZY', 'XYZYIZZIYI', 'IXIZXXZZYI', 'ZZXZXXIIZY', 'XXXZIIZZZY', 'IIZIZZYYXY', 'XYYYIZZZII', 'XYXZXXXYZY', 'XXIIYXZZII', 'YXZZIZYYII', 'XXXZIIZZZY', 'XXIYIIXYZY', 'YYIZZZIZXY', 'XYXZXXXYZY', 'XXZXZIIIYI', 'YZZZXYZZZY', 'IXIZXXZZYI', 'XYXZXXXYZY', 'XXIYIIXYZY', 'XYZYIZZIYI', 'IXIZXXZZYI', 'YZZZXYZZZY', 'IIZIZZYYXY', 'XXIIYXZZII', 'XXIYIIXYZY', 'ZZXZXXIIZY', 'XYYZIIZIZY', 'XYXZXXXYZY', 'XXIIYXZZII', 'IIZIZZYYXY', 'XXIYIIXYZY', 'XXXZIIZZZY', 'XXZXZIIIYI', 'ZZXZXXIIZY', 'XYZYIZZIYI', 'IIZIZZYYXY', 'YXZZIZYYII', 'XXIIYXZZII', 'XXXZIIZZZY', 'XYYYIZZZII', 'XXZXZIIIYI', 'YYIZZZIZXY', 'XYYZIIZIZY']
 Finished:      -7.823419893060
 Error:       0.000007046787
2.5




 --------------------------------------------------------------------------
                         ADAPT-VQE iteration:  44
 --------------------------------------------------------------------------
['XXIYIIXYZY', 'XYYZIIZIZY', 'YZZZXYZZZY', 'XYZYIZZIYI', 'IXIZXXZZYI', 'ZZXZXXIIZY', 'XXXZIIZZZY', 'IIZIZZYYXY', 'XYYYIZZZII', 'XYXZXXXYZY', 'XXIIYXZZII', 'YXZZIZYYII', 'XXXZIIZZZY', 'XXIYIIXYZY', 'YYIZZZIZXY', 'XYXZXXXYZY', 'XXZXZIIIYI', 'YZZZXYZZZY', 'IXIZXXZZYI', 'XYXZXXXYZY', 'XXIYIIXYZY', 'XYZYIZZIYI', 'IXIZXXZZYI', 'YZZZXYZZZY', 'IIZIZZYYXY', 'XXIIYXZZII', 'XXIYIIXYZY', 'ZZXZXXIIZY', 'XYYZIIZIZY', 'XYXZXXXYZY', 'XXIIYXZZII', 'IIZIZZYYXY', 'XXIYIIXYZY', 'XXXZIIZZZY', 'XXZXZIIIYI', 'ZZXZXXIIZY', 'XYZYIZZIYI', 'IIZIZZYYXY', 'YXZZIZYYII', 'XXIIYXZZII', 'XXXZIIZZZY', 'XYYYIZZZII', 'XXZXZIIIYI', 'YYIZZZIZXY', 'XYYZIIZIZY']
 Finished:      -7.823420515435
 Error:       0.000006424412
2.5




 --------------------------------------------------------------------------
                         ADAPT-VQE iteration:  45
 --------------------------------------------------------------------------
['YZZZXYZZZY', 'XXIYIIXYZY', 'XYYZIIZIZY', 'YZZZXYZZZY', 'XYZYIZZIYI', 'IXIZXXZZYI', 'ZZXZXXIIZY', 'XXXZIIZZZY', 'IIZIZZYYXY', 'XYYYIZZZII', 'XYXZXXXYZY', 'XXIIYXZZII', 'YXZZIZYYII', 'XXXZIIZZZY', 'XXIYIIXYZY', 'YYIZZZIZXY', 'XYXZXXXYZY', 'XXZXZIIIYI', 'YZZZXYZZZY', 'IXIZXXZZYI', 'XYXZXXXYZY', 'XXIYIIXYZY', 'XYZYIZZIYI', 'IXIZXXZZYI', 'YZZZXYZZZY', 'IIZIZZYYXY', 'XXIIYXZZII', 'XXIYIIXYZY', 'ZZXZXXIIZY', 'XYYZIIZIZY', 'XYXZXXXYZY', 'XXIIYXZZII', 'IIZIZZYYXY', 'XXIYIIXYZY', 'XXXZIIZZZY', 'XXZXZIIIYI', 'ZZXZXXIIZY', 'XYZYIZZIYI', 'IIZIZZYYXY', 'YXZZIZYYII', 'XXIIYXZZII', 'XXXZIIZZZY', 'XYYYIZZZII', 'XXZXZIIIYI', 'YYIZZZIZXY', 'XYYZIIZIZY']
 Finished:      -7.823420712179
 Error:       0.000006227668
2.5




 --------------------------------------------------------------------------
                         ADAPT-VQE iteration:  46
 --------------------------------------------------------------------------
['XYXZXXXYZY', 'YZZZXYZZZY', 'XXIYIIXYZY', 'XYYZIIZIZY', 'YZZZXYZZZY', 'XYZYIZZIYI', 'IXIZXXZZYI', 'ZZXZXXIIZY', 'XXXZIIZZZY', 'IIZIZZYYXY', 'XYYYIZZZII', 'XYXZXXXYZY', 'XXIIYXZZII', 'YXZZIZYYII', 'XXXZIIZZZY', 'XXIYIIXYZY', 'YYIZZZIZXY', 'XYXZXXXYZY', 'XXZXZIIIYI', 'YZZZXYZZZY', 'IXIZXXZZYI', 'XYXZXXXYZY', 'XXIYIIXYZY', 'XYZYIZZIYI', 'IXIZXXZZYI', 'YZZZXYZZZY', 'IIZIZZYYXY', 'XXIIYXZZII', 'XXIYIIXYZY', 'ZZXZXXIIZY', 'XYYZIIZIZY', 'XYXZXXXYZY', 'XXIIYXZZII', 'IIZIZZYYXY', 'XXIYIIXYZY', 'XXXZIIZZZY', 'XXZXZIIIYI', 'ZZXZXXIIZY', 'XYZYIZZIYI', 'IIZIZZYYXY', 'YXZZIZYYII', 'XXIIYXZZII', 'XXXZIIZZZY', 'XYYYIZZZII', 'XXZXZIIIYI', 'YYIZZZIZXY', 'XYYZIIZIZY']
 Finished:      -7.823420741241
 Error:       0.000006198607
2.5




 --------------------------------------------------------------------------
                         ADAPT-VQE iteration:  47
 --------------------------------------------------------------------------
['IIZIZZYYXY', 'XYXZXXXYZY', 'YZZZXYZZZY', 'XXIYIIXYZY', 'XYYZIIZIZY', 'YZZZXYZZZY', 'XYZYIZZIYI', 'IXIZXXZZYI', 'ZZXZXXIIZY', 'XXXZIIZZZY', 'IIZIZZYYXY', 'XYYYIZZZII', 'XYXZXXXYZY', 'XXIIYXZZII', 'YXZZIZYYII', 'XXXZIIZZZY', 'XXIYIIXYZY', 'YYIZZZIZXY', 'XYXZXXXYZY', 'XXZXZIIIYI', 'YZZZXYZZZY', 'IXIZXXZZYI', 'XYXZXXXYZY', 'XXIYIIXYZY', 'XYZYIZZIYI', 'IXIZXXZZYI', 'YZZZXYZZZY', 'IIZIZZYYXY', 'XXIIYXZZII', 'XXIYIIXYZY', 'ZZXZXXIIZY', 'XYYZIIZIZY', 'XYXZXXXYZY', 'XXIIYXZZII', 'IIZIZZYYXY', 'XXIYIIXYZY', 'XXXZIIZZZY', 'XXZXZIIIYI', 'ZZXZXXIIZY', 'XYZYIZZIYI', 'IIZIZZYYXY', 'YXZZIZYYII', 'XXIIYXZZII', 'XXXZIIZZZY', 'XYYYIZZZII', 'XXZXZIIIYI', 'YYIZZZIZXY', 'XYYZIIZIZY']
 Finished:      -7.823420988572
 Error:       0.000005951276
2.5




 --------------------------------------------------------------------------
                         ADAPT-VQE iteration:  48
 --------------------------------------------------------------------------
['XXIIYXZZII', 'IIZIZZYYXY', 'XYXZXXXYZY', 'YZZZXYZZZY', 'XXIYIIXYZY', 'XYYZIIZIZY', 'YZZZXYZZZY', 'XYZYIZZIYI', 'IXIZXXZZYI', 'ZZXZXXIIZY', 'XXXZIIZZZY', 'IIZIZZYYXY', 'XYYYIZZZII', 'XYXZXXXYZY', 'XXIIYXZZII', 'YXZZIZYYII', 'XXXZIIZZZY', 'XXIYIIXYZY', 'YYIZZZIZXY', 'XYXZXXXYZY', 'XXZXZIIIYI', 'YZZZXYZZZY', 'IXIZXXZZYI', 'XYXZXXXYZY', 'XXIYIIXYZY', 'XYZYIZZIYI', 'IXIZXXZZYI', 'YZZZXYZZZY', 'IIZIZZYYXY', 'XXIIYXZZII', 'XXIYIIXYZY', 'ZZXZXXIIZY', 'XYYZIIZIZY', 'XYXZXXXYZY', 'XXIIYXZZII', 'IIZIZZYYXY', 'XXIYIIXYZY', 'XXXZIIZZZY', 'XXZXZIIIYI', 'ZZXZXXIIZY', 'XYZYIZZIYI', 'IIZIZZYYXY', 'YXZZIZYYII', 'XXIIYXZZII', 'XXXZIIZZZY', 'XYYYIZZZII', 'XXZXZIIIYI', 'YYIZZZIZXY', 'XYYZIIZIZY']
 Finished:      -7.823421414284
 Error:       0.000005525564
2.5




 --------------------------------------------------------------------------
                         ADAPT-VQE iteration:  49
 --------------------------------------------------------------------------
['IXIZXXZZYI', 'XXIIYXZZII', 'IIZIZZYYXY', 'XYXZXXXYZY', 'YZZZXYZZZY', 'XXIYIIXYZY', 'XYYZIIZIZY', 'YZZZXYZZZY', 'XYZYIZZIYI', 'IXIZXXZZYI', 'ZZXZXXIIZY', 'XXXZIIZZZY', 'IIZIZZYYXY', 'XYYYIZZZII', 'XYXZXXXYZY', 'XXIIYXZZII', 'YXZZIZYYII', 'XXXZIIZZZY', 'XXIYIIXYZY', 'YYIZZZIZXY', 'XYXZXXXYZY', 'XXZXZIIIYI', 'YZZZXYZZZY', 'IXIZXXZZYI', 'XYXZXXXYZY', 'XXIYIIXYZY', 'XYZYIZZIYI', 'IXIZXXZZYI', 'YZZZXYZZZY', 'IIZIZZYYXY', 'XXIIYXZZII', 'XXIYIIXYZY', 'ZZXZXXIIZY', 'XYYZIIZIZY', 'XYXZXXXYZY', 'XXIIYXZZII', 'IIZIZZYYXY', 'XXIYIIXYZY', 'XXXZIIZZZY', 'XXZXZIIIYI', 'ZZXZXXIIZY', 'XYZYIZZIYI', 'IIZIZZYYXY', 'YXZZIZYYII', 'XXIIYXZZII', 'XXXZIIZZZY', 'XYYYIZZZII', 'XXZXZIIIYI', 'YYIZZZIZXY', 'XYYZIIZIZY']
 Finished:      -7.823422868165
 Error:       0.000004071682
2.5




 --------------------------------------------------------------------------
                         ADAPT-VQE iteration:  50
 --------------------------------------------------------------------------
['XXXZIIZZZY', 'IXIZXXZZYI', 'XXIIYXZZII', 'IIZIZZYYXY', 'XYXZXXXYZY', 'YZZZXYZZZY', 'XXIYIIXYZY', 'XYYZIIZIZY', 'YZZZXYZZZY', 'XYZYIZZIYI', 'IXIZXXZZYI', 'ZZXZXXIIZY', 'XXXZIIZZZY', 'IIZIZZYYXY', 'XYYYIZZZII', 'XYXZXXXYZY', 'XXIIYXZZII', 'YXZZIZYYII', 'XXXZIIZZZY', 'XXIYIIXYZY', 'YYIZZZIZXY', 'XYXZXXXYZY', 'XXZXZIIIYI', 'YZZZXYZZZY', 'IXIZXXZZYI', 'XYXZXXXYZY', 'XXIYIIXYZY', 'XYZYIZZIYI', 'IXIZXXZZYI', 'YZZZXYZZZY', 'IIZIZZYYXY', 'XXIIYXZZII', 'XXIYIIXYZY', 'ZZXZXXIIZY', 'XYYZIIZIZY', 'XYXZXXXYZY', 'XXIIYXZZII', 'IIZIZZYYXY', 'XXIYIIXYZY', 'XXXZIIZZZY', 'XXZXZIIIYI', 'ZZXZXXIIZY', 'XYZYIZZIYI', 'IIZIZZYYXY', 'YXZZIZYYII', 'XXIIYXZZII', 'XXXZIIZZZY', 'XYYYIZZZII', 'XXZXZIIIYI', 'YYIZZZIZXY', 'XYYZIIZIZY']
 Finished:      -7.823425304299
 Error:       0.000001635549
2.5




 --------------------------------------------------------------------------
                         ADAPT-VQE iteration:  51
 --------------------------------------------------------------------------
['XYXZXXXYZY', 'XXXZIIZZZY', 'IXIZXXZZYI', 'XXIIYXZZII', 'IIZIZZYYXY', 'XYXZXXXYZY', 'YZZZXYZZZY', 'XXIYIIXYZY', 'XYYZIIZIZY', 'YZZZXYZZZY', 'XYZYIZZIYI', 'IXIZXXZZYI', 'ZZXZXXIIZY', 'XXXZIIZZZY', 'IIZIZZYYXY', 'XYYYIZZZII', 'XYXZXXXYZY', 'XXIIYXZZII', 'YXZZIZYYII', 'XXXZIIZZZY', 'XXIYIIXYZY', 'YYIZZZIZXY', 'XYXZXXXYZY', 'XXZXZIIIYI', 'YZZZXYZZZY', 'IXIZXXZZYI', 'XYXZXXXYZY', 'XXIYIIXYZY', 'XYZYIZZIYI', 'IXIZXXZZYI', 'YZZZXYZZZY', 'IIZIZZYYXY', 'XXIIYXZZII', 'XXIYIIXYZY', 'ZZXZXXIIZY', 'XYYZIIZIZY', 'XYXZXXXYZY', 'XXIIYXZZII', 'IIZIZZYYXY', 'XXIYIIXYZY', 'XXXZIIZZZY', 'XXZXZIIIYI', 'ZZXZXXIIZY', 'XYZYIZZIYI', 'IIZIZZYYXY', 'YXZZIZYYII', 'XXIIYXZZII', 'XXXZIIZZZY', 'XYYYIZZZII', 'XXZXZIIIYI', 'YYIZZZIZXY', 'XYYZIIZIZY']
 Finished:      -7.823425465879
 Error:       0.000001473969
2.5




 --------------------------------------------------------------------------
                         ADAPT-VQE iteration:  52
 --------------------------------------------------------------------------
['YZZZXYZZZY', 'XYXZXXXYZY', 'XXXZIIZZZY', 'IXIZXXZZYI', 'XXIIYXZZII', 'IIZIZZYYXY', 'XYXZXXXYZY', 'YZZZXYZZZY', 'XXIYIIXYZY', 'XYYZIIZIZY', 'YZZZXYZZZY', 'XYZYIZZIYI', 'IXIZXXZZYI', 'ZZXZXXIIZY', 'XXXZIIZZZY', 'IIZIZZYYXY', 'XYYYIZZZII', 'XYXZXXXYZY', 'XXIIYXZZII', 'YXZZIZYYII', 'XXXZIIZZZY', 'XXIYIIXYZY', 'YYIZZZIZXY', 'XYXZXXXYZY', 'XXZXZIIIYI', 'YZZZXYZZZY', 'IXIZXXZZYI', 'XYXZXXXYZY', 'XXIYIIXYZY', 'XYZYIZZIYI', 'IXIZXXZZYI', 'YZZZXYZZZY', 'IIZIZZYYXY', 'XXIIYXZZII', 'XXIYIIXYZY', 'ZZXZXXIIZY', 'XYYZIIZIZY', 'XYXZXXXYZY', 'XXIIYXZZII', 'IIZIZZYYXY', 'XXIYIIXYZY', 'XXXZIIZZZY', 'XXZXZIIIYI', 'ZZXZXXIIZY', 'XYZYIZZIYI', 'IIZIZZYYXY', 'YXZZIZYYII', 'XXIIYXZZII', 'XXXZIIZZZY', 'XYYYIZZZII', 'XXZXZIIIYI', 'YYIZZZIZXY', 'XYYZIIZIZY']
 Finished:      -7.823425699095
 Error:       0.000001240752
2.5




 --------------------------------------------------------------------------
                         ADAPT-VQE iteration:  53
 --------------------------------------------------------------------------
['XYYYIZZZII', 'YZZZXYZZZY', 'XYXZXXXYZY', 'XXXZIIZZZY', 'IXIZXXZZYI', 'XXIIYXZZII', 'IIZIZZYYXY', 'XYXZXXXYZY', 'YZZZXYZZZY', 'XXIYIIXYZY', 'XYYZIIZIZY', 'YZZZXYZZZY', 'XYZYIZZIYI', 'IXIZXXZZYI', 'ZZXZXXIIZY', 'XXXZIIZZZY', 'IIZIZZYYXY', 'XYYYIZZZII', 'XYXZXXXYZY', 'XXIIYXZZII', 'YXZZIZYYII', 'XXXZIIZZZY', 'XXIYIIXYZY', 'YYIZZZIZXY', 'XYXZXXXYZY', 'XXZXZIIIYI', 'YZZZXYZZZY', 'IXIZXXZZYI', 'XYXZXXXYZY', 'XXIYIIXYZY', 'XYZYIZZIYI', 'IXIZXXZZYI', 'YZZZXYZZZY', 'IIZIZZYYXY', 'XXIIYXZZII', 'XXIYIIXYZY', 'ZZXZXXIIZY', 'XYYZIIZIZY', 'XYXZXXXYZY', 'XXIIYXZZII', 'IIZIZZYYXY', 'XXIYIIXYZY', 'XXXZIIZZZY', 'XXZXZIIIYI', 'ZZXZXXIIZY', 'XYZYIZZIYI', 'IIZIZZYYXY', 'YXZZIZYYII', 'XXIIYXZZII', 'XXXZIIZZZY', 'XYYYIZZZII', 'XXZXZIIIYI', 'YYIZZZIZXY', 'XYYZIIZIZY']
 Finished:      -7.823426447680
 Error:       0.000000492167
2.5




 --------------------------------------------------------------------------
                         ADAPT-VQE iteration:  54
 --------------------------------------------------------------------------
['XYXZXXXYZY', 'XYYYIZZZII', 'YZZZXYZZZY', 'XYXZXXXYZY', 'XXXZIIZZZY', 'IXIZXXZZYI', 'XXIIYXZZII', 'IIZIZZYYXY', 'XYXZXXXYZY', 'YZZZXYZZZY', 'XXIYIIXYZY', 'XYYZIIZIZY', 'YZZZXYZZZY', 'XYZYIZZIYI', 'IXIZXXZZYI', 'ZZXZXXIIZY', 'XXXZIIZZZY', 'IIZIZZYYXY', 'XYYYIZZZII', 'XYXZXXXYZY', 'XXIIYXZZII', 'YXZZIZYYII', 'XXXZIIZZZY', 'XXIYIIXYZY', 'YYIZZZIZXY', 'XYXZXXXYZY', 'XXZXZIIIYI', 'YZZZXYZZZY', 'IXIZXXZZYI', 'XYXZXXXYZY', 'XXIYIIXYZY', 'XYZYIZZIYI', 'IXIZXXZZYI', 'YZZZXYZZZY', 'IIZIZZYYXY', 'XXIIYXZZII', 'XXIYIIXYZY', 'ZZXZXXIIZY', 'XYYZIIZIZY', 'XYXZXXXYZY', 'XXIIYXZZII', 'IIZIZZYYXY', 'XXIYIIXYZY', 'XXXZIIZZZY', 'XXZXZIIIYI', 'ZZXZXXIIZY', 'XYZYIZZIYI', 'IIZIZZYYXY', 'YXZZIZYYII', 'XXIIYXZZII', 'XXXZIIZZZY', 'XYYYIZZZII', 'XXZXZIIIYI', 'YYIZZZIZXY', 'XYYZIIZIZY']
 Finished:      -7.823426457474
 Error:       0.000000482374
2.5




 --------------------------------------------------------------------------
                         ADAPT-VQE iteration:  55
 --------------------------------------------------------------------------
['XXIYIIXYZY', 'XYXZXXXYZY', 'XYYYIZZZII', 'YZZZXYZZZY', 'XYXZXXXYZY', 'XXXZIIZZZY', 'IXIZXXZZYI', 'XXIIYXZZII', 'IIZIZZYYXY', 'XYXZXXXYZY', 'YZZZXYZZZY', 'XXIYIIXYZY', 'XYYZIIZIZY', 'YZZZXYZZZY', 'XYZYIZZIYI', 'IXIZXXZZYI', 'ZZXZXXIIZY', 'XXXZIIZZZY', 'IIZIZZYYXY', 'XYYYIZZZII', 'XYXZXXXYZY', 'XXIIYXZZII', 'YXZZIZYYII', 'XXXZIIZZZY', 'XXIYIIXYZY', 'YYIZZZIZXY', 'XYXZXXXYZY', 'XXZXZIIIYI', 'YZZZXYZZZY', 'IXIZXXZZYI', 'XYXZXXXYZY', 'XXIYIIXYZY', 'XYZYIZZIYI', 'IXIZXXZZYI', 'YZZZXYZZZY', 'IIZIZZYYXY', 'XXIIYXZZII', 'XXIYIIXYZY', 'ZZXZXXIIZY', 'XYYZIIZIZY', 'XYXZXXXYZY', 'XXIIYXZZII', 'IIZIZZYYXY', 'XXIYIIXYZY', 'XXXZIIZZZY', 'XXZXZIIIYI', 'ZZXZXXIIZY', 'XYZYIZZIYI', 'IIZIZZYYXY', 'YXZZIZYYII', 'XXIIYXZZII', 'XXXZIIZZZY', 'XYYYIZZZII', 'XXZXZIIIYI', 'YYIZZZIZXY', 'XYYZIIZIZY']
 Finished:      -7.823426462579
 Error:       0.000000477269
2.5




 --------------------------------------------------------------------------
                         ADAPT-VQE iteration:  56
 --------------------------------------------------------------------------
['YZZZXYZZZY', 'XXIYIIXYZY', 'XYXZXXXYZY', 'XYYYIZZZII', 'YZZZXYZZZY', 'XYXZXXXYZY', 'XXXZIIZZZY', 'IXIZXXZZYI', 'XXIIYXZZII', 'IIZIZZYYXY', 'XYXZXXXYZY', 'YZZZXYZZZY', 'XXIYIIXYZY', 'XYYZIIZIZY', 'YZZZXYZZZY', 'XYZYIZZIYI', 'IXIZXXZZYI', 'ZZXZXXIIZY', 'XXXZIIZZZY', 'IIZIZZYYXY', 'XYYYIZZZII', 'XYXZXXXYZY', 'XXIIYXZZII', 'YXZZIZYYII', 'XXXZIIZZZY', 'XXIYIIXYZY', 'YYIZZZIZXY', 'XYXZXXXYZY', 'XXZXZIIIYI', 'YZZZXYZZZY', 'IXIZXXZZYI', 'XYXZXXXYZY', 'XXIYIIXYZY', 'XYZYIZZIYI', 'IXIZXXZZYI', 'YZZZXYZZZY', 'IIZIZZYYXY', 'XXIIYXZZII', 'XXIYIIXYZY', 'ZZXZXXIIZY', 'XYYZIIZIZY', 'XYXZXXXYZY', 'XXIIYXZZII', 'IIZIZZYYXY', 'XXIYIIXYZY', 'XXXZIIZZZY', 'XXZXZIIIYI', 'ZZXZXXIIZY', 'XYZYIZZIYI', 'IIZIZZYYXY', 'YXZZIZYYII', 'XXIIYXZZII', 'XXXZIIZZZY', 'XYYYIZZZII', 'XXZXZIIIYI', 'YYIZZZIZXY', 'XYYZIIZIZY']
 Finished:      -7.823426474552
 Error:       0.000000465296
2.5




 --------------------------------------------------------------------------
                         ADAPT-VQE iteration:  57
 --------------------------------------------------------------------------
['IIZIZZYYXY', 'YZZZXYZZZY', 'XXIYIIXYZY', 'XYXZXXXYZY', 'XYYYIZZZII', 'YZZZXYZZZY', 'XYXZXXXYZY', 'XXXZIIZZZY', 'IXIZXXZZYI', 'XXIIYXZZII', 'IIZIZZYYXY', 'XYXZXXXYZY', 'YZZZXYZZZY', 'XXIYIIXYZY', 'XYYZIIZIZY', 'YZZZXYZZZY', 'XYZYIZZIYI', 'IXIZXXZZYI', 'ZZXZXXIIZY', 'XXXZIIZZZY', 'IIZIZZYYXY', 'XYYYIZZZII', 'XYXZXXXYZY', 'XXIIYXZZII', 'YXZZIZYYII', 'XXXZIIZZZY', 'XXIYIIXYZY', 'YYIZZZIZXY', 'XYXZXXXYZY', 'XXZXZIIIYI', 'YZZZXYZZZY', 'IXIZXXZZYI', 'XYXZXXXYZY', 'XXIYIIXYZY', 'XYZYIZZIYI', 'IXIZXXZZYI', 'YZZZXYZZZY', 'IIZIZZYYXY', 'XXIIYXZZII', 'XXIYIIXYZY', 'ZZXZXXIIZY', 'XYYZIIZIZY', 'XYXZXXXYZY', 'XXIIYXZZII', 'IIZIZZYYXY', 'XXIYIIXYZY', 'XXXZIIZZZY', 'XXZXZIIIYI', 'ZZXZXXIIZY', 'XYZYIZZIYI', 'IIZIZZYYXY', 'YXZZIZYYII', 'XXIIYXZZII', 'XXXZIIZZZY', 'XYYYIZZZII', 'XXZXZIIIYI', 'YYIZZZIZXY', 'XYYZIIZIZY']
 Finished:      -7.823426482275
 Error:       0.000000457573
2.5




 --------------------------------------------------------------------------
                         ADAPT-VQE iteration:  58
 --------------------------------------------------------------------------
['ZZXZXXIIZY', 'IIZIZZYYXY', 'YZZZXYZZZY', 'XXIYIIXYZY', 'XYXZXXXYZY', 'XYYYIZZZII', 'YZZZXYZZZY', 'XYXZXXXYZY', 'XXXZIIZZZY', 'IXIZXXZZYI', 'XXIIYXZZII', 'IIZIZZYYXY', 'XYXZXXXYZY', 'YZZZXYZZZY', 'XXIYIIXYZY', 'XYYZIIZIZY', 'YZZZXYZZZY', 'XYZYIZZIYI', 'IXIZXXZZYI', 'ZZXZXXIIZY', 'XXXZIIZZZY', 'IIZIZZYYXY', 'XYYYIZZZII', 'XYXZXXXYZY', 'XXIIYXZZII', 'YXZZIZYYII', 'XXXZIIZZZY', 'XXIYIIXYZY', 'YYIZZZIZXY', 'XYXZXXXYZY', 'XXZXZIIIYI', 'YZZZXYZZZY', 'IXIZXXZZYI', 'XYXZXXXYZY', 'XXIYIIXYZY', 'XYZYIZZIYI', 'IXIZXXZZYI', 'YZZZXYZZZY', 'IIZIZZYYXY', 'XXIIYXZZII', 'XXIYIIXYZY', 'ZZXZXXIIZY', 'XYYZIIZIZY', 'XYXZXXXYZY', 'XXIIYXZZII', 'IIZIZZYYXY', 'XXIYIIXYZY', 'XXXZIIZZZY', 'XXZXZIIIYI', 'ZZXZXXIIZY', 'XYZYIZZIYI', 'IIZIZZYYXY', 'YXZZIZYYII', 'XXIIYXZZII', 'XXXZIIZZZY', 'XYYYIZZZII', 'XXZXZIIIYI', 'YYIZZZIZXY', 'XYYZIIZIZY']
 Finished:      -7.823426715723
 Error:       0.000000224124
2.5




 --------------------------------------------------------------------------
                         ADAPT-VQE iteration:  59
 --------------------------------------------------------------------------
['IXIZXXZZYI', 'ZZXZXXIIZY', 'IIZIZZYYXY', 'YZZZXYZZZY', 'XXIYIIXYZY', 'XYXZXXXYZY', 'XYYYIZZZII', 'YZZZXYZZZY', 'XYXZXXXYZY', 'XXXZIIZZZY', 'IXIZXXZZYI', 'XXIIYXZZII', 'IIZIZZYYXY', 'XYXZXXXYZY', 'YZZZXYZZZY', 'XXIYIIXYZY', 'XYYZIIZIZY', 'YZZZXYZZZY', 'XYZYIZZIYI', 'IXIZXXZZYI', 'ZZXZXXIIZY', 'XXXZIIZZZY', 'IIZIZZYYXY', 'XYYYIZZZII', 'XYXZXXXYZY', 'XXIIYXZZII', 'YXZZIZYYII', 'XXXZIIZZZY', 'XXIYIIXYZY', 'YYIZZZIZXY', 'XYXZXXXYZY', 'XXZXZIIIYI', 'YZZZXYZZZY', 'IXIZXXZZYI', 'XYXZXXXYZY', 'XXIYIIXYZY', 'XYZYIZZIYI', 'IXIZXXZZYI', 'YZZZXYZZZY', 'IIZIZZYYXY', 'XXIIYXZZII', 'XXIYIIXYZY', 'ZZXZXXIIZY', 'XYYZIIZIZY', 'XYXZXXXYZY', 'XXIIYXZZII', 'IIZIZZYYXY', 'XXIYIIXYZY', 'XXXZIIZZZY', 'XXZXZIIIYI', 'ZZXZXXIIZY', 'XYZYIZZIYI', 'IIZIZZYYXY', 'YXZZIZYYII', 'XXIIYXZZII', 'XXXZIIZZZY', 'XYYYIZZZII', 'XXZXZIIIYI', 'YYIZZZIZXY', 'XYYZIIZIZY']
 Finished:      -7.823426721663
 Error:       0.000000218184
2.5




 --------------------------------------------------------------------------
                         ADAPT-VQE iteration:  60
 --------------------------------------------------------------------------
['YZZZXYZZZY', 'IXIZXXZZYI', 'ZZXZXXIIZY', 'IIZIZZYYXY', 'YZZZXYZZZY', 'XXIYIIXYZY', 'XYXZXXXYZY', 'XYYYIZZZII', 'YZZZXYZZZY', 'XYXZXXXYZY', 'XXXZIIZZZY', 'IXIZXXZZYI', 'XXIIYXZZII', 'IIZIZZYYXY', 'XYXZXXXYZY', 'YZZZXYZZZY', 'XXIYIIXYZY', 'XYYZIIZIZY', 'YZZZXYZZZY', 'XYZYIZZIYI', 'IXIZXXZZYI', 'ZZXZXXIIZY', 'XXXZIIZZZY', 'IIZIZZYYXY', 'XYYYIZZZII', 'XYXZXXXYZY', 'XXIIYXZZII', 'YXZZIZYYII', 'XXXZIIZZZY', 'XXIYIIXYZY', 'YYIZZZIZXY', 'XYXZXXXYZY', 'XXZXZIIIYI', 'YZZZXYZZZY', 'IXIZXXZZYI', 'XYXZXXXYZY', 'XXIYIIXYZY', 'XYZYIZZIYI', 'IXIZXXZZYI', 'YZZZXYZZZY', 'IIZIZZYYXY', 'XXIIYXZZII', 'XXIYIIXYZY', 'ZZXZXXIIZY', 'XYYZIIZIZY', 'XYXZXXXYZY', 'XXIIYXZZII', 'IIZIZZYYXY', 'XXIYIIXYZY', 'XXXZIIZZZY', 'XXZXZIIIYI', 'ZZXZXXIIZY', 'XYZYIZZIYI', 'IIZIZZYYXY', 'YXZZIZYYII', 'XXIIYXZZII', 'XXXZIIZZZY', 'XYYYIZZZII', 'XXZXZIIIYI', 'YYIZZZIZXY', 'XYYZIIZIZY']
 Finished:      -7.823426722512
 Error:       0.000000217335
2.5




 --------------------------------------------------------------------------
                         ADAPT-VQE iteration:  61
 --------------------------------------------------------------------------
['YXZZIZYYII', 'YZZZXYZZZY', 'IXIZXXZZYI', 'ZZXZXXIIZY', 'IIZIZZYYXY', 'YZZZXYZZZY', 'XXIYIIXYZY', 'XYXZXXXYZY', 'XYYYIZZZII', 'YZZZXYZZZY', 'XYXZXXXYZY', 'XXXZIIZZZY', 'IXIZXXZZYI', 'XXIIYXZZII', 'IIZIZZYYXY', 'XYXZXXXYZY', 'YZZZXYZZZY', 'XXIYIIXYZY', 'XYYZIIZIZY', 'YZZZXYZZZY', 'XYZYIZZIYI', 'IXIZXXZZYI', 'ZZXZXXIIZY', 'XXXZIIZZZY', 'IIZIZZYYXY', 'XYYYIZZZII', 'XYXZXXXYZY', 'XXIIYXZZII', 'YXZZIZYYII', 'XXXZIIZZZY', 'XXIYIIXYZY', 'YYIZZZIZXY', 'XYXZXXXYZY', 'XXZXZIIIYI', 'YZZZXYZZZY', 'IXIZXXZZYI', 'XYXZXXXYZY', 'XXIYIIXYZY', 'XYZYIZZIYI', 'IXIZXXZZYI', 'YZZZXYZZZY', 'IIZIZZYYXY', 'XXIIYXZZII', 'XXIYIIXYZY', 'ZZXZXXIIZY', 'XYYZIIZIZY', 'XYXZXXXYZY', 'XXIIYXZZII', 'IIZIZZYYXY', 'XXIYIIXYZY', 'XXXZIIZZZY', 'XXZXZIIIYI', 'ZZXZXXIIZY', 'XYZYIZZIYI', 'IIZIZZYYXY', 'YXZZIZYYII', 'XXIIYXZZII', 'XXXZIIZZZY', 'XYYYIZZZII', 'XXZXZIIIYI', 'YYIZZZIZXY', 'XYYZIIZIZY']
 Finished:      -7.823426783066
 Error:       0.000000156781
2.5




 --------------------------------------------------------------------------
                         ADAPT-VQE iteration:  62
 --------------------------------------------------------------------------
['IXIZXXZZYI', 'YXZZIZYYII', 'YZZZXYZZZY', 'IXIZXXZZYI', 'ZZXZXXIIZY', 'IIZIZZYYXY', 'YZZZXYZZZY', 'XXIYIIXYZY', 'XYXZXXXYZY', 'XYYYIZZZII', 'YZZZXYZZZY', 'XYXZXXXYZY', 'XXXZIIZZZY', 'IXIZXXZZYI', 'XXIIYXZZII', 'IIZIZZYYXY', 'XYXZXXXYZY', 'YZZZXYZZZY', 'XXIYIIXYZY', 'XYYZIIZIZY', 'YZZZXYZZZY', 'XYZYIZZIYI', 'IXIZXXZZYI', 'ZZXZXXIIZY', 'XXXZIIZZZY', 'IIZIZZYYXY', 'XYYYIZZZII', 'XYXZXXXYZY', 'XXIIYXZZII', 'YXZZIZYYII', 'XXXZIIZZZY', 'XXIYIIXYZY', 'YYIZZZIZXY', 'XYXZXXXYZY', 'XXZXZIIIYI', 'YZZZXYZZZY', 'IXIZXXZZYI', 'XYXZXXXYZY', 'XXIYIIXYZY', 'XYZYIZZIYI', 'IXIZXXZZYI', 'YZZZXYZZZY', 'IIZIZZYYXY', 'XXIIYXZZII', 'XXIYIIXYZY', 'ZZXZXXIIZY', 'XYYZIIZIZY', 'XYXZXXXYZY', 'XXIIYXZZII', 'IIZIZZYYXY', 'XXIYIIXYZY', 'XXXZIIZZZY', 'XXZXZIIIYI', 'ZZXZXXIIZY', 'XYZYIZZIYI', 'IIZIZZYYXY', 'YXZZIZYYII', 'XXIIYXZZII', 'XXXZIIZZZY', 'XYYYIZZZII', 'XXZXZIIIYI', 'YYIZZZIZXY', 'XYYZIIZIZY']
 Finished:      -7.823426795515
 Error:       0.000000144332
2.5




 --------------------------------------------------------------------------
                         ADAPT-VQE iteration:  63
 --------------------------------------------------------------------------
['XXXZIIZZZY', 'IXIZXXZZYI', 'YXZZIZYYII', 'YZZZXYZZZY', 'IXIZXXZZYI', 'ZZXZXXIIZY', 'IIZIZZYYXY', 'YZZZXYZZZY', 'XXIYIIXYZY', 'XYXZXXXYZY', 'XYYYIZZZII', 'YZZZXYZZZY', 'XYXZXXXYZY', 'XXXZIIZZZY', 'IXIZXXZZYI', 'XXIIYXZZII', 'IIZIZZYYXY', 'XYXZXXXYZY', 'YZZZXYZZZY', 'XXIYIIXYZY', 'XYYZIIZIZY', 'YZZZXYZZZY', 'XYZYIZZIYI', 'IXIZXXZZYI', 'ZZXZXXIIZY', 'XXXZIIZZZY', 'IIZIZZYYXY', 'XYYYIZZZII', 'XYXZXXXYZY', 'XXIIYXZZII', 'YXZZIZYYII', 'XXXZIIZZZY', 'XXIYIIXYZY', 'YYIZZZIZXY', 'XYXZXXXYZY', 'XXZXZIIIYI', 'YZZZXYZZZY', 'IXIZXXZZYI', 'XYXZXXXYZY', 'XXIYIIXYZY', 'XYZYIZZIYI', 'IXIZXXZZYI', 'YZZZXYZZZY', 'IIZIZZYYXY', 'XXIIYXZZII', 'XXIYIIXYZY', 'ZZXZXXIIZY', 'XYYZIIZIZY', 'XYXZXXXYZY', 'XXIIYXZZII', 'IIZIZZYYXY', 'XXIYIIXYZY', 'XXXZIIZZZY', 'XXZXZIIIYI', 'ZZXZXXIIZY', 'XYZYIZZIYI', 'IIZIZZYYXY', 'YXZZIZYYII', 'XXIIYXZZII', 'XXXZIIZZZY', 'XYYYIZZZII', 'XXZXZIIIYI', 'YYIZZZIZXY', 'XYYZIIZIZY']
 Finished:      -7.823426834208
 Error:       0.000000105640
2.5




 --------------------------------------------------------------------------
                         ADAPT-VQE iteration:  64
 --------------------------------------------------------------------------
['IIZIZZYYXY', 'XXXZIIZZZY', 'IXIZXXZZYI', 'YXZZIZYYII', 'YZZZXYZZZY', 'IXIZXXZZYI', 'ZZXZXXIIZY', 'IIZIZZYYXY', 'YZZZXYZZZY', 'XXIYIIXYZY', 'XYXZXXXYZY', 'XYYYIZZZII', 'YZZZXYZZZY', 'XYXZXXXYZY', 'XXXZIIZZZY', 'IXIZXXZZYI', 'XXIIYXZZII', 'IIZIZZYYXY', 'XYXZXXXYZY', 'YZZZXYZZZY', 'XXIYIIXYZY', 'XYYZIIZIZY', 'YZZZXYZZZY', 'XYZYIZZIYI', 'IXIZXXZZYI', 'ZZXZXXIIZY', 'XXXZIIZZZY', 'IIZIZZYYXY', 'XYYYIZZZII', 'XYXZXXXYZY', 'XXIIYXZZII', 'YXZZIZYYII', 'XXXZIIZZZY', 'XXIYIIXYZY', 'YYIZZZIZXY', 'XYXZXXXYZY', 'XXZXZIIIYI', 'YZZZXYZZZY', 'IXIZXXZZYI', 'XYXZXXXYZY', 'XXIYIIXYZY', 'XYZYIZZIYI', 'IXIZXXZZYI', 'YZZZXYZZZY', 'IIZIZZYYXY', 'XXIIYXZZII', 'XXIYIIXYZY', 'ZZXZXXIIZY', 'XYYZIIZIZY', 'XYXZXXXYZY', 'XXIIYXZZII', 'IIZIZZYYXY', 'XXIYIIXYZY', 'XXXZIIZZZY', 'XXZXZIIIYI', 'ZZXZXXIIZY', 'XYZYIZZIYI', 'IIZIZZYYXY', 'YXZZIZYYII', 'XXIIYXZZII', 'XXXZIIZZZY', 'XYYYIZZZII', 'XXZXZIIIYI', 'YYIZZZIZXY', 'XYYZIIZIZY']
 Finished:      -7.823426939847
 Error:       0.000000000000

 
 ------------------------------------------ 

