The list of distances to compute is: [1.0, 1.1, 1.2, 1.3, 1.4, 1.5, 1.6, 1.7, 1.8, 1.9, 2.0, 2.1, 2.2, 2.3, 2.4, 2.5, 2.6, 2.7, 2.8, 2.9, 3.0]
I am the distance: 2.2
Li 0 0 0; H 0 0 2.2
Problem reduced to 10 qubits.
HF energy:                 -7.8079943692729863
Active space FCI energy:    -7.8454099164106887
n_electrons: 2
0.0
molecule.n_orbitals: 5
 adapt threshold: 1e-08
 theta threshold: 1e-10
 Generate Sparse Matrices for operators in pool
Ground state energy: -7.845409916410716
initial energy -7.807994369272987
 Start ADAPT-VQE algorithm
 Now start to grow the ansatz




 --------------------------------------------------------------------------
                         ADAPT-VQE iteration:  0
 --------------------------------------------------------------------------
['XYYZIIZIZY']
 Finished:      -7.812241732414
 Error:       0.033168183997
2.2




 --------------------------------------------------------------------------
                         ADAPT-VQE iteration:  1
 --------------------------------------------------------------------------
['YYIZZZIZXY', 'XYYZIIZIZY']
 Finished:      -7.837102447537
 Error:       0.008307468874
2.2




 --------------------------------------------------------------------------
                         ADAPT-VQE iteration:  2
 --------------------------------------------------------------------------
['XXZXZIIIYI', 'YYIZZZIZXY', 'XYYZIIZIZY']
 Finished:      -7.841046519183
 Error:       0.004363397228
2.2




 --------------------------------------------------------------------------
                         ADAPT-VQE iteration:  3
 --------------------------------------------------------------------------
['XXZXZIIIYI', 'XYYYIZZZII', 'YYIZZZIZXY', 'XYYZIIZIZY']
 Finished:      -7.843169981472
 Error:       0.002239934938
2.2




 --------------------------------------------------------------------------
                         ADAPT-VQE iteration:  4
 --------------------------------------------------------------------------
['XXIIYXZZII', 'XXZXZIIIYI', 'XYYYIZZZII', 'YYIZZZIZXY', 'XYYZIIZIZY']
 Finished:      -7.843363449999
 Error:       0.002046466412
2.2




 --------------------------------------------------------------------------
                         ADAPT-VQE iteration:  5
 --------------------------------------------------------------------------
['XXIIYXZZII', 'YXZZIZYYII', 'XXZXZIIIYI', 'XYYYIZZZII', 'YYIZZZIZXY', 'XYYZIIZIZY']
 Finished:      -7.843550009910
 Error:       0.001859906501
2.2




 --------------------------------------------------------------------------
                         ADAPT-VQE iteration:  6
 --------------------------------------------------------------------------
['XXIIYXZZII', 'YXZZIZYYII', 'XXZXZIIIYI', 'XYYYIZZZII', 'YYIZZZIZXY', 'IIZIZZYYXY', 'XYYZIIZIZY']
 Finished:      -7.843576368496
 Error:       0.001833547915
2.2




 --------------------------------------------------------------------------
                         ADAPT-VQE iteration:  7
 --------------------------------------------------------------------------
['XYZYIZZIYI', 'XXIIYXZZII', 'YXZZIZYYII', 'XXZXZIIIYI', 'XYYYIZZZII', 'YYIZZZIZXY', 'IIZIZZYYXY', 'XYYZIIZIZY']
 Finished:      -7.843745644639
 Error:       0.001664271771
2.2




 --------------------------------------------------------------------------
                         ADAPT-VQE iteration:  8
 --------------------------------------------------------------------------
['XYZYIZZIYI', 'XXIIYXZZII', 'YXZZIZYYII', 'XXZXZIIIYI', 'XYYYIZZZII', 'ZZXZXXIIZY', 'YYIZZZIZXY', 'IIZIZZYYXY', 'XYYZIIZIZY']
 Finished:      -7.843752857599
 Error:       0.001657058811
2.2




 --------------------------------------------------------------------------
                         ADAPT-VQE iteration:  9
 --------------------------------------------------------------------------
['XYZYIZZIYI', 'XXIIYXZZII', 'YXZZIZYYII', 'XXZXZIIIYI', 'XYYYIZZZII', 'ZZXZXXIIZY', 'YYIZZZIZXY', 'XYZYIZZIYI', 'IIZIZZYYXY', 'XYYZIIZIZY']
 Finished:      -7.844062730981
 Error:       0.001347185430
2.2




 --------------------------------------------------------------------------
                         ADAPT-VQE iteration:  10
 --------------------------------------------------------------------------
['XYZYIZZIYI', 'XXIIYXZZII', 'YXZZIZYYII', 'XXZXZIIIYI', 'XYYYIZZZII', 'ZZXZXXIIZY', 'YYIZZZIZXY', 'XYZYIZZIYI', 'XXIYIIXYZY', 'IIZIZZYYXY', 'XYYZIIZIZY']
 Finished:      -7.844065034928
 Error:       0.001344881483
2.2




 --------------------------------------------------------------------------
                         ADAPT-VQE iteration:  11
 --------------------------------------------------------------------------
['XYZYIZZIYI', 'XXIIYXZZII', 'YXZZIZYYII', 'XXIYIIXYZY', 'XXZXZIIIYI', 'XYYYIZZZII', 'ZZXZXXIIZY', 'YYIZZZIZXY', 'XYZYIZZIYI', 'XXIYIIXYZY', 'IIZIZZYYXY', 'XYYZIIZIZY']
 Finished:      -7.844075830706
 Error:       0.001334085705
2.2




 --------------------------------------------------------------------------
                         ADAPT-VQE iteration:  12
 --------------------------------------------------------------------------
['XXXZIIZZZY', 'XYZYIZZIYI', 'XXIIYXZZII', 'YXZZIZYYII', 'XXIYIIXYZY', 'XXZXZIIIYI', 'XYYYIZZZII', 'ZZXZXXIIZY', 'YYIZZZIZXY', 'XYZYIZZIYI', 'XXIYIIXYZY', 'IIZIZZYYXY', 'XYYZIIZIZY']
 Finished:      -7.844083928520
 Error:       0.001325987890
2.2




 --------------------------------------------------------------------------
                         ADAPT-VQE iteration:  13
 --------------------------------------------------------------------------
['XXXZIIZZZY', 'XYZYIZZIYI', 'XXIIYXZZII', 'YXZZIZYYII', 'XXIYIIXYZY', 'XXZXZIIIYI', 'XYYYIZZZII', 'ZZXZXXIIZY', 'XXIIYXZZII', 'YYIZZZIZXY', 'XYZYIZZIYI', 'XXIYIIXYZY', 'IIZIZZYYXY', 'XYYZIIZIZY']
 Finished:      -7.844089647640
 Error:       0.001320268771
2.2




 --------------------------------------------------------------------------
                         ADAPT-VQE iteration:  14
 --------------------------------------------------------------------------
['XXXZIIZZZY', 'XYZYIZZIYI', 'XXIIYXZZII', 'YXZZIZYYII', 'XXIYIIXYZY', 'XXZXZIIIYI', 'XYYYIZZZII', 'XXIYIIXYZY', 'ZZXZXXIIZY', 'XXIIYXZZII', 'YYIZZZIZXY', 'XYZYIZZIYI', 'XXIYIIXYZY', 'IIZIZZYYXY', 'XYYZIIZIZY']
 Finished:      -7.844092281117
 Error:       0.001317635294
2.2




 --------------------------------------------------------------------------
                         ADAPT-VQE iteration:  15
 --------------------------------------------------------------------------
['XXXZIIZZZY', 'XYZYIZZIYI', 'XXIIYXZZII', 'YXZZIZYYII', 'XXIYIIXYZY', 'ZZXZXXIIZY', 'XXZXZIIIYI', 'XYYYIZZZII', 'XXIYIIXYZY', 'ZZXZXXIIZY', 'XXIIYXZZII', 'YYIZZZIZXY', 'XYZYIZZIYI', 'XXIYIIXYZY', 'IIZIZZYYXY', 'XYYZIIZIZY']
 Finished:      -7.844093782375
 Error:       0.001316134036
2.2




 --------------------------------------------------------------------------
                         ADAPT-VQE iteration:  16
 --------------------------------------------------------------------------
['XXXZIIZZZY', 'XYZYIZZIYI', 'XXIIYXZZII', 'YXZZIZYYII', 'XXIYIIXYZY', 'ZZXZXXIIZY', 'XXZXZIIIYI', 'XYYYIZZZII', 'YZZZXYZZZY', 'XXIYIIXYZY', 'ZZXZXXIIZY', 'XXIIYXZZII', 'YYIZZZIZXY', 'XYZYIZZIYI', 'XXIYIIXYZY', 'IIZIZZYYXY', 'XYYZIIZIZY']
 Finished:      -7.844093870412
 Error:       0.001316045999
2.2




 --------------------------------------------------------------------------
                         ADAPT-VQE iteration:  17
 --------------------------------------------------------------------------
['XXXZIIZZZY', 'XYZYIZZIYI', 'XXIIYXZZII', 'YXZZIZYYII', 'XXIYIIXYZY', 'ZZXZXXIIZY', 'XXZXZIIIYI', 'XYYYIZZZII', 'YZZZXYZZZY', 'XXIYIIXYZY', 'ZZXZXXIIZY', 'YZZZXYZZZY', 'XXIIYXZZII', 'YYIZZZIZXY', 'XYZYIZZIYI', 'XXIYIIXYZY', 'IIZIZZYYXY', 'XYYZIIZIZY']
 Finished:      -7.844439200452
 Error:       0.000970715958
2.2




 --------------------------------------------------------------------------
                         ADAPT-VQE iteration:  18
 --------------------------------------------------------------------------
['XXXZIIZZZY', 'XYZYIZZIYI', 'YYIZZZIZXY', 'XXIIYXZZII', 'YXZZIZYYII', 'XXIYIIXYZY', 'ZZXZXXIIZY', 'XXZXZIIIYI', 'XYYYIZZZII', 'YZZZXYZZZY', 'XXIYIIXYZY', 'ZZXZXXIIZY', 'YZZZXYZZZY', 'XXIIYXZZII', 'YYIZZZIZXY', 'XYZYIZZIYI', 'XXIYIIXYZY', 'IIZIZZYYXY', 'XYYZIIZIZY']
 Finished:      -7.844548476740
 Error:       0.000861439670
2.2




 --------------------------------------------------------------------------
                         ADAPT-VQE iteration:  19
 --------------------------------------------------------------------------
['XXXZIIZZZY', 'XYZYIZZIYI', 'YYIZZZIZXY', 'XXIIYXZZII', 'YXZZIZYYII', 'XXIYIIXYZY', 'ZZXZXXIIZY', 'XXZXZIIIYI', 'XYYYIZZZII', 'YZZZXYZZZY', 'XXIYIIXYZY', 'ZZXZXXIIZY', 'YZZZXYZZZY', 'XXZXZIIIYI', 'XXIIYXZZII', 'YYIZZZIZXY', 'XYZYIZZIYI', 'XXIYIIXYZY', 'IIZIZZYYXY', 'XYYZIIZIZY']
 Finished:      -7.844703715590
 Error:       0.000706200821
2.2




 --------------------------------------------------------------------------
                         ADAPT-VQE iteration:  20
 --------------------------------------------------------------------------
['XXXZIIZZZY', 'XYZYIZZIYI', 'YYIZZZIZXY', 'XXIIYXZZII', 'YXZZIZYYII', 'XXIYIIXYZY', 'ZZXZXXIIZY', 'XXZXZIIIYI', 'XYYYIZZZII', 'YZZZXYZZZY', 'XXIYIIXYZY', 'ZZXZXXIIZY', 'YZZZXYZZZY', 'XXZXZIIIYI', 'XYYYIZZZII', 'XXIIYXZZII', 'YYIZZZIZXY', 'XYZYIZZIYI', 'XXIYIIXYZY', 'IIZIZZYYXY', 'XYYZIIZIZY']
 Finished:      -7.844743372408
 Error:       0.000666544003
2.2




 --------------------------------------------------------------------------
                         ADAPT-VQE iteration:  21
 --------------------------------------------------------------------------
['XXXZIIZZZY', 'XYZYIZZIYI', 'YYIZZZIZXY', 'XXIIYXZZII', 'YXZZIZYYII', 'XXIYIIXYZY', 'ZZXZXXIIZY', 'XXZXZIIIYI', 'XYYYIZZZII', 'YZZZXYZZZY', 'XXIYIIXYZY', 'ZZXZXXIIZY', 'YZZZXYZZZY', 'XXZXZIIIYI', 'XYYYIZZZII', 'ZZXZXXIIZY', 'XXIIYXZZII', 'YYIZZZIZXY', 'XYZYIZZIYI', 'XXIYIIXYZY', 'IIZIZZYYXY', 'XYYZIIZIZY']
 Finished:      -7.844762454711
 Error:       0.000647461700
2.2




 --------------------------------------------------------------------------
                         ADAPT-VQE iteration:  22
 --------------------------------------------------------------------------
['XXXZIIZZZY', 'XYZYIZZIYI', 'YYIZZZIZXY', 'XXIIYXZZII', 'YXZZIZYYII', 'XXIYIIXYZY', 'ZZXZXXIIZY', 'XXZXZIIIYI', 'XYYYIZZZII', 'YZZZXYZZZY', 'XXIYIIXYZY', 'XYYYIZZZII', 'ZZXZXXIIZY', 'YZZZXYZZZY', 'XXZXZIIIYI', 'XYYYIZZZII', 'ZZXZXXIIZY', 'XXIIYXZZII', 'YYIZZZIZXY', 'XYZYIZZIYI', 'XXIYIIXYZY', 'IIZIZZYYXY', 'XYYZIIZIZY']
 Finished:      -7.844771509587
 Error:       0.000638406824
2.2




 --------------------------------------------------------------------------
                         ADAPT-VQE iteration:  23
 --------------------------------------------------------------------------
['XXXZIIZZZY', 'XYZYIZZIYI', 'YYIZZZIZXY', 'XXIIYXZZII', 'YXZZIZYYII', 'XXIYIIXYZY', 'ZZXZXXIIZY', 'XXZXZIIIYI', 'XYYYIZZZII', 'YZZZXYZZZY', 'XXIYIIXYZY', 'YYIZZZIZXY', 'XYYYIZZZII', 'ZZXZXXIIZY', 'YZZZXYZZZY', 'XXZXZIIIYI', 'XYYYIZZZII', 'ZZXZXXIIZY', 'XXIIYXZZII', 'YYIZZZIZXY', 'XYZYIZZIYI', 'XXIYIIXYZY', 'IIZIZZYYXY', 'XYYZIIZIZY']
 Finished:      -7.844772077455
 Error:       0.000637838955
2.2




 --------------------------------------------------------------------------
                         ADAPT-VQE iteration:  24
 --------------------------------------------------------------------------
['XXXZIIZZZY', 'XYZYIZZIYI', 'YYIZZZIZXY', 'XXIIYXZZII', 'YXZZIZYYII', 'XXIYIIXYZY', 'ZZXZXXIIZY', 'XXZXZIIIYI', 'XYYYIZZZII', 'IIZIZZYYXY', 'YZZZXYZZZY', 'XXIYIIXYZY', 'YYIZZZIZXY', 'XYYYIZZZII', 'ZZXZXXIIZY', 'YZZZXYZZZY', 'XXZXZIIIYI', 'XYYYIZZZII', 'ZZXZXXIIZY', 'XXIIYXZZII', 'YYIZZZIZXY', 'XYZYIZZIYI', 'XXIYIIXYZY', 'IIZIZZYYXY', 'XYYZIIZIZY']
 Finished:      -7.844772306050
 Error:       0.000637610361
2.2




 --------------------------------------------------------------------------
                         ADAPT-VQE iteration:  25
 --------------------------------------------------------------------------
['XXXZIIZZZY', 'XYZYIZZIYI', 'YYIZZZIZXY', 'XXIIYXZZII', 'YXZZIZYYII', 'XXIYIIXYZY', 'ZZXZXXIIZY', 'XXZXZIIIYI', 'XYYYIZZZII', 'IIZIZZYYXY', 'YZZZXYZZZY', 'XXIYIIXYZY', 'YYIZZZIZXY', 'XYYYIZZZII', 'ZZXZXXIIZY', 'YZZZXYZZZY', 'XXZXZIIIYI', 'XYYYIZZZII', 'ZZXZXXIIZY', 'XXIIYXZZII', 'YYIZZZIZXY', 'XYZYIZZIYI', 'XXIYIIXYZY', 'IIZIZZYYXY', 'IXIZXXZZYI', 'XYYZIIZIZY']
 Finished:      -7.844772334647
 Error:       0.000637581764
2.2




 --------------------------------------------------------------------------
                         ADAPT-VQE iteration:  26
 --------------------------------------------------------------------------
['XXXZIIZZZY', 'XYZYIZZIYI', 'YYIZZZIZXY', 'XXIIYXZZII', 'YXZZIZYYII', 'XXIYIIXYZY', 'ZZXZXXIIZY', 'XXZXZIIIYI', 'XYYYIZZZII', 'IIZIZZYYXY', 'YZZZXYZZZY', 'XXIYIIXYZY', 'YYIZZZIZXY', 'XYYYIZZZII', 'ZZXZXXIIZY', 'YZZZXYZZZY', 'XXZXZIIIYI', 'XYYYIZZZII', 'XXIYIIXYZY', 'ZZXZXXIIZY', 'XXIIYXZZII', 'YYIZZZIZXY', 'XYZYIZZIYI', 'XXIYIIXYZY', 'IIZIZZYYXY', 'IXIZXXZZYI', 'XYYZIIZIZY']
 Finished:      -7.844772809370
 Error:       0.000637107040
2.2




 --------------------------------------------------------------------------
                         ADAPT-VQE iteration:  27
 --------------------------------------------------------------------------
['XXXZIIZZZY', 'XYZYIZZIYI', 'YYIZZZIZXY', 'XXIIYXZZII', 'YXZZIZYYII', 'XXIYIIXYZY', 'ZZXZXXIIZY', 'XXZXZIIIYI', 'XYYYIZZZII', 'XXIYIIXYZY', 'IIZIZZYYXY', 'YZZZXYZZZY', 'XXIYIIXYZY', 'YYIZZZIZXY', 'XYYYIZZZII', 'ZZXZXXIIZY', 'YZZZXYZZZY', 'XXZXZIIIYI', 'XYYYIZZZII', 'XXIYIIXYZY', 'ZZXZXXIIZY', 'XXIIYXZZII', 'YYIZZZIZXY', 'XYZYIZZIYI', 'XXIYIIXYZY', 'IIZIZZYYXY', 'IXIZXXZZYI', 'XYYZIIZIZY']
 Finished:      -7.844773052643
 Error:       0.000636863768
2.2




 --------------------------------------------------------------------------
                         ADAPT-VQE iteration:  28
 --------------------------------------------------------------------------
['XXXZIIZZZY', 'XYZYIZZIYI', 'YYIZZZIZXY', 'XXIIYXZZII', 'YXZZIZYYII', 'XXIYIIXYZY', 'ZZXZXXIIZY', 'XXZXZIIIYI', 'XYYYIZZZII', 'IXIZXXZZYI', 'XXIYIIXYZY', 'IIZIZZYYXY', 'YZZZXYZZZY', 'XXIYIIXYZY', 'YYIZZZIZXY', 'XYYYIZZZII', 'ZZXZXXIIZY', 'YZZZXYZZZY', 'XXZXZIIIYI', 'XYYYIZZZII', 'XXIYIIXYZY', 'ZZXZXXIIZY', 'XXIIYXZZII', 'YYIZZZIZXY', 'XYZYIZZIYI', 'XXIYIIXYZY', 'IIZIZZYYXY', 'IXIZXXZZYI', 'XYYZIIZIZY']
 Finished:      -7.844773219334
 Error:       0.000636697077
2.2




 --------------------------------------------------------------------------
                         ADAPT-VQE iteration:  29
 --------------------------------------------------------------------------
['XXXZIIZZZY', 'XYZYIZZIYI', 'YYIZZZIZXY', 'XXIIYXZZII', 'YXZZIZYYII', 'XXIYIIXYZY', 'ZZXZXXIIZY', 'XXZXZIIIYI', 'XYYYIZZZII', 'IXIZXXZZYI', 'XXIYIIXYZY', 'IIZIZZYYXY', 'YZZZXYZZZY', 'XXIYIIXYZY', 'YYIZZZIZXY', 'XYYYIZZZII', 'XYXZXXXYZY', 'ZZXZXXIIZY', 'YZZZXYZZZY', 'XXZXZIIIYI', 'XYYYIZZZII', 'XXIYIIXYZY', 'ZZXZXXIIZY', 'XXIIYXZZII', 'YYIZZZIZXY', 'XYZYIZZIYI', 'XXIYIIXYZY', 'IIZIZZYYXY', 'IXIZXXZZYI', 'XYYZIIZIZY']
 Finished:      -7.844773223780
 Error:       0.000636692631
2.2




 --------------------------------------------------------------------------
                         ADAPT-VQE iteration:  30
 --------------------------------------------------------------------------
['XXXZIIZZZY', 'XYXZXXXYZY', 'XYZYIZZIYI', 'YYIZZZIZXY', 'XXIIYXZZII', 'YXZZIZYYII', 'XXIYIIXYZY', 'ZZXZXXIIZY', 'XXZXZIIIYI', 'XYYYIZZZII', 'IXIZXXZZYI', 'XXIYIIXYZY', 'IIZIZZYYXY', 'YZZZXYZZZY', 'XXIYIIXYZY', 'YYIZZZIZXY', 'XYYYIZZZII', 'XYXZXXXYZY', 'ZZXZXXIIZY', 'YZZZXYZZZY', 'XXZXZIIIYI', 'XYYYIZZZII', 'XXIYIIXYZY', 'ZZXZXXIIZY', 'XXIIYXZZII', 'YYIZZZIZXY', 'XYZYIZZIYI', 'XXIYIIXYZY', 'IIZIZZYYXY', 'IXIZXXZZYI', 'XYYZIIZIZY']
 Finished:      -7.844773268800
 Error:       0.000636647611
2.2




 --------------------------------------------------------------------------
                         ADAPT-VQE iteration:  31
 --------------------------------------------------------------------------
['XXXZIIZZZY', 'XYXZXXXYZY', 'XYZYIZZIYI', 'YYIZZZIZXY', 'XXIIYXZZII', 'YXZZIZYYII', 'XXIYIIXYZY', 'ZZXZXXIIZY', 'XXZXZIIIYI', 'XYYYIZZZII', 'IXIZXXZZYI', 'XXIYIIXYZY', 'IIZIZZYYXY', 'YZZZXYZZZY', 'XXIYIIXYZY', 'YYIZZZIZXY', 'XYYYIZZZII', 'XYXZXXXYZY', 'ZZXZXXIIZY', 'YZZZXYZZZY', 'XXZXZIIIYI', 'XYYYIZZZII', 'XXIYIIXYZY', 'ZZXZXXIIZY', 'XXIIYXZZII', 'YYIZZZIZXY', 'XYXZXXXYZY', 'XYZYIZZIYI', 'XXIYIIXYZY', 'IIZIZZYYXY', 'IXIZXXZZYI', 'XYYZIIZIZY']
 Finished:      -7.844773367898
 Error:       0.000636548513
2.2




 --------------------------------------------------------------------------
                         ADAPT-VQE iteration:  32
 --------------------------------------------------------------------------
['XXXZIIZZZY', 'XYXZXXXYZY', 'XYZYIZZIYI', 'YYIZZZIZXY', 'XXIIYXZZII', 'YXZZIZYYII', 'XXIYIIXYZY', 'ZZXZXXIIZY', 'XXZXZIIIYI', 'XYYYIZZZII', 'IXIZXXZZYI', 'XXIYIIXYZY', 'IIZIZZYYXY', 'YZZZXYZZZY', 'XXIYIIXYZY', 'YYIZZZIZXY', 'XYYYIZZZII', 'XYXZXXXYZY', 'ZZXZXXIIZY', 'YZZZXYZZZY', 'XXZXZIIIYI', 'XYYYIZZZII', 'XYYZIIZIZY', 'XXIYIIXYZY', 'ZZXZXXIIZY', 'XXIIYXZZII', 'YYIZZZIZXY', 'XYXZXXXYZY', 'XYZYIZZIYI', 'XXIYIIXYZY', 'IIZIZZYYXY', 'IXIZXXZZYI', 'XYYZIIZIZY']
 Finished:      -7.844776353065
 Error:       0.000633563346
2.2




 --------------------------------------------------------------------------
                         ADAPT-VQE iteration:  33
 --------------------------------------------------------------------------
['XXXZIIZZZY', 'XYXZXXXYZY', 'XYZYIZZIYI', 'YYIZZZIZXY', 'XXIIYXZZII', 'YXZZIZYYII', 'XXIYIIXYZY', 'ZZXZXXIIZY', 'XXZXZIIIYI', 'XYYYIZZZII', 'IXIZXXZZYI', 'XXIYIIXYZY', 'IIZIZZYYXY', 'YZZZXYZZZY', 'XXIYIIXYZY', 'YYIZZZIZXY', 'XYYYIZZZII', 'XYXZXXXYZY', 'ZZXZXXIIZY', 'XYYZIIZIZY', 'YZZZXYZZZY', 'XXZXZIIIYI', 'XYYYIZZZII', 'XYYZIIZIZY', 'XXIYIIXYZY', 'ZZXZXXIIZY', 'XXIIYXZZII', 'YYIZZZIZXY', 'XYXZXXXYZY', 'XYZYIZZIYI', 'XXIYIIXYZY', 'IIZIZZYYXY', 'IXIZXXZZYI', 'XYYZIIZIZY']
 Finished:      -7.844777062606
 Error:       0.000632853805
2.2




 --------------------------------------------------------------------------
                         ADAPT-VQE iteration:  34
 --------------------------------------------------------------------------
['XXXZIIZZZY', 'XYXZXXXYZY', 'XYZYIZZIYI', 'YYIZZZIZXY', 'XXIIYXZZII', 'YXZZIZYYII', 'XXIYIIXYZY', 'ZZXZXXIIZY', 'XXZXZIIIYI', 'XYYYIZZZII', 'IXIZXXZZYI', 'XXIYIIXYZY', 'IIZIZZYYXY', 'YZZZXYZZZY', 'XXIYIIXYZY', 'YYIZZZIZXY', 'XYYYIZZZII', 'XYXZXXXYZY', 'ZZXZXXIIZY', 'XYYZIIZIZY', 'YZZZXYZZZY', 'XXZXZIIIYI', 'XXXZIIZZZY', 'XYYYIZZZII', 'XYYZIIZIZY', 'XXIYIIXYZY', 'ZZXZXXIIZY', 'XXIIYXZZII', 'YYIZZZIZXY', 'XYXZXXXYZY', 'XYZYIZZIYI', 'XXIYIIXYZY', 'IIZIZZYYXY', 'IXIZXXZZYI', 'XYYZIIZIZY']
 Finished:      -7.844786298720
 Error:       0.000623617691
2.2




 --------------------------------------------------------------------------
                         ADAPT-VQE iteration:  35
 --------------------------------------------------------------------------
['XXXZIIZZZY', 'XYXZXXXYZY', 'XYZYIZZIYI', 'YYIZZZIZXY', 'XXIIYXZZII', 'YXZZIZYYII', 'XXIYIIXYZY', 'ZZXZXXIIZY', 'XXZXZIIIYI', 'XYYYIZZZII', 'IXIZXXZZYI', 'XXIYIIXYZY', 'IIZIZZYYXY', 'YZZZXYZZZY', 'XXIYIIXYZY', 'YYIZZZIZXY', 'XYYYIZZZII', 'XYXZXXXYZY', 'ZZXZXXIIZY', 'XYYZIIZIZY', 'YZZZXYZZZY', 'XXZXZIIIYI', 'XXXZIIZZZY', 'XYYYIZZZII', 'IIZIZZYYXY', 'XYYZIIZIZY', 'XXIYIIXYZY', 'ZZXZXXIIZY', 'XXIIYXZZII', 'YYIZZZIZXY', 'XYXZXXXYZY', 'XYZYIZZIYI', 'XXIYIIXYZY', 'IIZIZZYYXY', 'IXIZXXZZYI', 'XYYZIIZIZY']
 Finished:      -7.844787001192
 Error:       0.000622915219
2.2




 --------------------------------------------------------------------------
                         ADAPT-VQE iteration:  36
 --------------------------------------------------------------------------
['XXXZIIZZZY', 'XYXZXXXYZY', 'XYZYIZZIYI', 'YYIZZZIZXY', 'XXIIYXZZII', 'YXZZIZYYII', 'XXIYIIXYZY', 'ZZXZXXIIZY', 'XXZXZIIIYI', 'XYYYIZZZII', 'IXIZXXZZYI', 'XXIYIIXYZY', 'IIZIZZYYXY', 'YZZZXYZZZY', 'XXIYIIXYZY', 'YYIZZZIZXY', 'XYYYIZZZII', 'XYXZXXXYZY', 'ZZXZXXIIZY', 'XYYZIIZIZY', 'YZZZXYZZZY', 'XXZXZIIIYI', 'XXXZIIZZZY', 'IXIZXXZZYI', 'XYYYIZZZII', 'IIZIZZYYXY', 'XYYZIIZIZY', 'XXIYIIXYZY', 'ZZXZXXIIZY', 'XXIIYXZZII', 'YYIZZZIZXY', 'XYXZXXXYZY', 'XYZYIZZIYI', 'XXIYIIXYZY', 'IIZIZZYYXY', 'IXIZXXZZYI', 'XYYZIIZIZY']
 Finished:      -7.844787041254
 Error:       0.000622875157
2.2




 --------------------------------------------------------------------------
                         ADAPT-VQE iteration:  37
 --------------------------------------------------------------------------
['XXXZIIZZZY', 'XYXZXXXYZY', 'XYZYIZZIYI', 'YYIZZZIZXY', 'XXIIYXZZII', 'YXZZIZYYII', 'XXIYIIXYZY', 'ZZXZXXIIZY', 'XXZXZIIIYI', 'XYYYIZZZII', 'IXIZXXZZYI', 'XXIYIIXYZY', 'IIZIZZYYXY', 'YZZZXYZZZY', 'XXIYIIXYZY', 'YYIZZZIZXY', 'XYYYIZZZII', 'XYXZXXXYZY', 'ZZXZXXIIZY', 'XYYZIIZIZY', 'YZZZXYZZZY', 'XXZXZIIIYI', 'XYXZXXXYZY', 'XXXZIIZZZY', 'IXIZXXZZYI', 'XYYYIZZZII', 'IIZIZZYYXY', 'XYYZIIZIZY', 'XXIYIIXYZY', 'ZZXZXXIIZY', 'XXIIYXZZII', 'YYIZZZIZXY', 'XYXZXXXYZY', 'XYZYIZZIYI', 'XXIYIIXYZY', 'IIZIZZYYXY', 'IXIZXXZZYI', 'XYYZIIZIZY']
 Finished:      -7.844787051643
 Error:       0.000622864768
2.2




 --------------------------------------------------------------------------
                         ADAPT-VQE iteration:  38
 --------------------------------------------------------------------------
['XXXZIIZZZY', 'XYXZXXXYZY', 'XYZYIZZIYI', 'YYIZZZIZXY', 'XXIIYXZZII', 'YXZZIZYYII', 'XXIYIIXYZY', 'ZZXZXXIIZY', 'XXZXZIIIYI', 'XYYYIZZZII', 'IXIZXXZZYI', 'XXIYIIXYZY', 'IIZIZZYYXY', 'YZZZXYZZZY', 'XXIYIIXYZY', 'YYIZZZIZXY', 'XYYYIZZZII', 'XYXZXXXYZY', 'ZZXZXXIIZY', 'XYYZIIZIZY', 'YZZZXYZZZY', 'XXZXZIIIYI', 'XYXZXXXYZY', 'XXXZIIZZZY', 'XYXZXXXYZY', 'IXIZXXZZYI', 'XYYYIZZZII', 'IIZIZZYYXY', 'XYYZIIZIZY', 'XXIYIIXYZY', 'ZZXZXXIIZY', 'XXIIYXZZII', 'YYIZZZIZXY', 'XYXZXXXYZY', 'XYZYIZZIYI', 'XXIYIIXYZY', 'IIZIZZYYXY', 'IXIZXXZZYI', 'XYYZIIZIZY']
 Finished:      -7.844787115648
 Error:       0.000622800763
2.2




 --------------------------------------------------------------------------
                         ADAPT-VQE iteration:  39
 --------------------------------------------------------------------------
['XXXZIIZZZY', 'XYXZXXXYZY', 'XYYYIZZZII', 'XYZYIZZIYI', 'YYIZZZIZXY', 'XXIIYXZZII', 'YXZZIZYYII', 'XXIYIIXYZY', 'ZZXZXXIIZY', 'XXZXZIIIYI', 'XYYYIZZZII', 'IXIZXXZZYI', 'XXIYIIXYZY', 'IIZIZZYYXY', 'YZZZXYZZZY', 'XXIYIIXYZY', 'YYIZZZIZXY', 'XYYYIZZZII', 'XYXZXXXYZY', 'ZZXZXXIIZY', 'XYYZIIZIZY', 'YZZZXYZZZY', 'XXZXZIIIYI', 'XYXZXXXYZY', 'XXXZIIZZZY', 'XYXZXXXYZY', 'IXIZXXZZYI', 'XYYYIZZZII', 'IIZIZZYYXY', 'XYYZIIZIZY', 'XXIYIIXYZY', 'ZZXZXXIIZY', 'XXIIYXZZII', 'YYIZZZIZXY', 'XYXZXXXYZY', 'XYZYIZZIYI', 'XXIYIIXYZY', 'IIZIZZYYXY', 'IXIZXXZZYI', 'XYYZIIZIZY']
 Finished:      -7.844790397087
 Error:       0.000619519324
2.2




 --------------------------------------------------------------------------
                         ADAPT-VQE iteration:  40
 --------------------------------------------------------------------------
['XXXZIIZZZY', 'XYXZXXXYZY', 'XYYYIZZZII', 'XYZYIZZIYI', 'YYIZZZIZXY', 'XXIIYXZZII', 'YXZZIZYYII', 'XXIYIIXYZY', 'ZZXZXXIIZY', 'XXZXZIIIYI', 'XYYYIZZZII', 'IXIZXXZZYI', 'XXIYIIXYZY', 'IIZIZZYYXY', 'YZZZXYZZZY', 'XXIYIIXYZY', 'YYIZZZIZXY', 'XYYYIZZZII', 'XYXZXXXYZY', 'ZZXZXXIIZY', 'XYYZIIZIZY', 'YZZZXYZZZY', 'XXZXZIIIYI', 'XYXZXXXYZY', 'XXXZIIZZZY', 'XYXZXXXYZY', 'IXIZXXZZYI', 'XYYYIZZZII', 'XXIYIIXYZY', 'IIZIZZYYXY', 'XYYZIIZIZY', 'XXIYIIXYZY', 'ZZXZXXIIZY', 'XXIIYXZZII', 'YYIZZZIZXY', 'XYXZXXXYZY', 'XYZYIZZIYI', 'XXIYIIXYZY', 'IIZIZZYYXY', 'IXIZXXZZYI', 'XYYZIIZIZY']
 Finished:      -7.844790949388
 Error:       0.000618967023
2.2




 --------------------------------------------------------------------------
                         ADAPT-VQE iteration:  41
 --------------------------------------------------------------------------
['XXXZIIZZZY', 'XYXZXXXYZY', 'XYYYIZZZII', 'XYZYIZZIYI', 'YYIZZZIZXY', 'XXIIYXZZII', 'YXZZIZYYII', 'XXIYIIXYZY', 'ZZXZXXIIZY', 'XXZXZIIIYI', 'XYYYIZZZII', 'IXIZXXZZYI', 'XXXZIIZZZY', 'XXIYIIXYZY', 'IIZIZZYYXY', 'YZZZXYZZZY', 'XXIYIIXYZY', 'YYIZZZIZXY', 'XYYYIZZZII', 'XYXZXXXYZY', 'ZZXZXXIIZY', 'XYYZIIZIZY', 'YZZZXYZZZY', 'XXZXZIIIYI', 'XYXZXXXYZY', 'XXXZIIZZZY', 'XYXZXXXYZY', 'IXIZXXZZYI', 'XYYYIZZZII', 'XXIYIIXYZY', 'IIZIZZYYXY', 'XYYZIIZIZY', 'XXIYIIXYZY', 'ZZXZXXIIZY', 'XXIIYXZZII', 'YYIZZZIZXY', 'XYXZXXXYZY', 'XYZYIZZIYI', 'XXIYIIXYZY', 'IIZIZZYYXY', 'IXIZXXZZYI', 'XYYZIIZIZY']
 Finished:      -7.844802791173
 Error:       0.000607125238
2.2




 --------------------------------------------------------------------------
                         ADAPT-VQE iteration:  42
 --------------------------------------------------------------------------
['XXXZIIZZZY', 'XYXZXXXYZY', 'XYYYIZZZII', 'XYZYIZZIYI', 'YYIZZZIZXY', 'XXIIYXZZII', 'YXZZIZYYII', 'XXIYIIXYZY', 'ZZXZXXIIZY', 'XXZXZIIIYI', 'XYYYIZZZII', 'IXIZXXZZYI', 'XXXZIIZZZY', 'XXIYIIXYZY', 'IIZIZZYYXY', 'YZZZXYZZZY', 'XXIYIIXYZY', 'YYIZZZIZXY', 'XYYYIZZZII', 'XYXZXXXYZY', 'ZZXZXXIIZY', 'XYYZIIZIZY', 'YZZZXYZZZY', 'XXZXZIIIYI', 'XYXZXXXYZY', 'XXXZIIZZZY', 'XYXZXXXYZY', 'IXIZXXZZYI', 'XYYYIZZZII', 'XXIYIIXYZY', 'IIZIZZYYXY', 'XYYZIIZIZY', 'XXIYIIXYZY', 'YYIZZZIZXY', 'ZZXZXXIIZY', 'XXIIYXZZII', 'YYIZZZIZXY', 'XYXZXXXYZY', 'XYZYIZZIYI', 'XXIYIIXYZY', 'IIZIZZYYXY', 'IXIZXXZZYI', 'XYYZIIZIZY']
 Finished:      -7.844803557425
 Error:       0.000606358986
2.2




 --------------------------------------------------------------------------
                         ADAPT-VQE iteration:  43
 --------------------------------------------------------------------------
['XXXZIIZZZY', 'XYXZXXXYZY', 'XYYYIZZZII', 'XYZYIZZIYI', 'YYIZZZIZXY', 'XXIIYXZZII', 'YXZZIZYYII', 'XXIYIIXYZY', 'ZZXZXXIIZY', 'XXZXZIIIYI', 'XYYYIZZZII', 'IXIZXXZZYI', 'XXXZIIZZZY', 'XXIYIIXYZY', 'IIZIZZYYXY', 'YZZZXYZZZY', 'XXIYIIXYZY', 'YYIZZZIZXY', 'XYYYIZZZII', 'IIZIZZYYXY', 'XYXZXXXYZY', 'ZZXZXXIIZY', 'XYYZIIZIZY', 'YZZZXYZZZY', 'XXZXZIIIYI', 'XYXZXXXYZY', 'XXXZIIZZZY', 'XYXZXXXYZY', 'IXIZXXZZYI', 'XYYYIZZZII', 'XXIYIIXYZY', 'IIZIZZYYXY', 'XYYZIIZIZY', 'XXIYIIXYZY', 'YYIZZZIZXY', 'ZZXZXXIIZY', 'XXIIYXZZII', 'YYIZZZIZXY', 'XYXZXXXYZY', 'XYZYIZZIYI', 'XXIYIIXYZY', 'IIZIZZYYXY', 'IXIZXXZZYI', 'XYYZIIZIZY']
 Finished:      -7.844803562440
 Error:       0.000606353971
2.2




 --------------------------------------------------------------------------
                         ADAPT-VQE iteration:  44
 --------------------------------------------------------------------------
['XXXZIIZZZY', 'XYXZXXXYZY', 'XYYYIZZZII', 'XYZYIZZIYI', 'YYIZZZIZXY', 'XXIIYXZZII', 'YXZZIZYYII', 'XXIYIIXYZY', 'ZZXZXXIIZY', 'XXZXZIIIYI', 'XYYYIZZZII', 'IXIZXXZZYI', 'XXXZIIZZZY', 'XYXZXXXYZY', 'XXIYIIXYZY', 'IIZIZZYYXY', 'YZZZXYZZZY', 'XXIYIIXYZY', 'YYIZZZIZXY', 'XYYYIZZZII', 'IIZIZZYYXY', 'XYXZXXXYZY', 'ZZXZXXIIZY', 'XYYZIIZIZY', 'YZZZXYZZZY', 'XXZXZIIIYI', 'XYXZXXXYZY', 'XXXZIIZZZY', 'XYXZXXXYZY', 'IXIZXXZZYI', 'XYYYIZZZII', 'XXIYIIXYZY', 'IIZIZZYYXY', 'XYYZIIZIZY', 'XXIYIIXYZY', 'YYIZZZIZXY', 'ZZXZXXIIZY', 'XXIIYXZZII', 'YYIZZZIZXY', 'XYXZXXXYZY', 'XYZYIZZIYI', 'XXIYIIXYZY', 'IIZIZZYYXY', 'IXIZXXZZYI', 'XYYZIIZIZY']
 Finished:      -7.844803617357
 Error:       0.000606299054
2.2




 --------------------------------------------------------------------------
                         ADAPT-VQE iteration:  45
 --------------------------------------------------------------------------
['XXXZIIZZZY', 'XYXZXXXYZY', 'XYYYIZZZII', 'XYZYIZZIYI', 'YYIZZZIZXY', 'XXIIYXZZII', 'YXZZIZYYII', 'XXIYIIXYZY', 'ZZXZXXIIZY', 'XXZXZIIIYI', 'XYYYIZZZII', 'IXIZXXZZYI', 'XXXZIIZZZY', 'XYXZXXXYZY', 'XXIYIIXYZY', 'IIZIZZYYXY', 'YZZZXYZZZY', 'XXIYIIXYZY', 'YYIZZZIZXY', 'XYYYIZZZII', 'IIZIZZYYXY', 'XYXZXXXYZY', 'ZZXZXXIIZY', 'XYYZIIZIZY', 'YZZZXYZZZY', 'XXZXZIIIYI', 'XYXZXXXYZY', 'XXXZIIZZZY', 'XYXZXXXYZY', 'IXIZXXZZYI', 'XYYYIZZZII', 'XXIYIIXYZY', 'IIZIZZYYXY', 'XYYZIIZIZY', 'XXIYIIXYZY', 'YZZZXYZZZY', 'YYIZZZIZXY', 'ZZXZXXIIZY', 'XXIIYXZZII', 'YYIZZZIZXY', 'XYXZXXXYZY', 'XYZYIZZIYI', 'XXIYIIXYZY', 'IIZIZZYYXY', 'IXIZXXZZYI', 'XYYZIIZIZY']
 Finished:      -7.844803704491
 Error:       0.000606211920
2.2




 --------------------------------------------------------------------------
                         ADAPT-VQE iteration:  46
 --------------------------------------------------------------------------
['XXXZIIZZZY', 'XYXZXXXYZY', 'XYYYIZZZII', 'XYZYIZZIYI', 'YYIZZZIZXY', 'XXIIYXZZII', 'YXZZIZYYII', 'XXIYIIXYZY', 'ZZXZXXIIZY', 'XXZXZIIIYI', 'XYYYIZZZII', 'IXIZXXZZYI', 'XXXZIIZZZY', 'XYXZXXXYZY', 'XXIYIIXYZY', 'IIZIZZYYXY', 'YZZZXYZZZY', 'XXIYIIXYZY', 'YYIZZZIZXY', 'XYZYIZZIYI', 'XYYYIZZZII', 'IIZIZZYYXY', 'XYXZXXXYZY', 'ZZXZXXIIZY', 'XYYZIIZIZY', 'YZZZXYZZZY', 'XXZXZIIIYI', 'XYXZXXXYZY', 'XXXZIIZZZY', 'XYXZXXXYZY', 'IXIZXXZZYI', 'XYYYIZZZII', 'XXIYIIXYZY', 'IIZIZZYYXY', 'XYYZIIZIZY', 'XXIYIIXYZY', 'YZZZXYZZZY', 'YYIZZZIZXY', 'ZZXZXXIIZY', 'XXIIYXZZII', 'YYIZZZIZXY', 'XYXZXXXYZY', 'XYZYIZZIYI', 'XXIYIIXYZY', 'IIZIZZYYXY', 'IXIZXXZZYI', 'XYYZIIZIZY']
 Finished:      -7.844804159304
 Error:       0.000605757107
2.2




 --------------------------------------------------------------------------
                         ADAPT-VQE iteration:  47
 --------------------------------------------------------------------------
['XXXZIIZZZY', 'XYXZXXXYZY', 'XYYYIZZZII', 'XYZYIZZIYI', 'YYIZZZIZXY', 'XXIIYXZZII', 'YXZZIZYYII', 'XXIYIIXYZY', 'YZZZXYZZZY', 'ZZXZXXIIZY', 'XXZXZIIIYI', 'XYYYIZZZII', 'IXIZXXZZYI', 'XXXZIIZZZY', 'XYXZXXXYZY', 'XXIYIIXYZY', 'IIZIZZYYXY', 'YZZZXYZZZY', 'XXIYIIXYZY', 'YYIZZZIZXY', 'XYZYIZZIYI', 'XYYYIZZZII', 'IIZIZZYYXY', 'XYXZXXXYZY', 'ZZXZXXIIZY', 'XYYZIIZIZY', 'YZZZXYZZZY', 'XXZXZIIIYI', 'XYXZXXXYZY', 'XXXZIIZZZY', 'XYXZXXXYZY', 'IXIZXXZZYI', 'XYYYIZZZII', 'XXIYIIXYZY', 'IIZIZZYYXY', 'XYYZIIZIZY', 'XXIYIIXYZY', 'YZZZXYZZZY', 'YYIZZZIZXY', 'ZZXZXXIIZY', 'XXIIYXZZII', 'YYIZZZIZXY', 'XYXZXXXYZY', 'XYZYIZZIYI', 'XXIYIIXYZY', 'IIZIZZYYXY', 'IXIZXXZZYI', 'XYYZIIZIZY']
 Finished:      -7.844804427065
 Error:       0.000605489346
2.2




 --------------------------------------------------------------------------
                         ADAPT-VQE iteration:  48
 --------------------------------------------------------------------------
['XXXZIIZZZY', 'XYYZIIZIZY', 'XYXZXXXYZY', 'XYYYIZZZII', 'XYZYIZZIYI', 'YYIZZZIZXY', 'XXIIYXZZII', 'YXZZIZYYII', 'XXIYIIXYZY', 'YZZZXYZZZY', 'ZZXZXXIIZY', 'XXZXZIIIYI', 'XYYYIZZZII', 'IXIZXXZZYI', 'XXXZIIZZZY', 'XYXZXXXYZY', 'XXIYIIXYZY', 'IIZIZZYYXY', 'YZZZXYZZZY', 'XXIYIIXYZY', 'YYIZZZIZXY', 'XYZYIZZIYI', 'XYYYIZZZII', 'IIZIZZYYXY', 'XYXZXXXYZY', 'ZZXZXXIIZY', 'XYYZIIZIZY', 'YZZZXYZZZY', 'XXZXZIIIYI', 'XYXZXXXYZY', 'XXXZIIZZZY', 'XYXZXXXYZY', 'IXIZXXZZYI', 'XYYYIZZZII', 'XXIYIIXYZY', 'IIZIZZYYXY', 'XYYZIIZIZY', 'XXIYIIXYZY', 'YZZZXYZZZY', 'YYIZZZIZXY', 'ZZXZXXIIZY', 'XXIIYXZZII', 'YYIZZZIZXY', 'XYXZXXXYZY', 'XYZYIZZIYI', 'XXIYIIXYZY', 'IIZIZZYYXY', 'IXIZXXZZYI', 'XYYZIIZIZY']
 Finished:      -7.845405422830
 Error:       0.000004493581
2.2




 --------------------------------------------------------------------------
                         ADAPT-VQE iteration:  49
 --------------------------------------------------------------------------
['XXXZIIZZZY', 'XYYZIIZIZY', 'IIZIZZYYXY', 'XYXZXXXYZY', 'XYYYIZZZII', 'XYZYIZZIYI', 'YYIZZZIZXY', 'XXIIYXZZII', 'YXZZIZYYII', 'XXIYIIXYZY', 'YZZZXYZZZY', 'ZZXZXXIIZY', 'XXZXZIIIYI', 'XYYYIZZZII', 'IXIZXXZZYI', 'XXXZIIZZZY', 'XYXZXXXYZY', 'XXIYIIXYZY', 'IIZIZZYYXY', 'YZZZXYZZZY', 'XXIYIIXYZY', 'YYIZZZIZXY', 'XYZYIZZIYI', 'XYYYIZZZII', 'IIZIZZYYXY', 'XYXZXXXYZY', 'ZZXZXXIIZY', 'XYYZIIZIZY', 'YZZZXYZZZY', 'XXZXZIIIYI', 'XYXZXXXYZY', 'XXXZIIZZZY', 'XYXZXXXYZY', 'IXIZXXZZYI', 'XYYYIZZZII', 'XXIYIIXYZY', 'IIZIZZYYXY', 'XYYZIIZIZY', 'XXIYIIXYZY', 'YZZZXYZZZY', 'YYIZZZIZXY', 'ZZXZXXIIZY', 'XXIIYXZZII', 'YYIZZZIZXY', 'XYXZXXXYZY', 'XYZYIZZIYI', 'XXIYIIXYZY', 'IIZIZZYYXY', 'IXIZXXZZYI', 'XYYZIIZIZY']
 Finished:      -7.845406082785
 Error:       0.000003833625
2.2




 --------------------------------------------------------------------------
                         ADAPT-VQE iteration:  50
 --------------------------------------------------------------------------
['XXXZIIZZZY', 'XYYZIIZIZY', 'IIZIZZYYXY', 'XYXZXXXYZY', 'XYYYIZZZII', 'XYZYIZZIYI', 'YYIZZZIZXY', 'XXIIYXZZII', 'YXZZIZYYII', 'XXIYIIXYZY', 'YZZZXYZZZY', 'ZZXZXXIIZY', 'XXZXZIIIYI', 'XYXZXXXYZY', 'XYYYIZZZII', 'IXIZXXZZYI', 'XXXZIIZZZY', 'XYXZXXXYZY', 'XXIYIIXYZY', 'IIZIZZYYXY', 'YZZZXYZZZY', 'XXIYIIXYZY', 'YYIZZZIZXY', 'XYZYIZZIYI', 'XYYYIZZZII', 'IIZIZZYYXY', 'XYXZXXXYZY', 'ZZXZXXIIZY', 'XYYZIIZIZY', 'YZZZXYZZZY', 'XXZXZIIIYI', 'XYXZXXXYZY', 'XXXZIIZZZY', 'XYXZXXXYZY', 'IXIZXXZZYI', 'XYYYIZZZII', 'XXIYIIXYZY', 'IIZIZZYYXY', 'XYYZIIZIZY', 'XXIYIIXYZY', 'YZZZXYZZZY', 'YYIZZZIZXY', 'ZZXZXXIIZY', 'XXIIYXZZII', 'YYIZZZIZXY', 'XYXZXXXYZY', 'XYZYIZZIYI', 'XXIYIIXYZY', 'IIZIZZYYXY', 'IXIZXXZZYI', 'XYYZIIZIZY']
 Finished:      -7.845406247672
 Error:       0.000003668739
2.2




 --------------------------------------------------------------------------
                         ADAPT-VQE iteration:  51
 --------------------------------------------------------------------------
['XXXZIIZZZY', 'XYYZIIZIZY', 'IIZIZZYYXY', 'XYXZXXXYZY', 'XYYYIZZZII', 'XYZYIZZIYI', 'YYIZZZIZXY', 'XXIIYXZZII', 'YXZZIZYYII', 'XXIYIIXYZY', 'YZZZXYZZZY', 'IIZIZZYYXY', 'ZZXZXXIIZY', 'XXZXZIIIYI', 'XYXZXXXYZY', 'XYYYIZZZII', 'IXIZXXZZYI', 'XXXZIIZZZY', 'XYXZXXXYZY', 'XXIYIIXYZY', 'IIZIZZYYXY', 'YZZZXYZZZY', 'XXIYIIXYZY', 'YYIZZZIZXY', 'XYZYIZZIYI', 'XYYYIZZZII', 'IIZIZZYYXY', 'XYXZXXXYZY', 'ZZXZXXIIZY', 'XYYZIIZIZY', 'YZZZXYZZZY', 'XXZXZIIIYI', 'XYXZXXXYZY', 'XXXZIIZZZY', 'XYXZXXXYZY', 'IXIZXXZZYI', 'XYYYIZZZII', 'XXIYIIXYZY', 'IIZIZZYYXY', 'XYYZIIZIZY', 'XXIYIIXYZY', 'YZZZXYZZZY', 'YYIZZZIZXY', 'ZZXZXXIIZY', 'XXIIYXZZII', 'YYIZZZIZXY', 'XYXZXXXYZY', 'XYZYIZZIYI', 'XXIYIIXYZY', 'IIZIZZYYXY', 'IXIZXXZZYI', 'XYYZIIZIZY']
 Finished:      -7.845407539058
 Error:       0.000002377353
2.2




 --------------------------------------------------------------------------
                         ADAPT-VQE iteration:  52
 --------------------------------------------------------------------------
['XXXZIIZZZY', 'XYYZIIZIZY', 'IIZIZZYYXY', 'XYXZXXXYZY', 'XYYYIZZZII', 'XXIYIIXYZY', 'XYZYIZZIYI', 'YYIZZZIZXY', 'XXIIYXZZII', 'YXZZIZYYII', 'XXIYIIXYZY', 'YZZZXYZZZY', 'IIZIZZYYXY', 'ZZXZXXIIZY', 'XXZXZIIIYI', 'XYXZXXXYZY', 'XYYYIZZZII', 'IXIZXXZZYI', 'XXXZIIZZZY', 'XYXZXXXYZY', 'XXIYIIXYZY', 'IIZIZZYYXY', 'YZZZXYZZZY', 'XXIYIIXYZY', 'YYIZZZIZXY', 'XYZYIZZIYI', 'XYYYIZZZII', 'IIZIZZYYXY', 'XYXZXXXYZY', 'ZZXZXXIIZY', 'XYYZIIZIZY', 'YZZZXYZZZY', 'XXZXZIIIYI', 'XYXZXXXYZY', 'XXXZIIZZZY', 'XYXZXXXYZY', 'IXIZXXZZYI', 'XYYYIZZZII', 'XXIYIIXYZY', 'IIZIZZYYXY', 'XYYZIIZIZY', 'XXIYIIXYZY', 'YZZZXYZZZY', 'YYIZZZIZXY', 'ZZXZXXIIZY', 'XXIIYXZZII', 'YYIZZZIZXY', 'XYXZXXXYZY', 'XYZYIZZIYI', 'XXIYIIXYZY', 'IIZIZZYYXY', 'IXIZXXZZYI', 'XYYZIIZIZY']
 Finished:      -7.845408132898
 Error:       0.000001783513
2.2




 --------------------------------------------------------------------------
                         ADAPT-VQE iteration:  53
 --------------------------------------------------------------------------
['IIZIZZYYXY', 'XXXZIIZZZY', 'XYYZIIZIZY', 'IIZIZZYYXY', 'XYXZXXXYZY', 'XYYYIZZZII', 'XXIYIIXYZY', 'XYZYIZZIYI', 'YYIZZZIZXY', 'XXIIYXZZII', 'YXZZIZYYII', 'XXIYIIXYZY', 'YZZZXYZZZY', 'IIZIZZYYXY', 'ZZXZXXIIZY', 'XXZXZIIIYI', 'XYXZXXXYZY', 'XYYYIZZZII', 'IXIZXXZZYI', 'XXXZIIZZZY', 'XYXZXXXYZY', 'XXIYIIXYZY', 'IIZIZZYYXY', 'YZZZXYZZZY', 'XXIYIIXYZY', 'YYIZZZIZXY', 'XYZYIZZIYI', 'XYYYIZZZII', 'IIZIZZYYXY', 'XYXZXXXYZY', 'ZZXZXXIIZY', 'XYYZIIZIZY', 'YZZZXYZZZY', 'XXZXZIIIYI', 'XYXZXXXYZY', 'XXXZIIZZZY', 'XYXZXXXYZY', 'IXIZXXZZYI', 'XYYYIZZZII', 'XXIYIIXYZY', 'IIZIZZYYXY', 'XYYZIIZIZY', 'XXIYIIXYZY', 'YZZZXYZZZY', 'YYIZZZIZXY', 'ZZXZXXIIZY', 'XXIIYXZZII', 'YYIZZZIZXY', 'XYXZXXXYZY', 'XYZYIZZIYI', 'XXIYIIXYZY', 'IIZIZZYYXY', 'IXIZXXZZYI', 'XYYZIIZIZY']
 Finished:      -7.845408566088
 Error:       0.000001350323
2.2




 --------------------------------------------------------------------------
                         ADAPT-VQE iteration:  54
 --------------------------------------------------------------------------
['IIZIZZYYXY', 'XXXZIIZZZY', 'XYYZIIZIZY', 'IIZIZZYYXY', 'XYXZXXXYZY', 'XYYYIZZZII', 'XXIYIIXYZY', 'XYZYIZZIYI', 'YYIZZZIZXY', 'XXIIYXZZII', 'YXZZIZYYII', 'XXIYIIXYZY', 'YZZZXYZZZY', 'IIZIZZYYXY', 'ZZXZXXIIZY', 'XXZXZIIIYI', 'YZZZXYZZZY', 'XYXZXXXYZY', 'XYYYIZZZII', 'IXIZXXZZYI', 'XXXZIIZZZY', 'XYXZXXXYZY', 'XXIYIIXYZY', 'IIZIZZYYXY', 'YZZZXYZZZY', 'XXIYIIXYZY', 'YYIZZZIZXY', 'XYZYIZZIYI', 'XYYYIZZZII', 'IIZIZZYYXY', 'XYXZXXXYZY', 'ZZXZXXIIZY', 'XYYZIIZIZY', 'YZZZXYZZZY', 'XXZXZIIIYI', 'XYXZXXXYZY', 'XXXZIIZZZY', 'XYXZXXXYZY', 'IXIZXXZZYI', 'XYYYIZZZII', 'XXIYIIXYZY', 'IIZIZZYYXY', 'XYYZIIZIZY', 'XXIYIIXYZY', 'YZZZXYZZZY', 'YYIZZZIZXY', 'ZZXZXXIIZY', 'XXIIYXZZII', 'YYIZZZIZXY', 'XYXZXXXYZY', 'XYZYIZZIYI', 'XXIYIIXYZY', 'IIZIZZYYXY', 'IXIZXXZZYI', 'XYYZIIZIZY']
 Finished:      -7.845409292587
 Error:       0.000000623824
2.2




 --------------------------------------------------------------------------
                         ADAPT-VQE iteration:  55
 --------------------------------------------------------------------------
['IIZIZZYYXY', 'XXXZIIZZZY', 'XYYZIIZIZY', 'IIZIZZYYXY', 'XYXZXXXYZY', 'XYYYIZZZII', 'IXIZXXZZYI', 'XXIYIIXYZY', 'XYZYIZZIYI', 'YYIZZZIZXY', 'XXIIYXZZII', 'YXZZIZYYII', 'XXIYIIXYZY', 'YZZZXYZZZY', 'IIZIZZYYXY', 'ZZXZXXIIZY', 'XXZXZIIIYI', 'YZZZXYZZZY', 'XYXZXXXYZY', 'XYYYIZZZII', 'IXIZXXZZYI', 'XXXZIIZZZY', 'XYXZXXXYZY', 'XXIYIIXYZY', 'IIZIZZYYXY', 'YZZZXYZZZY', 'XXIYIIXYZY', 'YYIZZZIZXY', 'XYZYIZZIYI', 'XYYYIZZZII', 'IIZIZZYYXY', 'XYXZXXXYZY', 'ZZXZXXIIZY', 'XYYZIIZIZY', 'YZZZXYZZZY', 'XXZXZIIIYI', 'XYXZXXXYZY', 'XXXZIIZZZY', 'XYXZXXXYZY', 'IXIZXXZZYI', 'XYYYIZZZII', 'XXIYIIXYZY', 'IIZIZZYYXY', 'XYYZIIZIZY', 'XXIYIIXYZY', 'YZZZXYZZZY', 'YYIZZZIZXY', 'ZZXZXXIIZY', 'XXIIYXZZII', 'YYIZZZIZXY', 'XYXZXXXYZY', 'XYZYIZZIYI', 'XXIYIIXYZY', 'IIZIZZYYXY', 'IXIZXXZZYI', 'XYYZIIZIZY']
 Finished:      -7.845409416473
 Error:       0.000000499938
2.2




 --------------------------------------------------------------------------
                         ADAPT-VQE iteration:  56
 --------------------------------------------------------------------------
['IIZIZZYYXY', 'XXXZIIZZZY', 'XYYZIIZIZY', 'IIZIZZYYXY', 'XYXZXXXYZY', 'XYYYIZZZII', 'IXIZXXZZYI', 'XXIYIIXYZY', 'XYZYIZZIYI', 'YYIZZZIZXY', 'XXIIYXZZII', 'YXZZIZYYII', 'XXIYIIXYZY', 'YZZZXYZZZY', 'IIZIZZYYXY', 'ZZXZXXIIZY', 'XXZXZIIIYI', 'YZZZXYZZZY', 'XYXZXXXYZY', 'XYYYIZZZII', 'IXIZXXZZYI', 'XXXZIIZZZY', 'XYXZXXXYZY', 'XXIYIIXYZY', 'IIZIZZYYXY', 'YZZZXYZZZY', 'XXIYIIXYZY', 'YYIZZZIZXY', 'XYZYIZZIYI', 'XYYYIZZZII', 'IIZIZZYYXY', 'XYXZXXXYZY', 'ZZXZXXIIZY', 'XYYZIIZIZY', 'YZZZXYZZZY', 'XXZXZIIIYI', 'XYXZXXXYZY', 'XXXZIIZZZY', 'XYXZXXXYZY', 'IXIZXXZZYI', 'XYYYIZZZII', 'XYXZXXXYZY', 'XXIYIIXYZY', 'IIZIZZYYXY', 'XYYZIIZIZY', 'XXIYIIXYZY', 'YZZZXYZZZY', 'YYIZZZIZXY', 'ZZXZXXIIZY', 'XXIIYXZZII', 'YYIZZZIZXY', 'XYXZXXXYZY', 'XYZYIZZIYI', 'XXIYIIXYZY', 'IIZIZZYYXY', 'IXIZXXZZYI', 'XYYZIIZIZY']
 Finished:      -7.845409523726
 Error:       0.000000392685
2.2




 --------------------------------------------------------------------------
                         ADAPT-VQE iteration:  57
 --------------------------------------------------------------------------
['IIZIZZYYXY', 'XXXZIIZZZY', 'XYYZIIZIZY', 'IIZIZZYYXY', 'XYXZXXXYZY', 'XYYYIZZZII', 'IXIZXXZZYI', 'XXIYIIXYZY', 'XYZYIZZIYI', 'YYIZZZIZXY', 'XXIIYXZZII', 'YXZZIZYYII', 'XXIYIIXYZY', 'YZZZXYZZZY', 'IIZIZZYYXY', 'ZZXZXXIIZY', 'XXZXZIIIYI', 'YZZZXYZZZY', 'XYXZXXXYZY', 'XYYYIZZZII', 'IXIZXXZZYI', 'XXXZIIZZZY', 'XYXZXXXYZY', 'XXIYIIXYZY', 'IIZIZZYYXY', 'YZZZXYZZZY', 'XXIYIIXYZY', 'YYIZZZIZXY', 'XYZYIZZIYI', 'XYYYIZZZII', 'IIZIZZYYXY', 'XYXZXXXYZY', 'ZZXZXXIIZY', 'XYYZIIZIZY', 'YZZZXYZZZY', 'XXZXZIIIYI', 'XYXZXXXYZY', 'XXXZIIZZZY', 'XYXZXXXYZY', 'IXIZXXZZYI', 'IIZIZZYYXY', 'XYYYIZZZII', 'XYXZXXXYZY', 'XXIYIIXYZY', 'IIZIZZYYXY', 'XYYZIIZIZY', 'XXIYIIXYZY', 'YZZZXYZZZY', 'YYIZZZIZXY', 'ZZXZXXIIZY', 'XXIIYXZZII', 'YYIZZZIZXY', 'XYXZXXXYZY', 'XYZYIZZIYI', 'XXIYIIXYZY', 'IIZIZZYYXY', 'IXIZXXZZYI', 'XYYZIIZIZY']
 Finished:      -7.845409556966
 Error:       0.000000359445
2.2




 --------------------------------------------------------------------------
                         ADAPT-VQE iteration:  58
 --------------------------------------------------------------------------
['IXIZXXZZYI', 'IIZIZZYYXY', 'XXXZIIZZZY', 'XYYZIIZIZY', 'IIZIZZYYXY', 'XYXZXXXYZY', 'XYYYIZZZII', 'IXIZXXZZYI', 'XXIYIIXYZY', 'XYZYIZZIYI', 'YYIZZZIZXY', 'XXIIYXZZII', 'YXZZIZYYII', 'XXIYIIXYZY', 'YZZZXYZZZY', 'IIZIZZYYXY', 'ZZXZXXIIZY', 'XXZXZIIIYI', 'YZZZXYZZZY', 'XYXZXXXYZY', 'XYYYIZZZII', 'IXIZXXZZYI', 'XXXZIIZZZY', 'XYXZXXXYZY', 'XXIYIIXYZY', 'IIZIZZYYXY', 'YZZZXYZZZY', 'XXIYIIXYZY', 'YYIZZZIZXY', 'XYZYIZZIYI', 'XYYYIZZZII', 'IIZIZZYYXY', 'XYXZXXXYZY', 'ZZXZXXIIZY', 'XYYZIIZIZY', 'YZZZXYZZZY', 'XXZXZIIIYI', 'XYXZXXXYZY', 'XXXZIIZZZY', 'XYXZXXXYZY', 'IXIZXXZZYI', 'IIZIZZYYXY', 'XYYYIZZZII', 'XYXZXXXYZY', 'XXIYIIXYZY', 'IIZIZZYYXY', 'XYYZIIZIZY', 'XXIYIIXYZY', 'YZZZXYZZZY', 'YYIZZZIZXY', 'ZZXZXXIIZY', 'XXIIYXZZII', 'YYIZZZIZXY', 'XYXZXXXYZY', 'XYZYIZZIYI', 'XXIYIIXYZY', 'IIZIZZYYXY', 'IXIZXXZZYI', 'XYYZIIZIZY']
 Finished:      -7.845409886657
 Error:       0.000000029754
2.2




 --------------------------------------------------------------------------
                         ADAPT-VQE iteration:  59
 --------------------------------------------------------------------------
['IXIZXXZZYI', 'IIZIZZYYXY', 'XXXZIIZZZY', 'XYYZIIZIZY', 'IIZIZZYYXY', 'XYXZXXXYZY', 'XYYYIZZZII', 'IXIZXXZZYI', 'XXIYIIXYZY', 'XYZYIZZIYI', 'YYIZZZIZXY', 'XXIIYXZZII', 'YXZZIZYYII', 'XXIYIIXYZY', 'YZZZXYZZZY', 'IIZIZZYYXY', 'ZZXZXXIIZY', 'XXZXZIIIYI', 'YZZZXYZZZY', 'XYXZXXXYZY', 'XYYYIZZZII', 'IXIZXXZZYI', 'XXXZIIZZZY', 'XYXZXXXYZY', 'XXIYIIXYZY', 'IIZIZZYYXY', 'YZZZXYZZZY', 'XXIYIIXYZY', 'YYIZZZIZXY', 'XYZYIZZIYI', 'XYYYIZZZII', 'IIZIZZYYXY', 'XYXZXXXYZY', 'ZZXZXXIIZY', 'XYYZIIZIZY', 'YZZZXYZZZY', 'IIZIZZYYXY', 'XXZXZIIIYI', 'XYXZXXXYZY', 'XXXZIIZZZY', 'XYXZXXXYZY', 'IXIZXXZZYI', 'IIZIZZYYXY', 'XYYYIZZZII', 'XYXZXXXYZY', 'XXIYIIXYZY', 'IIZIZZYYXY', 'XYYZIIZIZY', 'XXIYIIXYZY', 'YZZZXYZZZY', 'YYIZZZIZXY', 'ZZXZXXIIZY', 'XXIIYXZZII', 'YYIZZZIZXY', 'XYXZXXXYZY', 'XYZYIZZIYI', 'XXIYIIXYZY', 'IIZIZZYYXY', 'IXIZXXZZYI', 'XYYZIIZIZY']
 Finished:      -7.845409912090
 Error:       0.000000004321

 
 ------------------------------------------ 

