The list of distances to compute is: [1.0, 1.1, 1.2, 1.3, 1.4, 1.5, 1.6, 1.7, 1.8, 1.9, 2.0, 2.1, 2.2, 2.3, 2.4, 2.5, 2.6, 2.7, 2.8, 2.9, 3.0]
I am the distance: 1.8
Li 0 0 0; H 0 0 1.8
Problem reduced to 10 qubits.
HF energy:                 -7.8500186971668047
Active space FCI energy:    -7.8742800339316110
n_electrons: 2
0.0
molecule.n_orbitals: 5
 adapt threshold: 1e-08
 theta threshold: 1e-10
 Generate Sparse Matrices for operators in pool
Ground state energy: -7.8742800339316
initial energy -7.850018697166805
 Start ADAPT-VQE algorithm
 Now start to grow the ansatz




 --------------------------------------------------------------------------
                         ADAPT-VQE iteration:  0
 --------------------------------------------------------------------------
['XYYZIIZIZY']
 Finished:      -7.852230289489
 Error:       0.022049744443
1.8




 --------------------------------------------------------------------------
                         ADAPT-VQE iteration:  1
 --------------------------------------------------------------------------
['YYIZZZIZXY', 'XYYZIIZIZY']
 Finished:      -7.869720554290
 Error:       0.004559479641
1.8




 --------------------------------------------------------------------------
                         ADAPT-VQE iteration:  2
 --------------------------------------------------------------------------
['XXZXZIIIYI', 'YYIZZZIZXY', 'XYYZIIZIZY']
 Finished:      -7.871937163184
 Error:       0.002342870747
1.8




 --------------------------------------------------------------------------
                         ADAPT-VQE iteration:  3
 --------------------------------------------------------------------------
['XXZXZIIIYI', 'XYYYIZZZII', 'YYIZZZIZXY', 'XYYZIIZIZY']
 Finished:      -7.872797026493
 Error:       0.001483007438
1.8




 --------------------------------------------------------------------------
                         ADAPT-VQE iteration:  4
 --------------------------------------------------------------------------
['XXIIYXZZII', 'XXZXZIIIYI', 'XYYYIZZZII', 'YYIZZZIZXY', 'XYYZIIZIZY']
 Finished:      -7.873149865236
 Error:       0.001130168696
1.8




 --------------------------------------------------------------------------
                         ADAPT-VQE iteration:  5
 --------------------------------------------------------------------------
['XXIIYXZZII', 'YXZZIZYYII', 'XXZXZIIIYI', 'XYYYIZZZII', 'YYIZZZIZXY', 'XYYZIIZIZY']
 Finished:      -7.873490976812
 Error:       0.000789057120
1.8




 --------------------------------------------------------------------------
                         ADAPT-VQE iteration:  6
 --------------------------------------------------------------------------
['XXIIYXZZII', 'YXZZIZYYII', 'XXZXZIIIYI', 'XYYYIZZZII', 'YYIZZZIZXY', 'IIZIZZYYXY', 'XYYZIIZIZY']
 Finished:      -7.873519042469
 Error:       0.000760991463
1.8




 --------------------------------------------------------------------------
                         ADAPT-VQE iteration:  7
 --------------------------------------------------------------------------
['XXIIYXZZII', 'YXZZIZYYII', 'XXZXZIIIYI', 'XYYYIZZZII', 'ZZXZXXIIZY', 'YYIZZZIZXY', 'IIZIZZYYXY', 'XYYZIIZIZY']
 Finished:      -7.873524406128
 Error:       0.000755627803
1.8




 --------------------------------------------------------------------------
                         ADAPT-VQE iteration:  8
 --------------------------------------------------------------------------
['XXIIYXZZII', 'XYZYIZZIYI', 'YXZZIZYYII', 'XXZXZIIIYI', 'XYYYIZZZII', 'ZZXZXXIIZY', 'YYIZZZIZXY', 'IIZIZZYYXY', 'XYYZIIZIZY']
 Finished:      -7.873568495453
 Error:       0.000711538478
1.8




 --------------------------------------------------------------------------
                         ADAPT-VQE iteration:  9
 --------------------------------------------------------------------------
['XXIIYXZZII', 'XYZYIZZIYI', 'YXZZIZYYII', 'XXZXZIIIYI', 'XXXZIIZZZY', 'XYYYIZZZII', 'ZZXZXXIIZY', 'YYIZZZIZXY', 'IIZIZZYYXY', 'XYYZIIZIZY']
 Finished:      -7.873612337470
 Error:       0.000667696461
1.8




 --------------------------------------------------------------------------
                         ADAPT-VQE iteration:  10
 --------------------------------------------------------------------------
['XXIIYXZZII', 'XYZYIZZIYI', 'YXZZIZYYII', 'XXZXZIIIYI', 'XXXZIIZZZY', 'XYYYIZZZII', 'ZZXZXXIIZY', 'YYIZZZIZXY', 'XYZYIZZIYI', 'IIZIZZYYXY', 'XYYZIIZIZY']
 Finished:      -7.873646298508
 Error:       0.000633735424
1.8




 --------------------------------------------------------------------------
                         ADAPT-VQE iteration:  11
 --------------------------------------------------------------------------
['XXIIYXZZII', 'XYZYIZZIYI', 'YXZZIZYYII', 'XXZXZIIIYI', 'XXXZIIZZZY', 'XYYYIZZZII', 'ZZXZXXIIZY', 'YYIZZZIZXY', 'XYZYIZZIYI', 'XXIYIIXYZY', 'IIZIZZYYXY', 'XYYZIIZIZY']
 Finished:      -7.873647032263
 Error:       0.000633001669
1.8




 --------------------------------------------------------------------------
                         ADAPT-VQE iteration:  12
 --------------------------------------------------------------------------
['XXIIYXZZII', 'XYZYIZZIYI', 'YXZZIZYYII', 'XXZXZIIIYI', 'XXXZIIZZZY', 'XXIYIIXYZY', 'XYYYIZZZII', 'ZZXZXXIIZY', 'YYIZZZIZXY', 'XYZYIZZIYI', 'XXIYIIXYZY', 'IIZIZZYYXY', 'XYYZIIZIZY']
 Finished:      -7.873654981482
 Error:       0.000625052450
1.8




 --------------------------------------------------------------------------
                         ADAPT-VQE iteration:  13
 --------------------------------------------------------------------------
['XXIIYXZZII', 'XYZYIZZIYI', 'YXZZIZYYII', 'XXZXZIIIYI', 'XXXZIIZZZY', 'XXIYIIXYZY', 'XYYYIZZZII', 'ZZXZXXIIZY', 'XXIIYXZZII', 'YYIZZZIZXY', 'XYZYIZZIYI', 'XXIYIIXYZY', 'IIZIZZYYXY', 'XYYZIIZIZY']
 Finished:      -7.873659798066
 Error:       0.000620235865
1.8




 --------------------------------------------------------------------------
                         ADAPT-VQE iteration:  14
 --------------------------------------------------------------------------
['XXIIYXZZII', 'XYZYIZZIYI', 'YXZZIZYYII', 'XXZXZIIIYI', 'XXXZIIZZZY', 'XXIYIIXYZY', 'XYYYIZZZII', 'XXIYIIXYZY', 'ZZXZXXIIZY', 'XXIIYXZZII', 'YYIZZZIZXY', 'XYZYIZZIYI', 'XXIYIIXYZY', 'IIZIZZYYXY', 'XYYZIIZIZY']
 Finished:      -7.873662516111
 Error:       0.000617517820
1.8




 --------------------------------------------------------------------------
                         ADAPT-VQE iteration:  15
 --------------------------------------------------------------------------
['XXIIYXZZII', 'XYZYIZZIYI', 'YXZZIZYYII', 'XXZXZIIIYI', 'XXXZIIZZZY', 'XXIYIIXYZY', 'XYYYIZZZII', 'XYXZXXXYZY', 'XXIYIIXYZY', 'ZZXZXXIIZY', 'XXIIYXZZII', 'YYIZZZIZXY', 'XYZYIZZIYI', 'XXIYIIXYZY', 'IIZIZZYYXY', 'XYYZIIZIZY']
 Finished:      -7.873662518259
 Error:       0.000617515673
1.8




 --------------------------------------------------------------------------
                         ADAPT-VQE iteration:  16
 --------------------------------------------------------------------------
['XXIIYXZZII', 'XYZYIZZIYI', 'YXZZIZYYII', 'XXZXZIIIYI', 'XXXZIIZZZY', 'XXIYIIXYZY', 'XYYZIIZIZY', 'XYYYIZZZII', 'XYXZXXXYZY', 'XXIYIIXYZY', 'ZZXZXXIIZY', 'XXIIYXZZII', 'YYIZZZIZXY', 'XYZYIZZIYI', 'XXIYIIXYZY', 'IIZIZZYYXY', 'XYYZIIZIZY']
 Finished:      -7.873664178846
 Error:       0.000615855086
1.8




 --------------------------------------------------------------------------
                         ADAPT-VQE iteration:  17
 --------------------------------------------------------------------------
['XXIIYXZZII', 'XYZYIZZIYI', 'YXZZIZYYII', 'XXZXZIIIYI', 'XXXZIIZZZY', 'XXIYIIXYZY', 'ZZXZXXIIZY', 'XYYZIIZIZY', 'XYYYIZZZII', 'XYXZXXXYZY', 'XXIYIIXYZY', 'ZZXZXXIIZY', 'XXIIYXZZII', 'YYIZZZIZXY', 'XYZYIZZIYI', 'XXIYIIXYZY', 'IIZIZZYYXY', 'XYYZIIZIZY']
 Finished:      -7.873678655350
 Error:       0.000601378581
1.8




 --------------------------------------------------------------------------
                         ADAPT-VQE iteration:  18
 --------------------------------------------------------------------------
['XXIIYXZZII', 'XYZYIZZIYI', 'YXZZIZYYII', 'XXZXZIIIYI', 'XXXZIIZZZY', 'XXIYIIXYZY', 'ZZXZXXIIZY', 'XYYZIIZIZY', 'XYYYIZZZII', 'YZZZXYZZZY', 'XYXZXXXYZY', 'XXIYIIXYZY', 'ZZXZXXIIZY', 'XXIIYXZZII', 'YYIZZZIZXY', 'XYZYIZZIYI', 'XXIYIIXYZY', 'IIZIZZYYXY', 'XYYZIIZIZY']
 Finished:      -7.873678894696
 Error:       0.000601139235
1.8




 --------------------------------------------------------------------------
                         ADAPT-VQE iteration:  19
 --------------------------------------------------------------------------
['XXIIYXZZII', 'XYZYIZZIYI', 'YXZZIZYYII', 'XXZXZIIIYI', 'XXXZIIZZZY', 'XXIYIIXYZY', 'ZZXZXXIIZY', 'XYYZIIZIZY', 'XYYYIZZZII', 'YZZZXYZZZY', 'XYXZXXXYZY', 'XXIYIIXYZY', 'ZZXZXXIIZY', 'YZZZXYZZZY', 'XXIIYXZZII', 'YYIZZZIZXY', 'XYZYIZZIYI', 'XXIYIIXYZY', 'IIZIZZYYXY', 'XYYZIIZIZY']
 Finished:      -7.873897470863
 Error:       0.000382563069
1.8




 --------------------------------------------------------------------------
                         ADAPT-VQE iteration:  20
 --------------------------------------------------------------------------
['XXIIYXZZII', 'XYZYIZZIYI', 'YXZZIZYYII', 'XXZXZIIIYI', 'XXXZIIZZZY', 'XXIYIIXYZY', 'ZZXZXXIIZY', 'YYIZZZIZXY', 'XYYZIIZIZY', 'XYYYIZZZII', 'YZZZXYZZZY', 'XYXZXXXYZY', 'XXIYIIXYZY', 'ZZXZXXIIZY', 'YZZZXYZZZY', 'XXIIYXZZII', 'YYIZZZIZXY', 'XYZYIZZIYI', 'XXIYIIXYZY', 'IIZIZZYYXY', 'XYYZIIZIZY']
 Finished:      -7.873927630661
 Error:       0.000352403270
1.8




 --------------------------------------------------------------------------
                         ADAPT-VQE iteration:  21
 --------------------------------------------------------------------------
['XXIIYXZZII', 'XYZYIZZIYI', 'YXZZIZYYII', 'XXZXZIIIYI', 'XXXZIIZZZY', 'XXIYIIXYZY', 'ZZXZXXIIZY', 'YYIZZZIZXY', 'XYYZIIZIZY', 'XYYYIZZZII', 'YZZZXYZZZY', 'XXXZIIZZZY', 'XYXZXXXYZY', 'XXIYIIXYZY', 'ZZXZXXIIZY', 'YZZZXYZZZY', 'XXIIYXZZII', 'YYIZZZIZXY', 'XYZYIZZIYI', 'XXIYIIXYZY', 'IIZIZZYYXY', 'XYYZIIZIZY']
 Finished:      -7.873930357073
 Error:       0.000349676858
1.8




 --------------------------------------------------------------------------
                         ADAPT-VQE iteration:  22
 --------------------------------------------------------------------------
['XXIIYXZZII', 'XYZYIZZIYI', 'YXZZIZYYII', 'XXZXZIIIYI', 'XXXZIIZZZY', 'XXIYIIXYZY', 'ZZXZXXIIZY', 'YYIZZZIZXY', 'XYYZIIZIZY', 'XYYYIZZZII', 'YZZZXYZZZY', 'IXIZXXZZYI', 'XXXZIIZZZY', 'XYXZXXXYZY', 'XXIYIIXYZY', 'ZZXZXXIIZY', 'YZZZXYZZZY', 'XXIIYXZZII', 'YYIZZZIZXY', 'XYZYIZZIYI', 'XXIYIIXYZY', 'IIZIZZYYXY', 'XYYZIIZIZY']
 Finished:      -7.873931935533
 Error:       0.000348098399
1.8




 --------------------------------------------------------------------------
                         ADAPT-VQE iteration:  23
 --------------------------------------------------------------------------
['IXIZXXZZYI', 'XXIIYXZZII', 'XYZYIZZIYI', 'YXZZIZYYII', 'XXZXZIIIYI', 'XXXZIIZZZY', 'XXIYIIXYZY', 'ZZXZXXIIZY', 'YYIZZZIZXY', 'XYYZIIZIZY', 'XYYYIZZZII', 'YZZZXYZZZY', 'IXIZXXZZYI', 'XXXZIIZZZY', 'XYXZXXXYZY', 'XXIYIIXYZY', 'ZZXZXXIIZY', 'YZZZXYZZZY', 'XXIIYXZZII', 'YYIZZZIZXY', 'XYZYIZZIYI', 'XXIYIIXYZY', 'IIZIZZYYXY', 'XYYZIIZIZY']
 Finished:      -7.873948717180
 Error:       0.000331316752
1.8




 --------------------------------------------------------------------------
                         ADAPT-VQE iteration:  24
 --------------------------------------------------------------------------
['IXIZXXZZYI', 'XXIIYXZZII', 'XYZYIZZIYI', 'YXZZIZYYII', 'XXZXZIIIYI', 'XXXZIIZZZY', 'XXIYIIXYZY', 'ZZXZXXIIZY', 'YYIZZZIZXY', 'XYYZIIZIZY', 'XYYYIZZZII', 'YZZZXYZZZY', 'IXIZXXZZYI', 'XXXZIIZZZY', 'XYXZXXXYZY', 'IIZIZZYYXY', 'XXIYIIXYZY', 'ZZXZXXIIZY', 'YZZZXYZZZY', 'XXIIYXZZII', 'YYIZZZIZXY', 'XYZYIZZIYI', 'XXIYIIXYZY', 'IIZIZZYYXY', 'XYYZIIZIZY']
 Finished:      -7.873948918289
 Error:       0.000331115643
1.8




 --------------------------------------------------------------------------
                         ADAPT-VQE iteration:  25
 --------------------------------------------------------------------------
['IXIZXXZZYI', 'XXIIYXZZII', 'XYZYIZZIYI', 'YXZZIZYYII', 'XXZXZIIIYI', 'XXXZIIZZZY', 'XXIYIIXYZY', 'ZZXZXXIIZY', 'YYIZZZIZXY', 'XYYZIIZIZY', 'XYYYIZZZII', 'YZZZXYZZZY', 'IXIZXXZZYI', 'XXXZIIZZZY', 'XYXZXXXYZY', 'IIZIZZYYXY', 'XXIYIIXYZY', 'ZZXZXXIIZY', 'YZZZXYZZZY', 'XXIIYXZZII', 'YYIZZZIZXY', 'XYZYIZZIYI', 'XXIYIIXYZY', 'IIZIZZYYXY', 'XXZXZIIIYI', 'XYYZIIZIZY']
 Finished:      -7.873983474044
 Error:       0.000296559887
1.8




 --------------------------------------------------------------------------
                         ADAPT-VQE iteration:  26
 --------------------------------------------------------------------------
['IXIZXXZZYI', 'XXIIYXZZII', 'XYZYIZZIYI', 'YXZZIZYYII', 'XXZXZIIIYI', 'XXXZIIZZZY', 'XXIYIIXYZY', 'ZZXZXXIIZY', 'YYIZZZIZXY', 'XYYZIIZIZY', 'XYYYIZZZII', 'YZZZXYZZZY', 'IXIZXXZZYI', 'XXXZIIZZZY', 'XYXZXXXYZY', 'IIZIZZYYXY', 'XXIYIIXYZY', 'ZZXZXXIIZY', 'YZZZXYZZZY', 'XXIIYXZZII', 'YYIZZZIZXY', 'XYZYIZZIYI', 'XXIYIIXYZY', 'IIZIZZYYXY', 'XXZXZIIIYI', 'XXIIYXZZII', 'XYYZIIZIZY']
 Finished:      -7.873988215470
 Error:       0.000291818462
1.8




 --------------------------------------------------------------------------
                         ADAPT-VQE iteration:  27
 --------------------------------------------------------------------------
['IXIZXXZZYI', 'XXIIYXZZII', 'XYZYIZZIYI', 'YXZZIZYYII', 'XXZXZIIIYI', 'XXXZIIZZZY', 'XXIYIIXYZY', 'ZZXZXXIIZY', 'YYIZZZIZXY', 'XXIYIIXYZY', 'XYYZIIZIZY', 'XYYYIZZZII', 'YZZZXYZZZY', 'IXIZXXZZYI', 'XXXZIIZZZY', 'XYXZXXXYZY', 'IIZIZZYYXY', 'XXIYIIXYZY', 'ZZXZXXIIZY', 'YZZZXYZZZY', 'XXIIYXZZII', 'YYIZZZIZXY', 'XYZYIZZIYI', 'XXIYIIXYZY', 'IIZIZZYYXY', 'XXZXZIIIYI', 'XXIIYXZZII', 'XYYZIIZIZY']
 Finished:      -7.873992875483
 Error:       0.000287158449
1.8




 --------------------------------------------------------------------------
                         ADAPT-VQE iteration:  28
 --------------------------------------------------------------------------
['IXIZXXZZYI', 'XXIIYXZZII', 'XYZYIZZIYI', 'YXZZIZYYII', 'XXZXZIIIYI', 'XXXZIIZZZY', 'XXIYIIXYZY', 'ZZXZXXIIZY', 'YYIZZZIZXY', 'XXIYIIXYZY', 'XYYZIIZIZY', 'XYYYIZZZII', 'YZZZXYZZZY', 'IXIZXXZZYI', 'XXXZIIZZZY', 'XYXZXXXYZY', 'IIZIZZYYXY', 'XXIYIIXYZY', 'ZZXZXXIIZY', 'YZZZXYZZZY', 'ZZXZXXIIZY', 'XXIIYXZZII', 'YYIZZZIZXY', 'XYZYIZZIYI', 'XXIYIIXYZY', 'IIZIZZYYXY', 'XXZXZIIIYI', 'XXIIYXZZII', 'XYYZIIZIZY']
 Finished:      -7.873993169984
 Error:       0.000286863948
1.8




 --------------------------------------------------------------------------
                         ADAPT-VQE iteration:  29
 --------------------------------------------------------------------------
['IXIZXXZZYI', 'XXIIYXZZII', 'XYZYIZZIYI', 'YXZZIZYYII', 'XXZXZIIIYI', 'XXXZIIZZZY', 'XXIYIIXYZY', 'ZZXZXXIIZY', 'YYIZZZIZXY', 'XXIYIIXYZY', 'XYYZIIZIZY', 'XYYYIZZZII', 'YZZZXYZZZY', 'IXIZXXZZYI', 'XYYYIZZZII', 'XXXZIIZZZY', 'XYXZXXXYZY', 'IIZIZZYYXY', 'XXIYIIXYZY', 'ZZXZXXIIZY', 'YZZZXYZZZY', 'ZZXZXXIIZY', 'XXIIYXZZII', 'YYIZZZIZXY', 'XYZYIZZIYI', 'XXIYIIXYZY', 'IIZIZZYYXY', 'XXZXZIIIYI', 'XXIIYXZZII', 'XYYZIIZIZY']
 Finished:      -7.873993175374
 Error:       0.000286858558
1.8




 --------------------------------------------------------------------------
                         ADAPT-VQE iteration:  30
 --------------------------------------------------------------------------
['IXIZXXZZYI', 'XXIIYXZZII', 'XYZYIZZIYI', 'XYXZXXXYZY', 'YXZZIZYYII', 'XXZXZIIIYI', 'XXXZIIZZZY', 'XXIYIIXYZY', 'ZZXZXXIIZY', 'YYIZZZIZXY', 'XXIYIIXYZY', 'XYYZIIZIZY', 'XYYYIZZZII', 'YZZZXYZZZY', 'IXIZXXZZYI', 'XYYYIZZZII', 'XXXZIIZZZY', 'XYXZXXXYZY', 'IIZIZZYYXY', 'XXIYIIXYZY', 'ZZXZXXIIZY', 'YZZZXYZZZY', 'ZZXZXXIIZY', 'XXIIYXZZII', 'YYIZZZIZXY', 'XYZYIZZIYI', 'XXIYIIXYZY', 'IIZIZZYYXY', 'XXZXZIIIYI', 'XXIIYXZZII', 'XYYZIIZIZY']
 Finished:      -7.873993218486
 Error:       0.000286815446
1.8




 --------------------------------------------------------------------------
                         ADAPT-VQE iteration:  31
 --------------------------------------------------------------------------
['IXIZXXZZYI', 'XXIIYXZZII', 'XYZYIZZIYI', 'XYXZXXXYZY', 'YXZZIZYYII', 'XXZXZIIIYI', 'XXXZIIZZZY', 'XYXZXXXYZY', 'XXIYIIXYZY', 'ZZXZXXIIZY', 'YYIZZZIZXY', 'XXIYIIXYZY', 'XYYZIIZIZY', 'XYYYIZZZII', 'YZZZXYZZZY', 'IXIZXXZZYI', 'XYYYIZZZII', 'XXXZIIZZZY', 'XYXZXXXYZY', 'IIZIZZYYXY', 'XXIYIIXYZY', 'ZZXZXXIIZY', 'YZZZXYZZZY', 'ZZXZXXIIZY', 'XXIIYXZZII', 'YYIZZZIZXY', 'XYZYIZZIYI', 'XXIYIIXYZY', 'IIZIZZYYXY', 'XXZXZIIIYI', 'XXIIYXZZII', 'XYYZIIZIZY']
 Finished:      -7.873993907147
 Error:       0.000286126785
1.8




 --------------------------------------------------------------------------
                         ADAPT-VQE iteration:  32
 --------------------------------------------------------------------------
['XYXZXXXYZY', 'IXIZXXZZYI', 'XXIIYXZZII', 'XYZYIZZIYI', 'XYXZXXXYZY', 'YXZZIZYYII', 'XXZXZIIIYI', 'XXXZIIZZZY', 'XYXZXXXYZY', 'XXIYIIXYZY', 'ZZXZXXIIZY', 'YYIZZZIZXY', 'XXIYIIXYZY', 'XYYZIIZIZY', 'XYYYIZZZII', 'YZZZXYZZZY', 'IXIZXXZZYI', 'XYYYIZZZII', 'XXXZIIZZZY', 'XYXZXXXYZY', 'IIZIZZYYXY', 'XXIYIIXYZY', 'ZZXZXXIIZY', 'YZZZXYZZZY', 'ZZXZXXIIZY', 'XXIIYXZZII', 'YYIZZZIZXY', 'XYZYIZZIYI', 'XXIYIIXYZY', 'IIZIZZYYXY', 'XXZXZIIIYI', 'XXIIYXZZII', 'XYYZIIZIZY']
 Finished:      -7.873994039533
 Error:       0.000285994399
1.8




 --------------------------------------------------------------------------
                         ADAPT-VQE iteration:  33
 --------------------------------------------------------------------------
['XYXZXXXYZY', 'IXIZXXZZYI', 'XXIIYXZZII', 'XYZYIZZIYI', 'XYXZXXXYZY', 'YXZZIZYYII', 'XXZXZIIIYI', 'XXXZIIZZZY', 'XYXZXXXYZY', 'XXIYIIXYZY', 'ZZXZXXIIZY', 'YYIZZZIZXY', 'XXIYIIXYZY', 'XYYZIIZIZY', 'XYYYIZZZII', 'YZZZXYZZZY', 'IXIZXXZZYI', 'XYYYIZZZII', 'XXXZIIZZZY', 'XYXZXXXYZY', 'IIZIZZYYXY', 'XXIYIIXYZY', 'ZZXZXXIIZY', 'XYYYIZZZII', 'YZZZXYZZZY', 'ZZXZXXIIZY', 'XXIIYXZZII', 'YYIZZZIZXY', 'XYZYIZZIYI', 'XXIYIIXYZY', 'IIZIZZYYXY', 'XXZXZIIIYI', 'XXIIYXZZII', 'XYYZIIZIZY']
 Finished:      -7.873994182920
 Error:       0.000285851012
1.8




 --------------------------------------------------------------------------
                         ADAPT-VQE iteration:  34
 --------------------------------------------------------------------------
['XYXZXXXYZY', 'IXIZXXZZYI', 'XXIIYXZZII', 'XYZYIZZIYI', 'XYXZXXXYZY', 'YXZZIZYYII', 'XXZXZIIIYI', 'XXXZIIZZZY', 'XYXZXXXYZY', 'XXIYIIXYZY', 'ZZXZXXIIZY', 'YYIZZZIZXY', 'XXIYIIXYZY', 'XYYZIIZIZY', 'XYYYIZZZII', 'IIZIZZYYXY', 'YZZZXYZZZY', 'IXIZXXZZYI', 'XYYYIZZZII', 'XXXZIIZZZY', 'XYXZXXXYZY', 'IIZIZZYYXY', 'XXIYIIXYZY', 'ZZXZXXIIZY', 'XYYYIZZZII', 'YZZZXYZZZY', 'ZZXZXXIIZY', 'XXIIYXZZII', 'YYIZZZIZXY', 'XYZYIZZIYI', 'XXIYIIXYZY', 'IIZIZZYYXY', 'XXZXZIIIYI', 'XXIIYXZZII', 'XYYZIIZIZY']
 Finished:      -7.873994233106
 Error:       0.000285800825
1.8




 --------------------------------------------------------------------------
                         ADAPT-VQE iteration:  35
 --------------------------------------------------------------------------
['XYXZXXXYZY', 'IXIZXXZZYI', 'XXIIYXZZII', 'XYZYIZZIYI', 'XYXZXXXYZY', 'YXZZIZYYII', 'XXZXZIIIYI', 'XXXZIIZZZY', 'XYXZXXXYZY', 'XXIYIIXYZY', 'ZZXZXXIIZY', 'YYIZZZIZXY', 'XXIYIIXYZY', 'XYYZIIZIZY', 'IIZIZZYYXY', 'XYYYIZZZII', 'IIZIZZYYXY', 'YZZZXYZZZY', 'IXIZXXZZYI', 'XYYYIZZZII', 'XXXZIIZZZY', 'XYXZXXXYZY', 'IIZIZZYYXY', 'XXIYIIXYZY', 'ZZXZXXIIZY', 'XYYYIZZZII', 'YZZZXYZZZY', 'ZZXZXXIIZY', 'XXIIYXZZII', 'YYIZZZIZXY', 'XYZYIZZIYI', 'XXIYIIXYZY', 'IIZIZZYYXY', 'XXZXZIIIYI', 'XXIIYXZZII', 'XYYZIIZIZY']
 Finished:      -7.873994560633
 Error:       0.000285473299
1.8




 --------------------------------------------------------------------------
                         ADAPT-VQE iteration:  36
 --------------------------------------------------------------------------
['XYXZXXXYZY', 'IXIZXXZZYI', 'XXIIYXZZII', 'XYZYIZZIYI', 'XYXZXXXYZY', 'YXZZIZYYII', 'XXZXZIIIYI', 'XXXZIIZZZY', 'XYXZXXXYZY', 'XXIYIIXYZY', 'ZZXZXXIIZY', 'YYIZZZIZXY', 'XXIYIIXYZY', 'XYYZIIZIZY', 'IIZIZZYYXY', 'XYYYIZZZII', 'IIZIZZYYXY', 'YZZZXYZZZY', 'XXXZIIZZZY', 'IXIZXXZZYI', 'XYYYIZZZII', 'XXXZIIZZZY', 'XYXZXXXYZY', 'IIZIZZYYXY', 'XXIYIIXYZY', 'ZZXZXXIIZY', 'XYYYIZZZII', 'YZZZXYZZZY', 'ZZXZXXIIZY', 'XXIIYXZZII', 'YYIZZZIZXY', 'XYZYIZZIYI', 'XXIYIIXYZY', 'IIZIZZYYXY', 'XXZXZIIIYI', 'XXIIYXZZII', 'XYYZIIZIZY']
 Finished:      -7.873994599846
 Error:       0.000285434085
1.8




 --------------------------------------------------------------------------
                         ADAPT-VQE iteration:  37
 --------------------------------------------------------------------------
['XYXZXXXYZY', 'IXIZXXZZYI', 'XXIIYXZZII', 'XYZYIZZIYI', 'XYXZXXXYZY', 'YXZZIZYYII', 'XXZXZIIIYI', 'XXXZIIZZZY', 'XYXZXXXYZY', 'XXIYIIXYZY', 'ZZXZXXIIZY', 'YYIZZZIZXY', 'XXIYIIXYZY', 'XYYZIIZIZY', 'IIZIZZYYXY', 'XYYYIZZZII', 'IIZIZZYYXY', 'YZZZXYZZZY', 'XXXZIIZZZY', 'XXZXZIIIYI', 'IXIZXXZZYI', 'XYYYIZZZII', 'XXXZIIZZZY', 'XYXZXXXYZY', 'IIZIZZYYXY', 'XXIYIIXYZY', 'ZZXZXXIIZY', 'XYYYIZZZII', 'YZZZXYZZZY', 'ZZXZXXIIZY', 'XXIIYXZZII', 'YYIZZZIZXY', 'XYZYIZZIYI', 'XXIYIIXYZY', 'IIZIZZYYXY', 'XXZXZIIIYI', 'XXIIYXZZII', 'XYYZIIZIZY']
 Finished:      -7.873994600414
 Error:       0.000285433518
1.8




 --------------------------------------------------------------------------
                         ADAPT-VQE iteration:  38
 --------------------------------------------------------------------------
['XYXZXXXYZY', 'IXIZXXZZYI', 'XXIIYXZZII', 'XYZYIZZIYI', 'XYXZXXXYZY', 'YXZZIZYYII', 'XXZXZIIIYI', 'XXXZIIZZZY', 'XYXZXXXYZY', 'XXIYIIXYZY', 'ZZXZXXIIZY', 'YYIZZZIZXY', 'XXIYIIXYZY', 'XYYZIIZIZY', 'IIZIZZYYXY', 'XYYYIZZZII', 'IIZIZZYYXY', 'YZZZXYZZZY', 'XXXZIIZZZY', 'XXZXZIIIYI', 'IXIZXXZZYI', 'XYYYIZZZII', 'XXXZIIZZZY', 'XYXZXXXYZY', 'IIZIZZYYXY', 'XXIYIIXYZY', 'ZZXZXXIIZY', 'XYYYIZZZII', 'XYZYIZZIYI', 'YZZZXYZZZY', 'ZZXZXXIIZY', 'XXIIYXZZII', 'YYIZZZIZXY', 'XYZYIZZIYI', 'XXIYIIXYZY', 'IIZIZZYYXY', 'XXZXZIIIYI', 'XXIIYXZZII', 'XYYZIIZIZY']
 Finished:      -7.873994732589
 Error:       0.000285301343
1.8




 --------------------------------------------------------------------------
                         ADAPT-VQE iteration:  39
 --------------------------------------------------------------------------
['XYXZXXXYZY', 'IXIZXXZZYI', 'XXIIYXZZII', 'XYZYIZZIYI', 'XYXZXXXYZY', 'YXZZIZYYII', 'XXZXZIIIYI', 'XXXZIIZZZY', 'XYXZXXXYZY', 'XXIYIIXYZY', 'ZZXZXXIIZY', 'YYIZZZIZXY', 'XXIYIIXYZY', 'XYYZIIZIZY', 'IIZIZZYYXY', 'XYYYIZZZII', 'IIZIZZYYXY', 'YZZZXYZZZY', 'XXXZIIZZZY', 'XXZXZIIIYI', 'IXIZXXZZYI', 'XYYYIZZZII', 'XXXZIIZZZY', 'XYXZXXXYZY', 'IIZIZZYYXY', 'XXIYIIXYZY', 'ZZXZXXIIZY', 'XYYYIZZZII', 'XYZYIZZIYI', 'YZZZXYZZZY', 'ZZXZXXIIZY', 'XXIIYXZZII', 'YYIZZZIZXY', 'XYZYIZZIYI', 'XXIYIIXYZY', 'IIZIZZYYXY', 'XXZXZIIIYI', 'XXIIYXZZII', 'IXIZXXZZYI', 'XYYZIIZIZY']
 Finished:      -7.873994923188
 Error:       0.000285110743
1.8




 --------------------------------------------------------------------------
                         ADAPT-VQE iteration:  40
 --------------------------------------------------------------------------
['XYXZXXXYZY', 'IXIZXXZZYI', 'XXIIYXZZII', 'XYZYIZZIYI', 'XYXZXXXYZY', 'YXZZIZYYII', 'XXZXZIIIYI', 'XXXZIIZZZY', 'XYXZXXXYZY', 'XXIYIIXYZY', 'ZZXZXXIIZY', 'YYIZZZIZXY', 'XXIYIIXYZY', 'XYYZIIZIZY', 'IIZIZZYYXY', 'XYYYIZZZII', 'IIZIZZYYXY', 'YZZZXYZZZY', 'XXXZIIZZZY', 'XXZXZIIIYI', 'IXIZXXZZYI', 'XYYYIZZZII', 'XXXZIIZZZY', 'XYXZXXXYZY', 'IIZIZZYYXY', 'XXIYIIXYZY', 'ZZXZXXIIZY', 'XYYYIZZZII', 'XXIYIIXYZY', 'XYZYIZZIYI', 'YZZZXYZZZY', 'ZZXZXXIIZY', 'XXIIYXZZII', 'YYIZZZIZXY', 'XYZYIZZIYI', 'XXIYIIXYZY', 'IIZIZZYYXY', 'XXZXZIIIYI', 'XXIIYXZZII', 'IXIZXXZZYI', 'XYYZIIZIZY']
 Finished:      -7.874012229938
 Error:       0.000267803994
1.8




 --------------------------------------------------------------------------
                         ADAPT-VQE iteration:  41
 --------------------------------------------------------------------------
['XYXZXXXYZY', 'IXIZXXZZYI', 'XXIIYXZZII', 'XYZYIZZIYI', 'XYXZXXXYZY', 'YXZZIZYYII', 'XXZXZIIIYI', 'XXXZIIZZZY', 'XYXZXXXYZY', 'XXIYIIXYZY', 'ZZXZXXIIZY', 'YYIZZZIZXY', 'XXIYIIXYZY', 'XYYZIIZIZY', 'IIZIZZYYXY', 'XYYYIZZZII', 'IIZIZZYYXY', 'YZZZXYZZZY', 'XXXZIIZZZY', 'XXZXZIIIYI', 'IXIZXXZZYI', 'XYYYIZZZII', 'XXXZIIZZZY', 'XYXZXXXYZY', 'IIZIZZYYXY', 'XXIYIIXYZY', 'ZZXZXXIIZY', 'XYYYIZZZII', 'XXIYIIXYZY', 'XYZYIZZIYI', 'YZZZXYZZZY', 'XYYYIZZZII', 'ZZXZXXIIZY', 'XXIIYXZZII', 'YYIZZZIZXY', 'XYZYIZZIYI', 'XXIYIIXYZY', 'IIZIZZYYXY', 'XXZXZIIIYI', 'XXIIYXZZII', 'IXIZXXZZYI', 'XYYZIIZIZY']
 Finished:      -7.874014492636
 Error:       0.000265541296
1.8




 --------------------------------------------------------------------------
                         ADAPT-VQE iteration:  42
 --------------------------------------------------------------------------
['XYXZXXXYZY', 'IXIZXXZZYI', 'XXIIYXZZII', 'XYZYIZZIYI', 'XYXZXXXYZY', 'YXZZIZYYII', 'XXZXZIIIYI', 'XXXZIIZZZY', 'XYXZXXXYZY', 'XXIYIIXYZY', 'ZZXZXXIIZY', 'YYIZZZIZXY', 'XXIYIIXYZY', 'XYYZIIZIZY', 'IIZIZZYYXY', 'XYYYIZZZII', 'IIZIZZYYXY', 'YZZZXYZZZY', 'XXXZIIZZZY', 'XXZXZIIIYI', 'XXIIYXZZII', 'IXIZXXZZYI', 'XYYYIZZZII', 'XXXZIIZZZY', 'XYXZXXXYZY', 'IIZIZZYYXY', 'XXIYIIXYZY', 'ZZXZXXIIZY', 'XYYYIZZZII', 'XXIYIIXYZY', 'XYZYIZZIYI', 'YZZZXYZZZY', 'XYYYIZZZII', 'ZZXZXXIIZY', 'XXIIYXZZII', 'YYIZZZIZXY', 'XYZYIZZIYI', 'XXIYIIXYZY', 'IIZIZZYYXY', 'XXZXZIIIYI', 'XXIIYXZZII', 'IXIZXXZZYI', 'XYYZIIZIZY']
 Finished:      -7.874247251593
 Error:       0.000032782339
1.8




 --------------------------------------------------------------------------
                         ADAPT-VQE iteration:  43
 --------------------------------------------------------------------------
['XYXZXXXYZY', 'IXIZXXZZYI', 'XXIIYXZZII', 'XYZYIZZIYI', 'XYXZXXXYZY', 'YXZZIZYYII', 'XXZXZIIIYI', 'XXXZIIZZZY', 'XYXZXXXYZY', 'XXIYIIXYZY', 'ZZXZXXIIZY', 'YYIZZZIZXY', 'XXIYIIXYZY', 'XYYZIIZIZY', 'IIZIZZYYXY', 'XYYYIZZZII', 'IIZIZZYYXY', 'YZZZXYZZZY', 'XXXZIIZZZY', 'XXZXZIIIYI', 'XXIIYXZZII', 'IXIZXXZZYI', 'XYYYIZZZII', 'XXXZIIZZZY', 'XYXZXXXYZY', 'IIZIZZYYXY', 'XXIYIIXYZY', 'ZZXZXXIIZY', 'XYYYIZZZII', 'XXIYIIXYZY', 'XYZYIZZIYI', 'YZZZXYZZZY', 'XYYYIZZZII', 'ZZXZXXIIZY', 'XXIIYXZZII', 'YYIZZZIZXY', 'XYZYIZZIYI', 'XXIYIIXYZY', 'YXZZIZYYII', 'IIZIZZYYXY', 'XXZXZIIIYI', 'XXIIYXZZII', 'IXIZXXZZYI', 'XYYZIIZIZY']
 Finished:      -7.874249204502
 Error:       0.000030829429
1.8




 --------------------------------------------------------------------------
                         ADAPT-VQE iteration:  44
 --------------------------------------------------------------------------
['XYXZXXXYZY', 'IXIZXXZZYI', 'XXIIYXZZII', 'XYZYIZZIYI', 'XYXZXXXYZY', 'YXZZIZYYII', 'XXZXZIIIYI', 'XXXZIIZZZY', 'IXIZXXZZYI', 'XYXZXXXYZY', 'XXIYIIXYZY', 'ZZXZXXIIZY', 'YYIZZZIZXY', 'XXIYIIXYZY', 'XYYZIIZIZY', 'IIZIZZYYXY', 'XYYYIZZZII', 'IIZIZZYYXY', 'YZZZXYZZZY', 'XXXZIIZZZY', 'XXZXZIIIYI', 'XXIIYXZZII', 'IXIZXXZZYI', 'XYYYIZZZII', 'XXXZIIZZZY', 'XYXZXXXYZY', 'IIZIZZYYXY', 'XXIYIIXYZY', 'ZZXZXXIIZY', 'XYYYIZZZII', 'XXIYIIXYZY', 'XYZYIZZIYI', 'YZZZXYZZZY', 'XYYYIZZZII', 'ZZXZXXIIZY', 'XXIIYXZZII', 'YYIZZZIZXY', 'XYZYIZZIYI', 'XXIYIIXYZY', 'YXZZIZYYII', 'IIZIZZYYXY', 'XXZXZIIIYI', 'XXIIYXZZII', 'IXIZXXZZYI', 'XYYZIIZIZY']
 Finished:      -7.874260608028
 Error:       0.000019425903
1.8




 --------------------------------------------------------------------------
                         ADAPT-VQE iteration:  45
 --------------------------------------------------------------------------
['XYXZXXXYZY', 'IXIZXXZZYI', 'XXIIYXZZII', 'XYZYIZZIYI', 'XYXZXXXYZY', 'YXZZIZYYII', 'XXZXZIIIYI', 'XXXZIIZZZY', 'IXIZXXZZYI', 'XYXZXXXYZY', 'XXIYIIXYZY', 'ZZXZXXIIZY', 'YYIZZZIZXY', 'XXIYIIXYZY', 'XYYZIIZIZY', 'IIZIZZYYXY', 'XYYYIZZZII', 'IIZIZZYYXY', 'YZZZXYZZZY', 'XXXZIIZZZY', 'XXZXZIIIYI', 'XXIIYXZZII', 'IXIZXXZZYI', 'XYYYIZZZII', 'XXXZIIZZZY', 'XYXZXXXYZY', 'IIZIZZYYXY', 'XXIYIIXYZY', 'ZZXZXXIIZY', 'XYYYIZZZII', 'XXIYIIXYZY', 'XYZYIZZIYI', 'YZZZXYZZZY', 'XYYYIZZZII', 'ZZXZXXIIZY', 'XXIIYXZZII', 'YYIZZZIZXY', 'XYZYIZZIYI', 'XXIYIIXYZY', 'YXZZIZYYII', 'IIZIZZYYXY', 'IXIZXXZZYI', 'XXZXZIIIYI', 'XXIIYXZZII', 'IXIZXXZZYI', 'XYYZIIZIZY']
 Finished:      -7.874272672223
 Error:       0.000007361709
1.8




 --------------------------------------------------------------------------
                         ADAPT-VQE iteration:  46
 --------------------------------------------------------------------------
['XYXZXXXYZY', 'IXIZXXZZYI', 'XXIIYXZZII', 'XYZYIZZIYI', 'XYXZXXXYZY', 'YXZZIZYYII', 'XXZXZIIIYI', 'XXXZIIZZZY', 'IXIZXXZZYI', 'XYXZXXXYZY', 'XXIYIIXYZY', 'ZZXZXXIIZY', 'YYIZZZIZXY', 'XXIYIIXYZY', 'XYYZIIZIZY', 'IIZIZZYYXY', 'XYYYIZZZII', 'IIZIZZYYXY', 'YZZZXYZZZY', 'XXXZIIZZZY', 'XXZXZIIIYI', 'IIZIZZYYXY', 'XXIIYXZZII', 'IXIZXXZZYI', 'XYYYIZZZII', 'XXXZIIZZZY', 'XYXZXXXYZY', 'IIZIZZYYXY', 'XXIYIIXYZY', 'ZZXZXXIIZY', 'XYYYIZZZII', 'XXIYIIXYZY', 'XYZYIZZIYI', 'YZZZXYZZZY', 'XYYYIZZZII', 'ZZXZXXIIZY', 'XXIIYXZZII', 'YYIZZZIZXY', 'XYZYIZZIYI', 'XXIYIIXYZY', 'YXZZIZYYII', 'IIZIZZYYXY', 'IXIZXXZZYI', 'XXZXZIIIYI', 'XXIIYXZZII', 'IXIZXXZZYI', 'XYYZIIZIZY']
 Finished:      -7.874272985995
 Error:       0.000007047936
1.8




 --------------------------------------------------------------------------
                         ADAPT-VQE iteration:  47
 --------------------------------------------------------------------------
['XYXZXXXYZY', 'IXIZXXZZYI', 'XXIIYXZZII', 'XYZYIZZIYI', 'XYXZXXXYZY', 'YXZZIZYYII', 'XXZXZIIIYI', 'XXXZIIZZZY', 'IXIZXXZZYI', 'XYXZXXXYZY', 'XXIYIIXYZY', 'ZZXZXXIIZY', 'YYIZZZIZXY', 'XXIYIIXYZY', 'XYYZIIZIZY', 'IIZIZZYYXY', 'XYYYIZZZII', 'XXIYIIXYZY', 'IIZIZZYYXY', 'YZZZXYZZZY', 'XXXZIIZZZY', 'XXZXZIIIYI', 'IIZIZZYYXY', 'XXIIYXZZII', 'IXIZXXZZYI', 'XYYYIZZZII', 'XXXZIIZZZY', 'XYXZXXXYZY', 'IIZIZZYYXY', 'XXIYIIXYZY', 'ZZXZXXIIZY', 'XYYYIZZZII', 'XXIYIIXYZY', 'XYZYIZZIYI', 'YZZZXYZZZY', 'XYYYIZZZII', 'ZZXZXXIIZY', 'XXIIYXZZII', 'YYIZZZIZXY', 'XYZYIZZIYI', 'XXIYIIXYZY', 'YXZZIZYYII', 'IIZIZZYYXY', 'IXIZXXZZYI', 'XXZXZIIIYI', 'XXIIYXZZII', 'IXIZXXZZYI', 'XYYZIIZIZY']
 Finished:      -7.874275209868
 Error:       0.000004824064
1.8




 --------------------------------------------------------------------------
                         ADAPT-VQE iteration:  48
 --------------------------------------------------------------------------
['XYXZXXXYZY', 'IXIZXXZZYI', 'XXIIYXZZII', 'XYZYIZZIYI', 'XYXZXXXYZY', 'YXZZIZYYII', 'XXZXZIIIYI', 'XXXZIIZZZY', 'IXIZXXZZYI', 'IIZIZZYYXY', 'XYXZXXXYZY', 'XXIYIIXYZY', 'ZZXZXXIIZY', 'YYIZZZIZXY', 'XXIYIIXYZY', 'XYYZIIZIZY', 'IIZIZZYYXY', 'XYYYIZZZII', 'XXIYIIXYZY', 'IIZIZZYYXY', 'YZZZXYZZZY', 'XXXZIIZZZY', 'XXZXZIIIYI', 'IIZIZZYYXY', 'XXIIYXZZII', 'IXIZXXZZYI', 'XYYYIZZZII', 'XXXZIIZZZY', 'XYXZXXXYZY', 'IIZIZZYYXY', 'XXIYIIXYZY', 'ZZXZXXIIZY', 'XYYYIZZZII', 'XXIYIIXYZY', 'XYZYIZZIYI', 'YZZZXYZZZY', 'XYYYIZZZII', 'ZZXZXXIIZY', 'XXIIYXZZII', 'YYIZZZIZXY', 'XYZYIZZIYI', 'XXIYIIXYZY', 'YXZZIZYYII', 'IIZIZZYYXY', 'IXIZXXZZYI', 'XXZXZIIIYI', 'XXIIYXZZII', 'IXIZXXZZYI', 'XYYZIIZIZY']
 Finished:      -7.874276034290
 Error:       0.000003999641
1.8




 --------------------------------------------------------------------------
                         ADAPT-VQE iteration:  49
 --------------------------------------------------------------------------
['XYXZXXXYZY', 'IXIZXXZZYI', 'XXIIYXZZII', 'XYZYIZZIYI', 'XYXZXXXYZY', 'YXZZIZYYII', 'XXZXZIIIYI', 'XXXZIIZZZY', 'IXIZXXZZYI', 'IIZIZZYYXY', 'XYXZXXXYZY', 'XXIYIIXYZY', 'ZZXZXXIIZY', 'XXIYIIXYZY', 'YYIZZZIZXY', 'XXIYIIXYZY', 'XYYZIIZIZY', 'IIZIZZYYXY', 'XYYYIZZZII', 'XXIYIIXYZY', 'IIZIZZYYXY', 'YZZZXYZZZY', 'XXXZIIZZZY', 'XXZXZIIIYI', 'IIZIZZYYXY', 'XXIIYXZZII', 'IXIZXXZZYI', 'XYYYIZZZII', 'XXXZIIZZZY', 'XYXZXXXYZY', 'IIZIZZYYXY', 'XXIYIIXYZY', 'ZZXZXXIIZY', 'XYYYIZZZII', 'XXIYIIXYZY', 'XYZYIZZIYI', 'YZZZXYZZZY', 'XYYYIZZZII', 'ZZXZXXIIZY', 'XXIIYXZZII', 'YYIZZZIZXY', 'XYZYIZZIYI', 'XXIYIIXYZY', 'YXZZIZYYII', 'IIZIZZYYXY', 'IXIZXXZZYI', 'XXZXZIIIYI', 'XXIIYXZZII', 'IXIZXXZZYI', 'XYYZIIZIZY']
 Finished:      -7.874277482705
 Error:       0.000002551227
1.8




 --------------------------------------------------------------------------
                         ADAPT-VQE iteration:  50
 --------------------------------------------------------------------------
['XYXZXXXYZY', 'IXIZXXZZYI', 'XXIIYXZZII', 'XYZYIZZIYI', 'XYXZXXXYZY', 'YXZZIZYYII', 'XXZXZIIIYI', 'XXXZIIZZZY', 'IXIZXXZZYI', 'IIZIZZYYXY', 'XYXZXXXYZY', 'XXIYIIXYZY', 'ZZXZXXIIZY', 'XXIYIIXYZY', 'YYIZZZIZXY', 'XXIYIIXYZY', 'YXZZIZYYII', 'XYYZIIZIZY', 'IIZIZZYYXY', 'XYYYIZZZII', 'XXIYIIXYZY', 'IIZIZZYYXY', 'YZZZXYZZZY', 'XXXZIIZZZY', 'XXZXZIIIYI', 'IIZIZZYYXY', 'XXIIYXZZII', 'IXIZXXZZYI', 'XYYYIZZZII', 'XXXZIIZZZY', 'XYXZXXXYZY', 'IIZIZZYYXY', 'XXIYIIXYZY', 'ZZXZXXIIZY', 'XYYYIZZZII', 'XXIYIIXYZY', 'XYZYIZZIYI', 'YZZZXYZZZY', 'XYYYIZZZII', 'ZZXZXXIIZY', 'XXIIYXZZII', 'YYIZZZIZXY', 'XYZYIZZIYI', 'XXIYIIXYZY', 'YXZZIZYYII', 'IIZIZZYYXY', 'IXIZXXZZYI', 'XXZXZIIIYI', 'XXIIYXZZII', 'IXIZXXZZYI', 'XYYZIIZIZY']
 Finished:      -7.874278169430
 Error:       0.000001864501
1.8




 --------------------------------------------------------------------------
                         ADAPT-VQE iteration:  51
 --------------------------------------------------------------------------
['XYXZXXXYZY', 'IXIZXXZZYI', 'XXIIYXZZII', 'XYZYIZZIYI', 'XYXZXXXYZY', 'YXZZIZYYII', 'XXZXZIIIYI', 'XXXZIIZZZY', 'IXIZXXZZYI', 'IIZIZZYYXY', 'XYXZXXXYZY', 'XXIYIIXYZY', 'ZZXZXXIIZY', 'XXIYIIXYZY', 'YYIZZZIZXY', 'XXIYIIXYZY', 'YXZZIZYYII', 'XYYZIIZIZY', 'IIZIZZYYXY', 'XYYYIZZZII', 'XXIYIIXYZY', 'IIZIZZYYXY', 'YZZZXYZZZY', 'XXXZIIZZZY', 'XXZXZIIIYI', 'IIZIZZYYXY', 'XXIIYXZZII', 'IXIZXXZZYI', 'XYYYIZZZII', 'XXXZIIZZZY', 'XYXZXXXYZY', 'IIZIZZYYXY', 'XXIYIIXYZY', 'ZZXZXXIIZY', 'XYYYIZZZII', 'XXIYIIXYZY', 'XYZYIZZIYI', 'YZZZXYZZZY', 'XYYYIZZZII', 'ZZXZXXIIZY', 'XXIIYXZZII', 'YYIZZZIZXY', 'XYZYIZZIYI', 'XXIYIIXYZY', 'YXZZIZYYII', 'IIZIZZYYXY', 'IXIZXXZZYI', 'XXZXZIIIYI', 'XXIIYXZZII', 'IXIZXXZZYI', 'YXZZIZYYII', 'XYYZIIZIZY']
 Finished:      -7.874278850944
 Error:       0.000001182987
1.8




 --------------------------------------------------------------------------
                         ADAPT-VQE iteration:  52
 --------------------------------------------------------------------------
['XYXZXXXYZY', 'IXIZXXZZYI', 'XXIIYXZZII', 'XYZYIZZIYI', 'XYXZXXXYZY', 'YXZZIZYYII', 'XXZXZIIIYI', 'XXXZIIZZZY', 'IXIZXXZZYI', 'IIZIZZYYXY', 'XYXZXXXYZY', 'XXIYIIXYZY', 'ZZXZXXIIZY', 'XXIYIIXYZY', 'YYIZZZIZXY', 'XXIYIIXYZY', 'YXZZIZYYII', 'XYYZIIZIZY', 'IIZIZZYYXY', 'XYYYIZZZII', 'XXIYIIXYZY', 'IIZIZZYYXY', 'YZZZXYZZZY', 'XXXZIIZZZY', 'XXZXZIIIYI', 'IIZIZZYYXY', 'XXIIYXZZII', 'IXIZXXZZYI', 'XYYYIZZZII', 'XXXZIIZZZY', 'XYXZXXXYZY', 'IIZIZZYYXY', 'XXIYIIXYZY', 'ZZXZXXIIZY', 'XYYYIZZZII', 'XXIYIIXYZY', 'XYZYIZZIYI', 'YZZZXYZZZY', 'XYYYIZZZII', 'ZZXZXXIIZY', 'XXIIYXZZII', 'YYIZZZIZXY', 'XYZYIZZIYI', 'XXIYIIXYZY', 'YXZZIZYYII', 'IIZIZZYYXY', 'IXIZXXZZYI', 'XXZXZIIIYI', 'IIZIZZYYXY', 'XXIIYXZZII', 'IXIZXXZZYI', 'YXZZIZYYII', 'XYYZIIZIZY']
 Finished:      -7.874278977545
 Error:       0.000001056387
1.8




 --------------------------------------------------------------------------
                         ADAPT-VQE iteration:  53
 --------------------------------------------------------------------------
['XYXZXXXYZY', 'IIZIZZYYXY', 'IXIZXXZZYI', 'XXIIYXZZII', 'XYZYIZZIYI', 'XYXZXXXYZY', 'YXZZIZYYII', 'XXZXZIIIYI', 'XXXZIIZZZY', 'IXIZXXZZYI', 'IIZIZZYYXY', 'XYXZXXXYZY', 'XXIYIIXYZY', 'ZZXZXXIIZY', 'XXIYIIXYZY', 'YYIZZZIZXY', 'XXIYIIXYZY', 'YXZZIZYYII', 'XYYZIIZIZY', 'IIZIZZYYXY', 'XYYYIZZZII', 'XXIYIIXYZY', 'IIZIZZYYXY', 'YZZZXYZZZY', 'XXXZIIZZZY', 'XXZXZIIIYI', 'IIZIZZYYXY', 'XXIIYXZZII', 'IXIZXXZZYI', 'XYYYIZZZII', 'XXXZIIZZZY', 'XYXZXXXYZY', 'IIZIZZYYXY', 'XXIYIIXYZY', 'ZZXZXXIIZY', 'XYYYIZZZII', 'XXIYIIXYZY', 'XYZYIZZIYI', 'YZZZXYZZZY', 'XYYYIZZZII', 'ZZXZXXIIZY', 'XXIIYXZZII', 'YYIZZZIZXY', 'XYZYIZZIYI', 'XXIYIIXYZY', 'YXZZIZYYII', 'IIZIZZYYXY', 'IXIZXXZZYI', 'XXZXZIIIYI', 'IIZIZZYYXY', 'XXIIYXZZII', 'IXIZXXZZYI', 'YXZZIZYYII', 'XYYZIIZIZY']
 Finished:      -7.874279126655
 Error:       0.000000907276
1.8




 --------------------------------------------------------------------------
                         ADAPT-VQE iteration:  54
 --------------------------------------------------------------------------
['XYXZXXXYZY', 'IIZIZZYYXY', 'IXIZXXZZYI', 'XXIIYXZZII', 'XYZYIZZIYI', 'XYXZXXXYZY', 'YXZZIZYYII', 'XXZXZIIIYI', 'XXXZIIZZZY', 'IXIZXXZZYI', 'IIZIZZYYXY', 'XYXZXXXYZY', 'XXIYIIXYZY', 'ZZXZXXIIZY', 'XXIYIIXYZY', 'YYIZZZIZXY', 'XXIYIIXYZY', 'YXZZIZYYII', 'XYYZIIZIZY', 'IIZIZZYYXY', 'XYYYIZZZII', 'XXIYIIXYZY', 'IIZIZZYYXY', 'YZZZXYZZZY', 'XXXZIIZZZY', 'XXZXZIIIYI', 'IIZIZZYYXY', 'XXIIYXZZII', 'IXIZXXZZYI', 'XYYYIZZZII', 'XXXZIIZZZY', 'XYXZXXXYZY', 'IIZIZZYYXY', 'XXIYIIXYZY', 'ZZXZXXIIZY', 'XYYYIZZZII', 'XXIYIIXYZY', 'XYZYIZZIYI', 'YZZZXYZZZY', 'XXIYIIXYZY', 'XYYYIZZZII', 'ZZXZXXIIZY', 'XXIIYXZZII', 'YYIZZZIZXY', 'XYZYIZZIYI', 'XXIYIIXYZY', 'YXZZIZYYII', 'IIZIZZYYXY', 'IXIZXXZZYI', 'XXZXZIIIYI', 'IIZIZZYYXY', 'XXIIYXZZII', 'IXIZXXZZYI', 'YXZZIZYYII', 'XYYZIIZIZY']
 Finished:      -7.874279295493
 Error:       0.000000738439
1.8




 --------------------------------------------------------------------------
                         ADAPT-VQE iteration:  55
 --------------------------------------------------------------------------
['XYXZXXXYZY', 'IIZIZZYYXY', 'IXIZXXZZYI', 'XXIIYXZZII', 'XYZYIZZIYI', 'XYXZXXXYZY', 'YXZZIZYYII', 'XXZXZIIIYI', 'XXXZIIZZZY', 'IXIZXXZZYI', 'IIZIZZYYXY', 'XYXZXXXYZY', 'XXIYIIXYZY', 'ZZXZXXIIZY', 'YZZZXYZZZY', 'XXIYIIXYZY', 'YYIZZZIZXY', 'XXIYIIXYZY', 'YXZZIZYYII', 'XYYZIIZIZY', 'IIZIZZYYXY', 'XYYYIZZZII', 'XXIYIIXYZY', 'IIZIZZYYXY', 'YZZZXYZZZY', 'XXXZIIZZZY', 'XXZXZIIIYI', 'IIZIZZYYXY', 'XXIIYXZZII', 'IXIZXXZZYI', 'XYYYIZZZII', 'XXXZIIZZZY', 'XYXZXXXYZY', 'IIZIZZYYXY', 'XXIYIIXYZY', 'ZZXZXXIIZY', 'XYYYIZZZII', 'XXIYIIXYZY', 'XYZYIZZIYI', 'YZZZXYZZZY', 'XXIYIIXYZY', 'XYYYIZZZII', 'ZZXZXXIIZY', 'XXIIYXZZII', 'YYIZZZIZXY', 'XYZYIZZIYI', 'XXIYIIXYZY', 'YXZZIZYYII', 'IIZIZZYYXY', 'IXIZXXZZYI', 'XXZXZIIIYI', 'IIZIZZYYXY', 'XXIIYXZZII', 'IXIZXXZZYI', 'YXZZIZYYII', 'XYYZIIZIZY']
 Finished:      -7.874279413210
 Error:       0.000000620722
1.8




 --------------------------------------------------------------------------
                         ADAPT-VQE iteration:  56
 --------------------------------------------------------------------------
['XYXZXXXYZY', 'IIZIZZYYXY', 'IXIZXXZZYI', 'XXIIYXZZII', 'XYZYIZZIYI', 'XYXZXXXYZY', 'YXZZIZYYII', 'XXZXZIIIYI', 'XXXZIIZZZY', 'IXIZXXZZYI', 'IIZIZZYYXY', 'XYXZXXXYZY', 'XXIYIIXYZY', 'ZZXZXXIIZY', 'YZZZXYZZZY', 'XXIYIIXYZY', 'YYIZZZIZXY', 'XXIYIIXYZY', 'YXZZIZYYII', 'XYYZIIZIZY', 'IIZIZZYYXY', 'XYYYIZZZII', 'XXIYIIXYZY', 'IIZIZZYYXY', 'YZZZXYZZZY', 'XXXZIIZZZY', 'XXZXZIIIYI', 'IIZIZZYYXY', 'XXIIYXZZII', 'IXIZXXZZYI', 'XYYYIZZZII', 'XXXZIIZZZY', 'XYXZXXXYZY', 'IIZIZZYYXY', 'XXIYIIXYZY', 'ZZXZXXIIZY', 'XYYYIZZZII', 'XXIYIIXYZY', 'XYZYIZZIYI', 'YZZZXYZZZY', 'XXIYIIXYZY', 'XYYYIZZZII', 'XYXZXXXYZY', 'ZZXZXXIIZY', 'XXIIYXZZII', 'YYIZZZIZXY', 'XYZYIZZIYI', 'XXIYIIXYZY', 'YXZZIZYYII', 'IIZIZZYYXY', 'IXIZXXZZYI', 'XXZXZIIIYI', 'IIZIZZYYXY', 'XXIIYXZZII', 'IXIZXXZZYI', 'YXZZIZYYII', 'XYYZIIZIZY']
 Finished:      -7.874279457022
 Error:       0.000000576909
1.8




 --------------------------------------------------------------------------
                         ADAPT-VQE iteration:  57
 --------------------------------------------------------------------------
['XYXZXXXYZY', 'IIZIZZYYXY', 'IXIZXXZZYI', 'XXIIYXZZII', 'XYZYIZZIYI', 'XYXZXXXYZY', 'YXZZIZYYII', 'XXZXZIIIYI', 'XXXZIIZZZY', 'IXIZXXZZYI', 'IIZIZZYYXY', 'XYXZXXXYZY', 'XXIYIIXYZY', 'ZZXZXXIIZY', 'YZZZXYZZZY', 'XXIYIIXYZY', 'YYIZZZIZXY', 'XXIYIIXYZY', 'YXZZIZYYII', 'XYYZIIZIZY', 'IIZIZZYYXY', 'XYYYIZZZII', 'XXIYIIXYZY', 'IIZIZZYYXY', 'YZZZXYZZZY', 'XXXZIIZZZY', 'XXZXZIIIYI', 'IIZIZZYYXY', 'XXIIYXZZII', 'IXIZXXZZYI', 'XYYYIZZZII', 'XXXZIIZZZY', 'XYXZXXXYZY', 'IIZIZZYYXY', 'XXIYIIXYZY', 'ZZXZXXIIZY', 'XYYYIZZZII', 'XXIYIIXYZY', 'XYZYIZZIYI', 'YZZZXYZZZY', 'XXIYIIXYZY', 'XYYYIZZZII', 'XYXZXXXYZY', 'ZZXZXXIIZY', 'XXIIYXZZII', 'YYIZZZIZXY', 'XYZYIZZIYI', 'XXIYIIXYZY', 'YXZZIZYYII', 'IIZIZZYYXY', 'IXIZXXZZYI', 'XXZXZIIIYI', 'IIZIZZYYXY', 'XXIIYXZZII', 'IXIZXXZZYI', 'YXZZIZYYII', 'XYXZXXXYZY', 'XYYZIIZIZY']
 Finished:      -7.874279460230
 Error:       0.000000573701
1.8




 --------------------------------------------------------------------------
                         ADAPT-VQE iteration:  58
 --------------------------------------------------------------------------
['XYXZXXXYZY', 'IIZIZZYYXY', 'IXIZXXZZYI', 'XXIIYXZZII', 'XYZYIZZIYI', 'XYXZXXXYZY', 'YXZZIZYYII', 'XXZXZIIIYI', 'XXXZIIZZZY', 'IXIZXXZZYI', 'IIZIZZYYXY', 'XYXZXXXYZY', 'XXIYIIXYZY', 'ZZXZXXIIZY', 'YZZZXYZZZY', 'XXIYIIXYZY', 'YYIZZZIZXY', 'XXIYIIXYZY', 'YXZZIZYYII', 'XYYZIIZIZY', 'IIZIZZYYXY', 'XYYYIZZZII', 'XXIYIIXYZY', 'IIZIZZYYXY', 'YZZZXYZZZY', 'XXXZIIZZZY', 'XXZXZIIIYI', 'IIZIZZYYXY', 'XXIIYXZZII', 'IXIZXXZZYI', 'XYYYIZZZII', 'XXXZIIZZZY', 'XYXZXXXYZY', 'IIZIZZYYXY', 'XXIYIIXYZY', 'ZZXZXXIIZY', 'XYYYIZZZII', 'XXIYIIXYZY', 'XYZYIZZIYI', 'YZZZXYZZZY', 'XXXZIIZZZY', 'XXIYIIXYZY', 'XYYYIZZZII', 'XYXZXXXYZY', 'ZZXZXXIIZY', 'XXIIYXZZII', 'YYIZZZIZXY', 'XYZYIZZIYI', 'XXIYIIXYZY', 'YXZZIZYYII', 'IIZIZZYYXY', 'IXIZXXZZYI', 'XXZXZIIIYI', 'IIZIZZYYXY', 'XXIIYXZZII', 'IXIZXXZZYI', 'YXZZIZYYII', 'XYXZXXXYZY', 'XYYZIIZIZY']
 Finished:      -7.874279540239
 Error:       0.000000493692
1.8




 --------------------------------------------------------------------------
                         ADAPT-VQE iteration:  59
 --------------------------------------------------------------------------
['XYXZXXXYZY', 'IIZIZZYYXY', 'IXIZXXZZYI', 'XXIIYXZZII', 'XYZYIZZIYI', 'XYXZXXXYZY', 'YXZZIZYYII', 'XXZXZIIIYI', 'XXXZIIZZZY', 'IXIZXXZZYI', 'IIZIZZYYXY', 'XYXZXXXYZY', 'XXIYIIXYZY', 'ZZXZXXIIZY', 'YZZZXYZZZY', 'XXIYIIXYZY', 'YYIZZZIZXY', 'XXIYIIXYZY', 'YXZZIZYYII', 'XYYZIIZIZY', 'IIZIZZYYXY', 'XYYYIZZZII', 'XXIYIIXYZY', 'IIZIZZYYXY', 'YZZZXYZZZY', 'XXXZIIZZZY', 'XXZXZIIIYI', 'IIZIZZYYXY', 'XXIIYXZZII', 'IXIZXXZZYI', 'XYYYIZZZII', 'XXXZIIZZZY', 'XYXZXXXYZY', 'IIZIZZYYXY', 'XXIYIIXYZY', 'ZZXZXXIIZY', 'XYYYIZZZII', 'XXIYIIXYZY', 'XYZYIZZIYI', 'YZZZXYZZZY', 'XXXZIIZZZY', 'XXIYIIXYZY', 'XYYYIZZZII', 'XYXZXXXYZY', 'ZZXZXXIIZY', 'XXIIYXZZII', 'YYIZZZIZXY', 'XYZYIZZIYI', 'XXIYIIXYZY', 'YXZZIZYYII', 'IIZIZZYYXY', 'XYYZIIZIZY', 'IXIZXXZZYI', 'XXZXZIIIYI', 'IIZIZZYYXY', 'XXIIYXZZII', 'IXIZXXZZYI', 'YXZZIZYYII', 'XYXZXXXYZY', 'XYYZIIZIZY']
 Finished:      -7.874279723245
 Error:       0.000000310687
1.8




 --------------------------------------------------------------------------
                         ADAPT-VQE iteration:  60
 --------------------------------------------------------------------------
['XYXZXXXYZY', 'IIZIZZYYXY', 'IXIZXXZZYI', 'XXIIYXZZII', 'XYZYIZZIYI', 'XYXZXXXYZY', 'YXZZIZYYII', 'XXZXZIIIYI', 'XXXZIIZZZY', 'IXIZXXZZYI', 'IIZIZZYYXY', 'XYXZXXXYZY', 'XXIYIIXYZY', 'ZZXZXXIIZY', 'YZZZXYZZZY', 'XXIYIIXYZY', 'YYIZZZIZXY', 'XXIYIIXYZY', 'YXZZIZYYII', 'XYYZIIZIZY', 'IIZIZZYYXY', 'XYYYIZZZII', 'XXIYIIXYZY', 'IIZIZZYYXY', 'YZZZXYZZZY', 'XXXZIIZZZY', 'XXZXZIIIYI', 'IIZIZZYYXY', 'XXIIYXZZII', 'IXIZXXZZYI', 'XYYYIZZZII', 'XXXZIIZZZY', 'XYXZXXXYZY', 'IIZIZZYYXY', 'XXIYIIXYZY', 'ZZXZXXIIZY', 'XYYYIZZZII', 'XXIYIIXYZY', 'XYZYIZZIYI', 'YZZZXYZZZY', 'XXXZIIZZZY', 'XXIYIIXYZY', 'XYYYIZZZII', 'XYXZXXXYZY', 'ZZXZXXIIZY', 'XXIIYXZZII', 'YYIZZZIZXY', 'XYZYIZZIYI', 'XXIYIIXYZY', 'YXZZIZYYII', 'IIZIZZYYXY', 'XYYZIIZIZY', 'IXIZXXZZYI', 'XXZXZIIIYI', 'IIZIZZYYXY', 'XXIIYXZZII', 'IXIZXXZZYI', 'IIZIZZYYXY', 'YXZZIZYYII', 'XYXZXXXYZY', 'XYYZIIZIZY']
 Finished:      -7.874279747312
 Error:       0.000000286620
1.8




 --------------------------------------------------------------------------
                         ADAPT-VQE iteration:  61
 --------------------------------------------------------------------------
['XYXZXXXYZY', 'IIZIZZYYXY', 'IXIZXXZZYI', 'XXIIYXZZII', 'XYZYIZZIYI', 'XYXZXXXYZY', 'YXZZIZYYII', 'XXZXZIIIYI', 'XXXZIIZZZY', 'IXIZXXZZYI', 'IIZIZZYYXY', 'XYXZXXXYZY', 'XXIYIIXYZY', 'ZZXZXXIIZY', 'YZZZXYZZZY', 'XXIYIIXYZY', 'YYIZZZIZXY', 'XXIYIIXYZY', 'YXZZIZYYII', 'XYYZIIZIZY', 'IIZIZZYYXY', 'XYYYIZZZII', 'XXIYIIXYZY', 'IIZIZZYYXY', 'YZZZXYZZZY', 'XXXZIIZZZY', 'XXZXZIIIYI', 'IIZIZZYYXY', 'XYXZXXXYZY', 'XXIIYXZZII', 'IXIZXXZZYI', 'XYYYIZZZII', 'XXXZIIZZZY', 'XYXZXXXYZY', 'IIZIZZYYXY', 'XXIYIIXYZY', 'ZZXZXXIIZY', 'XYYYIZZZII', 'XXIYIIXYZY', 'XYZYIZZIYI', 'YZZZXYZZZY', 'XXXZIIZZZY', 'XXIYIIXYZY', 'XYYYIZZZII', 'XYXZXXXYZY', 'ZZXZXXIIZY', 'XXIIYXZZII', 'YYIZZZIZXY', 'XYZYIZZIYI', 'XXIYIIXYZY', 'YXZZIZYYII', 'IIZIZZYYXY', 'XYYZIIZIZY', 'IXIZXXZZYI', 'XXZXZIIIYI', 'IIZIZZYYXY', 'XXIIYXZZII', 'IXIZXXZZYI', 'IIZIZZYYXY', 'YXZZIZYYII', 'XYXZXXXYZY', 'XYYZIIZIZY']
 Finished:      -7.874280033090
 Error:       0.000000000842

 
 ------------------------------------------ 

