The list of distances to compute is: [1.0, 1.1, 1.2, 1.3, 1.4, 1.5, 1.6, 1.7, 1.8, 1.9, 2.0, 2.1, 2.2, 2.3, 2.4, 2.5, 2.6, 2.7, 2.8, 2.9, 3.0]
I am the distance: 2.5
Li 0 0 0; H 0 0 2.5
Problem reduced to 10 qubits.
HF energy:                 -7.7708736692219018
Active space FCI energy:    -7.8234269398472565
n_electrons: 2
0.0
molecule.n_orbitals: 5
 adapt threshold: 1e-08
 theta threshold: 1e-10
 Generate Sparse Matrices for operators in pool
Ground state energy: -7.823426939847258
initial energy -7.770873669221903
 Start ADAPT-VQE algorithm
 Now start to grow the ansatz




 --------------------------------------------------------------------------
                         ADAPT-VQE iteration:  0
 --------------------------------------------------------------------------
['XYYZIIZIZY']
 Finished:      -7.778082982958
 Error:       0.045343956889
2.5




 --------------------------------------------------------------------------
                         ADAPT-VQE iteration:  1
 --------------------------------------------------------------------------
['YYIZZZIZXY', 'XYYZIIZIZY']
 Finished:      -7.808721624940
 Error:       0.014705314907
2.5




 --------------------------------------------------------------------------
                         ADAPT-VQE iteration:  2
 --------------------------------------------------------------------------
['XXZXZIIIYI', 'YYIZZZIZXY', 'XYYZIIZIZY']
 Finished:      -7.814864569440
 Error:       0.008562370407
2.5




 --------------------------------------------------------------------------
                         ADAPT-VQE iteration:  3
 --------------------------------------------------------------------------
['XXZXZIIIYI', 'XYYYIZZZII', 'YYIZZZIZXY', 'XYYZIIZIZY']
 Finished:      -7.819357174777
 Error:       0.004069765071
2.5




 --------------------------------------------------------------------------
                         ADAPT-VQE iteration:  4
 --------------------------------------------------------------------------
['XYZYIZZIYI', 'XXZXZIIIYI', 'XYYYIZZZII', 'YYIZZZIZXY', 'XYYZIIZIZY']
 Finished:      -7.819819463027
 Error:       0.003607476820
2.5




 --------------------------------------------------------------------------
                         ADAPT-VQE iteration:  5
 --------------------------------------------------------------------------
['XYZYIZZIYI', 'XXZXZIIIYI', 'XXIIYXZZII', 'XYYYIZZZII', 'YYIZZZIZXY', 'XYYZIIZIZY']
 Finished:      -7.819935177935
 Error:       0.003491761912
2.5




 --------------------------------------------------------------------------
                         ADAPT-VQE iteration:  6
 --------------------------------------------------------------------------
['XYZYIZZIYI', 'YXZZIZYYII', 'XXZXZIIIYI', 'XXIIYXZZII', 'XYYYIZZZII', 'YYIZZZIZXY', 'XYYZIIZIZY']
 Finished:      -7.820036254947
 Error:       0.003390684900
2.5




 --------------------------------------------------------------------------
                         ADAPT-VQE iteration:  7
 --------------------------------------------------------------------------
['XYZYIZZIYI', 'YXZZIZYYII', 'XXZXZIIIYI', 'XXIIYXZZII', 'XYYYIZZZII', 'YYIZZZIZXY', 'XYZYIZZIYI', 'XYYZIIZIZY']
 Finished:      -7.820903872345
 Error:       0.002523067502
2.5




 --------------------------------------------------------------------------
                         ADAPT-VQE iteration:  8
 --------------------------------------------------------------------------
['XYZYIZZIYI', 'YXZZIZYYII', 'XXZXZIIIYI', 'XXIIYXZZII', 'XYYYIZZZII', 'YYIZZZIZXY', 'IIZIZZYYXY', 'XYZYIZZIYI', 'XYYZIIZIZY']
 Finished:      -7.820919818536
 Error:       0.002507121311
2.5




 --------------------------------------------------------------------------
                         ADAPT-VQE iteration:  9
 --------------------------------------------------------------------------
['XYZYIZZIYI', 'YXZZIZYYII', 'XXZXZIIIYI', 'XXIIYXZZII', 'XYYYIZZZII', 'ZZXZXXIIZY', 'YYIZZZIZXY', 'IIZIZZYYXY', 'XYZYIZZIYI', 'XYYZIIZIZY']
 Finished:      -7.820925613828
 Error:       0.002501326019
2.5




 --------------------------------------------------------------------------
                         ADAPT-VQE iteration:  10
 --------------------------------------------------------------------------
['XYZYIZZIYI', 'YXZZIZYYII', 'XXZXZIIIYI', 'XXIIYXZZII', 'XYYYIZZZII', 'ZZXZXXIIZY', 'YYIZZZIZXY', 'IIZIZZYYXY', 'XYZYIZZIYI', 'XXIYIIXYZY', 'XYYZIIZIZY']
 Finished:      -7.820929075350
 Error:       0.002497864498
2.5




 --------------------------------------------------------------------------
                         ADAPT-VQE iteration:  11
 --------------------------------------------------------------------------
['XYZYIZZIYI', 'XXIYIIXYZY', 'YXZZIZYYII', 'XXZXZIIIYI', 'XXIIYXZZII', 'XYYYIZZZII', 'ZZXZXXIIZY', 'YYIZZZIZXY', 'IIZIZZYYXY', 'XYZYIZZIYI', 'XXIYIIXYZY', 'XYYZIIZIZY']
 Finished:      -7.820940579351
 Error:       0.002486360497
2.5




 --------------------------------------------------------------------------
                         ADAPT-VQE iteration:  12
 --------------------------------------------------------------------------
['XXIIYXZZII', 'XYZYIZZIYI', 'XXIYIIXYZY', 'YXZZIZYYII', 'XXZXZIIIYI', 'XXIIYXZZII', 'XYYYIZZZII', 'ZZXZXXIIZY', 'YYIZZZIZXY', 'IIZIZZYYXY', 'XYZYIZZIYI', 'XXIYIIXYZY', 'XYYZIIZIZY']
 Finished:      -7.820947422906
 Error:       0.002479516942
2.5




 --------------------------------------------------------------------------
                         ADAPT-VQE iteration:  13
 --------------------------------------------------------------------------
['XXIIYXZZII', 'XYZYIZZIYI', 'XXIYIIXYZY', 'XXXZIIZZZY', 'YXZZIZYYII', 'XXZXZIIIYI', 'XXIIYXZZII', 'XYYYIZZZII', 'ZZXZXXIIZY', 'YYIZZZIZXY', 'IIZIZZYYXY', 'XYZYIZZIYI', 'XXIYIIXYZY', 'XYYZIIZIZY']
 Finished:      -7.820948815041
 Error:       0.002478124807
2.5




 --------------------------------------------------------------------------
                         ADAPT-VQE iteration:  14
 --------------------------------------------------------------------------
['XXIIYXZZII', 'XYZYIZZIYI', 'XXIYIIXYZY', 'XXXZIIZZZY', 'YXZZIZYYII', 'XXZXZIIIYI', 'XXIIYXZZII', 'XYYYIZZZII', 'XXIYIIXYZY', 'ZZXZXXIIZY', 'YYIZZZIZXY', 'IIZIZZYYXY', 'XYZYIZZIYI', 'XXIYIIXYZY', 'XYYZIIZIZY']
 Finished:      -7.820950577918
 Error:       0.002476361930
2.5




 --------------------------------------------------------------------------
                         ADAPT-VQE iteration:  15
 --------------------------------------------------------------------------
['XXIIYXZZII', 'XYZYIZZIYI', 'XXIYIIXYZY', 'XXXZIIZZZY', 'YXZZIZYYII', 'XXZXZIIIYI', 'XXIIYXZZII', 'ZZXZXXIIZY', 'XYYYIZZZII', 'XXIYIIXYZY', 'ZZXZXXIIZY', 'YYIZZZIZXY', 'IIZIZZYYXY', 'XYZYIZZIYI', 'XXIYIIXYZY', 'XYYZIIZIZY']
 Finished:      -7.820951820097
 Error:       0.002475119750
2.5




 --------------------------------------------------------------------------
                         ADAPT-VQE iteration:  16
 --------------------------------------------------------------------------
['XXIIYXZZII', 'XYZYIZZIYI', 'XXIYIIXYZY', 'XXXZIIZZZY', 'YXZZIZYYII', 'XXZXZIIIYI', 'XXIIYXZZII', 'ZZXZXXIIZY', 'XYYYIZZZII', 'YZZZXYZZZY', 'XXIYIIXYZY', 'ZZXZXXIIZY', 'YYIZZZIZXY', 'IIZIZZYYXY', 'XYZYIZZIYI', 'XXIYIIXYZY', 'XYYZIIZIZY']
 Finished:      -7.820951886787
 Error:       0.002475053060
2.5




 --------------------------------------------------------------------------
                         ADAPT-VQE iteration:  17
 --------------------------------------------------------------------------
['XXIIYXZZII', 'XYZYIZZIYI', 'XXIYIIXYZY', 'XXXZIIZZZY', 'YXZZIZYYII', 'XXZXZIIIYI', 'XXIIYXZZII', 'ZZXZXXIIZY', 'XYYYIZZZII', 'YZZZXYZZZY', 'XXIYIIXYZY', 'ZZXZXXIIZY', 'YYIZZZIZXY', 'IIZIZZYYXY', 'YZZZXYZZZY', 'XYZYIZZIYI', 'XXIYIIXYZY', 'XYYZIIZIZY']
 Finished:      -7.821416837450
 Error:       0.002010102397
2.5




 --------------------------------------------------------------------------
                         ADAPT-VQE iteration:  18
 --------------------------------------------------------------------------
['XXIIYXZZII', 'XYZYIZZIYI', 'XXIYIIXYZY', 'XXXZIIZZZY', 'YXZZIZYYII', 'XXZXZIIIYI', 'XXIIYXZZII', 'ZZXZXXIIZY', 'XYYYIZZZII', 'YZZZXYZZZY', 'XXIYIIXYZY', 'ZZXZXXIIZY', 'YYIZZZIZXY', 'ZZXZXXIIZY', 'IIZIZZYYXY', 'YZZZXYZZZY', 'XYZYIZZIYI', 'XXIYIIXYZY', 'XYYZIIZIZY']
 Finished:      -7.821584948249
 Error:       0.001841991598
2.5




 --------------------------------------------------------------------------
                         ADAPT-VQE iteration:  19
 --------------------------------------------------------------------------
['XXIIYXZZII', 'XYZYIZZIYI', 'XXIYIIXYZY', 'XXXZIIZZZY', 'YXZZIZYYII', 'XXZXZIIIYI', 'XXIIYXZZII', 'ZZXZXXIIZY', 'XYYYIZZZII', 'YZZZXYZZZY', 'XXIYIIXYZY', 'ZZXZXXIIZY', 'YYIZZZIZXY', 'ZZXZXXIIZY', 'IIZIZZYYXY', 'YZZZXYZZZY', 'IIZIZZYYXY', 'XYZYIZZIYI', 'XXIYIIXYZY', 'XYYZIIZIZY']
 Finished:      -7.821593453863
 Error:       0.001833485984
2.5




 --------------------------------------------------------------------------
                         ADAPT-VQE iteration:  20
 --------------------------------------------------------------------------
['XXIIYXZZII', 'XYZYIZZIYI', 'XXIYIIXYZY', 'XXXZIIZZZY', 'YXZZIZYYII', 'XXZXZIIIYI', 'XXIIYXZZII', 'ZZXZXXIIZY', 'XYYYIZZZII', 'YZZZXYZZZY', 'XXIYIIXYZY', 'ZZXZXXIIZY', 'YYIZZZIZXY', 'ZZXZXXIIZY', 'IIZIZZYYXY', 'YZZZXYZZZY', 'IIZIZZYYXY', 'XXZXZIIIYI', 'XYZYIZZIYI', 'XXIYIIXYZY', 'XYYZIIZIZY']
 Finished:      -7.822117328846
 Error:       0.001309611001
2.5




 --------------------------------------------------------------------------
                         ADAPT-VQE iteration:  21
 --------------------------------------------------------------------------
['XXIIYXZZII', 'XYZYIZZIYI', 'XXIYIIXYZY', 'XXXZIIZZZY', 'YXZZIZYYII', 'XXZXZIIIYI', 'XXIIYXZZII', 'ZZXZXXIIZY', 'XYYYIZZZII', 'YZZZXYZZZY', 'XYYZIIZIZY', 'XXIYIIXYZY', 'ZZXZXXIIZY', 'YYIZZZIZXY', 'ZZXZXXIIZY', 'IIZIZZYYXY', 'YZZZXYZZZY', 'IIZIZZYYXY', 'XXZXZIIIYI', 'XYZYIZZIYI', 'XXIYIIXYZY', 'XYYZIIZIZY']
 Finished:      -7.822118757121
 Error:       0.001308182727
2.5




 --------------------------------------------------------------------------
                         ADAPT-VQE iteration:  22
 --------------------------------------------------------------------------
['XXIIYXZZII', 'XYZYIZZIYI', 'XXIYIIXYZY', 'XXXZIIZZZY', 'YXZZIZYYII', 'XXZXZIIIYI', 'XXIIYXZZII', 'ZZXZXXIIZY', 'XYYYIZZZII', 'YZZZXYZZZY', 'XYYZIIZIZY', 'XXIYIIXYZY', 'ZZXZXXIIZY', 'YYIZZZIZXY', 'ZZXZXXIIZY', 'IIZIZZYYXY', 'YZZZXYZZZY', 'IIZIZZYYXY', 'XXZXZIIIYI', 'XYYYIZZZII', 'XYZYIZZIYI', 'XXIYIIXYZY', 'XYYZIIZIZY']
 Finished:      -7.822175201493
 Error:       0.001251738355
2.5




 --------------------------------------------------------------------------
                         ADAPT-VQE iteration:  23
 --------------------------------------------------------------------------
['XXIIYXZZII', 'XYZYIZZIYI', 'XXIYIIXYZY', 'XXXZIIZZZY', 'YXZZIZYYII', 'XXZXZIIIYI', 'XXIIYXZZII', 'ZZXZXXIIZY', 'XYYYIZZZII', 'YZZZXYZZZY', 'XYYZIIZIZY', 'XYZYIZZIYI', 'XXIYIIXYZY', 'ZZXZXXIIZY', 'YYIZZZIZXY', 'ZZXZXXIIZY', 'IIZIZZYYXY', 'YZZZXYZZZY', 'IIZIZZYYXY', 'XXZXZIIIYI', 'XYYYIZZZII', 'XYZYIZZIYI', 'XXIYIIXYZY', 'XYYZIIZIZY']
 Finished:      -7.822175353794
 Error:       0.001251586053
2.5




 --------------------------------------------------------------------------
                         ADAPT-VQE iteration:  24
 --------------------------------------------------------------------------
['XXIIYXZZII', 'XYZYIZZIYI', 'XXIYIIXYZY', 'XXXZIIZZZY', 'YXZZIZYYII', 'XXZXZIIIYI', 'XXIIYXZZII', 'ZZXZXXIIZY', 'XYYYIZZZII', 'YZZZXYZZZY', 'XYYZIIZIZY', 'XYZYIZZIYI', 'XXIYIIXYZY', 'ZZXZXXIIZY', 'YYIZZZIZXY', 'ZZXZXXIIZY', 'IIZIZZYYXY', 'YZZZXYZZZY', 'IXIZXXZZYI', 'IIZIZZYYXY', 'XXZXZIIIYI', 'XYYYIZZZII', 'XYZYIZZIYI', 'XXIYIIXYZY', 'XYYZIIZIZY']
 Finished:      -7.822175598642
 Error:       0.001251341205
2.5




 --------------------------------------------------------------------------
                         ADAPT-VQE iteration:  25
 --------------------------------------------------------------------------
['XXIIYXZZII', 'XYZYIZZIYI', 'XXIYIIXYZY', 'XXXZIIZZZY', 'YXZZIZYYII', 'XXZXZIIIYI', 'XXIIYXZZII', 'ZZXZXXIIZY', 'XYYYIZZZII', 'IXIZXXZZYI', 'YZZZXYZZZY', 'XYYZIIZIZY', 'XYZYIZZIYI', 'XXIYIIXYZY', 'ZZXZXXIIZY', 'YYIZZZIZXY', 'ZZXZXXIIZY', 'IIZIZZYYXY', 'YZZZXYZZZY', 'IXIZXXZZYI', 'IIZIZZYYXY', 'XXZXZIIIYI', 'XYYYIZZZII', 'XYZYIZZIYI', 'XXIYIIXYZY', 'XYYZIIZIZY']
 Finished:      -7.822195591970
 Error:       0.001231347877
2.5




 --------------------------------------------------------------------------
                         ADAPT-VQE iteration:  26
 --------------------------------------------------------------------------
['XXIIYXZZII', 'XYZYIZZIYI', 'XXIYIIXYZY', 'XXXZIIZZZY', 'YXZZIZYYII', 'XXZXZIIIYI', 'XXIIYXZZII', 'ZZXZXXIIZY', 'XYYYIZZZII', 'IXIZXXZZYI', 'YZZZXYZZZY', 'XYYZIIZIZY', 'XYZYIZZIYI', 'XXIYIIXYZY', 'ZZXZXXIIZY', 'YYIZZZIZXY', 'ZZXZXXIIZY', 'IIZIZZYYXY', 'XYYYIZZZII', 'YZZZXYZZZY', 'IXIZXXZZYI', 'IIZIZZYYXY', 'XXZXZIIIYI', 'XYYYIZZZII', 'XYZYIZZIYI', 'XXIYIIXYZY', 'XYYZIIZIZY']
 Finished:      -7.822195979185
 Error:       0.001230960662
2.5




 --------------------------------------------------------------------------
                         ADAPT-VQE iteration:  27
 --------------------------------------------------------------------------
['XXIIYXZZII', 'XYZYIZZIYI', 'XXIYIIXYZY', 'XXXZIIZZZY', 'YXZZIZYYII', 'XXZXZIIIYI', 'XXIIYXZZII', 'ZZXZXXIIZY', 'XYYYIZZZII', 'IXIZXXZZYI', 'YZZZXYZZZY', 'XYYZIIZIZY', 'XYZYIZZIYI', 'XXIYIIXYZY', 'ZZXZXXIIZY', 'YYIZZZIZXY', 'ZZXZXXIIZY', 'IIZIZZYYXY', 'XXZXZIIIYI', 'XYYYIZZZII', 'YZZZXYZZZY', 'IXIZXXZZYI', 'IIZIZZYYXY', 'XXZXZIIIYI', 'XYYYIZZZII', 'XYZYIZZIYI', 'XXIYIIXYZY', 'XYYZIIZIZY']
 Finished:      -7.822197667472
 Error:       0.001229272375
2.5




 --------------------------------------------------------------------------
                         ADAPT-VQE iteration:  28
 --------------------------------------------------------------------------
['XXIIYXZZII', 'XYZYIZZIYI', 'XXIYIIXYZY', 'XXXZIIZZZY', 'YXZZIZYYII', 'XXZXZIIIYI', 'XXIIYXZZII', 'ZZXZXXIIZY', 'XYYYIZZZII', 'IXIZXXZZYI', 'YZZZXYZZZY', 'XYYYIZZZII', 'XYYZIIZIZY', 'XYZYIZZIYI', 'XXIYIIXYZY', 'ZZXZXXIIZY', 'YYIZZZIZXY', 'ZZXZXXIIZY', 'IIZIZZYYXY', 'XXZXZIIIYI', 'XYYYIZZZII', 'YZZZXYZZZY', 'IXIZXXZZYI', 'IIZIZZYYXY', 'XXZXZIIIYI', 'XYYYIZZZII', 'XYZYIZZIYI', 'XXIYIIXYZY', 'XYYZIIZIZY']
 Finished:      -7.822211314085
 Error:       0.001215625762
2.5




 --------------------------------------------------------------------------
                         ADAPT-VQE iteration:  29
 --------------------------------------------------------------------------
['XXIIYXZZII', 'XYZYIZZIYI', 'XXIYIIXYZY', 'XXXZIIZZZY', 'YXZZIZYYII', 'XXZXZIIIYI', 'XXIIYXZZII', 'ZZXZXXIIZY', 'XYYYIZZZII', 'IXIZXXZZYI', 'YZZZXYZZZY', 'XYYYIZZZII', 'XXXZIIZZZY', 'XYYZIIZIZY', 'XYZYIZZIYI', 'XXIYIIXYZY', 'ZZXZXXIIZY', 'YYIZZZIZXY', 'ZZXZXXIIZY', 'IIZIZZYYXY', 'XXZXZIIIYI', 'XYYYIZZZII', 'YZZZXYZZZY', 'IXIZXXZZYI', 'IIZIZZYYXY', 'XXZXZIIIYI', 'XYYYIZZZII', 'XYZYIZZIYI', 'XXIYIIXYZY', 'XYYZIIZIZY']
 Finished:      -7.822260542019
 Error:       0.001166397829
2.5




 --------------------------------------------------------------------------
                         ADAPT-VQE iteration:  30
 --------------------------------------------------------------------------
['XXIIYXZZII', 'XYZYIZZIYI', 'XXIYIIXYZY', 'XXXZIIZZZY', 'YXZZIZYYII', 'IXIZXXZZYI', 'XXZXZIIIYI', 'XXIIYXZZII', 'ZZXZXXIIZY', 'XYYYIZZZII', 'IXIZXXZZYI', 'YZZZXYZZZY', 'XYYYIZZZII', 'XXXZIIZZZY', 'XYYZIIZIZY', 'XYZYIZZIYI', 'XXIYIIXYZY', 'ZZXZXXIIZY', 'YYIZZZIZXY', 'ZZXZXXIIZY', 'IIZIZZYYXY', 'XXZXZIIIYI', 'XYYYIZZZII', 'YZZZXYZZZY', 'IXIZXXZZYI', 'IIZIZZYYXY', 'XXZXZIIIYI', 'XYYYIZZZII', 'XYZYIZZIYI', 'XXIYIIXYZY', 'XYYZIIZIZY']
 Finished:      -7.822299430680
 Error:       0.001127509167
2.5




 --------------------------------------------------------------------------
                         ADAPT-VQE iteration:  31
 --------------------------------------------------------------------------
['XXIIYXZZII', 'IXIZXXZZYI', 'XYZYIZZIYI', 'XXIYIIXYZY', 'XXXZIIZZZY', 'YXZZIZYYII', 'IXIZXXZZYI', 'XXZXZIIIYI', 'XXIIYXZZII', 'ZZXZXXIIZY', 'XYYYIZZZII', 'IXIZXXZZYI', 'YZZZXYZZZY', 'XYYYIZZZII', 'XXXZIIZZZY', 'XYYZIIZIZY', 'XYZYIZZIYI', 'XXIYIIXYZY', 'ZZXZXXIIZY', 'YYIZZZIZXY', 'ZZXZXXIIZY', 'IIZIZZYYXY', 'XXZXZIIIYI', 'XYYYIZZZII', 'YZZZXYZZZY', 'IXIZXXZZYI', 'IIZIZZYYXY', 'XXZXZIIIYI', 'XYYYIZZZII', 'XYZYIZZIYI', 'XXIYIIXYZY', 'XYYZIIZIZY']
 Finished:      -7.823008939462
 Error:       0.000418000386
2.5




 --------------------------------------------------------------------------
                         ADAPT-VQE iteration:  32
 --------------------------------------------------------------------------
['XXIIYXZZII', 'IXIZXXZZYI', 'XYZYIZZIYI', 'XXIYIIXYZY', 'XXXZIIZZZY', 'YXZZIZYYII', 'IXIZXXZZYI', 'XXZXZIIIYI', 'XXIIYXZZII', 'ZZXZXXIIZY', 'XYYYIZZZII', 'IXIZXXZZYI', 'YXZZIZYYII', 'YZZZXYZZZY', 'XYYYIZZZII', 'XXXZIIZZZY', 'XYYZIIZIZY', 'XYZYIZZIYI', 'XXIYIIXYZY', 'ZZXZXXIIZY', 'YYIZZZIZXY', 'ZZXZXXIIZY', 'IIZIZZYYXY', 'XXZXZIIIYI', 'XYYYIZZZII', 'YZZZXYZZZY', 'IXIZXXZZYI', 'IIZIZZYYXY', 'XXZXZIIIYI', 'XYYYIZZZII', 'XYZYIZZIYI', 'XXIYIIXYZY', 'XYYZIIZIZY']
 Finished:      -7.823048344436
 Error:       0.000378595412
2.5




 --------------------------------------------------------------------------
                         ADAPT-VQE iteration:  33
 --------------------------------------------------------------------------
['XXIIYXZZII', 'IXIZXXZZYI', 'XYYYIZZZII', 'XYZYIZZIYI', 'XXIYIIXYZY', 'XXXZIIZZZY', 'YXZZIZYYII', 'IXIZXXZZYI', 'XXZXZIIIYI', 'XXIIYXZZII', 'ZZXZXXIIZY', 'XYYYIZZZII', 'IXIZXXZZYI', 'YXZZIZYYII', 'YZZZXYZZZY', 'XYYYIZZZII', 'XXXZIIZZZY', 'XYYZIIZIZY', 'XYZYIZZIYI', 'XXIYIIXYZY', 'ZZXZXXIIZY', 'YYIZZZIZXY', 'ZZXZXXIIZY', 'IIZIZZYYXY', 'XXZXZIIIYI', 'XYYYIZZZII', 'YZZZXYZZZY', 'IXIZXXZZYI', 'IIZIZZYYXY', 'XXZXZIIIYI', 'XYYYIZZZII', 'XYZYIZZIYI', 'XXIYIIXYZY', 'XYYZIIZIZY']
 Finished:      -7.823147477329
 Error:       0.000279462518
2.5




 --------------------------------------------------------------------------
                         ADAPT-VQE iteration:  34
 --------------------------------------------------------------------------
['XXXZIIZZZY', 'XXIIYXZZII', 'IXIZXXZZYI', 'XYYYIZZZII', 'XYZYIZZIYI', 'XXIYIIXYZY', 'XXXZIIZZZY', 'YXZZIZYYII', 'IXIZXXZZYI', 'XXZXZIIIYI', 'XXIIYXZZII', 'ZZXZXXIIZY', 'XYYYIZZZII', 'IXIZXXZZYI', 'YXZZIZYYII', 'YZZZXYZZZY', 'XYYYIZZZII', 'XXXZIIZZZY', 'XYYZIIZIZY', 'XYZYIZZIYI', 'XXIYIIXYZY', 'ZZXZXXIIZY', 'YYIZZZIZXY', 'ZZXZXXIIZY', 'IIZIZZYYXY', 'XXZXZIIIYI', 'XYYYIZZZII', 'YZZZXYZZZY', 'IXIZXXZZYI', 'IIZIZZYYXY', 'XXZXZIIIYI', 'XYYYIZZZII', 'XYZYIZZIYI', 'XXIYIIXYZY', 'XYYZIIZIZY']
 Finished:      -7.823347450731
 Error:       0.000079489116
2.5




 --------------------------------------------------------------------------
                         ADAPT-VQE iteration:  35
 --------------------------------------------------------------------------
['XXXZIIZZZY', 'YXZZIZYYII', 'XXIIYXZZII', 'IXIZXXZZYI', 'XYYYIZZZII', 'XYZYIZZIYI', 'XXIYIIXYZY', 'XXXZIIZZZY', 'YXZZIZYYII', 'IXIZXXZZYI', 'XXZXZIIIYI', 'XXIIYXZZII', 'ZZXZXXIIZY', 'XYYYIZZZII', 'IXIZXXZZYI', 'YXZZIZYYII', 'YZZZXYZZZY', 'XYYYIZZZII', 'XXXZIIZZZY', 'XYYZIIZIZY', 'XYZYIZZIYI', 'XXIYIIXYZY', 'ZZXZXXIIZY', 'YYIZZZIZXY', 'ZZXZXXIIZY', 'IIZIZZYYXY', 'XXZXZIIIYI', 'XYYYIZZZII', 'YZZZXYZZZY', 'IXIZXXZZYI', 'IIZIZZYYXY', 'XXZXZIIIYI', 'XYYYIZZZII', 'XYZYIZZIYI', 'XXIYIIXYZY', 'XYYZIIZIZY']
 Finished:      -7.823380875602
 Error:       0.000046064246
2.5




 --------------------------------------------------------------------------
                         ADAPT-VQE iteration:  36
 --------------------------------------------------------------------------
['IIZIZZYYXY', 'XXXZIIZZZY', 'YXZZIZYYII', 'XXIIYXZZII', 'IXIZXXZZYI', 'XYYYIZZZII', 'XYZYIZZIYI', 'XXIYIIXYZY', 'XXXZIIZZZY', 'YXZZIZYYII', 'IXIZXXZZYI', 'XXZXZIIIYI', 'XXIIYXZZII', 'ZZXZXXIIZY', 'XYYYIZZZII', 'IXIZXXZZYI', 'YXZZIZYYII', 'YZZZXYZZZY', 'XYYYIZZZII', 'XXXZIIZZZY', 'XYYZIIZIZY', 'XYZYIZZIYI', 'XXIYIIXYZY', 'ZZXZXXIIZY', 'YYIZZZIZXY', 'ZZXZXXIIZY', 'IIZIZZYYXY', 'XXZXZIIIYI', 'XYYYIZZZII', 'YZZZXYZZZY', 'IXIZXXZZYI', 'IIZIZZYYXY', 'XXZXZIIIYI', 'XYYYIZZZII', 'XYZYIZZIYI', 'XXIYIIXYZY', 'XYYZIIZIZY']
 Finished:      -7.823386658121
 Error:       0.000040281727
2.5




 --------------------------------------------------------------------------
                         ADAPT-VQE iteration:  37
 --------------------------------------------------------------------------
['IIZIZZYYXY', 'XXXZIIZZZY', 'YXZZIZYYII', 'XXIIYXZZII', 'IXIZXXZZYI', 'XYYYIZZZII', 'YZZZXYZZZY', 'XYZYIZZIYI', 'XXIYIIXYZY', 'XXXZIIZZZY', 'YXZZIZYYII', 'IXIZXXZZYI', 'XXZXZIIIYI', 'XXIIYXZZII', 'ZZXZXXIIZY', 'XYYYIZZZII', 'IXIZXXZZYI', 'YXZZIZYYII', 'YZZZXYZZZY', 'XYYYIZZZII', 'XXXZIIZZZY', 'XYYZIIZIZY', 'XYZYIZZIYI', 'XXIYIIXYZY', 'ZZXZXXIIZY', 'YYIZZZIZXY', 'ZZXZXXIIZY', 'IIZIZZYYXY', 'XXZXZIIIYI', 'XYYYIZZZII', 'YZZZXYZZZY', 'IXIZXXZZYI', 'IIZIZZYYXY', 'XXZXZIIIYI', 'XYYYIZZZII', 'XYZYIZZIYI', 'XXIYIIXYZY', 'XYYZIIZIZY']
 Finished:      -7.823408021151
 Error:       0.000018918696
2.5




 --------------------------------------------------------------------------
                         ADAPT-VQE iteration:  38
 --------------------------------------------------------------------------
['IIZIZZYYXY', 'XXXZIIZZZY', 'YXZZIZYYII', 'XXIIYXZZII', 'IXIZXXZZYI', 'XYYYIZZZII', 'YZZZXYZZZY', 'XYZYIZZIYI', 'XXIYIIXYZY', 'XXXZIIZZZY', 'YXZZIZYYII', 'IXIZXXZZYI', 'XXZXZIIIYI', 'XXIIYXZZII', 'ZZXZXXIIZY', 'XYYYIZZZII', 'IXIZXXZZYI', 'YXZZIZYYII', 'YZZZXYZZZY', 'XYYYIZZZII', 'XXXZIIZZZY', 'XYYZIIZIZY', 'XYZYIZZIYI', 'XXIYIIXYZY', 'ZZXZXXIIZY', 'YYIZZZIZXY', 'ZZXZXXIIZY', 'IIZIZZYYXY', 'XXZXZIIIYI', 'XYXZXXXYZY', 'XYYYIZZZII', 'YZZZXYZZZY', 'IXIZXXZZYI', 'IIZIZZYYXY', 'XXZXZIIIYI', 'XYYYIZZZII', 'XYZYIZZIYI', 'XXIYIIXYZY', 'XYYZIIZIZY']
 Finished:      -7.823408548692
 Error:       0.000018391155
2.5




 --------------------------------------------------------------------------
                         ADAPT-VQE iteration:  39
 --------------------------------------------------------------------------
['IIZIZZYYXY', 'XXXZIIZZZY', 'YXZZIZYYII', 'XXIIYXZZII', 'IXIZXXZZYI', 'XYYYIZZZII', 'YZZZXYZZZY', 'XYYZIIZIZY', 'XYZYIZZIYI', 'XXIYIIXYZY', 'XXXZIIZZZY', 'YXZZIZYYII', 'IXIZXXZZYI', 'XXZXZIIIYI', 'XXIIYXZZII', 'ZZXZXXIIZY', 'XYYYIZZZII', 'IXIZXXZZYI', 'YXZZIZYYII', 'YZZZXYZZZY', 'XYYYIZZZII', 'XXXZIIZZZY', 'XYYZIIZIZY', 'XYZYIZZIYI', 'XXIYIIXYZY', 'ZZXZXXIIZY', 'YYIZZZIZXY', 'ZZXZXXIIZY', 'IIZIZZYYXY', 'XXZXZIIIYI', 'XYXZXXXYZY', 'XYYYIZZZII', 'YZZZXYZZZY', 'IXIZXXZZYI', 'IIZIZZYYXY', 'XXZXZIIIYI', 'XYYYIZZZII', 'XYZYIZZIYI', 'XXIYIIXYZY', 'XYYZIIZIZY']
 Finished:      -7.823415355034
 Error:       0.000011584813
2.5




 --------------------------------------------------------------------------
                         ADAPT-VQE iteration:  40
 --------------------------------------------------------------------------
['IIZIZZYYXY', 'XXXZIIZZZY', 'YXZZIZYYII', 'XXIIYXZZII', 'IXIZXXZZYI', 'XYYYIZZZII', 'YZZZXYZZZY', 'XYYZIIZIZY', 'XYZYIZZIYI', 'XYXZXXXYZY', 'XXIYIIXYZY', 'XXXZIIZZZY', 'YXZZIZYYII', 'IXIZXXZZYI', 'XXZXZIIIYI', 'XXIIYXZZII', 'ZZXZXXIIZY', 'XYYYIZZZII', 'IXIZXXZZYI', 'YXZZIZYYII', 'YZZZXYZZZY', 'XYYYIZZZII', 'XXXZIIZZZY', 'XYYZIIZIZY', 'XYZYIZZIYI', 'XXIYIIXYZY', 'ZZXZXXIIZY', 'YYIZZZIZXY', 'ZZXZXXIIZY', 'IIZIZZYYXY', 'XXZXZIIIYI', 'XYXZXXXYZY', 'XYYYIZZZII', 'YZZZXYZZZY', 'IXIZXXZZYI', 'IIZIZZYYXY', 'XXZXZIIIYI', 'XYYYIZZZII', 'XYZYIZZIYI', 'XXIYIIXYZY', 'XYYZIIZIZY']
 Finished:      -7.823415798443
 Error:       0.000011141404
2.5




 --------------------------------------------------------------------------
                         ADAPT-VQE iteration:  41
 --------------------------------------------------------------------------
['IIZIZZYYXY', 'XXXZIIZZZY', 'YXZZIZYYII', 'XXIIYXZZII', 'IXIZXXZZYI', 'XYYYIZZZII', 'YZZZXYZZZY', 'XYYZIIZIZY', 'XYZYIZZIYI', 'XYXZXXXYZY', 'XXIYIIXYZY', 'XXXZIIZZZY', 'YXZZIZYYII', 'IXIZXXZZYI', 'XXZXZIIIYI', 'XXIIYXZZII', 'ZZXZXXIIZY', 'XYYYIZZZII', 'IXIZXXZZYI', 'YXZZIZYYII', 'YZZZXYZZZY', 'XYYYIZZZII', 'XXXZIIZZZY', 'XYYZIIZIZY', 'XYZYIZZIYI', 'XXIYIIXYZY', 'ZZXZXXIIZY', 'YYIZZZIZXY', 'ZZXZXXIIZY', 'IIZIZZYYXY', 'XXZXZIIIYI', 'XYXZXXXYZY', 'XYYYIZZZII', 'IIZIZZYYXY', 'YZZZXYZZZY', 'IXIZXXZZYI', 'IIZIZZYYXY', 'XXZXZIIIYI', 'XYYYIZZZII', 'XYZYIZZIYI', 'XXIYIIXYZY', 'XYYZIIZIZY']
 Finished:      -7.823419426235
 Error:       0.000007513612
2.5




 --------------------------------------------------------------------------
                         ADAPT-VQE iteration:  42
 --------------------------------------------------------------------------
['IIZIZZYYXY', 'XXXZIIZZZY', 'YXZZIZYYII', 'XXIIYXZZII', 'IXIZXXZZYI', 'XYYYIZZZII', 'YZZZXYZZZY', 'XYYZIIZIZY', 'XYZYIZZIYI', 'XYXZXXXYZY', 'XXIYIIXYZY', 'XXXZIIZZZY', 'YXZZIZYYII', 'IXIZXXZZYI', 'XXZXZIIIYI', 'XXIIYXZZII', 'ZZXZXXIIZY', 'XYYYIZZZII', 'IXIZXXZZYI', 'YXZZIZYYII', 'YZZZXYZZZY', 'XYYYIZZZII', 'XXXZIIZZZY', 'XYYZIIZIZY', 'XYZYIZZIYI', 'XXIYIIXYZY', 'ZZXZXXIIZY', 'YYIZZZIZXY', 'ZZXZXXIIZY', 'IIZIZZYYXY', 'XXZXZIIIYI', 'XYXZXXXYZY', 'XYYYIZZZII', 'IIZIZZYYXY', 'YZZZXYZZZY', 'IXIZXXZZYI', 'IIZIZZYYXY', 'XYXZXXXYZY', 'XXZXZIIIYI', 'XYYYIZZZII', 'XYZYIZZIYI', 'XXIYIIXYZY', 'XYYZIIZIZY']
 Finished:      -7.823419981666
 Error:       0.000006958182
2.5




 --------------------------------------------------------------------------
                         ADAPT-VQE iteration:  43
 --------------------------------------------------------------------------
['IIZIZZYYXY', 'XXXZIIZZZY', 'YXZZIZYYII', 'XXIIYXZZII', 'IXIZXXZZYI', 'XYYYIZZZII', 'YZZZXYZZZY', 'XYYZIIZIZY', 'XYZYIZZIYI', 'XYXZXXXYZY', 'XXIYIIXYZY', 'XXXZIIZZZY', 'YXZZIZYYII', 'IXIZXXZZYI', 'XXZXZIIIYI', 'XXIIYXZZII', 'ZZXZXXIIZY', 'XYYYIZZZII', 'IXIZXXZZYI', 'IIZIZZYYXY', 'YXZZIZYYII', 'YZZZXYZZZY', 'XYYYIZZZII', 'XXXZIIZZZY', 'XYYZIIZIZY', 'XYZYIZZIYI', 'XXIYIIXYZY', 'ZZXZXXIIZY', 'YYIZZZIZXY', 'ZZXZXXIIZY', 'IIZIZZYYXY', 'XXZXZIIIYI', 'XYXZXXXYZY', 'XYYYIZZZII', 'IIZIZZYYXY', 'YZZZXYZZZY', 'IXIZXXZZYI', 'IIZIZZYYXY', 'XYXZXXXYZY', 'XXZXZIIIYI', 'XYYYIZZZII', 'XYZYIZZIYI', 'XXIYIIXYZY', 'XYYZIIZIZY']
 Finished:      -7.823420303105
 Error:       0.000006636743
2.5




 --------------------------------------------------------------------------
                         ADAPT-VQE iteration:  44
 --------------------------------------------------------------------------
['IIZIZZYYXY', 'XXXZIIZZZY', 'YXZZIZYYII', 'XXIIYXZZII', 'IXIZXXZZYI', 'XYYYIZZZII', 'YZZZXYZZZY', 'XYYZIIZIZY', 'XYZYIZZIYI', 'XYXZXXXYZY', 'XXIYIIXYZY', 'XXXZIIZZZY', 'YXZZIZYYII', 'IXIZXXZZYI', 'XXZXZIIIYI', 'XXIIYXZZII', 'ZZXZXXIIZY', 'XYYYIZZZII', 'IXIZXXZZYI', 'IIZIZZYYXY', 'YXZZIZYYII', 'YZZZXYZZZY', 'XYYYIZZZII', 'XXXZIIZZZY', 'XYYZIIZIZY', 'XYZYIZZIYI', 'XXIYIIXYZY', 'ZZXZXXIIZY', 'YYIZZZIZXY', 'XXIYIIXYZY', 'ZZXZXXIIZY', 'IIZIZZYYXY', 'XXZXZIIIYI', 'XYXZXXXYZY', 'XYYYIZZZII', 'IIZIZZYYXY', 'YZZZXYZZZY', 'IXIZXXZZYI', 'IIZIZZYYXY', 'XYXZXXXYZY', 'XXZXZIIIYI', 'XYYYIZZZII', 'XYZYIZZIYI', 'XXIYIIXYZY', 'XYYZIIZIZY']
 Finished:      -7.823420550848
 Error:       0.000006389000
2.5




 --------------------------------------------------------------------------
                         ADAPT-VQE iteration:  45
 --------------------------------------------------------------------------
['IIZIZZYYXY', 'XXXZIIZZZY', 'YXZZIZYYII', 'XXIIYXZZII', 'IXIZXXZZYI', 'XYYYIZZZII', 'YZZZXYZZZY', 'XYYZIIZIZY', 'XYZYIZZIYI', 'XYXZXXXYZY', 'XXIYIIXYZY', 'XXXZIIZZZY', 'YXZZIZYYII', 'IXIZXXZZYI', 'XXZXZIIIYI', 'XXIIYXZZII', 'ZZXZXXIIZY', 'XYYYIZZZII', 'IXIZXXZZYI', 'IIZIZZYYXY', 'YXZZIZYYII', 'YZZZXYZZZY', 'XYYYIZZZII', 'XXXZIIZZZY', 'XYXZXXXYZY', 'XYYZIIZIZY', 'XYZYIZZIYI', 'XXIYIIXYZY', 'ZZXZXXIIZY', 'YYIZZZIZXY', 'XXIYIIXYZY', 'ZZXZXXIIZY', 'IIZIZZYYXY', 'XXZXZIIIYI', 'XYXZXXXYZY', 'XYYYIZZZII', 'IIZIZZYYXY', 'YZZZXYZZZY', 'IXIZXXZZYI', 'IIZIZZYYXY', 'XYXZXXXYZY', 'XXZXZIIIYI', 'XYYYIZZZII', 'XYZYIZZIYI', 'XXIYIIXYZY', 'XYYZIIZIZY']
 Finished:      -7.823421094810
 Error:       0.000005845037
2.5




 --------------------------------------------------------------------------
                         ADAPT-VQE iteration:  46
 --------------------------------------------------------------------------
['IIZIZZYYXY', 'XXXZIIZZZY', 'YXZZIZYYII', 'XXIIYXZZII', 'IXIZXXZZYI', 'XYYYIZZZII', 'YZZZXYZZZY', 'XYYZIIZIZY', 'XYZYIZZIYI', 'XYXZXXXYZY', 'XXIYIIXYZY', 'XXXZIIZZZY', 'YXZZIZYYII', 'IXIZXXZZYI', 'XXZXZIIIYI', 'XXIIYXZZII', 'ZZXZXXIIZY', 'XYYYIZZZII', 'IXIZXXZZYI', 'IIZIZZYYXY', 'YXZZIZYYII', 'YZZZXYZZZY', 'XXIYIIXYZY', 'XYYYIZZZII', 'XXXZIIZZZY', 'XYXZXXXYZY', 'XYYZIIZIZY', 'XYZYIZZIYI', 'XXIYIIXYZY', 'ZZXZXXIIZY', 'YYIZZZIZXY', 'XXIYIIXYZY', 'ZZXZXXIIZY', 'IIZIZZYYXY', 'XXZXZIIIYI', 'XYXZXXXYZY', 'XYYYIZZZII', 'IIZIZZYYXY', 'YZZZXYZZZY', 'IXIZXXZZYI', 'IIZIZZYYXY', 'XYXZXXXYZY', 'XXZXZIIIYI', 'XYYYIZZZII', 'XYZYIZZIYI', 'XXIYIIXYZY', 'XYYZIIZIZY']
 Finished:      -7.823421261305
 Error:       0.000005678542
2.5




 --------------------------------------------------------------------------
                         ADAPT-VQE iteration:  47
 --------------------------------------------------------------------------
['XXIYIIXYZY', 'IIZIZZYYXY', 'XXXZIIZZZY', 'YXZZIZYYII', 'XXIIYXZZII', 'IXIZXXZZYI', 'XYYYIZZZII', 'YZZZXYZZZY', 'XYYZIIZIZY', 'XYZYIZZIYI', 'XYXZXXXYZY', 'XXIYIIXYZY', 'XXXZIIZZZY', 'YXZZIZYYII', 'IXIZXXZZYI', 'XXZXZIIIYI', 'XXIIYXZZII', 'ZZXZXXIIZY', 'XYYYIZZZII', 'IXIZXXZZYI', 'IIZIZZYYXY', 'YXZZIZYYII', 'YZZZXYZZZY', 'XXIYIIXYZY', 'XYYYIZZZII', 'XXXZIIZZZY', 'XYXZXXXYZY', 'XYYZIIZIZY', 'XYZYIZZIYI', 'XXIYIIXYZY', 'ZZXZXXIIZY', 'YYIZZZIZXY', 'XXIYIIXYZY', 'ZZXZXXIIZY', 'IIZIZZYYXY', 'XXZXZIIIYI', 'XYXZXXXYZY', 'XYYYIZZZII', 'IIZIZZYYXY', 'YZZZXYZZZY', 'IXIZXXZZYI', 'IIZIZZYYXY', 'XYXZXXXYZY', 'XXZXZIIIYI', 'XYYYIZZZII', 'XYZYIZZIYI', 'XXIYIIXYZY', 'XYYZIIZIZY']
 Finished:      -7.823421715661
 Error:       0.000005224186
2.5




 --------------------------------------------------------------------------
                         ADAPT-VQE iteration:  48
 --------------------------------------------------------------------------
['XXIYIIXYZY', 'IIZIZZYYXY', 'XXXZIIZZZY', 'YXZZIZYYII', 'XXIIYXZZII', 'IXIZXXZZYI', 'XYYYIZZZII', 'YZZZXYZZZY', 'IIZIZZYYXY', 'XYYZIIZIZY', 'XYZYIZZIYI', 'XYXZXXXYZY', 'XXIYIIXYZY', 'XXXZIIZZZY', 'YXZZIZYYII', 'IXIZXXZZYI', 'XXZXZIIIYI', 'XXIIYXZZII', 'ZZXZXXIIZY', 'XYYYIZZZII', 'IXIZXXZZYI', 'IIZIZZYYXY', 'YXZZIZYYII', 'YZZZXYZZZY', 'XXIYIIXYZY', 'XYYYIZZZII', 'XXXZIIZZZY', 'XYXZXXXYZY', 'XYYZIIZIZY', 'XYZYIZZIYI', 'XXIYIIXYZY', 'ZZXZXXIIZY', 'YYIZZZIZXY', 'XXIYIIXYZY', 'ZZXZXXIIZY', 'IIZIZZYYXY', 'XXZXZIIIYI', 'XYXZXXXYZY', 'XYYYIZZZII', 'IIZIZZYYXY', 'YZZZXYZZZY', 'IXIZXXZZYI', 'IIZIZZYYXY', 'XYXZXXXYZY', 'XXZXZIIIYI', 'XYYYIZZZII', 'XYZYIZZIYI', 'XXIYIIXYZY', 'XYYZIIZIZY']
 Finished:      -7.823422204522
 Error:       0.000004735325
2.5




 --------------------------------------------------------------------------
                         ADAPT-VQE iteration:  49
 --------------------------------------------------------------------------
['XXIYIIXYZY', 'IIZIZZYYXY', 'XXXZIIZZZY', 'YXZZIZYYII', 'XXIIYXZZII', 'IXIZXXZZYI', 'XYYYIZZZII', 'YZZZXYZZZY', 'IIZIZZYYXY', 'XYYZIIZIZY', 'XYZYIZZIYI', 'XYXZXXXYZY', 'XXIYIIXYZY', 'XXXZIIZZZY', 'YXZZIZYYII', 'IXIZXXZZYI', 'XXZXZIIIYI', 'XXIIYXZZII', 'ZZXZXXIIZY', 'XYYYIZZZII', 'IXIZXXZZYI', 'IIZIZZYYXY', 'YXZZIZYYII', 'YZZZXYZZZY', 'XXIYIIXYZY', 'XYYYIZZZII', 'XXXZIIZZZY', 'XYXZXXXYZY', 'XYYZIIZIZY', 'XYZYIZZIYI', 'XXIYIIXYZY', 'ZZXZXXIIZY', 'YYIZZZIZXY', 'XXIYIIXYZY', 'ZZXZXXIIZY', 'IIZIZZYYXY', 'XXZXZIIIYI', 'XYXZXXXYZY', 'XYYYIZZZII', 'XXIYIIXYZY', 'IIZIZZYYXY', 'YZZZXYZZZY', 'IXIZXXZZYI', 'IIZIZZYYXY', 'XYXZXXXYZY', 'XXZXZIIIYI', 'XYYYIZZZII', 'XYZYIZZIYI', 'XXIYIIXYZY', 'XYYZIIZIZY']
 Finished:      -7.823422316262
 Error:       0.000004623586
2.5




 --------------------------------------------------------------------------
                         ADAPT-VQE iteration:  50
 --------------------------------------------------------------------------
['XXIYIIXYZY', 'IIZIZZYYXY', 'XXXZIIZZZY', 'YXZZIZYYII', 'XXIIYXZZII', 'IXIZXXZZYI', 'XYYYIZZZII', 'YZZZXYZZZY', 'IIZIZZYYXY', 'XYYZIIZIZY', 'XYZYIZZIYI', 'XYXZXXXYZY', 'XXIYIIXYZY', 'XXXZIIZZZY', 'YXZZIZYYII', 'IXIZXXZZYI', 'XXZXZIIIYI', 'XXIIYXZZII', 'ZZXZXXIIZY', 'XYYYIZZZII', 'IXIZXXZZYI', 'IIZIZZYYXY', 'YXZZIZYYII', 'XXIYIIXYZY', 'YZZZXYZZZY', 'XXIYIIXYZY', 'XYYYIZZZII', 'XXXZIIZZZY', 'XYXZXXXYZY', 'XYYZIIZIZY', 'XYZYIZZIYI', 'XXIYIIXYZY', 'ZZXZXXIIZY', 'YYIZZZIZXY', 'XXIYIIXYZY', 'ZZXZXXIIZY', 'IIZIZZYYXY', 'XXZXZIIIYI', 'XYXZXXXYZY', 'XYYYIZZZII', 'XXIYIIXYZY', 'IIZIZZYYXY', 'YZZZXYZZZY', 'IXIZXXZZYI', 'IIZIZZYYXY', 'XYXZXXXYZY', 'XXZXZIIIYI', 'XYYYIZZZII', 'XYZYIZZIYI', 'XXIYIIXYZY', 'XYYZIIZIZY']
 Finished:      -7.823422581837
 Error:       0.000004358010
2.5




 --------------------------------------------------------------------------
                         ADAPT-VQE iteration:  51
 --------------------------------------------------------------------------
['XXIYIIXYZY', 'IIZIZZYYXY', 'XXXZIIZZZY', 'YXZZIZYYII', 'XXIIYXZZII', 'IXIZXXZZYI', 'XYYYIZZZII', 'YZZZXYZZZY', 'IIZIZZYYXY', 'XYYZIIZIZY', 'XYZYIZZIYI', 'XYXZXXXYZY', 'XXIYIIXYZY', 'XXXZIIZZZY', 'YXZZIZYYII', 'IXIZXXZZYI', 'XXZXZIIIYI', 'XXIIYXZZII', 'ZZXZXXIIZY', 'XYYYIZZZII', 'IXIZXXZZYI', 'IIZIZZYYXY', 'YXZZIZYYII', 'XXIYIIXYZY', 'YZZZXYZZZY', 'XXIYIIXYZY', 'XYYYIZZZII', 'XXXZIIZZZY', 'XYXZXXXYZY', 'XYYZIIZIZY', 'XYZYIZZIYI', 'XXIYIIXYZY', 'ZZXZXXIIZY', 'YYIZZZIZXY', 'XXIYIIXYZY', 'ZZXZXXIIZY', 'IIZIZZYYXY', 'XXZXZIIIYI', 'XYXZXXXYZY', 'XYYYIZZZII', 'XXIYIIXYZY', 'IIZIZZYYXY', 'YZZZXYZZZY', 'IIZIZZYYXY', 'IXIZXXZZYI', 'IIZIZZYYXY', 'XYXZXXXYZY', 'XXZXZIIIYI', 'XYYYIZZZII', 'XYZYIZZIYI', 'XXIYIIXYZY', 'XYYZIIZIZY']
 Finished:      -7.823422819480
 Error:       0.000004120368
2.5




 --------------------------------------------------------------------------
                         ADAPT-VQE iteration:  52
 --------------------------------------------------------------------------
['XXIYIIXYZY', 'IIZIZZYYXY', 'XXXZIIZZZY', 'YXZZIZYYII', 'XYXZXXXYZY', 'XXIIYXZZII', 'IXIZXXZZYI', 'XYYYIZZZII', 'YZZZXYZZZY', 'IIZIZZYYXY', 'XYYZIIZIZY', 'XYZYIZZIYI', 'XYXZXXXYZY', 'XXIYIIXYZY', 'XXXZIIZZZY', 'YXZZIZYYII', 'IXIZXXZZYI', 'XXZXZIIIYI', 'XXIIYXZZII', 'ZZXZXXIIZY', 'XYYYIZZZII', 'IXIZXXZZYI', 'IIZIZZYYXY', 'YXZZIZYYII', 'XXIYIIXYZY', 'YZZZXYZZZY', 'XXIYIIXYZY', 'XYYYIZZZII', 'XXXZIIZZZY', 'XYXZXXXYZY', 'XYYZIIZIZY', 'XYZYIZZIYI', 'XXIYIIXYZY', 'ZZXZXXIIZY', 'YYIZZZIZXY', 'XXIYIIXYZY', 'ZZXZXXIIZY', 'IIZIZZYYXY', 'XXZXZIIIYI', 'XYXZXXXYZY', 'XYYYIZZZII', 'XXIYIIXYZY', 'IIZIZZYYXY', 'YZZZXYZZZY', 'IIZIZZYYXY', 'IXIZXXZZYI', 'IIZIZZYYXY', 'XYXZXXXYZY', 'XXZXZIIIYI', 'XYYYIZZZII', 'XYZYIZZIYI', 'XXIYIIXYZY', 'XYYZIIZIZY']
 Finished:      -7.823422847017
 Error:       0.000004092830
2.5




 --------------------------------------------------------------------------
                         ADAPT-VQE iteration:  53
 --------------------------------------------------------------------------
['XXIYIIXYZY', 'IIZIZZYYXY', 'XYXZXXXYZY', 'XXXZIIZZZY', 'YXZZIZYYII', 'XYXZXXXYZY', 'XXIIYXZZII', 'IXIZXXZZYI', 'XYYYIZZZII', 'YZZZXYZZZY', 'IIZIZZYYXY', 'XYYZIIZIZY', 'XYZYIZZIYI', 'XYXZXXXYZY', 'XXIYIIXYZY', 'XXXZIIZZZY', 'YXZZIZYYII', 'IXIZXXZZYI', 'XXZXZIIIYI', 'XXIIYXZZII', 'ZZXZXXIIZY', 'XYYYIZZZII', 'IXIZXXZZYI', 'IIZIZZYYXY', 'YXZZIZYYII', 'XXIYIIXYZY', 'YZZZXYZZZY', 'XXIYIIXYZY', 'XYYYIZZZII', 'XXXZIIZZZY', 'XYXZXXXYZY', 'XYYZIIZIZY', 'XYZYIZZIYI', 'XXIYIIXYZY', 'ZZXZXXIIZY', 'YYIZZZIZXY', 'XXIYIIXYZY', 'ZZXZXXIIZY', 'IIZIZZYYXY', 'XXZXZIIIYI', 'XYXZXXXYZY', 'XYYYIZZZII', 'XXIYIIXYZY', 'IIZIZZYYXY', 'YZZZXYZZZY', 'IIZIZZYYXY', 'IXIZXXZZYI', 'IIZIZZYYXY', 'XYXZXXXYZY', 'XXZXZIIIYI', 'XYYYIZZZII', 'XYZYIZZIYI', 'XXIYIIXYZY', 'XYYZIIZIZY']
 Finished:      -7.823423245023
 Error:       0.000003694824
2.5




 --------------------------------------------------------------------------
                         ADAPT-VQE iteration:  54
 --------------------------------------------------------------------------
['XXIYIIXYZY', 'IIZIZZYYXY', 'XYXZXXXYZY', 'XXXZIIZZZY', 'YXZZIZYYII', 'XYXZXXXYZY', 'XXIIYXZZII', 'IXIZXXZZYI', 'XYYYIZZZII', 'YZZZXYZZZY', 'IIZIZZYYXY', 'XYYZIIZIZY', 'XYZYIZZIYI', 'XYXZXXXYZY', 'XXIYIIXYZY', 'XXXZIIZZZY', 'YXZZIZYYII', 'IXIZXXZZYI', 'XXZXZIIIYI', 'XXIIYXZZII', 'ZZXZXXIIZY', 'XYYYIZZZII', 'IXIZXXZZYI', 'IIZIZZYYXY', 'YXZZIZYYII', 'XXIYIIXYZY', 'YZZZXYZZZY', 'XXIYIIXYZY', 'XYYYIZZZII', 'XXXZIIZZZY', 'XYXZXXXYZY', 'XYYZIIZIZY', 'XYZYIZZIYI', 'XXIYIIXYZY', 'ZZXZXXIIZY', 'YYIZZZIZXY', 'XXIYIIXYZY', 'ZZXZXXIIZY', 'IIZIZZYYXY', 'XXZXZIIIYI', 'XYXZXXXYZY', 'XYYYIZZZII', 'XXIYIIXYZY', 'XXXZIIZZZY', 'IIZIZZYYXY', 'YZZZXYZZZY', 'IIZIZZYYXY', 'IXIZXXZZYI', 'IIZIZZYYXY', 'XYXZXXXYZY', 'XXZXZIIIYI', 'XYYYIZZZII', 'XYZYIZZIYI', 'XXIYIIXYZY', 'XYYZIIZIZY']
 Finished:      -7.823423863720
 Error:       0.000003076127
2.5




 --------------------------------------------------------------------------
                         ADAPT-VQE iteration:  55
 --------------------------------------------------------------------------
['XXIYIIXYZY', 'IIZIZZYYXY', 'XYXZXXXYZY', 'XXXZIIZZZY', 'YXZZIZYYII', 'XYXZXXXYZY', 'XXIIYXZZII', 'IXIZXXZZYI', 'XYYYIZZZII', 'YZZZXYZZZY', 'IIZIZZYYXY', 'XYYZIIZIZY', 'XYZYIZZIYI', 'XYXZXXXYZY', 'XXIYIIXYZY', 'XXXZIIZZZY', 'YXZZIZYYII', 'IXIZXXZZYI', 'YXZZIZYYII', 'XXZXZIIIYI', 'XXIIYXZZII', 'ZZXZXXIIZY', 'XYYYIZZZII', 'IXIZXXZZYI', 'IIZIZZYYXY', 'YXZZIZYYII', 'XXIYIIXYZY', 'YZZZXYZZZY', 'XXIYIIXYZY', 'XYYYIZZZII', 'XXXZIIZZZY', 'XYXZXXXYZY', 'XYYZIIZIZY', 'XYZYIZZIYI', 'XXIYIIXYZY', 'ZZXZXXIIZY', 'YYIZZZIZXY', 'XXIYIIXYZY', 'ZZXZXXIIZY', 'IIZIZZYYXY', 'XXZXZIIIYI', 'XYXZXXXYZY', 'XYYYIZZZII', 'XXIYIIXYZY', 'XXXZIIZZZY', 'IIZIZZYYXY', 'YZZZXYZZZY', 'IIZIZZYYXY', 'IXIZXXZZYI', 'IIZIZZYYXY', 'XYXZXXXYZY', 'XXZXZIIIYI', 'XYYYIZZZII', 'XYZYIZZIYI', 'XXIYIIXYZY', 'XYYZIIZIZY']
 Finished:      -7.823424070313
 Error:       0.000002869534
2.5




 --------------------------------------------------------------------------
                         ADAPT-VQE iteration:  56
 --------------------------------------------------------------------------
['XXIYIIXYZY', 'IIZIZZYYXY', 'XYXZXXXYZY', 'XXXZIIZZZY', 'YXZZIZYYII', 'XYXZXXXYZY', 'XXIIYXZZII', 'IXIZXXZZYI', 'XYYYIZZZII', 'YZZZXYZZZY', 'IIZIZZYYXY', 'XYYZIIZIZY', 'XYZYIZZIYI', 'XYXZXXXYZY', 'XXIYIIXYZY', 'XXXZIIZZZY', 'YXZZIZYYII', 'IXIZXXZZYI', 'YXZZIZYYII', 'XXZXZIIIYI', 'XXIIYXZZII', 'ZZXZXXIIZY', 'XYYYIZZZII', 'IXIZXXZZYI', 'IIZIZZYYXY', 'YXZZIZYYII', 'XXIYIIXYZY', 'YZZZXYZZZY', 'XXIYIIXYZY', 'XYYYIZZZII', 'XYXZXXXYZY', 'XXXZIIZZZY', 'XYXZXXXYZY', 'XYYZIIZIZY', 'XYZYIZZIYI', 'XXIYIIXYZY', 'ZZXZXXIIZY', 'YYIZZZIZXY', 'XXIYIIXYZY', 'ZZXZXXIIZY', 'IIZIZZYYXY', 'XXZXZIIIYI', 'XYXZXXXYZY', 'XYYYIZZZII', 'XXIYIIXYZY', 'XXXZIIZZZY', 'IIZIZZYYXY', 'YZZZXYZZZY', 'IIZIZZYYXY', 'IXIZXXZZYI', 'IIZIZZYYXY', 'XYXZXXXYZY', 'XXZXZIIIYI', 'XYYYIZZZII', 'XYZYIZZIYI', 'XXIYIIXYZY', 'XYYZIIZIZY']
 Finished:      -7.823425263931
 Error:       0.000001675917
2.5




 --------------------------------------------------------------------------
                         ADAPT-VQE iteration:  57
 --------------------------------------------------------------------------
['XXIYIIXYZY', 'IIZIZZYYXY', 'XYXZXXXYZY', 'XXXZIIZZZY', 'YXZZIZYYII', 'XYXZXXXYZY', 'XXIIYXZZII', 'IXIZXXZZYI', 'XYYYIZZZII', 'YZZZXYZZZY', 'IIZIZZYYXY', 'XYYZIIZIZY', 'XYZYIZZIYI', 'XYXZXXXYZY', 'XXIYIIXYZY', 'XXXZIIZZZY', 'YXZZIZYYII', 'IXIZXXZZYI', 'YXZZIZYYII', 'XXZXZIIIYI', 'XXIIYXZZII', 'ZZXZXXIIZY', 'XYYYIZZZII', 'IXIZXXZZYI', 'IIZIZZYYXY', 'YXZZIZYYII', 'XXIYIIXYZY', 'YZZZXYZZZY', 'XXIYIIXYZY', 'XYYYIZZZII', 'XYXZXXXYZY', 'XXXZIIZZZY', 'XYXZXXXYZY', 'XYYZIIZIZY', 'XYZYIZZIYI', 'XXIYIIXYZY', 'ZZXZXXIIZY', 'YYIZZZIZXY', 'XXIYIIXYZY', 'ZZXZXXIIZY', 'IIZIZZYYXY', 'XXZXZIIIYI', 'XYXZXXXYZY', 'XYYYIZZZII', 'XXIYIIXYZY', 'XXXZIIZZZY', 'IIZIZZYYXY', 'YZZZXYZZZY', 'IIZIZZYYXY', 'IXIZXXZZYI', 'IIZIZZYYXY', 'XYXZXXXYZY', 'XXZXZIIIYI', 'XYXZXXXYZY', 'XYYYIZZZII', 'XYZYIZZIYI', 'XXIYIIXYZY', 'XYYZIIZIZY']
 Finished:      -7.823425295611
 Error:       0.000001644236
2.5




 --------------------------------------------------------------------------
                         ADAPT-VQE iteration:  58
 --------------------------------------------------------------------------
['XXIYIIXYZY', 'IIZIZZYYXY', 'XYXZXXXYZY', 'XXXZIIZZZY', 'YXZZIZYYII', 'XYXZXXXYZY', 'XXIIYXZZII', 'IXIZXXZZYI', 'XYYYIZZZII', 'YZZZXYZZZY', 'IIZIZZYYXY', 'XYYZIIZIZY', 'XYZYIZZIYI', 'XYXZXXXYZY', 'XXIYIIXYZY', 'XXXZIIZZZY', 'YXZZIZYYII', 'IXIZXXZZYI', 'YXZZIZYYII', 'XXZXZIIIYI', 'IIZIZZYYXY', 'XXIIYXZZII', 'ZZXZXXIIZY', 'XYYYIZZZII', 'IXIZXXZZYI', 'IIZIZZYYXY', 'YXZZIZYYII', 'XXIYIIXYZY', 'YZZZXYZZZY', 'XXIYIIXYZY', 'XYYYIZZZII', 'XYXZXXXYZY', 'XXXZIIZZZY', 'XYXZXXXYZY', 'XYYZIIZIZY', 'XYZYIZZIYI', 'XXIYIIXYZY', 'ZZXZXXIIZY', 'YYIZZZIZXY', 'XXIYIIXYZY', 'ZZXZXXIIZY', 'IIZIZZYYXY', 'XXZXZIIIYI', 'XYXZXXXYZY', 'XYYYIZZZII', 'XXIYIIXYZY', 'XXXZIIZZZY', 'IIZIZZYYXY', 'YZZZXYZZZY', 'IIZIZZYYXY', 'IXIZXXZZYI', 'IIZIZZYYXY', 'XYXZXXXYZY', 'XXZXZIIIYI', 'XYXZXXXYZY', 'XYYYIZZZII', 'XYZYIZZIYI', 'XXIYIIXYZY', 'XYYZIIZIZY']
 Finished:      -7.823425787706
 Error:       0.000001152141
2.5




 --------------------------------------------------------------------------
                         ADAPT-VQE iteration:  59
 --------------------------------------------------------------------------
['XXIYIIXYZY', 'IIZIZZYYXY', 'XYXZXXXYZY', 'XXXZIIZZZY', 'YXZZIZYYII', 'XYXZXXXYZY', 'XXIIYXZZII', 'IXIZXXZZYI', 'XYYYIZZZII', 'YZZZXYZZZY', 'IIZIZZYYXY', 'XYYZIIZIZY', 'XYZYIZZIYI', 'XYXZXXXYZY', 'XXIYIIXYZY', 'XXXZIIZZZY', 'YXZZIZYYII', 'IXIZXXZZYI', 'YXZZIZYYII', 'XXZXZIIIYI', 'IIZIZZYYXY', 'XXIIYXZZII', 'ZZXZXXIIZY', 'XYYYIZZZII', 'IXIZXXZZYI', 'IIZIZZYYXY', 'YXZZIZYYII', 'XXIYIIXYZY', 'YZZZXYZZZY', 'XXIYIIXYZY', 'XYYYIZZZII', 'XYXZXXXYZY', 'XXXZIIZZZY', 'XYXZXXXYZY', 'XYYZIIZIZY', 'IIZIZZYYXY', 'XYZYIZZIYI', 'XXIYIIXYZY', 'ZZXZXXIIZY', 'YYIZZZIZXY', 'XXIYIIXYZY', 'ZZXZXXIIZY', 'IIZIZZYYXY', 'XXZXZIIIYI', 'XYXZXXXYZY', 'XYYYIZZZII', 'XXIYIIXYZY', 'XXXZIIZZZY', 'IIZIZZYYXY', 'YZZZXYZZZY', 'IIZIZZYYXY', 'IXIZXXZZYI', 'IIZIZZYYXY', 'XYXZXXXYZY', 'XXZXZIIIYI', 'XYXZXXXYZY', 'XYYYIZZZII', 'XYZYIZZIYI', 'XXIYIIXYZY', 'XYYZIIZIZY']
 Finished:      -7.823426776496
 Error:       0.000000163351
2.5




 --------------------------------------------------------------------------
                         ADAPT-VQE iteration:  60
 --------------------------------------------------------------------------
['XXIYIIXYZY', 'IIZIZZYYXY', 'XYXZXXXYZY', 'XXXZIIZZZY', 'YXZZIZYYII', 'XYXZXXXYZY', 'XXIIYXZZII', 'IXIZXXZZYI', 'XYYYIZZZII', 'YZZZXYZZZY', 'IIZIZZYYXY', 'XYYZIIZIZY', 'XYZYIZZIYI', 'XYXZXXXYZY', 'XXIYIIXYZY', 'XXXZIIZZZY', 'YXZZIZYYII', 'IXIZXXZZYI', 'YXZZIZYYII', 'XXZXZIIIYI', 'IIZIZZYYXY', 'XXIIYXZZII', 'ZZXZXXIIZY', 'XXIYIIXYZY', 'XYYYIZZZII', 'IXIZXXZZYI', 'IIZIZZYYXY', 'YXZZIZYYII', 'XXIYIIXYZY', 'YZZZXYZZZY', 'XXIYIIXYZY', 'XYYYIZZZII', 'XYXZXXXYZY', 'XXXZIIZZZY', 'XYXZXXXYZY', 'XYYZIIZIZY', 'IIZIZZYYXY', 'XYZYIZZIYI', 'XXIYIIXYZY', 'ZZXZXXIIZY', 'YYIZZZIZXY', 'XXIYIIXYZY', 'ZZXZXXIIZY', 'IIZIZZYYXY', 'XXZXZIIIYI', 'XYXZXXXYZY', 'XYYYIZZZII', 'XXIYIIXYZY', 'XXXZIIZZZY', 'IIZIZZYYXY', 'YZZZXYZZZY', 'IIZIZZYYXY', 'IXIZXXZZYI', 'IIZIZZYYXY', 'XYXZXXXYZY', 'XXZXZIIIYI', 'XYXZXXXYZY', 'XYYYIZZZII', 'XYZYIZZIYI', 'XXIYIIXYZY', 'XYYZIIZIZY']
 Finished:      -7.823426926155
 Error:       0.000000013692
2.5




 --------------------------------------------------------------------------
                         ADAPT-VQE iteration:  61
 --------------------------------------------------------------------------
['XXIYIIXYZY', 'IIZIZZYYXY', 'XYXZXXXYZY', 'XXXZIIZZZY', 'YXZZIZYYII', 'XYXZXXXYZY', 'XXIIYXZZII', 'IXIZXXZZYI', 'XYYYIZZZII', 'YZZZXYZZZY', 'XXIYIIXYZY', 'IIZIZZYYXY', 'XYYZIIZIZY', 'XYZYIZZIYI', 'XYXZXXXYZY', 'XXIYIIXYZY', 'XXXZIIZZZY', 'YXZZIZYYII', 'IXIZXXZZYI', 'YXZZIZYYII', 'XXZXZIIIYI', 'IIZIZZYYXY', 'XXIIYXZZII', 'ZZXZXXIIZY', 'XXIYIIXYZY', 'XYYYIZZZII', 'IXIZXXZZYI', 'IIZIZZYYXY', 'YXZZIZYYII', 'XXIYIIXYZY', 'YZZZXYZZZY', 'XXIYIIXYZY', 'XYYYIZZZII', 'XYXZXXXYZY', 'XXXZIIZZZY', 'XYXZXXXYZY', 'XYYZIIZIZY', 'IIZIZZYYXY', 'XYZYIZZIYI', 'XXIYIIXYZY', 'ZZXZXXIIZY', 'YYIZZZIZXY', 'XXIYIIXYZY', 'ZZXZXXIIZY', 'IIZIZZYYXY', 'XXZXZIIIYI', 'XYXZXXXYZY', 'XYYYIZZZII', 'XXIYIIXYZY', 'XXXZIIZZZY', 'IIZIZZYYXY', 'YZZZXYZZZY', 'IIZIZZYYXY', 'IXIZXXZZYI', 'IIZIZZYYXY', 'XYXZXXXYZY', 'XXZXZIIIYI', 'XYXZXXXYZY', 'XYYYIZZZII', 'XYZYIZZIYI', 'XXIYIIXYZY', 'XYYZIIZIZY']
 Finished:      -7.823426938935
 Error:       0.000000000913

 
 ------------------------------------------ 

