The list of distances to compute is: [1.0, 1.1, 1.2, 1.3, 1.4, 1.5, 1.6, 1.7, 1.8, 1.9, 2.0, 2.1, 2.2, 2.3, 2.4, 2.5, 2.6, 2.7, 2.8, 2.9, 3.0]
I am the distance: 1.3
Li 0 0 0; H 0 0 1.3
Problem reduced to 10 qubits.
HF energy:                 -7.8519538579587937
Active space FCI energy:    -7.8689040845062541
n_electrons: 2
0.0
molecule.n_orbitals: 5
 adapt threshold: 1e-08
 theta threshold: 1e-10
 Generate Sparse Matrices for operators in pool
Ground state energy: -7.868904084506259
initial energy -7.851953857958794
 Start ADAPT-VQE algorithm
 Now start to grow the ansatz




 --------------------------------------------------------------------------
                         ADAPT-VQE iteration:  0
 --------------------------------------------------------------------------
['XYYZIIZIZY']
 Finished:      -7.853202086237
 Error:       0.015701998269
1.3




 --------------------------------------------------------------------------
                         ADAPT-VQE iteration:  1
 --------------------------------------------------------------------------
['YYIZZZIZXY', 'XYYZIIZIZY']
 Finished:      -7.865578142280
 Error:       0.003325942227
1.3




 --------------------------------------------------------------------------
                         ADAPT-VQE iteration:  2
 --------------------------------------------------------------------------
['XXZXZIIIYI', 'YYIZZZIZXY', 'XYYZIIZIZY']
 Finished:      -7.866901434280
 Error:       0.002002650226
1.3




 --------------------------------------------------------------------------
                         ADAPT-VQE iteration:  3
 --------------------------------------------------------------------------
['YXZZIZYYII', 'XXZXZIIIYI', 'YYIZZZIZXY', 'XYYZIIZIZY']
 Finished:      -7.867569724577
 Error:       0.001334359930
1.3




 --------------------------------------------------------------------------
                         ADAPT-VQE iteration:  4
 --------------------------------------------------------------------------
['XXIIYXZZII', 'YXZZIZYYII', 'XXZXZIIIYI', 'YYIZZZIZXY', 'XYYZIIZIZY']
 Finished:      -7.868206078361
 Error:       0.000698006145
1.3




 --------------------------------------------------------------------------
                         ADAPT-VQE iteration:  5
 --------------------------------------------------------------------------
['XXIIYXZZII', 'YXZZIZYYII', 'XXZXZIIIYI', 'XYYYIZZZII', 'YYIZZZIZXY', 'XYYZIIZIZY']
 Finished:      -7.868477205734
 Error:       0.000426878772
1.3




 --------------------------------------------------------------------------
                         ADAPT-VQE iteration:  6
 --------------------------------------------------------------------------
['XXIIYXZZII', 'YXZZIZYYII', 'XXZXZIIIYI', 'XYYYIZZZII', 'YYIZZZIZXY', 'IIZIZZYYXY', 'XYYZIIZIZY']
 Finished:      -7.868505039432
 Error:       0.000399045074
1.3




 --------------------------------------------------------------------------
                         ADAPT-VQE iteration:  7
 --------------------------------------------------------------------------
['XXIIYXZZII', 'YXZZIZYYII', 'XXZXZIIIYI', 'XYYYIZZZII', 'ZZXZXXIIZY', 'YYIZZZIZXY', 'IIZIZZYYXY', 'XYYZIIZIZY']
 Finished:      -7.868509247430
 Error:       0.000394837076
1.3




 --------------------------------------------------------------------------
                         ADAPT-VQE iteration:  8
 --------------------------------------------------------------------------
['XYZYIZZIYI', 'XXIIYXZZII', 'YXZZIZYYII', 'XXZXZIIIYI', 'XYYYIZZZII', 'ZZXZXXIIZY', 'YYIZZZIZXY', 'IIZIZZYYXY', 'XYYZIIZIZY']
 Finished:      -7.868522196111
 Error:       0.000381888395
1.3




 --------------------------------------------------------------------------
                         ADAPT-VQE iteration:  9
 --------------------------------------------------------------------------
['XYZYIZZIYI', 'XXIIYXZZII', 'YXZZIZYYII', 'XXZXZIIIYI', 'XXXZIIZZZY', 'XYYYIZZZII', 'ZZXZXXIIZY', 'YYIZZZIZXY', 'IIZIZZYYXY', 'XYYZIIZIZY']
 Finished:      -7.868534581103
 Error:       0.000369503404
1.3




 --------------------------------------------------------------------------
                         ADAPT-VQE iteration:  10
 --------------------------------------------------------------------------
['XYZYIZZIYI', 'XXIYIIXYZY', 'XXIIYXZZII', 'YXZZIZYYII', 'XXZXZIIIYI', 'XXXZIIZZZY', 'XYYYIZZZII', 'ZZXZXXIIZY', 'YYIZZZIZXY', 'IIZIZZYYXY', 'XYYZIIZIZY']
 Finished:      -7.868534717541
 Error:       0.000369366965
1.3




 --------------------------------------------------------------------------
                         ADAPT-VQE iteration:  11
 --------------------------------------------------------------------------
['XYZYIZZIYI', 'XXIYIIXYZY', 'XXIIYXZZII', 'YXZZIZYYII', 'XXZXZIIIYI', 'XXXZIIZZZY', 'XYYYIZZZII', 'ZZXZXXIIZY', 'YYIZZZIZXY', 'XXIYIIXYZY', 'IIZIZZYYXY', 'XYYZIIZIZY']
 Finished:      -7.868541062687
 Error:       0.000363021819
1.3




 --------------------------------------------------------------------------
                         ADAPT-VQE iteration:  12
 --------------------------------------------------------------------------
['XYZYIZZIYI', 'XXIYIIXYZY', 'XXIIYXZZII', 'YXZZIZYYII', 'XXZXZIIIYI', 'XXXZIIZZZY', 'XYYYIZZZII', 'ZZXZXXIIZY', 'YYIZZZIZXY', 'XXIYIIXYZY', 'XYZYIZZIYI', 'IIZIZZYYXY', 'XYYZIIZIZY']
 Finished:      -7.868547693054
 Error:       0.000356391452
1.3




 --------------------------------------------------------------------------
                         ADAPT-VQE iteration:  13
 --------------------------------------------------------------------------
['XYZYIZZIYI', 'XXIYIIXYZY', 'XXIIYXZZII', 'YXZZIZYYII', 'XXZXZIIIYI', 'XXIIYXZZII', 'XXXZIIZZZY', 'XYYYIZZZII', 'ZZXZXXIIZY', 'YYIZZZIZXY', 'XXIYIIXYZY', 'XYZYIZZIYI', 'IIZIZZYYXY', 'XYYZIIZIZY']
 Finished:      -7.868551648099
 Error:       0.000352436407
1.3




 --------------------------------------------------------------------------
                         ADAPT-VQE iteration:  14
 --------------------------------------------------------------------------
['XYZYIZZIYI', 'XXIYIIXYZY', 'XXIIYXZZII', 'YXZZIZYYII', 'XXZXZIIIYI', 'XXIIYXZZII', 'XXXZIIZZZY', 'XYYYIZZZII', 'XYXZXXXYZY', 'ZZXZXXIIZY', 'YYIZZZIZXY', 'XXIYIIXYZY', 'XYZYIZZIYI', 'IIZIZZYYXY', 'XYYZIIZIZY']
 Finished:      -7.868551652377
 Error:       0.000352432129
1.3




 --------------------------------------------------------------------------
                         ADAPT-VQE iteration:  15
 --------------------------------------------------------------------------
['XYZYIZZIYI', 'XXIYIIXYZY', 'XXIIYXZZII', 'YXZZIZYYII', 'XXZXZIIIYI', 'XXIIYXZZII', 'XXXZIIZZZY', 'XYYYIZZZII', 'XXIYIIXYZY', 'XYXZXXXYZY', 'ZZXZXXIIZY', 'YYIZZZIZXY', 'XXIYIIXYZY', 'XYZYIZZIYI', 'IIZIZZYYXY', 'XYYZIIZIZY']
 Finished:      -7.868552458859
 Error:       0.000351625647
1.3




 --------------------------------------------------------------------------
                         ADAPT-VQE iteration:  16
 --------------------------------------------------------------------------
['XYYYIZZZII', 'XYZYIZZIYI', 'XXIYIIXYZY', 'XXIIYXZZII', 'YXZZIZYYII', 'XXZXZIIIYI', 'XXIIYXZZII', 'XXXZIIZZZY', 'XYYYIZZZII', 'XXIYIIXYZY', 'XYXZXXXYZY', 'ZZXZXXIIZY', 'YYIZZZIZXY', 'XXIYIIXYZY', 'XYZYIZZIYI', 'IIZIZZYYXY', 'XYYZIIZIZY']
 Finished:      -7.868555567344
 Error:       0.000348517163
1.3




 --------------------------------------------------------------------------
                         ADAPT-VQE iteration:  17
 --------------------------------------------------------------------------
['ZZXZXXIIZY', 'XYYYIZZZII', 'XYZYIZZIYI', 'XXIYIIXYZY', 'XXIIYXZZII', 'YXZZIZYYII', 'XXZXZIIIYI', 'XXIIYXZZII', 'XXXZIIZZZY', 'XYYYIZZZII', 'XXIYIIXYZY', 'XYXZXXXYZY', 'ZZXZXXIIZY', 'YYIZZZIZXY', 'XXIYIIXYZY', 'XYZYIZZIYI', 'IIZIZZYYXY', 'XYYZIIZIZY']
 Finished:      -7.868569181970
 Error:       0.000334902536
1.3




 --------------------------------------------------------------------------
                         ADAPT-VQE iteration:  18
 --------------------------------------------------------------------------
['ZZXZXXIIZY', 'YZZZXYZZZY', 'XYYYIZZZII', 'XYZYIZZIYI', 'XXIYIIXYZY', 'XXIIYXZZII', 'YXZZIZYYII', 'XXZXZIIIYI', 'XXIIYXZZII', 'XXXZIIZZZY', 'XYYYIZZZII', 'XXIYIIXYZY', 'XYXZXXXYZY', 'ZZXZXXIIZY', 'YYIZZZIZXY', 'XXIYIIXYZY', 'XYZYIZZIYI', 'IIZIZZYYXY', 'XYYZIIZIZY']
 Finished:      -7.868569319983
 Error:       0.000334764524
1.3




 --------------------------------------------------------------------------
                         ADAPT-VQE iteration:  19
 --------------------------------------------------------------------------
['ZZXZXXIIZY', 'YZZZXYZZZY', 'XYYYIZZZII', 'XYZYIZZIYI', 'XXIYIIXYZY', 'XXIIYXZZII', 'YXZZIZYYII', 'XXZXZIIIYI', 'XXIIYXZZII', 'XXXZIIZZZY', 'XYYYIZZZII', 'XXIYIIXYZY', 'XYXZXXXYZY', 'ZZXZXXIIZY', 'YYIZZZIZXY', 'XXIYIIXYZY', 'XYZYIZZIYI', 'IIZIZZYYXY', 'YZZZXYZZZY', 'XYYZIIZIZY']
 Finished:      -7.868588690483
 Error:       0.000315394023
1.3




 --------------------------------------------------------------------------
                         ADAPT-VQE iteration:  20
 --------------------------------------------------------------------------
['XYYYIZZZII', 'ZZXZXXIIZY', 'YZZZXYZZZY', 'XYYYIZZZII', 'XYZYIZZIYI', 'XXIYIIXYZY', 'XXIIYXZZII', 'YXZZIZYYII', 'XXZXZIIIYI', 'XXIIYXZZII', 'XXXZIIZZZY', 'XYYYIZZZII', 'XXIYIIXYZY', 'XYXZXXXYZY', 'ZZXZXXIIZY', 'YYIZZZIZXY', 'XXIYIIXYZY', 'XYZYIZZIYI', 'IIZIZZYYXY', 'YZZZXYZZZY', 'XYYZIIZIZY']
 Finished:      -7.868709244806
 Error:       0.000194839700
1.3




 --------------------------------------------------------------------------
                         ADAPT-VQE iteration:  21
 --------------------------------------------------------------------------
['XYYYIZZZII', 'ZZXZXXIIZY', 'YZZZXYZZZY', 'XYYYIZZZII', 'XYZYIZZIYI', 'XXIYIIXYZY', 'XXIIYXZZII', 'YXZZIZYYII', 'XXZXZIIIYI', 'XXIIYXZZII', 'XXXZIIZZZY', 'XYYYIZZZII', 'XXIYIIXYZY', 'XYXZXXXYZY', 'ZZXZXXIIZY', 'YYIZZZIZXY', 'XXIYIIXYZY', 'YZZZXYZZZY', 'XYZYIZZIYI', 'IIZIZZYYXY', 'YZZZXYZZZY', 'XYYZIIZIZY']
 Finished:      -7.868722964222
 Error:       0.000181120285
1.3




 --------------------------------------------------------------------------
                         ADAPT-VQE iteration:  22
 --------------------------------------------------------------------------
['XYYYIZZZII', 'ZZXZXXIIZY', 'YZZZXYZZZY', 'XYYYIZZZII', 'XYZYIZZIYI', 'XXIYIIXYZY', 'XXIIYXZZII', 'YXZZIZYYII', 'XXZXZIIIYI', 'XXIIYXZZII', 'XXXZIIZZZY', 'XYYYIZZZII', 'XXIYIIXYZY', 'XYXZXXXYZY', 'ZZXZXXIIZY', 'XXIYIIXYZY', 'YYIZZZIZXY', 'XXIYIIXYZY', 'YZZZXYZZZY', 'XYZYIZZIYI', 'IIZIZZYYXY', 'YZZZXYZZZY', 'XYYZIIZIZY']
 Finished:      -7.868726878259
 Error:       0.000177206248
1.3




 --------------------------------------------------------------------------
                         ADAPT-VQE iteration:  23
 --------------------------------------------------------------------------
['XYYYIZZZII', 'ZZXZXXIIZY', 'YZZZXYZZZY', 'XYYYIZZZII', 'XYZYIZZIYI', 'XXIYIIXYZY', 'XXIIYXZZII', 'YXZZIZYYII', 'XXZXZIIIYI', 'XXIIYXZZII', 'XXXZIIZZZY', 'XYYYIZZZII', 'XXIYIIXYZY', 'YYIZZZIZXY', 'XYXZXXXYZY', 'ZZXZXXIIZY', 'XXIYIIXYZY', 'YYIZZZIZXY', 'XXIYIIXYZY', 'YZZZXYZZZY', 'XYZYIZZIYI', 'IIZIZZYYXY', 'YZZZXYZZZY', 'XYYZIIZIZY']
 Finished:      -7.868727139524
 Error:       0.000176944982
1.3




 --------------------------------------------------------------------------
                         ADAPT-VQE iteration:  24
 --------------------------------------------------------------------------
['XYYYIZZZII', 'YYIZZZIZXY', 'ZZXZXXIIZY', 'YZZZXYZZZY', 'XYYYIZZZII', 'XYZYIZZIYI', 'XXIYIIXYZY', 'XXIIYXZZII', 'YXZZIZYYII', 'XXZXZIIIYI', 'XXIIYXZZII', 'XXXZIIZZZY', 'XYYYIZZZII', 'XXIYIIXYZY', 'YYIZZZIZXY', 'XYXZXXXYZY', 'ZZXZXXIIZY', 'XXIYIIXYZY', 'YYIZZZIZXY', 'XXIYIIXYZY', 'YZZZXYZZZY', 'XYZYIZZIYI', 'IIZIZZYYXY', 'YZZZXYZZZY', 'XYYZIIZIZY']
 Finished:      -7.868741436320
 Error:       0.000162648187
1.3




 --------------------------------------------------------------------------
                         ADAPT-VQE iteration:  25
 --------------------------------------------------------------------------
['XYYYIZZZII', 'YYIZZZIZXY', 'ZZXZXXIIZY', 'YZZZXYZZZY', 'XYYYIZZZII', 'XYZYIZZIYI', 'XXIYIIXYZY', 'XXIIYXZZII', 'YXZZIZYYII', 'XXZXZIIIYI', 'XXIIYXZZII', 'XXXZIIZZZY', 'YZZZXYZZZY', 'XYYYIZZZII', 'XXIYIIXYZY', 'YYIZZZIZXY', 'XYXZXXXYZY', 'ZZXZXXIIZY', 'XXIYIIXYZY', 'YYIZZZIZXY', 'XXIYIIXYZY', 'YZZZXYZZZY', 'XYZYIZZIYI', 'IIZIZZYYXY', 'YZZZXYZZZY', 'XYYZIIZIZY']
 Finished:      -7.868742643306
 Error:       0.000161441201
1.3




 --------------------------------------------------------------------------
                         ADAPT-VQE iteration:  26
 --------------------------------------------------------------------------
['XYYYIZZZII', 'YYIZZZIZXY', 'IIZIZZYYXY', 'ZZXZXXIIZY', 'YZZZXYZZZY', 'XYYYIZZZII', 'XYZYIZZIYI', 'XXIYIIXYZY', 'XXIIYXZZII', 'YXZZIZYYII', 'XXZXZIIIYI', 'XXIIYXZZII', 'XXXZIIZZZY', 'YZZZXYZZZY', 'XYYYIZZZII', 'XXIYIIXYZY', 'YYIZZZIZXY', 'XYXZXXXYZY', 'ZZXZXXIIZY', 'XXIYIIXYZY', 'YYIZZZIZXY', 'XXIYIIXYZY', 'YZZZXYZZZY', 'XYZYIZZIYI', 'IIZIZZYYXY', 'YZZZXYZZZY', 'XYYZIIZIZY']
 Finished:      -7.868742999686
 Error:       0.000161084820
1.3




 --------------------------------------------------------------------------
                         ADAPT-VQE iteration:  27
 --------------------------------------------------------------------------
['XYYYIZZZII', 'YYIZZZIZXY', 'IIZIZZYYXY', 'ZZXZXXIIZY', 'YZZZXYZZZY', 'XYYYIZZZII', 'XYZYIZZIYI', 'XYXZXXXYZY', 'XXIYIIXYZY', 'XXIIYXZZII', 'YXZZIZYYII', 'XXZXZIIIYI', 'XXIIYXZZII', 'XXXZIIZZZY', 'YZZZXYZZZY', 'XYYYIZZZII', 'XXIYIIXYZY', 'YYIZZZIZXY', 'XYXZXXXYZY', 'ZZXZXXIIZY', 'XXIYIIXYZY', 'YYIZZZIZXY', 'XXIYIIXYZY', 'YZZZXYZZZY', 'XYZYIZZIYI', 'IIZIZZYYXY', 'YZZZXYZZZY', 'XYYZIIZIZY']
 Finished:      -7.868743084766
 Error:       0.000160999741
1.3




 --------------------------------------------------------------------------
                         ADAPT-VQE iteration:  28
 --------------------------------------------------------------------------
['XYYYIZZZII', 'XYXZXXXYZY', 'YYIZZZIZXY', 'IIZIZZYYXY', 'ZZXZXXIIZY', 'YZZZXYZZZY', 'XYYYIZZZII', 'XYZYIZZIYI', 'XYXZXXXYZY', 'XXIYIIXYZY', 'XXIIYXZZII', 'YXZZIZYYII', 'XXZXZIIIYI', 'XXIIYXZZII', 'XXXZIIZZZY', 'YZZZXYZZZY', 'XYYYIZZZII', 'XXIYIIXYZY', 'YYIZZZIZXY', 'XYXZXXXYZY', 'ZZXZXXIIZY', 'XXIYIIXYZY', 'YYIZZZIZXY', 'XXIYIIXYZY', 'YZZZXYZZZY', 'XYZYIZZIYI', 'IIZIZZYYXY', 'YZZZXYZZZY', 'XYYZIIZIZY']
 Finished:      -7.868743364864
 Error:       0.000160719642
1.3




 --------------------------------------------------------------------------
                         ADAPT-VQE iteration:  29
 --------------------------------------------------------------------------
['XYYYIZZZII', 'XYXZXXXYZY', 'YYIZZZIZXY', 'IIZIZZYYXY', 'ZZXZXXIIZY', 'YZZZXYZZZY', 'XYYYIZZZII', 'XYZYIZZIYI', 'XYXZXXXYZY', 'XXIYIIXYZY', 'XXIIYXZZII', 'YXZZIZYYII', 'XXZXZIIIYI', 'XXIIYXZZII', 'XXXZIIZZZY', 'YZZZXYZZZY', 'XYYYIZZZII', 'XXIYIIXYZY', 'YYIZZZIZXY', 'XYXZXXXYZY', 'ZZXZXXIIZY', 'XXIYIIXYZY', 'YYIZZZIZXY', 'XXIYIIXYZY', 'YZZZXYZZZY', 'XYZYIZZIYI', 'IIZIZZYYXY', 'XYXZXXXYZY', 'YZZZXYZZZY', 'XYYZIIZIZY']
 Finished:      -7.868744234702
 Error:       0.000159849805
1.3




 --------------------------------------------------------------------------
                         ADAPT-VQE iteration:  30
 --------------------------------------------------------------------------
['XYYYIZZZII', 'XYXZXXXYZY', 'YYIZZZIZXY', 'IIZIZZYYXY', 'ZZXZXXIIZY', 'XXIYIIXYZY', 'YZZZXYZZZY', 'XYYYIZZZII', 'XYZYIZZIYI', 'XYXZXXXYZY', 'XXIYIIXYZY', 'XXIIYXZZII', 'YXZZIZYYII', 'XXZXZIIIYI', 'XXIIYXZZII', 'XXXZIIZZZY', 'YZZZXYZZZY', 'XYYYIZZZII', 'XXIYIIXYZY', 'YYIZZZIZXY', 'XYXZXXXYZY', 'ZZXZXXIIZY', 'XXIYIIXYZY', 'YYIZZZIZXY', 'XXIYIIXYZY', 'YZZZXYZZZY', 'XYZYIZZIYI', 'IIZIZZYYXY', 'XYXZXXXYZY', 'YZZZXYZZZY', 'XYYZIIZIZY']
 Finished:      -7.868744957604
 Error:       0.000159126902
1.3




 --------------------------------------------------------------------------
                         ADAPT-VQE iteration:  31
 --------------------------------------------------------------------------
['XYYYIZZZII', 'XYXZXXXYZY', 'YYIZZZIZXY', 'IIZIZZYYXY', 'ZZXZXXIIZY', 'XYYZIIZIZY', 'XXIYIIXYZY', 'YZZZXYZZZY', 'XYYYIZZZII', 'XYZYIZZIYI', 'XYXZXXXYZY', 'XXIYIIXYZY', 'XXIIYXZZII', 'YXZZIZYYII', 'XXZXZIIIYI', 'XXIIYXZZII', 'XXXZIIZZZY', 'YZZZXYZZZY', 'XYYYIZZZII', 'XXIYIIXYZY', 'YYIZZZIZXY', 'XYXZXXXYZY', 'ZZXZXXIIZY', 'XXIYIIXYZY', 'YYIZZZIZXY', 'XXIYIIXYZY', 'YZZZXYZZZY', 'XYZYIZZIYI', 'IIZIZZYYXY', 'XYXZXXXYZY', 'YZZZXYZZZY', 'XYYZIIZIZY']
 Finished:      -7.868745478509
 Error:       0.000158605997
1.3




 --------------------------------------------------------------------------
                         ADAPT-VQE iteration:  32
 --------------------------------------------------------------------------
['XYYYIZZZII', 'XYXZXXXYZY', 'YYIZZZIZXY', 'IIZIZZYYXY', 'ZZXZXXIIZY', 'XYYZIIZIZY', 'XXIYIIXYZY', 'YZZZXYZZZY', 'XYYYIZZZII', 'XYZYIZZIYI', 'XYXZXXXYZY', 'XXIYIIXYZY', 'XXIIYXZZII', 'YXZZIZYYII', 'XXZXZIIIYI', 'XXIIYXZZII', 'XXXZIIZZZY', 'YZZZXYZZZY', 'XYYYIZZZII', 'XXIYIIXYZY', 'YYIZZZIZXY', 'XYXZXXXYZY', 'ZZXZXXIIZY', 'XXIYIIXYZY', 'YYIZZZIZXY', 'XXIYIIXYZY', 'YZZZXYZZZY', 'XYZYIZZIYI', 'IIZIZZYYXY', 'IXIZXXZZYI', 'XYXZXXXYZY', 'YZZZXYZZZY', 'XYYZIIZIZY']
 Finished:      -7.868745483824
 Error:       0.000158600682
1.3




 --------------------------------------------------------------------------
                         ADAPT-VQE iteration:  33
 --------------------------------------------------------------------------
['XYYYIZZZII', 'XYXZXXXYZY', 'YYIZZZIZXY', 'IIZIZZYYXY', 'ZZXZXXIIZY', 'XYYZIIZIZY', 'XXIYIIXYZY', 'YZZZXYZZZY', 'XYYYIZZZII', 'XYZYIZZIYI', 'XYXZXXXYZY', 'XXIYIIXYZY', 'XXIIYXZZII', 'YXZZIZYYII', 'IXIZXXZZYI', 'XXZXZIIIYI', 'XXIIYXZZII', 'XXXZIIZZZY', 'YZZZXYZZZY', 'XYYYIZZZII', 'XXIYIIXYZY', 'YYIZZZIZXY', 'XYXZXXXYZY', 'ZZXZXXIIZY', 'XXIYIIXYZY', 'YYIZZZIZXY', 'XXIYIIXYZY', 'YZZZXYZZZY', 'XYZYIZZIYI', 'IIZIZZYYXY', 'IXIZXXZZYI', 'XYXZXXXYZY', 'YZZZXYZZZY', 'XYYZIIZIZY']
 Finished:      -7.868745736374
 Error:       0.000158348132
1.3




 --------------------------------------------------------------------------
                         ADAPT-VQE iteration:  34
 --------------------------------------------------------------------------
['XYYYIZZZII', 'XYXZXXXYZY', 'YYIZZZIZXY', 'IIZIZZYYXY', 'ZZXZXXIIZY', 'XYYZIIZIZY', 'XXIYIIXYZY', 'YZZZXYZZZY', 'XYYYIZZZII', 'XYZYIZZIYI', 'XYXZXXXYZY', 'XXIYIIXYZY', 'XXIIYXZZII', 'YXZZIZYYII', 'IXIZXXZZYI', 'XXZXZIIIYI', 'XXIIYXZZII', 'XXXZIIZZZY', 'YZZZXYZZZY', 'XYYYIZZZII', 'XXIYIIXYZY', 'YYIZZZIZXY', 'XYXZXXXYZY', 'ZZXZXXIIZY', 'XXIYIIXYZY', 'YYIZZZIZXY', 'XXIYIIXYZY', 'YZZZXYZZZY', 'XYZYIZZIYI', 'IIZIZZYYXY', 'IXIZXXZZYI', 'XYYYIZZZII', 'XYXZXXXYZY', 'YZZZXYZZZY', 'XYYZIIZIZY']
 Finished:      -7.868746019177
 Error:       0.000158065329
1.3




 --------------------------------------------------------------------------
                         ADAPT-VQE iteration:  35
 --------------------------------------------------------------------------
['XYYYIZZZII', 'XYXZXXXYZY', 'YYIZZZIZXY', 'IIZIZZYYXY', 'ZZXZXXIIZY', 'XYYZIIZIZY', 'XXIYIIXYZY', 'YZZZXYZZZY', 'XYYYIZZZII', 'XYZYIZZIYI', 'XYXZXXXYZY', 'XXXZIIZZZY', 'XXIYIIXYZY', 'XXIIYXZZII', 'YXZZIZYYII', 'IXIZXXZZYI', 'XXZXZIIIYI', 'XXIIYXZZII', 'XXXZIIZZZY', 'YZZZXYZZZY', 'XYYYIZZZII', 'XXIYIIXYZY', 'YYIZZZIZXY', 'XYXZXXXYZY', 'ZZXZXXIIZY', 'XXIYIIXYZY', 'YYIZZZIZXY', 'XXIYIIXYZY', 'YZZZXYZZZY', 'XYZYIZZIYI', 'IIZIZZYYXY', 'IXIZXXZZYI', 'XYYYIZZZII', 'XYXZXXXYZY', 'YZZZXYZZZY', 'XYYZIIZIZY']
 Finished:      -7.868747424119
 Error:       0.000156660387
1.3




 --------------------------------------------------------------------------
                         ADAPT-VQE iteration:  36
 --------------------------------------------------------------------------
['XYYYIZZZII', 'XYXZXXXYZY', 'YYIZZZIZXY', 'IIZIZZYYXY', 'IXIZXXZZYI', 'ZZXZXXIIZY', 'XYYZIIZIZY', 'XXIYIIXYZY', 'YZZZXYZZZY', 'XYYYIZZZII', 'XYZYIZZIYI', 'XYXZXXXYZY', 'XXXZIIZZZY', 'XXIYIIXYZY', 'XXIIYXZZII', 'YXZZIZYYII', 'IXIZXXZZYI', 'XXZXZIIIYI', 'XXIIYXZZII', 'XXXZIIZZZY', 'YZZZXYZZZY', 'XYYYIZZZII', 'XXIYIIXYZY', 'YYIZZZIZXY', 'XYXZXXXYZY', 'ZZXZXXIIZY', 'XXIYIIXYZY', 'YYIZZZIZXY', 'XXIYIIXYZY', 'YZZZXYZZZY', 'XYZYIZZIYI', 'IIZIZZYYXY', 'IXIZXXZZYI', 'XYYYIZZZII', 'XYXZXXXYZY', 'YZZZXYZZZY', 'XYYZIIZIZY']
 Finished:      -7.868747521911
 Error:       0.000156562595
1.3




 --------------------------------------------------------------------------
                         ADAPT-VQE iteration:  37
 --------------------------------------------------------------------------
['XYYYIZZZII', 'XYXZXXXYZY', 'YYIZZZIZXY', 'XXXZIIZZZY', 'IIZIZZYYXY', 'IXIZXXZZYI', 'ZZXZXXIIZY', 'XYYZIIZIZY', 'XXIYIIXYZY', 'YZZZXYZZZY', 'XYYYIZZZII', 'XYZYIZZIYI', 'XYXZXXXYZY', 'XXXZIIZZZY', 'XXIYIIXYZY', 'XXIIYXZZII', 'YXZZIZYYII', 'IXIZXXZZYI', 'XXZXZIIIYI', 'XXIIYXZZII', 'XXXZIIZZZY', 'YZZZXYZZZY', 'XYYYIZZZII', 'XXIYIIXYZY', 'YYIZZZIZXY', 'XYXZXXXYZY', 'ZZXZXXIIZY', 'XXIYIIXYZY', 'YYIZZZIZXY', 'XXIYIIXYZY', 'YZZZXYZZZY', 'XYZYIZZIYI', 'IIZIZZYYXY', 'IXIZXXZZYI', 'XYYYIZZZII', 'XYXZXXXYZY', 'YZZZXYZZZY', 'XYYZIIZIZY']
 Finished:      -7.868747973111
 Error:       0.000156111395
1.3




 --------------------------------------------------------------------------
                         ADAPT-VQE iteration:  38
 --------------------------------------------------------------------------
['XYYYIZZZII', 'XYXZXXXYZY', 'YYIZZZIZXY', 'XXXZIIZZZY', 'IIZIZZYYXY', 'IXIZXXZZYI', 'ZZXZXXIIZY', 'XYYZIIZIZY', 'XXIYIIXYZY', 'YZZZXYZZZY', 'XYYYIZZZII', 'XYZYIZZIYI', 'XYXZXXXYZY', 'XXXZIIZZZY', 'XXIYIIXYZY', 'XXIIYXZZII', 'YXZZIZYYII', 'IXIZXXZZYI', 'XXZXZIIIYI', 'XXIIYXZZII', 'XXXZIIZZZY', 'YZZZXYZZZY', 'XYYYIZZZII', 'IXIZXXZZYI', 'XXIYIIXYZY', 'YYIZZZIZXY', 'XYXZXXXYZY', 'ZZXZXXIIZY', 'XXIYIIXYZY', 'YYIZZZIZXY', 'XXIYIIXYZY', 'YZZZXYZZZY', 'XYZYIZZIYI', 'IIZIZZYYXY', 'IXIZXXZZYI', 'XYYYIZZZII', 'XYXZXXXYZY', 'YZZZXYZZZY', 'XYYZIIZIZY']
 Finished:      -7.868748630755
 Error:       0.000155453751
1.3




 --------------------------------------------------------------------------
                         ADAPT-VQE iteration:  39
 --------------------------------------------------------------------------
['XXIYIIXYZY', 'XYYYIZZZII', 'XYXZXXXYZY', 'YYIZZZIZXY', 'XXXZIIZZZY', 'IIZIZZYYXY', 'IXIZXXZZYI', 'ZZXZXXIIZY', 'XYYZIIZIZY', 'XXIYIIXYZY', 'YZZZXYZZZY', 'XYYYIZZZII', 'XYZYIZZIYI', 'XYXZXXXYZY', 'XXXZIIZZZY', 'XXIYIIXYZY', 'XXIIYXZZII', 'YXZZIZYYII', 'IXIZXXZZYI', 'XXZXZIIIYI', 'XXIIYXZZII', 'XXXZIIZZZY', 'YZZZXYZZZY', 'XYYYIZZZII', 'IXIZXXZZYI', 'XXIYIIXYZY', 'YYIZZZIZXY', 'XYXZXXXYZY', 'ZZXZXXIIZY', 'XXIYIIXYZY', 'YYIZZZIZXY', 'XXIYIIXYZY', 'YZZZXYZZZY', 'XYZYIZZIYI', 'IIZIZZYYXY', 'IXIZXXZZYI', 'XYYYIZZZII', 'XYXZXXXYZY', 'YZZZXYZZZY', 'XYYZIIZIZY']
 Finished:      -7.868749016823
 Error:       0.000155067683
1.3




 --------------------------------------------------------------------------
                         ADAPT-VQE iteration:  40
 --------------------------------------------------------------------------
['XXIYIIXYZY', 'XYYYIZZZII', 'XYXZXXXYZY', 'YYIZZZIZXY', 'XXXZIIZZZY', 'IIZIZZYYXY', 'IXIZXXZZYI', 'ZZXZXXIIZY', 'XYYZIIZIZY', 'XXIYIIXYZY', 'YZZZXYZZZY', 'XYYYIZZZII', 'XYZYIZZIYI', 'XYXZXXXYZY', 'XXXZIIZZZY', 'XXIYIIXYZY', 'XXIIYXZZII', 'YXZZIZYYII', 'IXIZXXZZYI', 'XXZXZIIIYI', 'XXIIYXZZII', 'XXXZIIZZZY', 'YZZZXYZZZY', 'XYYYIZZZII', 'IXIZXXZZYI', 'XXIYIIXYZY', 'YYIZZZIZXY', 'XYXZXXXYZY', 'ZZXZXXIIZY', 'XXIIYXZZII', 'XXIYIIXYZY', 'YYIZZZIZXY', 'XXIYIIXYZY', 'YZZZXYZZZY', 'XYZYIZZIYI', 'IIZIZZYYXY', 'IXIZXXZZYI', 'XYYYIZZZII', 'XYXZXXXYZY', 'YZZZXYZZZY', 'XYYZIIZIZY']
 Finished:      -7.868876184170
 Error:       0.000027900336
1.3




 --------------------------------------------------------------------------
                         ADAPT-VQE iteration:  41
 --------------------------------------------------------------------------
['XXIYIIXYZY', 'XYYYIZZZII', 'XYXZXXXYZY', 'YYIZZZIZXY', 'XXXZIIZZZY', 'IIZIZZYYXY', 'IXIZXXZZYI', 'ZZXZXXIIZY', 'XYYZIIZIZY', 'XXIYIIXYZY', 'YZZZXYZZZY', 'XYYYIZZZII', 'XYZYIZZIYI', 'XYXZXXXYZY', 'XXXZIIZZZY', 'XXIYIIXYZY', 'XXIIYXZZII', 'YXZZIZYYII', 'IXIZXXZZYI', 'XXZXZIIIYI', 'XXIIYXZZII', 'XXXZIIZZZY', 'YZZZXYZZZY', 'XYYYIZZZII', 'IXIZXXZZYI', 'XXIYIIXYZY', 'YZZZXYZZZY', 'YYIZZZIZXY', 'XYXZXXXYZY', 'ZZXZXXIIZY', 'XXIIYXZZII', 'XXIYIIXYZY', 'YYIZZZIZXY', 'XXIYIIXYZY', 'YZZZXYZZZY', 'XYZYIZZIYI', 'IIZIZZYYXY', 'IXIZXXZZYI', 'XYYYIZZZII', 'XYXZXXXYZY', 'YZZZXYZZZY', 'XYYZIIZIZY']
 Finished:      -7.868884605170
 Error:       0.000019479336
1.3




 --------------------------------------------------------------------------
                         ADAPT-VQE iteration:  42
 --------------------------------------------------------------------------
['XXIYIIXYZY', 'XYYYIZZZII', 'XYXZXXXYZY', 'YYIZZZIZXY', 'XXXZIIZZZY', 'IIZIZZYYXY', 'IXIZXXZZYI', 'ZZXZXXIIZY', 'XYYZIIZIZY', 'XXIYIIXYZY', 'XYYYIZZZII', 'YZZZXYZZZY', 'XYYYIZZZII', 'XYZYIZZIYI', 'XYXZXXXYZY', 'XXXZIIZZZY', 'XXIYIIXYZY', 'XXIIYXZZII', 'YXZZIZYYII', 'IXIZXXZZYI', 'XXZXZIIIYI', 'XXIIYXZZII', 'XXXZIIZZZY', 'YZZZXYZZZY', 'XYYYIZZZII', 'IXIZXXZZYI', 'XXIYIIXYZY', 'YZZZXYZZZY', 'YYIZZZIZXY', 'XYXZXXXYZY', 'ZZXZXXIIZY', 'XXIIYXZZII', 'XXIYIIXYZY', 'YYIZZZIZXY', 'XXIYIIXYZY', 'YZZZXYZZZY', 'XYZYIZZIYI', 'IIZIZZYYXY', 'IXIZXXZZYI', 'XYYYIZZZII', 'XYXZXXXYZY', 'YZZZXYZZZY', 'XYYZIIZIZY']
 Finished:      -7.868897661072
 Error:       0.000006423434
1.3




 --------------------------------------------------------------------------
                         ADAPT-VQE iteration:  43
 --------------------------------------------------------------------------
['XXIYIIXYZY', 'XYYYIZZZII', 'XYXZXXXYZY', 'YYIZZZIZXY', 'XXXZIIZZZY', 'IIZIZZYYXY', 'IXIZXXZZYI', 'ZZXZXXIIZY', 'XYYZIIZIZY', 'XXIYIIXYZY', 'XYYYIZZZII', 'YZZZXYZZZY', 'XYYYIZZZII', 'XYZYIZZIYI', 'XYXZXXXYZY', 'XXXZIIZZZY', 'XXIYIIXYZY', 'XXIIYXZZII', 'YXZZIZYYII', 'IXIZXXZZYI', 'XXZXZIIIYI', 'XXIIYXZZII', 'XXXZIIZZZY', 'YZZZXYZZZY', 'XYYYIZZZII', 'IXIZXXZZYI', 'XXIYIIXYZY', 'YZZZXYZZZY', 'YYIZZZIZXY', 'XYXZXXXYZY', 'ZZXZXXIIZY', 'XXIIYXZZII', 'XXIYIIXYZY', 'YYIZZZIZXY', 'XXIYIIXYZY', 'YZZZXYZZZY', 'XYZYIZZIYI', 'IIZIZZYYXY', 'IXIZXXZZYI', 'XYYYIZZZII', 'XYXZXXXYZY', 'YZZZXYZZZY', 'XXIYIIXYZY', 'XYYZIIZIZY']
 Finished:      -7.868899641639
 Error:       0.000004442868
1.3




 --------------------------------------------------------------------------
                         ADAPT-VQE iteration:  44
 --------------------------------------------------------------------------
['XXIYIIXYZY', 'XYYYIZZZII', 'XYXZXXXYZY', 'YYIZZZIZXY', 'XXXZIIZZZY', 'IIZIZZYYXY', 'IXIZXXZZYI', 'ZZXZXXIIZY', 'XYYZIIZIZY', 'XXIYIIXYZY', 'XYYYIZZZII', 'YZZZXYZZZY', 'XYYYIZZZII', 'XYZYIZZIYI', 'XYXZXXXYZY', 'XXXZIIZZZY', 'XXIYIIXYZY', 'XXIIYXZZII', 'YXZZIZYYII', 'IXIZXXZZYI', 'XXZXZIIIYI', 'XXIIYXZZII', 'XXXZIIZZZY', 'YZZZXYZZZY', 'XYYYIZZZII', 'IXIZXXZZYI', 'XXIYIIXYZY', 'YZZZXYZZZY', 'YYIZZZIZXY', 'XYXZXXXYZY', 'ZZXZXXIIZY', 'XXIIYXZZII', 'XXIYIIXYZY', 'YYIZZZIZXY', 'XXIYIIXYZY', 'YZZZXYZZZY', 'XYZYIZZIYI', 'XXIYIIXYZY', 'IIZIZZYYXY', 'IXIZXXZZYI', 'XYYYIZZZII', 'XYXZXXXYZY', 'YZZZXYZZZY', 'XXIYIIXYZY', 'XYYZIIZIZY']
 Finished:      -7.868900399008
 Error:       0.000003685498
1.3




 --------------------------------------------------------------------------
                         ADAPT-VQE iteration:  45
 --------------------------------------------------------------------------
['XXIYIIXYZY', 'XYYYIZZZII', 'XYXZXXXYZY', 'YYIZZZIZXY', 'XXXZIIZZZY', 'IIZIZZYYXY', 'IXIZXXZZYI', 'ZZXZXXIIZY', 'XYYZIIZIZY', 'XXIYIIXYZY', 'XYYYIZZZII', 'YZZZXYZZZY', 'XYYYIZZZII', 'XYZYIZZIYI', 'XYXZXXXYZY', 'XXXZIIZZZY', 'XXIYIIXYZY', 'XXIIYXZZII', 'YXZZIZYYII', 'IXIZXXZZYI', 'XXZXZIIIYI', 'XXIIYXZZII', 'XXXZIIZZZY', 'YZZZXYZZZY', 'XYYYIZZZII', 'IXIZXXZZYI', 'XXIYIIXYZY', 'YZZZXYZZZY', 'YYIZZZIZXY', 'XYXZXXXYZY', 'ZZXZXXIIZY', 'XYYZIIZIZY', 'XXIIYXZZII', 'XXIYIIXYZY', 'YYIZZZIZXY', 'XXIYIIXYZY', 'YZZZXYZZZY', 'XYZYIZZIYI', 'XXIYIIXYZY', 'IIZIZZYYXY', 'IXIZXXZZYI', 'XYYYIZZZII', 'XYXZXXXYZY', 'YZZZXYZZZY', 'XXIYIIXYZY', 'XYYZIIZIZY']
 Finished:      -7.868900417782
 Error:       0.000003666725
1.3




 --------------------------------------------------------------------------
                         ADAPT-VQE iteration:  46
 --------------------------------------------------------------------------
['XXIYIIXYZY', 'XYYYIZZZII', 'XYXZXXXYZY', 'YYIZZZIZXY', 'XXXZIIZZZY', 'IIZIZZYYXY', 'IXIZXXZZYI', 'ZZXZXXIIZY', 'XYYZIIZIZY', 'XXIYIIXYZY', 'XYYYIZZZII', 'YZZZXYZZZY', 'XYYYIZZZII', 'XYZYIZZIYI', 'XYXZXXXYZY', 'XXXZIIZZZY', 'XXIYIIXYZY', 'XXIIYXZZII', 'YXZZIZYYII', 'IXIZXXZZYI', 'XXXZIIZZZY', 'XXZXZIIIYI', 'XXIIYXZZII', 'XXXZIIZZZY', 'YZZZXYZZZY', 'XYYYIZZZII', 'IXIZXXZZYI', 'XXIYIIXYZY', 'YZZZXYZZZY', 'YYIZZZIZXY', 'XYXZXXXYZY', 'ZZXZXXIIZY', 'XYYZIIZIZY', 'XXIIYXZZII', 'XXIYIIXYZY', 'YYIZZZIZXY', 'XXIYIIXYZY', 'YZZZXYZZZY', 'XYZYIZZIYI', 'XXIYIIXYZY', 'IIZIZZYYXY', 'IXIZXXZZYI', 'XYYYIZZZII', 'XYXZXXXYZY', 'YZZZXYZZZY', 'XXIYIIXYZY', 'XYYZIIZIZY']
 Finished:      -7.868900434671
 Error:       0.000003649835
1.3




 --------------------------------------------------------------------------
                         ADAPT-VQE iteration:  47
 --------------------------------------------------------------------------
['XXIYIIXYZY', 'XYYYIZZZII', 'XYXZXXXYZY', 'YYIZZZIZXY', 'XXXZIIZZZY', 'XYXZXXXYZY', 'IIZIZZYYXY', 'IXIZXXZZYI', 'ZZXZXXIIZY', 'XYYZIIZIZY', 'XXIYIIXYZY', 'XYYYIZZZII', 'YZZZXYZZZY', 'XYYYIZZZII', 'XYZYIZZIYI', 'XYXZXXXYZY', 'XXXZIIZZZY', 'XXIYIIXYZY', 'XXIIYXZZII', 'YXZZIZYYII', 'IXIZXXZZYI', 'XXXZIIZZZY', 'XXZXZIIIYI', 'XXIIYXZZII', 'XXXZIIZZZY', 'YZZZXYZZZY', 'XYYYIZZZII', 'IXIZXXZZYI', 'XXIYIIXYZY', 'YZZZXYZZZY', 'YYIZZZIZXY', 'XYXZXXXYZY', 'ZZXZXXIIZY', 'XYYZIIZIZY', 'XXIIYXZZII', 'XXIYIIXYZY', 'YYIZZZIZXY', 'XXIYIIXYZY', 'YZZZXYZZZY', 'XYZYIZZIYI', 'XXIYIIXYZY', 'IIZIZZYYXY', 'IXIZXXZZYI', 'XYYYIZZZII', 'XYXZXXXYZY', 'YZZZXYZZZY', 'XXIYIIXYZY', 'XYYZIIZIZY']
 Finished:      -7.868902318628
 Error:       0.000001765878
1.3




 --------------------------------------------------------------------------
                         ADAPT-VQE iteration:  48
 --------------------------------------------------------------------------
['XXIYIIXYZY', 'XYYYIZZZII', 'XYXZXXXYZY', 'YYIZZZIZXY', 'XXXZIIZZZY', 'XYXZXXXYZY', 'IIZIZZYYXY', 'IXIZXXZZYI', 'ZZXZXXIIZY', 'XYYZIIZIZY', 'XXIYIIXYZY', 'XYYYIZZZII', 'YZZZXYZZZY', 'XYYYIZZZII', 'XYZYIZZIYI', 'XYXZXXXYZY', 'XXXZIIZZZY', 'XXIYIIXYZY', 'XXIIYXZZII', 'YXZZIZYYII', 'IXIZXXZZYI', 'XXXZIIZZZY', 'XXZXZIIIYI', 'XXIIYXZZII', 'XXXZIIZZZY', 'YZZZXYZZZY', 'XYYYIZZZII', 'IXIZXXZZYI', 'XXIYIIXYZY', 'YZZZXYZZZY', 'YYIZZZIZXY', 'XYXZXXXYZY', 'ZZXZXXIIZY', 'XYYZIIZIZY', 'XXIIYXZZII', 'XXIYIIXYZY', 'YXZZIZYYII', 'YYIZZZIZXY', 'XXIYIIXYZY', 'YZZZXYZZZY', 'XYZYIZZIYI', 'XXIYIIXYZY', 'IIZIZZYYXY', 'IXIZXXZZYI', 'XYYYIZZZII', 'XYXZXXXYZY', 'YZZZXYZZZY', 'XXIYIIXYZY', 'XYYZIIZIZY']
 Finished:      -7.868903164766
 Error:       0.000000919740
1.3




 --------------------------------------------------------------------------
                         ADAPT-VQE iteration:  49
 --------------------------------------------------------------------------
['XXIYIIXYZY', 'XYYYIZZZII', 'XYXZXXXYZY', 'YYIZZZIZXY', 'XXXZIIZZZY', 'XYXZXXXYZY', 'IIZIZZYYXY', 'IXIZXXZZYI', 'ZZXZXXIIZY', 'XYYZIIZIZY', 'XXIYIIXYZY', 'XYYYIZZZII', 'YZZZXYZZZY', 'XYYYIZZZII', 'XYZYIZZIYI', 'XYXZXXXYZY', 'XXXZIIZZZY', 'XXIYIIXYZY', 'XXIIYXZZII', 'YXZZIZYYII', 'IXIZXXZZYI', 'IIZIZZYYXY', 'XXXZIIZZZY', 'XXZXZIIIYI', 'XXIIYXZZII', 'XXXZIIZZZY', 'YZZZXYZZZY', 'XYYYIZZZII', 'IXIZXXZZYI', 'XXIYIIXYZY', 'YZZZXYZZZY', 'YYIZZZIZXY', 'XYXZXXXYZY', 'ZZXZXXIIZY', 'XYYZIIZIZY', 'XXIIYXZZII', 'XXIYIIXYZY', 'YXZZIZYYII', 'YYIZZZIZXY', 'XXIYIIXYZY', 'YZZZXYZZZY', 'XYZYIZZIYI', 'XXIYIIXYZY', 'IIZIZZYYXY', 'IXIZXXZZYI', 'XYYYIZZZII', 'XYXZXXXYZY', 'YZZZXYZZZY', 'XXIYIIXYZY', 'XYYZIIZIZY']
 Finished:      -7.868903184338
 Error:       0.000000900168
1.3




 --------------------------------------------------------------------------
                         ADAPT-VQE iteration:  50
 --------------------------------------------------------------------------
['XXIYIIXYZY', 'XYYYIZZZII', 'XYXZXXXYZY', 'YYIZZZIZXY', 'XXXZIIZZZY', 'XYXZXXXYZY', 'IIZIZZYYXY', 'IXIZXXZZYI', 'ZZXZXXIIZY', 'XYYZIIZIZY', 'XXIYIIXYZY', 'XYYYIZZZII', 'IIZIZZYYXY', 'YZZZXYZZZY', 'XYYYIZZZII', 'XYZYIZZIYI', 'XYXZXXXYZY', 'XXXZIIZZZY', 'XXIYIIXYZY', 'XXIIYXZZII', 'YXZZIZYYII', 'IXIZXXZZYI', 'IIZIZZYYXY', 'XXXZIIZZZY', 'XXZXZIIIYI', 'XXIIYXZZII', 'XXXZIIZZZY', 'YZZZXYZZZY', 'XYYYIZZZII', 'IXIZXXZZYI', 'XXIYIIXYZY', 'YZZZXYZZZY', 'YYIZZZIZXY', 'XYXZXXXYZY', 'ZZXZXXIIZY', 'XYYZIIZIZY', 'XXIIYXZZII', 'XXIYIIXYZY', 'YXZZIZYYII', 'YYIZZZIZXY', 'XXIYIIXYZY', 'YZZZXYZZZY', 'XYZYIZZIYI', 'XXIYIIXYZY', 'IIZIZZYYXY', 'IXIZXXZZYI', 'XYYYIZZZII', 'XYXZXXXYZY', 'YZZZXYZZZY', 'XXIYIIXYZY', 'XYYZIIZIZY']
 Finished:      -7.868903250833
 Error:       0.000000833673
1.3




 --------------------------------------------------------------------------
                         ADAPT-VQE iteration:  51
 --------------------------------------------------------------------------
['XXIYIIXYZY', 'XYYYIZZZII', 'XYXZXXXYZY', 'YYIZZZIZXY', 'XXXZIIZZZY', 'XYXZXXXYZY', 'IIZIZZYYXY', 'IXIZXXZZYI', 'ZZXZXXIIZY', 'XYYZIIZIZY', 'XXIYIIXYZY', 'XYYYIZZZII', 'IIZIZZYYXY', 'YZZZXYZZZY', 'XYYYIZZZII', 'XYZYIZZIYI', 'XYXZXXXYZY', 'XXXZIIZZZY', 'XXIYIIXYZY', 'XXIIYXZZII', 'YXZZIZYYII', 'IXIZXXZZYI', 'IIZIZZYYXY', 'XXXZIIZZZY', 'XXZXZIIIYI', 'XXIIYXZZII', 'XXXZIIZZZY', 'YZZZXYZZZY', 'XYYYIZZZII', 'IXIZXXZZYI', 'XXIYIIXYZY', 'YZZZXYZZZY', 'YYIZZZIZXY', 'XYXZXXXYZY', 'ZZXZXXIIZY', 'XYYZIIZIZY', 'XXIIYXZZII', 'XXIYIIXYZY', 'YXZZIZYYII', 'YYIZZZIZXY', 'XYXZXXXYZY', 'XXIYIIXYZY', 'YZZZXYZZZY', 'XYZYIZZIYI', 'XXIYIIXYZY', 'IIZIZZYYXY', 'IXIZXXZZYI', 'XYYYIZZZII', 'XYXZXXXYZY', 'YZZZXYZZZY', 'XXIYIIXYZY', 'XYYZIIZIZY']
 Finished:      -7.868903254924
 Error:       0.000000829582
1.3




 --------------------------------------------------------------------------
                         ADAPT-VQE iteration:  52
 --------------------------------------------------------------------------
['XXIYIIXYZY', 'XYYYIZZZII', 'XYXZXXXYZY', 'YYIZZZIZXY', 'XXXZIIZZZY', 'XYXZXXXYZY', 'IIZIZZYYXY', 'IXIZXXZZYI', 'ZZXZXXIIZY', 'XYYZIIZIZY', 'XXIYIIXYZY', 'XYYYIZZZII', 'IIZIZZYYXY', 'YZZZXYZZZY', 'XYYYIZZZII', 'XYZYIZZIYI', 'XYXZXXXYZY', 'XXXZIIZZZY', 'XXIYIIXYZY', 'XXIIYXZZII', 'YXZZIZYYII', 'IXIZXXZZYI', 'IIZIZZYYXY', 'XXXZIIZZZY', 'XXZXZIIIYI', 'IIZIZZYYXY', 'XXIIYXZZII', 'XXXZIIZZZY', 'YZZZXYZZZY', 'XYYYIZZZII', 'IXIZXXZZYI', 'XXIYIIXYZY', 'YZZZXYZZZY', 'YYIZZZIZXY', 'XYXZXXXYZY', 'ZZXZXXIIZY', 'XYYZIIZIZY', 'XXIIYXZZII', 'XXIYIIXYZY', 'YXZZIZYYII', 'YYIZZZIZXY', 'XYXZXXXYZY', 'XXIYIIXYZY', 'YZZZXYZZZY', 'XYZYIZZIYI', 'XXIYIIXYZY', 'IIZIZZYYXY', 'IXIZXXZZYI', 'XYYYIZZZII', 'XYXZXXXYZY', 'YZZZXYZZZY', 'XXIYIIXYZY', 'XYYZIIZIZY']
 Finished:      -7.868903271429
 Error:       0.000000813078
1.3




 --------------------------------------------------------------------------
                         ADAPT-VQE iteration:  53
 --------------------------------------------------------------------------
['XXIYIIXYZY', 'XYYYIZZZII', 'XYXZXXXYZY', 'YYIZZZIZXY', 'XXXZIIZZZY', 'XYXZXXXYZY', 'IIZIZZYYXY', 'IXIZXXZZYI', 'ZZXZXXIIZY', 'XYYZIIZIZY', 'IIZIZZYYXY', 'XXIYIIXYZY', 'XYYYIZZZII', 'IIZIZZYYXY', 'YZZZXYZZZY', 'XYYYIZZZII', 'XYZYIZZIYI', 'XYXZXXXYZY', 'XXXZIIZZZY', 'XXIYIIXYZY', 'XXIIYXZZII', 'YXZZIZYYII', 'IXIZXXZZYI', 'IIZIZZYYXY', 'XXXZIIZZZY', 'XXZXZIIIYI', 'IIZIZZYYXY', 'XXIIYXZZII', 'XXXZIIZZZY', 'YZZZXYZZZY', 'XYYYIZZZII', 'IXIZXXZZYI', 'XXIYIIXYZY', 'YZZZXYZZZY', 'YYIZZZIZXY', 'XYXZXXXYZY', 'ZZXZXXIIZY', 'XYYZIIZIZY', 'XXIIYXZZII', 'XXIYIIXYZY', 'YXZZIZYYII', 'YYIZZZIZXY', 'XYXZXXXYZY', 'XXIYIIXYZY', 'YZZZXYZZZY', 'XYZYIZZIYI', 'XXIYIIXYZY', 'IIZIZZYYXY', 'IXIZXXZZYI', 'XYYYIZZZII', 'XYXZXXXYZY', 'YZZZXYZZZY', 'XXIYIIXYZY', 'XYYZIIZIZY']
 Finished:      -7.868903288726
 Error:       0.000000795780
1.3




 --------------------------------------------------------------------------
                         ADAPT-VQE iteration:  54
 --------------------------------------------------------------------------
['XXIYIIXYZY', 'XYYYIZZZII', 'XYXZXXXYZY', 'YYIZZZIZXY', 'XXXZIIZZZY', 'XXZXZIIIYI', 'XYXZXXXYZY', 'IIZIZZYYXY', 'IXIZXXZZYI', 'ZZXZXXIIZY', 'XYYZIIZIZY', 'IIZIZZYYXY', 'XXIYIIXYZY', 'XYYYIZZZII', 'IIZIZZYYXY', 'YZZZXYZZZY', 'XYYYIZZZII', 'XYZYIZZIYI', 'XYXZXXXYZY', 'XXXZIIZZZY', 'XXIYIIXYZY', 'XXIIYXZZII', 'YXZZIZYYII', 'IXIZXXZZYI', 'IIZIZZYYXY', 'XXXZIIZZZY', 'XXZXZIIIYI', 'IIZIZZYYXY', 'XXIIYXZZII', 'XXXZIIZZZY', 'YZZZXYZZZY', 'XYYYIZZZII', 'IXIZXXZZYI', 'XXIYIIXYZY', 'YZZZXYZZZY', 'YYIZZZIZXY', 'XYXZXXXYZY', 'ZZXZXXIIZY', 'XYYZIIZIZY', 'XXIIYXZZII', 'XXIYIIXYZY', 'YXZZIZYYII', 'YYIZZZIZXY', 'XYXZXXXYZY', 'XXIYIIXYZY', 'YZZZXYZZZY', 'XYZYIZZIYI', 'XXIYIIXYZY', 'IIZIZZYYXY', 'IXIZXXZZYI', 'XYYYIZZZII', 'XYXZXXXYZY', 'YZZZXYZZZY', 'XXIYIIXYZY', 'XYYZIIZIZY']
 Finished:      -7.868903293264
 Error:       0.000000791242
1.3




 --------------------------------------------------------------------------
                         ADAPT-VQE iteration:  55
 --------------------------------------------------------------------------
['XXIYIIXYZY', 'XYYYIZZZII', 'XYXZXXXYZY', 'YYIZZZIZXY', 'XXXZIIZZZY', 'XXZXZIIIYI', 'XYXZXXXYZY', 'IIZIZZYYXY', 'IXIZXXZZYI', 'ZZXZXXIIZY', 'XYYZIIZIZY', 'IIZIZZYYXY', 'XXIYIIXYZY', 'XYYYIZZZII', 'IIZIZZYYXY', 'YZZZXYZZZY', 'XYYYIZZZII', 'XXIYIIXYZY', 'XYZYIZZIYI', 'XYXZXXXYZY', 'XXXZIIZZZY', 'XXIYIIXYZY', 'XXIIYXZZII', 'YXZZIZYYII', 'IXIZXXZZYI', 'IIZIZZYYXY', 'XXXZIIZZZY', 'XXZXZIIIYI', 'IIZIZZYYXY', 'XXIIYXZZII', 'XXXZIIZZZY', 'YZZZXYZZZY', 'XYYYIZZZII', 'IXIZXXZZYI', 'XXIYIIXYZY', 'YZZZXYZZZY', 'YYIZZZIZXY', 'XYXZXXXYZY', 'ZZXZXXIIZY', 'XYYZIIZIZY', 'XXIIYXZZII', 'XXIYIIXYZY', 'YXZZIZYYII', 'YYIZZZIZXY', 'XYXZXXXYZY', 'XXIYIIXYZY', 'YZZZXYZZZY', 'XYZYIZZIYI', 'XXIYIIXYZY', 'IIZIZZYYXY', 'IXIZXXZZYI', 'XYYYIZZZII', 'XYXZXXXYZY', 'YZZZXYZZZY', 'XXIYIIXYZY', 'XYYZIIZIZY']
 Finished:      -7.868903302064
 Error:       0.000000782442
1.3




 --------------------------------------------------------------------------
                         ADAPT-VQE iteration:  56
 --------------------------------------------------------------------------
['XXIYIIXYZY', 'XYYYIZZZII', 'XYXZXXXYZY', 'YYIZZZIZXY', 'XXXZIIZZZY', 'XXZXZIIIYI', 'XYXZXXXYZY', 'IIZIZZYYXY', 'IXIZXXZZYI', 'ZZXZXXIIZY', 'XYYZIIZIZY', 'IIZIZZYYXY', 'XXIYIIXYZY', 'XYYYIZZZII', 'IIZIZZYYXY', 'YZZZXYZZZY', 'XYYYIZZZII', 'XXIYIIXYZY', 'XYZYIZZIYI', 'XYXZXXXYZY', 'XXXZIIZZZY', 'XXIYIIXYZY', 'XXIIYXZZII', 'YXZZIZYYII', 'IXIZXXZZYI', 'IIZIZZYYXY', 'XXXZIIZZZY', 'XXZXZIIIYI', 'IIZIZZYYXY', 'XXIIYXZZII', 'XXXZIIZZZY', 'YZZZXYZZZY', 'XYYYIZZZII', 'IXIZXXZZYI', 'XXIYIIXYZY', 'YZZZXYZZZY', 'YYIZZZIZXY', 'XYXZXXXYZY', 'ZZXZXXIIZY', 'XYYZIIZIZY', 'XXIIYXZZII', 'XXIYIIXYZY', 'YXZZIZYYII', 'YYIZZZIZXY', 'XYXZXXXYZY', 'XXIYIIXYZY', 'YZZZXYZZZY', 'XYZYIZZIYI', 'XXIYIIXYZY', 'IIZIZZYYXY', 'IXIZXXZZYI', 'XYYYIZZZII', 'XYXZXXXYZY', 'YZZZXYZZZY', 'ZZXZXXIIZY', 'XXIYIIXYZY', 'XYYZIIZIZY']
 Finished:      -7.868903323501
 Error:       0.000000761005
1.3




 --------------------------------------------------------------------------
                         ADAPT-VQE iteration:  57
 --------------------------------------------------------------------------
['XXIYIIXYZY', 'XYYYIZZZII', 'XYXZXXXYZY', 'YYIZZZIZXY', 'XXXZIIZZZY', 'XXZXZIIIYI', 'XYXZXXXYZY', 'IIZIZZYYXY', 'IXIZXXZZYI', 'ZZXZXXIIZY', 'XYYZIIZIZY', 'IIZIZZYYXY', 'XXIYIIXYZY', 'XYYYIZZZII', 'IIZIZZYYXY', 'YZZZXYZZZY', 'XYYYIZZZII', 'XXIYIIXYZY', 'XYZYIZZIYI', 'XYYZIIZIZY', 'XYXZXXXYZY', 'XXXZIIZZZY', 'XXIYIIXYZY', 'XXIIYXZZII', 'YXZZIZYYII', 'IXIZXXZZYI', 'IIZIZZYYXY', 'XXXZIIZZZY', 'XXZXZIIIYI', 'IIZIZZYYXY', 'XXIIYXZZII', 'XXXZIIZZZY', 'YZZZXYZZZY', 'XYYYIZZZII', 'IXIZXXZZYI', 'XXIYIIXYZY', 'YZZZXYZZZY', 'YYIZZZIZXY', 'XYXZXXXYZY', 'ZZXZXXIIZY', 'XYYZIIZIZY', 'XXIIYXZZII', 'XXIYIIXYZY', 'YXZZIZYYII', 'YYIZZZIZXY', 'XYXZXXXYZY', 'XXIYIIXYZY', 'YZZZXYZZZY', 'XYZYIZZIYI', 'XXIYIIXYZY', 'IIZIZZYYXY', 'IXIZXXZZYI', 'XYYYIZZZII', 'XYXZXXXYZY', 'YZZZXYZZZY', 'ZZXZXXIIZY', 'XXIYIIXYZY', 'XYYZIIZIZY']
 Finished:      -7.868903346715
 Error:       0.000000737792
1.3




 --------------------------------------------------------------------------
                         ADAPT-VQE iteration:  58
 --------------------------------------------------------------------------
['XXIYIIXYZY', 'XYYYIZZZII', 'XYXZXXXYZY', 'YYIZZZIZXY', 'XXXZIIZZZY', 'XXZXZIIIYI', 'XYXZXXXYZY', 'IIZIZZYYXY', 'IXIZXXZZYI', 'ZZXZXXIIZY', 'XYYZIIZIZY', 'IIZIZZYYXY', 'XXIYIIXYZY', 'XYYYIZZZII', 'IIZIZZYYXY', 'YZZZXYZZZY', 'XYYYIZZZII', 'XXIYIIXYZY', 'XYZYIZZIYI', 'XYYZIIZIZY', 'XYXZXXXYZY', 'XXXZIIZZZY', 'XXIYIIXYZY', 'XXIIYXZZII', 'YXZZIZYYII', 'IXIZXXZZYI', 'IIZIZZYYXY', 'XXXZIIZZZY', 'XYYYIZZZII', 'XXZXZIIIYI', 'IIZIZZYYXY', 'XXIIYXZZII', 'XXXZIIZZZY', 'YZZZXYZZZY', 'XYYYIZZZII', 'IXIZXXZZYI', 'XXIYIIXYZY', 'YZZZXYZZZY', 'YYIZZZIZXY', 'XYXZXXXYZY', 'ZZXZXXIIZY', 'XYYZIIZIZY', 'XXIIYXZZII', 'XXIYIIXYZY', 'YXZZIZYYII', 'YYIZZZIZXY', 'XYXZXXXYZY', 'XXIYIIXYZY', 'YZZZXYZZZY', 'XYZYIZZIYI', 'XXIYIIXYZY', 'IIZIZZYYXY', 'IXIZXXZZYI', 'XYYYIZZZII', 'XYXZXXXYZY', 'YZZZXYZZZY', 'ZZXZXXIIZY', 'XXIYIIXYZY', 'XYYZIIZIZY']
 Finished:      -7.868903952137
 Error:       0.000000132370
1.3




 --------------------------------------------------------------------------
                         ADAPT-VQE iteration:  59
 --------------------------------------------------------------------------
['XXIYIIXYZY', 'XYYYIZZZII', 'XYXZXXXYZY', 'YYIZZZIZXY', 'XXXZIIZZZY', 'XXZXZIIIYI', 'XYXZXXXYZY', 'IIZIZZYYXY', 'IXIZXXZZYI', 'ZZXZXXIIZY', 'XYYZIIZIZY', 'IIZIZZYYXY', 'XXIYIIXYZY', 'XYYYIZZZII', 'IIZIZZYYXY', 'YZZZXYZZZY', 'XYYYIZZZII', 'XXIYIIXYZY', 'XYZYIZZIYI', 'XYYZIIZIZY', 'XYXZXXXYZY', 'XXXZIIZZZY', 'XXIYIIXYZY', 'XXIIYXZZII', 'YXZZIZYYII', 'XYXZXXXYZY', 'IXIZXXZZYI', 'IIZIZZYYXY', 'XXXZIIZZZY', 'XYYYIZZZII', 'XXZXZIIIYI', 'IIZIZZYYXY', 'XXIIYXZZII', 'XXXZIIZZZY', 'YZZZXYZZZY', 'XYYYIZZZII', 'IXIZXXZZYI', 'XXIYIIXYZY', 'YZZZXYZZZY', 'YYIZZZIZXY', 'XYXZXXXYZY', 'ZZXZXXIIZY', 'XYYZIIZIZY', 'XXIIYXZZII', 'XXIYIIXYZY', 'YXZZIZYYII', 'YYIZZZIZXY', 'XYXZXXXYZY', 'XXIYIIXYZY', 'YZZZXYZZZY', 'XYZYIZZIYI', 'XXIYIIXYZY', 'IIZIZZYYXY', 'IXIZXXZZYI', 'XYYYIZZZII', 'XYXZXXXYZY', 'YZZZXYZZZY', 'ZZXZXXIIZY', 'XXIYIIXYZY', 'XYYZIIZIZY']
 Finished:      -7.868904071919
 Error:       0.000000012587
1.3




 --------------------------------------------------------------------------
                         ADAPT-VQE iteration:  60
 --------------------------------------------------------------------------
['XXIYIIXYZY', 'XYYYIZZZII', 'XYXZXXXYZY', 'YYIZZZIZXY', 'XXXZIIZZZY', 'XXZXZIIIYI', 'XYXZXXXYZY', 'IIZIZZYYXY', 'IXIZXXZZYI', 'ZZXZXXIIZY', 'XYYZIIZIZY', 'IIZIZZYYXY', 'XXIYIIXYZY', 'XYYYIZZZII', 'IIZIZZYYXY', 'YZZZXYZZZY', 'XYYYIZZZII', 'XXIYIIXYZY', 'XYZYIZZIYI', 'XYYZIIZIZY', 'XYXZXXXYZY', 'XXXZIIZZZY', 'XXIYIIXYZY', 'XXIIYXZZII', 'YXZZIZYYII', 'XYXZXXXYZY', 'IXIZXXZZYI', 'IIZIZZYYXY', 'XXXZIIZZZY', 'XYYYIZZZII', 'XXZXZIIIYI', 'IIZIZZYYXY', 'XXIIYXZZII', 'XXXZIIZZZY', 'YZZZXYZZZY', 'XYYYIZZZII', 'IXIZXXZZYI', 'XXIYIIXYZY', 'YZZZXYZZZY', 'YYIZZZIZXY', 'XYXZXXXYZY', 'ZZXZXXIIZY', 'XYYYIZZZII', 'XYYZIIZIZY', 'XXIIYXZZII', 'XXIYIIXYZY', 'YXZZIZYYII', 'YYIZZZIZXY', 'XYXZXXXYZY', 'XXIYIIXYZY', 'YZZZXYZZZY', 'XYZYIZZIYI', 'XXIYIIXYZY', 'IIZIZZYYXY', 'IXIZXXZZYI', 'XYYYIZZZII', 'XYXZXXXYZY', 'YZZZXYZZZY', 'ZZXZXXIIZY', 'XXIYIIXYZY', 'XYYZIIZIZY']
 Finished:      -7.868904076844
 Error:       0.000000007662

 
 ------------------------------------------ 

