The list of distances to compute is: [1.0, 1.1, 1.2, 1.3, 1.4, 1.5, 1.6, 1.7, 1.8, 1.9, 2.0, 2.1, 2.2, 2.3, 2.4, 2.5, 2.6, 2.7, 2.8, 2.9, 3.0]
I am the distance: 2.4
Li 0 0 0; H 0 0 2.4
Problem reduced to 10 qubits.
HF energy:                 -7.7833816271553911
Active space FCI energy:    -7.8303429522035746
n_electrons: 2
0.0
molecule.n_orbitals: 5
 adapt threshold: 1e-08
 theta threshold: 1e-10
 Generate Sparse Matrices for operators in pool
Ground state energy: -7.830342952203559
initial energy -7.783381627155391
 Start ADAPT-VQE algorithm
 Now start to grow the ansatz




 --------------------------------------------------------------------------
                         ADAPT-VQE iteration:  0
 --------------------------------------------------------------------------
['XYYZIIZIZY']
 Finished:      -7.789426611011
 Error:       0.040916341193
2.4




 --------------------------------------------------------------------------
                         ADAPT-VQE iteration:  1
 --------------------------------------------------------------------------
['YYIZZZIZXY', 'XYYZIIZIZY']
 Finished:      -7.818250718961
 Error:       0.012092233243
2.4




 --------------------------------------------------------------------------
                         ADAPT-VQE iteration:  2
 --------------------------------------------------------------------------
['XXZXZIIIYI', 'YYIZZZIZXY', 'XYYZIIZIZY']
 Finished:      -7.823564348701
 Error:       0.006778603503
2.4




 --------------------------------------------------------------------------
                         ADAPT-VQE iteration:  3
 --------------------------------------------------------------------------
['XXZXZIIIYI', 'XYYYIZZZII', 'YYIZZZIZXY', 'XYYZIIZIZY']
 Finished:      -7.827051608388
 Error:       0.003291343816
2.4




 --------------------------------------------------------------------------
                         ADAPT-VQE iteration:  4
 --------------------------------------------------------------------------
['XXIIYXZZII', 'XXZXZIIIYI', 'XYYYIZZZII', 'YYIZZZIZXY', 'XYYZIIZIZY']
 Finished:      -7.827186550708
 Error:       0.003156401495
2.4




 --------------------------------------------------------------------------
                         ADAPT-VQE iteration:  5
 --------------------------------------------------------------------------
['YXZZIZYYII', 'XXIIYXZZII', 'XXZXZIIIYI', 'XYYYIZZZII', 'YYIZZZIZXY', 'XYYZIIZIZY']
 Finished:      -7.827315561219
 Error:       0.003027390985
2.4




 --------------------------------------------------------------------------
                         ADAPT-VQE iteration:  6
 --------------------------------------------------------------------------
['XYZYIZZIYI', 'YXZZIZYYII', 'XXIIYXZZII', 'XXZXZIIIYI', 'XYYYIZZZII', 'YYIZZZIZXY', 'XYYZIIZIZY']
 Finished:      -7.827646534801
 Error:       0.002696417403
2.4




 --------------------------------------------------------------------------
                         ADAPT-VQE iteration:  7
 --------------------------------------------------------------------------
['XYZYIZZIYI', 'YXZZIZYYII', 'XXIIYXZZII', 'XXZXZIIIYI', 'XYYYIZZZII', 'YYIZZZIZXY', 'IIZIZZYYXY', 'XYYZIIZIZY']
 Finished:      -7.827670088865
 Error:       0.002672863338
2.4




 --------------------------------------------------------------------------
                         ADAPT-VQE iteration:  8
 --------------------------------------------------------------------------
['XYZYIZZIYI', 'YXZZIZYYII', 'XXIIYXZZII', 'XXZXZIIIYI', 'XYYYIZZZII', 'YYIZZZIZXY', 'XYZYIZZIYI', 'IIZIZZYYXY', 'XYYZIIZIZY']
 Finished:      -7.828298363583
 Error:       0.002044588620
2.4




 --------------------------------------------------------------------------
                         ADAPT-VQE iteration:  9
 --------------------------------------------------------------------------
['XYZYIZZIYI', 'YXZZIZYYII', 'XXIIYXZZII', 'XXZXZIIIYI', 'XYYYIZZZII', 'ZZXZXXIIZY', 'YYIZZZIZXY', 'XYZYIZZIYI', 'IIZIZZYYXY', 'XYYZIIZIZY']
 Finished:      -7.828305885315
 Error:       0.002037066889
2.4




 --------------------------------------------------------------------------
                         ADAPT-VQE iteration:  10
 --------------------------------------------------------------------------
['XYZYIZZIYI', 'YXZZIZYYII', 'XXIIYXZZII', 'XXZXZIIIYI', 'XYYYIZZZII', 'ZZXZXXIIZY', 'YYIZZZIZXY', 'XYZYIZZIYI', 'XXIYIIXYZY', 'IIZIZZYYXY', 'XYYZIIZIZY']
 Finished:      -7.828309076276
 Error:       0.002033875928
2.4




 --------------------------------------------------------------------------
                         ADAPT-VQE iteration:  11
 --------------------------------------------------------------------------
['XYZYIZZIYI', 'YXZZIZYYII', 'XXIYIIXYZY', 'XXIIYXZZII', 'XXZXZIIIYI', 'XYYYIZZZII', 'ZZXZXXIIZY', 'YYIZZZIZXY', 'XYZYIZZIYI', 'XXIYIIXYZY', 'IIZIZZYYXY', 'XYYZIIZIZY']
 Finished:      -7.828320649270
 Error:       0.002022302934
2.4




 --------------------------------------------------------------------------
                         ADAPT-VQE iteration:  12
 --------------------------------------------------------------------------
['XYZYIZZIYI', 'YXZZIZYYII', 'XXIYIIXYZY', 'XXIIYXZZII', 'XXZXZIIIYI', 'XXIIYXZZII', 'XYYYIZZZII', 'ZZXZXXIIZY', 'YYIZZZIZXY', 'XYZYIZZIYI', 'XXIYIIXYZY', 'IIZIZZYYXY', 'XYYZIIZIZY']
 Finished:      -7.828326282404
 Error:       0.002016669799
2.4




 --------------------------------------------------------------------------
                         ADAPT-VQE iteration:  13
 --------------------------------------------------------------------------
['XYZYIZZIYI', 'YXZZIZYYII', 'XXIYIIXYZY', 'XXIIYXZZII', 'XXZXZIIIYI', 'XXIIYXZZII', 'XYYYIZZZII', 'XXIYIIXYZY', 'ZZXZXXIIZY', 'YYIZZZIZXY', 'XYZYIZZIYI', 'XXIYIIXYZY', 'IIZIZZYYXY', 'XYYZIIZIZY']
 Finished:      -7.828328265428
 Error:       0.002014686776
2.4




 --------------------------------------------------------------------------
                         ADAPT-VQE iteration:  14
 --------------------------------------------------------------------------
['XYZYIZZIYI', 'XXXZIIZZZY', 'YXZZIZYYII', 'XXIYIIXYZY', 'XXIIYXZZII', 'XXZXZIIIYI', 'XXIIYXZZII', 'XYYYIZZZII', 'XXIYIIXYZY', 'ZZXZXXIIZY', 'YYIZZZIZXY', 'XYZYIZZIYI', 'XXIYIIXYZY', 'IIZIZZYYXY', 'XYYZIIZIZY']
 Finished:      -7.828329177221
 Error:       0.002013774982
2.4




 --------------------------------------------------------------------------
                         ADAPT-VQE iteration:  15
 --------------------------------------------------------------------------
['XYZYIZZIYI', 'XXXZIIZZZY', 'YXZZIZYYII', 'XXIYIIXYZY', 'XXIIYXZZII', 'XXZXZIIIYI', 'XXIIYXZZII', 'ZZXZXXIIZY', 'XYYYIZZZII', 'XXIYIIXYZY', 'ZZXZXXIIZY', 'YYIZZZIZXY', 'XYZYIZZIYI', 'XXIYIIXYZY', 'IIZIZZYYXY', 'XYYZIIZIZY']
 Finished:      -7.828330636071
 Error:       0.002012316133
2.4




 --------------------------------------------------------------------------
                         ADAPT-VQE iteration:  16
 --------------------------------------------------------------------------
['XYZYIZZIYI', 'XXXZIIZZZY', 'YXZZIZYYII', 'XXIYIIXYZY', 'XXIIYXZZII', 'XXZXZIIIYI', 'XXIIYXZZII', 'ZZXZXXIIZY', 'XYYYIZZZII', 'YZZZXYZZZY', 'XXIYIIXYZY', 'ZZXZXXIIZY', 'YYIZZZIZXY', 'XYZYIZZIYI', 'XXIYIIXYZY', 'IIZIZZYYXY', 'XYYZIIZIZY']
 Finished:      -7.828330716485
 Error:       0.002012235719
2.4




 --------------------------------------------------------------------------
                         ADAPT-VQE iteration:  17
 --------------------------------------------------------------------------
['XYZYIZZIYI', 'XXXZIIZZZY', 'YXZZIZYYII', 'XXIYIIXYZY', 'XXIIYXZZII', 'XXZXZIIIYI', 'XXIIYXZZII', 'ZZXZXXIIZY', 'XYYYIZZZII', 'YZZZXYZZZY', 'XXIYIIXYZY', 'ZZXZXXIIZY', 'YZZZXYZZZY', 'YYIZZZIZXY', 'XYZYIZZIYI', 'XXIYIIXYZY', 'IIZIZZYYXY', 'XYYZIIZIZY']
 Finished:      -7.828764755777
 Error:       0.001578196427
2.4




 --------------------------------------------------------------------------
                         ADAPT-VQE iteration:  18
 --------------------------------------------------------------------------
['XYZYIZZIYI', 'XXXZIIZZZY', 'YYIZZZIZXY', 'YXZZIZYYII', 'XXIYIIXYZY', 'XXIIYXZZII', 'XXZXZIIIYI', 'XXIIYXZZII', 'ZZXZXXIIZY', 'XYYYIZZZII', 'YZZZXYZZZY', 'XXIYIIXYZY', 'ZZXZXXIIZY', 'YZZZXYZZZY', 'YYIZZZIZXY', 'XYZYIZZIYI', 'XXIYIIXYZY', 'IIZIZZYYXY', 'XYYZIIZIZY']
 Finished:      -7.828920819457
 Error:       0.001422132747
2.4




 --------------------------------------------------------------------------
                         ADAPT-VQE iteration:  19
 --------------------------------------------------------------------------
['XYZYIZZIYI', 'XXXZIIZZZY', 'YYIZZZIZXY', 'YXZZIZYYII', 'XXIYIIXYZY', 'XXIIYXZZII', 'XXZXZIIIYI', 'XXIIYXZZII', 'ZZXZXXIIZY', 'XYYYIZZZII', 'YZZZXYZZZY', 'XXIYIIXYZY', 'ZZXZXXIIZY', 'YZZZXYZZZY', 'YYIZZZIZXY', 'XYZYIZZIYI', 'XXIYIIXYZY', 'IIZIZZYYXY', 'XXZXZIIIYI', 'XYYZIIZIZY']
 Finished:      -7.829278828477
 Error:       0.001064123727
2.4




 --------------------------------------------------------------------------
                         ADAPT-VQE iteration:  20
 --------------------------------------------------------------------------
['XYZYIZZIYI', 'XXXZIIZZZY', 'YYIZZZIZXY', 'YXZZIZYYII', 'XXIYIIXYZY', 'XXIIYXZZII', 'XXZXZIIIYI', 'XXIIYXZZII', 'ZZXZXXIIZY', 'XYYYIZZZII', 'YZZZXYZZZY', 'XYYZIIZIZY', 'XXIYIIXYZY', 'ZZXZXXIIZY', 'YZZZXYZZZY', 'YYIZZZIZXY', 'XYZYIZZIYI', 'XXIYIIXYZY', 'IIZIZZYYXY', 'XXZXZIIIYI', 'XYYZIIZIZY']
 Finished:      -7.829280447631
 Error:       0.001062504573
2.4




 --------------------------------------------------------------------------
                         ADAPT-VQE iteration:  21
 --------------------------------------------------------------------------
['XYZYIZZIYI', 'XXXZIIZZZY', 'YYIZZZIZXY', 'YXZZIZYYII', 'XXIYIIXYZY', 'XXIIYXZZII', 'XXZXZIIIYI', 'XXIIYXZZII', 'ZZXZXXIIZY', 'XYYYIZZZII', 'XXXZIIZZZY', 'YZZZXYZZZY', 'XYYZIIZIZY', 'XXIYIIXYZY', 'ZZXZXXIIZY', 'YZZZXYZZZY', 'YYIZZZIZXY', 'XYZYIZZIYI', 'XXIYIIXYZY', 'IIZIZZYYXY', 'XXZXZIIIYI', 'XYYZIIZIZY']
 Finished:      -7.829366332985
 Error:       0.000976619219
2.4




 --------------------------------------------------------------------------
                         ADAPT-VQE iteration:  22
 --------------------------------------------------------------------------
['XYZYIZZIYI', 'XXIYIIXYZY', 'XXXZIIZZZY', 'YYIZZZIZXY', 'YXZZIZYYII', 'XXIYIIXYZY', 'XXIIYXZZII', 'XXZXZIIIYI', 'XXIIYXZZII', 'ZZXZXXIIZY', 'XYYYIZZZII', 'XXXZIIZZZY', 'YZZZXYZZZY', 'XYYZIIZIZY', 'XXIYIIXYZY', 'ZZXZXXIIZY', 'YZZZXYZZZY', 'YYIZZZIZXY', 'XYZYIZZIYI', 'XXIYIIXYZY', 'IIZIZZYYXY', 'XXZXZIIIYI', 'XYYZIIZIZY']
 Finished:      -7.829368763885
 Error:       0.000974188318
2.4




 --------------------------------------------------------------------------
                         ADAPT-VQE iteration:  23
 --------------------------------------------------------------------------
['XYZYIZZIYI', 'XXIYIIXYZY', 'XXXZIIZZZY', 'YYIZZZIZXY', 'YXZZIZYYII', 'XXIYIIXYZY', 'XXIIYXZZII', 'XXZXZIIIYI', 'XXIIYXZZII', 'ZZXZXXIIZY', 'XYYYIZZZII', 'XXXZIIZZZY', 'YZZZXYZZZY', 'XYZYIZZIYI', 'XYYZIIZIZY', 'XXIYIIXYZY', 'ZZXZXXIIZY', 'YZZZXYZZZY', 'YYIZZZIZXY', 'XYZYIZZIYI', 'XXIYIIXYZY', 'IIZIZZYYXY', 'XXZXZIIIYI', 'XYYZIIZIZY']
 Finished:      -7.829368920905
 Error:       0.000974031299
2.4




 --------------------------------------------------------------------------
                         ADAPT-VQE iteration:  24
 --------------------------------------------------------------------------
['XYZYIZZIYI', 'IIZIZZYYXY', 'XXIYIIXYZY', 'XXXZIIZZZY', 'YYIZZZIZXY', 'YXZZIZYYII', 'XXIYIIXYZY', 'XXIIYXZZII', 'XXZXZIIIYI', 'XXIIYXZZII', 'ZZXZXXIIZY', 'XYYYIZZZII', 'XXXZIIZZZY', 'YZZZXYZZZY', 'XYZYIZZIYI', 'XYYZIIZIZY', 'XXIYIIXYZY', 'ZZXZXXIIZY', 'YZZZXYZZZY', 'YYIZZZIZXY', 'XYZYIZZIYI', 'XXIYIIXYZY', 'IIZIZZYYXY', 'XXZXZIIIYI', 'XYYZIIZIZY']
 Finished:      -7.829370516865
 Error:       0.000972435339
2.4




 --------------------------------------------------------------------------
                         ADAPT-VQE iteration:  25
 --------------------------------------------------------------------------
['XYZYIZZIYI', 'IIZIZZYYXY', 'XXIYIIXYZY', 'XXXZIIZZZY', 'YYIZZZIZXY', 'YXZZIZYYII', 'XXIYIIXYZY', 'XXIIYXZZII', 'IXIZXXZZYI', 'XXZXZIIIYI', 'XXIIYXZZII', 'ZZXZXXIIZY', 'XYYYIZZZII', 'XXXZIIZZZY', 'YZZZXYZZZY', 'XYZYIZZIYI', 'XYYZIIZIZY', 'XXIYIIXYZY', 'ZZXZXXIIZY', 'YZZZXYZZZY', 'YYIZZZIZXY', 'XYZYIZZIYI', 'XXIYIIXYZY', 'IIZIZZYYXY', 'XXZXZIIIYI', 'XYYZIIZIZY']
 Finished:      -7.829370783734
 Error:       0.000972168470
2.4




 --------------------------------------------------------------------------
                         ADAPT-VQE iteration:  26
 --------------------------------------------------------------------------
['XYZYIZZIYI', 'IIZIZZYYXY', 'XXIYIIXYZY', 'XXXZIIZZZY', 'YYIZZZIZXY', 'YXZZIZYYII', 'XXIYIIXYZY', 'XXIIYXZZII', 'IXIZXXZZYI', 'XXZXZIIIYI', 'XXIIYXZZII', 'ZZXZXXIIZY', 'XYYYIZZZII', 'XXXZIIZZZY', 'YZZZXYZZZY', 'XYZYIZZIYI', 'XYYZIIZIZY', 'XXIYIIXYZY', 'ZZXZXXIIZY', 'YZZZXYZZZY', 'YYIZZZIZXY', 'XYZYIZZIYI', 'XXIYIIXYZY', 'IIZIZZYYXY', 'IXIZXXZZYI', 'XXZXZIIIYI', 'XYYZIIZIZY']
 Finished:      -7.829372464531
 Error:       0.000970487672
2.4




 --------------------------------------------------------------------------
                         ADAPT-VQE iteration:  27
 --------------------------------------------------------------------------
['XYZYIZZIYI', 'IIZIZZYYXY', 'XXIYIIXYZY', 'XXXZIIZZZY', 'YYIZZZIZXY', 'YXZZIZYYII', 'XXIYIIXYZY', 'XXIIYXZZII', 'IXIZXXZZYI', 'XXZXZIIIYI', 'XXIIYXZZII', 'ZZXZXXIIZY', 'XYYYIZZZII', 'XXXZIIZZZY', 'YZZZXYZZZY', 'XYZYIZZIYI', 'XYYZIIZIZY', 'XXIYIIXYZY', 'XYYYIZZZII', 'ZZXZXXIIZY', 'YZZZXYZZZY', 'YYIZZZIZXY', 'XYZYIZZIYI', 'XXIYIIXYZY', 'IIZIZZYYXY', 'IXIZXXZZYI', 'XXZXZIIIYI', 'XYYZIIZIZY']
 Finished:      -7.829372586815
 Error:       0.000970365389
2.4




 --------------------------------------------------------------------------
                         ADAPT-VQE iteration:  28
 --------------------------------------------------------------------------
['XYZYIZZIYI', 'IIZIZZYYXY', 'XXIYIIXYZY', 'XXXZIIZZZY', 'YYIZZZIZXY', 'YXZZIZYYII', 'XXIYIIXYZY', 'XXIIYXZZII', 'IXIZXXZZYI', 'XXZXZIIIYI', 'XXIIYXZZII', 'ZZXZXXIIZY', 'XYYYIZZZII', 'XXXZIIZZZY', 'YZZZXYZZZY', 'XYZYIZZIYI', 'XYYZIIZIZY', 'XXIYIIXYZY', 'XYYYIZZZII', 'XXZXZIIIYI', 'ZZXZXXIIZY', 'YZZZXYZZZY', 'YYIZZZIZXY', 'XYZYIZZIYI', 'XXIYIIXYZY', 'IIZIZZYYXY', 'IXIZXXZZYI', 'XXZXZIIIYI', 'XYYZIIZIZY']
 Finished:      -7.829373446789
 Error:       0.000969505414
2.4




 --------------------------------------------------------------------------
                         ADAPT-VQE iteration:  29
 --------------------------------------------------------------------------
['XYZYIZZIYI', 'IIZIZZYYXY', 'XXIYIIXYZY', 'XXXZIIZZZY', 'YYIZZZIZXY', 'YXZZIZYYII', 'XXIYIIXYZY', 'XXIIYXZZII', 'IXIZXXZZYI', 'XXZXZIIIYI', 'XXIIYXZZII', 'ZZXZXXIIZY', 'XYYYIZZZII', 'XXXZIIZZZY', 'YZZZXYZZZY', 'XYZYIZZIYI', 'XYYZIIZIZY', 'XXIYIIXYZY', 'XYYYIZZZII', 'XXXZIIZZZY', 'XXZXZIIIYI', 'ZZXZXXIIZY', 'YZZZXYZZZY', 'YYIZZZIZXY', 'XYZYIZZIYI', 'XXIYIIXYZY', 'IIZIZZYYXY', 'IXIZXXZZYI', 'XXZXZIIIYI', 'XYYZIIZIZY']
 Finished:      -7.829376702034
 Error:       0.000966250169
2.4




 --------------------------------------------------------------------------
                         ADAPT-VQE iteration:  30
 --------------------------------------------------------------------------
['XYZYIZZIYI', 'IIZIZZYYXY', 'XXIYIIXYZY', 'XXXZIIZZZY', 'YYIZZZIZXY', 'YXZZIZYYII', 'XXIYIIXYZY', 'XXIIYXZZII', 'IXIZXXZZYI', 'XXZXZIIIYI', 'XXIIYXZZII', 'ZZXZXXIIZY', 'XYYYIZZZII', 'XXXZIIZZZY', 'YZZZXYZZZY', 'XYZYIZZIYI', 'XYYZIIZIZY', 'XXIYIIXYZY', 'XYYYIZZZII', 'XXXZIIZZZY', 'XXZXZIIIYI', 'ZZXZXXIIZY', 'YZZZXYZZZY', 'YYIZZZIZXY', 'ZZXZXXIIZY', 'XYZYIZZIYI', 'XXIYIIXYZY', 'IIZIZZYYXY', 'IXIZXXZZYI', 'XXZXZIIIYI', 'XYYZIIZIZY']
 Finished:      -7.829383655122
 Error:       0.000959297081
2.4




 --------------------------------------------------------------------------
                         ADAPT-VQE iteration:  31
 --------------------------------------------------------------------------
['XYZYIZZIYI', 'IIZIZZYYXY', 'XXIYIIXYZY', 'XXXZIIZZZY', 'YYIZZZIZXY', 'YXZZIZYYII', 'XXIYIIXYZY', 'XXIIYXZZII', 'IXIZXXZZYI', 'XXZXZIIIYI', 'XXIIYXZZII', 'ZZXZXXIIZY', 'XYYYIZZZII', 'XXXZIIZZZY', 'YZZZXYZZZY', 'XYZYIZZIYI', 'XYYZIIZIZY', 'XXIYIIXYZY', 'XYYYIZZZII', 'XXXZIIZZZY', 'XXZXZIIIYI', 'IIZIZZYYXY', 'ZZXZXXIIZY', 'YZZZXYZZZY', 'YYIZZZIZXY', 'ZZXZXXIIZY', 'XYZYIZZIYI', 'XXIYIIXYZY', 'IIZIZZYYXY', 'IXIZXXZZYI', 'XXZXZIIIYI', 'XYYZIIZIZY']
 Finished:      -7.829383756587
 Error:       0.000959195616
2.4




 --------------------------------------------------------------------------
                         ADAPT-VQE iteration:  32
 --------------------------------------------------------------------------
['XYZYIZZIYI', 'IIZIZZYYXY', 'XXIYIIXYZY', 'XXXZIIZZZY', 'YYIZZZIZXY', 'YXZZIZYYII', 'XXIYIIXYZY', 'XXIIYXZZII', 'IXIZXXZZYI', 'XXZXZIIIYI', 'XXIIYXZZII', 'ZZXZXXIIZY', 'XYYYIZZZII', 'XXIYIIXYZY', 'XXXZIIZZZY', 'YZZZXYZZZY', 'XYZYIZZIYI', 'XYYZIIZIZY', 'XXIYIIXYZY', 'XYYYIZZZII', 'XXXZIIZZZY', 'XXZXZIIIYI', 'IIZIZZYYXY', 'ZZXZXXIIZY', 'YZZZXYZZZY', 'YYIZZZIZXY', 'ZZXZXXIIZY', 'XYZYIZZIYI', 'XXIYIIXYZY', 'IIZIZZYYXY', 'IXIZXXZZYI', 'XXZXZIIIYI', 'XYYZIIZIZY']
 Finished:      -7.829386216491
 Error:       0.000956735713
2.4




 --------------------------------------------------------------------------
                         ADAPT-VQE iteration:  33
 --------------------------------------------------------------------------
['XYZYIZZIYI', 'IIZIZZYYXY', 'XXIYIIXYZY', 'XXXZIIZZZY', 'YYIZZZIZXY', 'YXZZIZYYII', 'XXIYIIXYZY', 'XXIIYXZZII', 'IXIZXXZZYI', 'XXZXZIIIYI', 'XXIIYXZZII', 'ZZXZXXIIZY', 'XYYYIZZZII', 'XYXZXXXYZY', 'XXIYIIXYZY', 'XXXZIIZZZY', 'YZZZXYZZZY', 'XYZYIZZIYI', 'XYYZIIZIZY', 'XXIYIIXYZY', 'XYYYIZZZII', 'XXXZIIZZZY', 'XXZXZIIIYI', 'IIZIZZYYXY', 'ZZXZXXIIZY', 'YZZZXYZZZY', 'YYIZZZIZXY', 'ZZXZXXIIZY', 'XYZYIZZIYI', 'XXIYIIXYZY', 'IIZIZZYYXY', 'IXIZXXZZYI', 'XXZXZIIIYI', 'XYYZIIZIZY']
 Finished:      -7.829386241749
 Error:       0.000956710455
2.4




 --------------------------------------------------------------------------
                         ADAPT-VQE iteration:  34
 --------------------------------------------------------------------------
['XYZYIZZIYI', 'IIZIZZYYXY', 'XXIYIIXYZY', 'XXXZIIZZZY', 'YYIZZZIZXY', 'YXZZIZYYII', 'XXIYIIXYZY', 'XXIIYXZZII', 'IXIZXXZZYI', 'XXZXZIIIYI', 'XXIIYXZZII', 'ZZXZXXIIZY', 'XYYYIZZZII', 'XYXZXXXYZY', 'IIZIZZYYXY', 'XXIYIIXYZY', 'XXXZIIZZZY', 'YZZZXYZZZY', 'XYZYIZZIYI', 'XYYZIIZIZY', 'XXIYIIXYZY', 'XYYYIZZZII', 'XXXZIIZZZY', 'XXZXZIIIYI', 'IIZIZZYYXY', 'ZZXZXXIIZY', 'YZZZXYZZZY', 'YYIZZZIZXY', 'ZZXZXXIIZY', 'XYZYIZZIYI', 'XXIYIIXYZY', 'IIZIZZYYXY', 'IXIZXXZZYI', 'XXZXZIIIYI', 'XYYZIIZIZY']
 Finished:      -7.829387288991
 Error:       0.000955663212
2.4




 --------------------------------------------------------------------------
                         ADAPT-VQE iteration:  35
 --------------------------------------------------------------------------
['XYZYIZZIYI', 'IIZIZZYYXY', 'XXIYIIXYZY', 'XXXZIIZZZY', 'YYIZZZIZXY', 'YXZZIZYYII', 'XXIYIIXYZY', 'XXIIYXZZII', 'IXIZXXZZYI', 'XXZXZIIIYI', 'XXIIYXZZII', 'ZZXZXXIIZY', 'XYYYIZZZII', 'XYXZXXXYZY', 'IIZIZZYYXY', 'XXIYIIXYZY', 'XXXZIIZZZY', 'YZZZXYZZZY', 'XYZYIZZIYI', 'XYYZIIZIZY', 'XXIYIIXYZY', 'XYYYIZZZII', 'XXXZIIZZZY', 'XXZXZIIIYI', 'IIZIZZYYXY', 'ZZXZXXIIZY', 'YZZZXYZZZY', 'IXIZXXZZYI', 'YYIZZZIZXY', 'ZZXZXXIIZY', 'XYZYIZZIYI', 'XXIYIIXYZY', 'IIZIZZYYXY', 'IXIZXXZZYI', 'XXZXZIIIYI', 'XYYZIIZIZY']
 Finished:      -7.829402313920
 Error:       0.000940638283
2.4




 --------------------------------------------------------------------------
                         ADAPT-VQE iteration:  36
 --------------------------------------------------------------------------
['XYZYIZZIYI', 'IIZIZZYYXY', 'XXIYIIXYZY', 'XXXZIIZZZY', 'YYIZZZIZXY', 'YXZZIZYYII', 'XXIYIIXYZY', 'XXIIYXZZII', 'IXIZXXZZYI', 'XXZXZIIIYI', 'XXIIYXZZII', 'ZZXZXXIIZY', 'XYYYIZZZII', 'XYXZXXXYZY', 'IIZIZZYYXY', 'XXIYIIXYZY', 'XXXZIIZZZY', 'YZZZXYZZZY', 'XYZYIZZIYI', 'XYYZIIZIZY', 'XXIYIIXYZY', 'XYYYIZZZII', 'XXXZIIZZZY', 'XXZXZIIIYI', 'IIZIZZYYXY', 'ZZXZXXIIZY', 'YZZZXYZZZY', 'IXIZXXZZYI', 'YYIZZZIZXY', 'ZZXZXXIIZY', 'XYZYIZZIYI', 'XXIYIIXYZY', 'IIZIZZYYXY', 'IXIZXXZZYI', 'XXZXZIIIYI', 'XXIIYXZZII', 'XYYZIIZIZY']
 Finished:      -7.829417166089
 Error:       0.000925786114
2.4




 --------------------------------------------------------------------------
                         ADAPT-VQE iteration:  37
 --------------------------------------------------------------------------
['XYXZXXXYZY', 'XYZYIZZIYI', 'IIZIZZYYXY', 'XXIYIIXYZY', 'XXXZIIZZZY', 'YYIZZZIZXY', 'YXZZIZYYII', 'XXIYIIXYZY', 'XXIIYXZZII', 'IXIZXXZZYI', 'XXZXZIIIYI', 'XXIIYXZZII', 'ZZXZXXIIZY', 'XYYYIZZZII', 'XYXZXXXYZY', 'IIZIZZYYXY', 'XXIYIIXYZY', 'XXXZIIZZZY', 'YZZZXYZZZY', 'XYZYIZZIYI', 'XYYZIIZIZY', 'XXIYIIXYZY', 'XYYYIZZZII', 'XXXZIIZZZY', 'XXZXZIIIYI', 'IIZIZZYYXY', 'ZZXZXXIIZY', 'YZZZXYZZZY', 'IXIZXXZZYI', 'YYIZZZIZXY', 'ZZXZXXIIZY', 'XYZYIZZIYI', 'XXIYIIXYZY', 'IIZIZZYYXY', 'IXIZXXZZYI', 'XXZXZIIIYI', 'XXIIYXZZII', 'XYYZIIZIZY']
 Finished:      -7.829417352199
 Error:       0.000925600005
2.4




 --------------------------------------------------------------------------
                         ADAPT-VQE iteration:  38
 --------------------------------------------------------------------------
['XYXZXXXYZY', 'XYZYIZZIYI', 'IIZIZZYYXY', 'XXIYIIXYZY', 'XXXZIIZZZY', 'YYIZZZIZXY', 'YXZZIZYYII', 'XXIYIIXYZY', 'XXIIYXZZII', 'IXIZXXZZYI', 'XXZXZIIIYI', 'XXIIYXZZII', 'ZZXZXXIIZY', 'XYYYIZZZII', 'XYXZXXXYZY', 'IIZIZZYYXY', 'XXIYIIXYZY', 'XXXZIIZZZY', 'YZZZXYZZZY', 'XYZYIZZIYI', 'XYYZIIZIZY', 'XXIYIIXYZY', 'XYYYIZZZII', 'XXXZIIZZZY', 'IXIZXXZZYI', 'XXZXZIIIYI', 'IIZIZZYYXY', 'ZZXZXXIIZY', 'YZZZXYZZZY', 'IXIZXXZZYI', 'YYIZZZIZXY', 'ZZXZXXIIZY', 'XYZYIZZIYI', 'XXIYIIXYZY', 'IIZIZZYYXY', 'IXIZXXZZYI', 'XXZXZIIIYI', 'XXIIYXZZII', 'XYYZIIZIZY']
 Finished:      -7.829431961902
 Error:       0.000910990302
2.4




 --------------------------------------------------------------------------
                         ADAPT-VQE iteration:  39
 --------------------------------------------------------------------------
['XYXZXXXYZY', 'XYZYIZZIYI', 'IIZIZZYYXY', 'XXIYIIXYZY', 'XXXZIIZZZY', 'YYIZZZIZXY', 'YXZZIZYYII', 'XXIYIIXYZY', 'XXIIYXZZII', 'IXIZXXZZYI', 'XXZXZIIIYI', 'XXIIYXZZII', 'ZZXZXXIIZY', 'XYYYIZZZII', 'XYXZXXXYZY', 'IIZIZZYYXY', 'XXIYIIXYZY', 'XXXZIIZZZY', 'YZZZXYZZZY', 'XYZYIZZIYI', 'XYYZIIZIZY', 'XXIYIIXYZY', 'XYYYIZZZII', 'XXXZIIZZZY', 'IXIZXXZZYI', 'XXZXZIIIYI', 'IIZIZZYYXY', 'ZZXZXXIIZY', 'YZZZXYZZZY', 'IXIZXXZZYI', 'YYIZZZIZXY', 'ZZXZXXIIZY', 'XXIIYXZZII', 'XYZYIZZIYI', 'XXIYIIXYZY', 'IIZIZZYYXY', 'IXIZXXZZYI', 'XXZXZIIIYI', 'XXIIYXZZII', 'XYYZIIZIZY']
 Finished:      -7.830257576325
 Error:       0.000085375879
2.4




 --------------------------------------------------------------------------
                         ADAPT-VQE iteration:  40
 --------------------------------------------------------------------------
['XYXZXXXYZY', 'XYZYIZZIYI', 'IIZIZZYYXY', 'XXIYIIXYZY', 'XXXZIIZZZY', 'YYIZZZIZXY', 'YXZZIZYYII', 'XXIYIIXYZY', 'XXIIYXZZII', 'IXIZXXZZYI', 'XXZXZIIIYI', 'XXIIYXZZII', 'ZZXZXXIIZY', 'XYYYIZZZII', 'XYXZXXXYZY', 'IIZIZZYYXY', 'XXIYIIXYZY', 'XXXZIIZZZY', 'YZZZXYZZZY', 'XYZYIZZIYI', 'XYYZIIZIZY', 'XXIYIIXYZY', 'XYYYIZZZII', 'XXXZIIZZZY', 'IXIZXXZZYI', 'XXZXZIIIYI', 'IIZIZZYYXY', 'ZZXZXXIIZY', 'YZZZXYZZZY', 'IXIZXXZZYI', 'XYYYIZZZII', 'YYIZZZIZXY', 'ZZXZXXIIZY', 'XXIIYXZZII', 'XYZYIZZIYI', 'XXIYIIXYZY', 'IIZIZZYYXY', 'IXIZXXZZYI', 'XXZXZIIIYI', 'XXIIYXZZII', 'XYYZIIZIZY']
 Finished:      -7.830317808467
 Error:       0.000025143737
2.4




 --------------------------------------------------------------------------
                         ADAPT-VQE iteration:  41
 --------------------------------------------------------------------------
['XYXZXXXYZY', 'XYZYIZZIYI', 'IIZIZZYYXY', 'XXIYIIXYZY', 'XXXZIIZZZY', 'YYIZZZIZXY', 'YXZZIZYYII', 'XXIYIIXYZY', 'XXIIYXZZII', 'IXIZXXZZYI', 'XXZXZIIIYI', 'XXIIYXZZII', 'ZZXZXXIIZY', 'XYYYIZZZII', 'XYXZXXXYZY', 'IIZIZZYYXY', 'XXIYIIXYZY', 'XXXZIIZZZY', 'YZZZXYZZZY', 'XYZYIZZIYI', 'XYYZIIZIZY', 'XXIYIIXYZY', 'XYYYIZZZII', 'XXXZIIZZZY', 'IXIZXXZZYI', 'XXZXZIIIYI', 'IIZIZZYYXY', 'ZZXZXXIIZY', 'YZZZXYZZZY', 'IXIZXXZZYI', 'XYYYIZZZII', 'YYIZZZIZXY', 'XYXZXXXYZY', 'ZZXZXXIIZY', 'XXIIYXZZII', 'XYZYIZZIYI', 'XXIYIIXYZY', 'IIZIZZYYXY', 'IXIZXXZZYI', 'XXZXZIIIYI', 'XXIIYXZZII', 'XYYZIIZIZY']
 Finished:      -7.830318625861
 Error:       0.000024326342
2.4




 --------------------------------------------------------------------------
                         ADAPT-VQE iteration:  42
 --------------------------------------------------------------------------
['XYXZXXXYZY', 'XYZYIZZIYI', 'IIZIZZYYXY', 'XXIYIIXYZY', 'XXXZIIZZZY', 'YYIZZZIZXY', 'YXZZIZYYII', 'XXIYIIXYZY', 'XXIIYXZZII', 'IXIZXXZZYI', 'XXZXZIIIYI', 'XXIIYXZZII', 'ZZXZXXIIZY', 'XYYYIZZZII', 'XYXZXXXYZY', 'IIZIZZYYXY', 'XXIYIIXYZY', 'XXXZIIZZZY', 'YZZZXYZZZY', 'XYZYIZZIYI', 'XYYZIIZIZY', 'XXIYIIXYZY', 'XYYYIZZZII', 'XXXZIIZZZY', 'IXIZXXZZYI', 'XXZXZIIIYI', 'IIZIZZYYXY', 'ZZXZXXIIZY', 'YZZZXYZZZY', 'IIZIZZYYXY', 'IXIZXXZZYI', 'XYYYIZZZII', 'YYIZZZIZXY', 'XYXZXXXYZY', 'ZZXZXXIIZY', 'XXIIYXZZII', 'XYZYIZZIYI', 'XXIYIIXYZY', 'IIZIZZYYXY', 'IXIZXXZZYI', 'XXZXZIIIYI', 'XXIIYXZZII', 'XYYZIIZIZY']
 Finished:      -7.830322379926
 Error:       0.000020572278
2.4




 --------------------------------------------------------------------------
                         ADAPT-VQE iteration:  43
 --------------------------------------------------------------------------
['XYXZXXXYZY', 'XYZYIZZIYI', 'IIZIZZYYXY', 'XXIYIIXYZY', 'XXXZIIZZZY', 'YYIZZZIZXY', 'YXZZIZYYII', 'XXIYIIXYZY', 'XXIIYXZZII', 'IXIZXXZZYI', 'XXZXZIIIYI', 'XXIIYXZZII', 'ZZXZXXIIZY', 'XYYYIZZZII', 'XYXZXXXYZY', 'IIZIZZYYXY', 'XXIYIIXYZY', 'XXXZIIZZZY', 'YZZZXYZZZY', 'XYZYIZZIYI', 'XYYZIIZIZY', 'XXIYIIXYZY', 'XYYYIZZZII', 'XXXZIIZZZY', 'IXIZXXZZYI', 'XXZXZIIIYI', 'IIZIZZYYXY', 'ZZXZXXIIZY', 'YZZZXYZZZY', 'IIZIZZYYXY', 'IXIZXXZZYI', 'XYYYIZZZII', 'YYIZZZIZXY', 'XYXZXXXYZY', 'ZZXZXXIIZY', 'XXIIYXZZII', 'XYZYIZZIYI', 'XXIYIIXYZY', 'IIZIZZYYXY', 'IXIZXXZZYI', 'XXZXZIIIYI', 'XYXZXXXYZY', 'XXIIYXZZII', 'XYYZIIZIZY']
 Finished:      -7.830323726422
 Error:       0.000019225782
2.4




 --------------------------------------------------------------------------
                         ADAPT-VQE iteration:  44
 --------------------------------------------------------------------------
['XYXZXXXYZY', 'XYZYIZZIYI', 'IIZIZZYYXY', 'XXIYIIXYZY', 'XXXZIIZZZY', 'YYIZZZIZXY', 'YXZZIZYYII', 'XXIYIIXYZY', 'XXIIYXZZII', 'IXIZXXZZYI', 'XXZXZIIIYI', 'XXIIYXZZII', 'ZZXZXXIIZY', 'XYYYIZZZII', 'XYXZXXXYZY', 'IIZIZZYYXY', 'XXIYIIXYZY', 'XXXZIIZZZY', 'YZZZXYZZZY', 'XYZYIZZIYI', 'XYXZXXXYZY', 'XYYZIIZIZY', 'XXIYIIXYZY', 'XYYYIZZZII', 'XXXZIIZZZY', 'IXIZXXZZYI', 'XXZXZIIIYI', 'IIZIZZYYXY', 'ZZXZXXIIZY', 'YZZZXYZZZY', 'IIZIZZYYXY', 'IXIZXXZZYI', 'XYYYIZZZII', 'YYIZZZIZXY', 'XYXZXXXYZY', 'ZZXZXXIIZY', 'XXIIYXZZII', 'XYZYIZZIYI', 'XXIYIIXYZY', 'IIZIZZYYXY', 'IXIZXXZZYI', 'XXZXZIIIYI', 'XYXZXXXYZY', 'XXIIYXZZII', 'XYYZIIZIZY']
 Finished:      -7.830324457586
 Error:       0.000018494617
2.4




 --------------------------------------------------------------------------
                         ADAPT-VQE iteration:  45
 --------------------------------------------------------------------------
['XYXZXXXYZY', 'XYZYIZZIYI', 'IIZIZZYYXY', 'XXIYIIXYZY', 'XXXZIIZZZY', 'YYIZZZIZXY', 'YXZZIZYYII', 'XXIYIIXYZY', 'XXIIYXZZII', 'IXIZXXZZYI', 'XXZXZIIIYI', 'XXIIYXZZII', 'ZZXZXXIIZY', 'XYYYIZZZII', 'XYXZXXXYZY', 'IIZIZZYYXY', 'XXIYIIXYZY', 'XXXZIIZZZY', 'YZZZXYZZZY', 'XYZYIZZIYI', 'XYXZXXXYZY', 'IIZIZZYYXY', 'XYYZIIZIZY', 'XXIYIIXYZY', 'XYYYIZZZII', 'XXXZIIZZZY', 'IXIZXXZZYI', 'XXZXZIIIYI', 'IIZIZZYYXY', 'ZZXZXXIIZY', 'YZZZXYZZZY', 'IIZIZZYYXY', 'IXIZXXZZYI', 'XYYYIZZZII', 'YYIZZZIZXY', 'XYXZXXXYZY', 'ZZXZXXIIZY', 'XXIIYXZZII', 'XYZYIZZIYI', 'XXIYIIXYZY', 'IIZIZZYYXY', 'IXIZXXZZYI', 'XXZXZIIIYI', 'XYXZXXXYZY', 'XXIIYXZZII', 'XYYZIIZIZY']
 Finished:      -7.830326345413
 Error:       0.000016606791
2.4




 --------------------------------------------------------------------------
                         ADAPT-VQE iteration:  46
 --------------------------------------------------------------------------
['XYXZXXXYZY', 'XYZYIZZIYI', 'IIZIZZYYXY', 'XXIYIIXYZY', 'XXXZIIZZZY', 'YYIZZZIZXY', 'YXZZIZYYII', 'XXIYIIXYZY', 'XXIIYXZZII', 'IXIZXXZZYI', 'XXZXZIIIYI', 'XXIIYXZZII', 'ZZXZXXIIZY', 'XYYYIZZZII', 'XYXZXXXYZY', 'IIZIZZYYXY', 'XXIYIIXYZY', 'XXXZIIZZZY', 'YZZZXYZZZY', 'XYZYIZZIYI', 'XYXZXXXYZY', 'IIZIZZYYXY', 'XYYZIIZIZY', 'XXIYIIXYZY', 'XYYYIZZZII', 'XXXZIIZZZY', 'IXIZXXZZYI', 'XXZXZIIIYI', 'IIZIZZYYXY', 'ZZXZXXIIZY', 'YZZZXYZZZY', 'IIZIZZYYXY', 'IXIZXXZZYI', 'XYYYIZZZII', 'YYIZZZIZXY', 'XYXZXXXYZY', 'ZZXZXXIIZY', 'XXIIYXZZII', 'XYZYIZZIYI', 'XXIYIIXYZY', 'IIZIZZYYXY', 'IXIZXXZZYI', 'XXZXZIIIYI', 'XYXZXXXYZY', 'IIZIZZYYXY', 'XXIIYXZZII', 'XYYZIIZIZY']
 Finished:      -7.830326986598
 Error:       0.000015965606
2.4




 --------------------------------------------------------------------------
                         ADAPT-VQE iteration:  47
 --------------------------------------------------------------------------
['XYXZXXXYZY', 'XYZYIZZIYI', 'IIZIZZYYXY', 'XXIYIIXYZY', 'XXXZIIZZZY', 'YYIZZZIZXY', 'YXZZIZYYII', 'XXIYIIXYZY', 'XXIIYXZZII', 'IXIZXXZZYI', 'XXZXZIIIYI', 'XXIIYXZZII', 'ZZXZXXIIZY', 'XYYYIZZZII', 'XYXZXXXYZY', 'IIZIZZYYXY', 'XXIYIIXYZY', 'XXXZIIZZZY', 'YZZZXYZZZY', 'XYZYIZZIYI', 'XYXZXXXYZY', 'IIZIZZYYXY', 'XYYZIIZIZY', 'XXIYIIXYZY', 'XYYYIZZZII', 'XXXZIIZZZY', 'IXIZXXZZYI', 'XXZXZIIIYI', 'IIZIZZYYXY', 'ZZXZXXIIZY', 'YZZZXYZZZY', 'IIZIZZYYXY', 'IXIZXXZZYI', 'XYYYIZZZII', 'YYIZZZIZXY', 'XYXZXXXYZY', 'YXZZIZYYII', 'ZZXZXXIIZY', 'XXIIYXZZII', 'XYZYIZZIYI', 'XXIYIIXYZY', 'IIZIZZYYXY', 'IXIZXXZZYI', 'XXZXZIIIYI', 'XYXZXXXYZY', 'IIZIZZYYXY', 'XXIIYXZZII', 'XYYZIIZIZY']
 Finished:      -7.830327670487
 Error:       0.000015281716
2.4




 --------------------------------------------------------------------------
                         ADAPT-VQE iteration:  48
 --------------------------------------------------------------------------
['XYXZXXXYZY', 'XYZYIZZIYI', 'IIZIZZYYXY', 'XXIYIIXYZY', 'XXXZIIZZZY', 'YYIZZZIZXY', 'YXZZIZYYII', 'XXIYIIXYZY', 'XXIIYXZZII', 'IXIZXXZZYI', 'XXZXZIIIYI', 'XXIIYXZZII', 'ZZXZXXIIZY', 'XYYYIZZZII', 'XYXZXXXYZY', 'IIZIZZYYXY', 'XXIYIIXYZY', 'XXXZIIZZZY', 'YZZZXYZZZY', 'XYZYIZZIYI', 'XYXZXXXYZY', 'IIZIZZYYXY', 'XYYZIIZIZY', 'XXIYIIXYZY', 'XYYYIZZZII', 'XXXZIIZZZY', 'IXIZXXZZYI', 'XXZXZIIIYI', 'IIZIZZYYXY', 'ZZXZXXIIZY', 'YZZZXYZZZY', 'IIZIZZYYXY', 'IXIZXXZZYI', 'XYYYIZZZII', 'YYIZZZIZXY', 'XYXZXXXYZY', 'YXZZIZYYII', 'ZZXZXXIIZY', 'XXIIYXZZII', 'XYZYIZZIYI', 'XXIYIIXYZY', 'IIZIZZYYXY', 'IXIZXXZZYI', 'XXZXZIIIYI', 'XYXZXXXYZY', 'YXZZIZYYII', 'IIZIZZYYXY', 'XXIIYXZZII', 'XYYZIIZIZY']
 Finished:      -7.830329222358
 Error:       0.000013729845
2.4




 --------------------------------------------------------------------------
                         ADAPT-VQE iteration:  49
 --------------------------------------------------------------------------
['XYXZXXXYZY', 'XYZYIZZIYI', 'IIZIZZYYXY', 'XXIYIIXYZY', 'XXXZIIZZZY', 'YYIZZZIZXY', 'YXZZIZYYII', 'XXIYIIXYZY', 'XXIIYXZZII', 'IXIZXXZZYI', 'XXZXZIIIYI', 'XXIIYXZZII', 'ZZXZXXIIZY', 'XYYYIZZZII', 'XYXZXXXYZY', 'IIZIZZYYXY', 'XXIYIIXYZY', 'XXXZIIZZZY', 'YZZZXYZZZY', 'XYZYIZZIYI', 'XYXZXXXYZY', 'IIZIZZYYXY', 'XYYZIIZIZY', 'XXIYIIXYZY', 'XYYYIZZZII', 'XXXZIIZZZY', 'IXIZXXZZYI', 'XXZXZIIIYI', 'IIZIZZYYXY', 'ZZXZXXIIZY', 'YZZZXYZZZY', 'XYYZIIZIZY', 'IIZIZZYYXY', 'IXIZXXZZYI', 'XYYYIZZZII', 'YYIZZZIZXY', 'XYXZXXXYZY', 'YXZZIZYYII', 'ZZXZXXIIZY', 'XXIIYXZZII', 'XYZYIZZIYI', 'XXIYIIXYZY', 'IIZIZZYYXY', 'IXIZXXZZYI', 'XXZXZIIIYI', 'XYXZXXXYZY', 'YXZZIZYYII', 'IIZIZZYYXY', 'XXIIYXZZII', 'XYYZIIZIZY']
 Finished:      -7.830333244060
 Error:       0.000009708143
2.4




 --------------------------------------------------------------------------
                         ADAPT-VQE iteration:  50
 --------------------------------------------------------------------------
['XYXZXXXYZY', 'XYZYIZZIYI', 'IIZIZZYYXY', 'XXIYIIXYZY', 'XXXZIIZZZY', 'YYIZZZIZXY', 'YXZZIZYYII', 'XXIYIIXYZY', 'XXIIYXZZII', 'IXIZXXZZYI', 'XXZXZIIIYI', 'XXIIYXZZII', 'ZZXZXXIIZY', 'XYYYIZZZII', 'XYXZXXXYZY', 'IIZIZZYYXY', 'XXIYIIXYZY', 'XXXZIIZZZY', 'YZZZXYZZZY', 'XYZYIZZIYI', 'XYXZXXXYZY', 'IIZIZZYYXY', 'XYYZIIZIZY', 'XXIYIIXYZY', 'XYYYIZZZII', 'XXXZIIZZZY', 'IXIZXXZZYI', 'XXZXZIIIYI', 'IIZIZZYYXY', 'ZZXZXXIIZY', 'YZZZXYZZZY', 'XYYZIIZIZY', 'IIZIZZYYXY', 'IXIZXXZZYI', 'XXXZIIZZZY', 'XYYYIZZZII', 'YYIZZZIZXY', 'XYXZXXXYZY', 'YXZZIZYYII', 'ZZXZXXIIZY', 'XXIIYXZZII', 'XYZYIZZIYI', 'XXIYIIXYZY', 'IIZIZZYYXY', 'IXIZXXZZYI', 'XXZXZIIIYI', 'XYXZXXXYZY', 'YXZZIZYYII', 'IIZIZZYYXY', 'XXIIYXZZII', 'XYYZIIZIZY']
 Finished:      -7.830337895554
 Error:       0.000005056649
2.4




 --------------------------------------------------------------------------
                         ADAPT-VQE iteration:  51
 --------------------------------------------------------------------------
['XYXZXXXYZY', 'XYZYIZZIYI', 'IIZIZZYYXY', 'XXIYIIXYZY', 'XXXZIIZZZY', 'YYIZZZIZXY', 'YXZZIZYYII', 'XXIYIIXYZY', 'XXIIYXZZII', 'IXIZXXZZYI', 'XXZXZIIIYI', 'XXIIYXZZII', 'ZZXZXXIIZY', 'XYYYIZZZII', 'XYXZXXXYZY', 'IIZIZZYYXY', 'XXIYIIXYZY', 'XXXZIIZZZY', 'YZZZXYZZZY', 'XYZYIZZIYI', 'XYXZXXXYZY', 'IIZIZZYYXY', 'XYYZIIZIZY', 'XXIYIIXYZY', 'XYYYIZZZII', 'XXXZIIZZZY', 'XYXZXXXYZY', 'IXIZXXZZYI', 'XXZXZIIIYI', 'IIZIZZYYXY', 'ZZXZXXIIZY', 'YZZZXYZZZY', 'XYYZIIZIZY', 'IIZIZZYYXY', 'IXIZXXZZYI', 'XXXZIIZZZY', 'XYYYIZZZII', 'YYIZZZIZXY', 'XYXZXXXYZY', 'YXZZIZYYII', 'ZZXZXXIIZY', 'XXIIYXZZII', 'XYZYIZZIYI', 'XXIYIIXYZY', 'IIZIZZYYXY', 'IXIZXXZZYI', 'XXZXZIIIYI', 'XYXZXXXYZY', 'YXZZIZYYII', 'IIZIZZYYXY', 'XXIIYXZZII', 'XYYZIIZIZY']
 Finished:      -7.830339043033
 Error:       0.000003909171
2.4




 --------------------------------------------------------------------------
                         ADAPT-VQE iteration:  52
 --------------------------------------------------------------------------
['XYXZXXXYZY', 'XYZYIZZIYI', 'IIZIZZYYXY', 'XXIYIIXYZY', 'XXXZIIZZZY', 'YYIZZZIZXY', 'YXZZIZYYII', 'XXIYIIXYZY', 'XXIIYXZZII', 'IXIZXXZZYI', 'XXZXZIIIYI', 'XXIIYXZZII', 'ZZXZXXIIZY', 'XYYYIZZZII', 'XYXZXXXYZY', 'IIZIZZYYXY', 'XXIYIIXYZY', 'XXXZIIZZZY', 'YZZZXYZZZY', 'XYZYIZZIYI', 'XYXZXXXYZY', 'IIZIZZYYXY', 'XYYZIIZIZY', 'XXIYIIXYZY', 'XYYYIZZZII', 'XXXZIIZZZY', 'XYXZXXXYZY', 'IXIZXXZZYI', 'XXZXZIIIYI', 'IIZIZZYYXY', 'ZZXZXXIIZY', 'YZZZXYZZZY', 'XYYZIIZIZY', 'XXIYIIXYZY', 'IIZIZZYYXY', 'IXIZXXZZYI', 'XXXZIIZZZY', 'XYYYIZZZII', 'YYIZZZIZXY', 'XYXZXXXYZY', 'YXZZIZYYII', 'ZZXZXXIIZY', 'XXIIYXZZII', 'XYZYIZZIYI', 'XXIYIIXYZY', 'IIZIZZYYXY', 'IXIZXXZZYI', 'XXZXZIIIYI', 'XYXZXXXYZY', 'YXZZIZYYII', 'IIZIZZYYXY', 'XXIIYXZZII', 'XYYZIIZIZY']
 Finished:      -7.830340551655
 Error:       0.000002400549
2.4




 --------------------------------------------------------------------------
                         ADAPT-VQE iteration:  53
 --------------------------------------------------------------------------
['XYXZXXXYZY', 'XYZYIZZIYI', 'IIZIZZYYXY', 'XXIYIIXYZY', 'XXXZIIZZZY', 'YYIZZZIZXY', 'YXZZIZYYII', 'XXIYIIXYZY', 'XXIIYXZZII', 'IXIZXXZZYI', 'XXZXZIIIYI', 'XXIIYXZZII', 'ZZXZXXIIZY', 'XYYYIZZZII', 'XXXZIIZZZY', 'XYXZXXXYZY', 'IIZIZZYYXY', 'XXIYIIXYZY', 'XXXZIIZZZY', 'YZZZXYZZZY', 'XYZYIZZIYI', 'XYXZXXXYZY', 'IIZIZZYYXY', 'XYYZIIZIZY', 'XXIYIIXYZY', 'XYYYIZZZII', 'XXXZIIZZZY', 'XYXZXXXYZY', 'IXIZXXZZYI', 'XXZXZIIIYI', 'IIZIZZYYXY', 'ZZXZXXIIZY', 'YZZZXYZZZY', 'XYYZIIZIZY', 'XXIYIIXYZY', 'IIZIZZYYXY', 'IXIZXXZZYI', 'XXXZIIZZZY', 'XYYYIZZZII', 'YYIZZZIZXY', 'XYXZXXXYZY', 'YXZZIZYYII', 'ZZXZXXIIZY', 'XXIIYXZZII', 'XYZYIZZIYI', 'XXIYIIXYZY', 'IIZIZZYYXY', 'IXIZXXZZYI', 'XXZXZIIIYI', 'XYXZXXXYZY', 'YXZZIZYYII', 'IIZIZZYYXY', 'XXIIYXZZII', 'XYYZIIZIZY']
 Finished:      -7.830341303425
 Error:       0.000001648778
2.4




 --------------------------------------------------------------------------
                         ADAPT-VQE iteration:  54
 --------------------------------------------------------------------------
['XYXZXXXYZY', 'XYZYIZZIYI', 'IIZIZZYYXY', 'XXIYIIXYZY', 'XXXZIIZZZY', 'YYIZZZIZXY', 'YXZZIZYYII', 'XXIYIIXYZY', 'XYYYIZZZII', 'XXIIYXZZII', 'IXIZXXZZYI', 'XXZXZIIIYI', 'XXIIYXZZII', 'ZZXZXXIIZY', 'XYYYIZZZII', 'XXXZIIZZZY', 'XYXZXXXYZY', 'IIZIZZYYXY', 'XXIYIIXYZY', 'XXXZIIZZZY', 'YZZZXYZZZY', 'XYZYIZZIYI', 'XYXZXXXYZY', 'IIZIZZYYXY', 'XYYZIIZIZY', 'XXIYIIXYZY', 'XYYYIZZZII', 'XXXZIIZZZY', 'XYXZXXXYZY', 'IXIZXXZZYI', 'XXZXZIIIYI', 'IIZIZZYYXY', 'ZZXZXXIIZY', 'YZZZXYZZZY', 'XYYZIIZIZY', 'XXIYIIXYZY', 'IIZIZZYYXY', 'IXIZXXZZYI', 'XXXZIIZZZY', 'XYYYIZZZII', 'YYIZZZIZXY', 'XYXZXXXYZY', 'YXZZIZYYII', 'ZZXZXXIIZY', 'XXIIYXZZII', 'XYZYIZZIYI', 'XXIYIIXYZY', 'IIZIZZYYXY', 'IXIZXXZZYI', 'XXZXZIIIYI', 'XYXZXXXYZY', 'YXZZIZYYII', 'IIZIZZYYXY', 'XXIIYXZZII', 'XYYZIIZIZY']
 Finished:      -7.830341420615
 Error:       0.000001531589
2.4




 --------------------------------------------------------------------------
                         ADAPT-VQE iteration:  55
 --------------------------------------------------------------------------
['XYXZXXXYZY', 'XYZYIZZIYI', 'IIZIZZYYXY', 'XXIYIIXYZY', 'XXXZIIZZZY', 'YYIZZZIZXY', 'YXZZIZYYII', 'XXIYIIXYZY', 'XYYYIZZZII', 'XXIIYXZZII', 'IXIZXXZZYI', 'XXZXZIIIYI', 'XXIIYXZZII', 'ZZXZXXIIZY', 'XYYYIZZZII', 'XXXZIIZZZY', 'XYXZXXXYZY', 'IIZIZZYYXY', 'XXIYIIXYZY', 'YXZZIZYYII', 'XXXZIIZZZY', 'YZZZXYZZZY', 'XYZYIZZIYI', 'XYXZXXXYZY', 'IIZIZZYYXY', 'XYYZIIZIZY', 'XXIYIIXYZY', 'XYYYIZZZII', 'XXXZIIZZZY', 'XYXZXXXYZY', 'IXIZXXZZYI', 'XXZXZIIIYI', 'IIZIZZYYXY', 'ZZXZXXIIZY', 'YZZZXYZZZY', 'XYYZIIZIZY', 'XXIYIIXYZY', 'IIZIZZYYXY', 'IXIZXXZZYI', 'XXXZIIZZZY', 'XYYYIZZZII', 'YYIZZZIZXY', 'XYXZXXXYZY', 'YXZZIZYYII', 'ZZXZXXIIZY', 'XXIIYXZZII', 'XYZYIZZIYI', 'XXIYIIXYZY', 'IIZIZZYYXY', 'IXIZXXZZYI', 'XXZXZIIIYI', 'XYXZXXXYZY', 'YXZZIZYYII', 'IIZIZZYYXY', 'XXIIYXZZII', 'XYYZIIZIZY']
 Finished:      -7.830342046231
 Error:       0.000000905973
2.4




 --------------------------------------------------------------------------
                         ADAPT-VQE iteration:  56
 --------------------------------------------------------------------------
['XYXZXXXYZY', 'XYZYIZZIYI', 'IIZIZZYYXY', 'XXIYIIXYZY', 'XXXZIIZZZY', 'YYIZZZIZXY', 'YXZZIZYYII', 'XXIYIIXYZY', 'XYYYIZZZII', 'XXIIYXZZII', 'XYYZIIZIZY', 'IXIZXXZZYI', 'XXZXZIIIYI', 'XXIIYXZZII', 'ZZXZXXIIZY', 'XYYYIZZZII', 'XXXZIIZZZY', 'XYXZXXXYZY', 'IIZIZZYYXY', 'XXIYIIXYZY', 'YXZZIZYYII', 'XXXZIIZZZY', 'YZZZXYZZZY', 'XYZYIZZIYI', 'XYXZXXXYZY', 'IIZIZZYYXY', 'XYYZIIZIZY', 'XXIYIIXYZY', 'XYYYIZZZII', 'XXXZIIZZZY', 'XYXZXXXYZY', 'IXIZXXZZYI', 'XXZXZIIIYI', 'IIZIZZYYXY', 'ZZXZXXIIZY', 'YZZZXYZZZY', 'XYYZIIZIZY', 'XXIYIIXYZY', 'IIZIZZYYXY', 'IXIZXXZZYI', 'XXXZIIZZZY', 'XYYYIZZZII', 'YYIZZZIZXY', 'XYXZXXXYZY', 'YXZZIZYYII', 'ZZXZXXIIZY', 'XXIIYXZZII', 'XYZYIZZIYI', 'XXIYIIXYZY', 'IIZIZZYYXY', 'IXIZXXZZYI', 'XXZXZIIIYI', 'XYXZXXXYZY', 'YXZZIZYYII', 'IIZIZZYYXY', 'XXIIYXZZII', 'XYYZIIZIZY']
 Finished:      -7.830342252365
 Error:       0.000000699838
2.4




 --------------------------------------------------------------------------
                         ADAPT-VQE iteration:  57
 --------------------------------------------------------------------------
['XYXZXXXYZY', 'XYZYIZZIYI', 'IIZIZZYYXY', 'XXIYIIXYZY', 'XXXZIIZZZY', 'YYIZZZIZXY', 'YXZZIZYYII', 'XXIYIIXYZY', 'XYYYIZZZII', 'XXIIYXZZII', 'XYYZIIZIZY', 'IXIZXXZZYI', 'YZZZXYZZZY', 'XXZXZIIIYI', 'XXIIYXZZII', 'ZZXZXXIIZY', 'XYYYIZZZII', 'XXXZIIZZZY', 'XYXZXXXYZY', 'IIZIZZYYXY', 'XXIYIIXYZY', 'YXZZIZYYII', 'XXXZIIZZZY', 'YZZZXYZZZY', 'XYZYIZZIYI', 'XYXZXXXYZY', 'IIZIZZYYXY', 'XYYZIIZIZY', 'XXIYIIXYZY', 'XYYYIZZZII', 'XXXZIIZZZY', 'XYXZXXXYZY', 'IXIZXXZZYI', 'XXZXZIIIYI', 'IIZIZZYYXY', 'ZZXZXXIIZY', 'YZZZXYZZZY', 'XYYZIIZIZY', 'XXIYIIXYZY', 'IIZIZZYYXY', 'IXIZXXZZYI', 'XXXZIIZZZY', 'XYYYIZZZII', 'YYIZZZIZXY', 'XYXZXXXYZY', 'YXZZIZYYII', 'ZZXZXXIIZY', 'XXIIYXZZII', 'XYZYIZZIYI', 'XXIYIIXYZY', 'IIZIZZYYXY', 'IXIZXXZZYI', 'XXZXZIIIYI', 'XYXZXXXYZY', 'YXZZIZYYII', 'IIZIZZYYXY', 'XXIIYXZZII', 'XYYZIIZIZY']
 Finished:      -7.830342363403
 Error:       0.000000588800
2.4




 --------------------------------------------------------------------------
                         ADAPT-VQE iteration:  58
 --------------------------------------------------------------------------
['XYXZXXXYZY', 'XYZYIZZIYI', 'IIZIZZYYXY', 'XXIYIIXYZY', 'XXXZIIZZZY', 'YYIZZZIZXY', 'YXZZIZYYII', 'XXIYIIXYZY', 'XYYYIZZZII', 'XXIIYXZZII', 'XYYZIIZIZY', 'IXIZXXZZYI', 'YZZZXYZZZY', 'XXZXZIIIYI', 'XXIIYXZZII', 'ZZXZXXIIZY', 'XYYYIZZZII', 'XXXZIIZZZY', 'XYXZXXXYZY', 'YYIZZZIZXY', 'IIZIZZYYXY', 'XXIYIIXYZY', 'YXZZIZYYII', 'XXXZIIZZZY', 'YZZZXYZZZY', 'XYZYIZZIYI', 'XYXZXXXYZY', 'IIZIZZYYXY', 'XYYZIIZIZY', 'XXIYIIXYZY', 'XYYYIZZZII', 'XXXZIIZZZY', 'XYXZXXXYZY', 'IXIZXXZZYI', 'XXZXZIIIYI', 'IIZIZZYYXY', 'ZZXZXXIIZY', 'YZZZXYZZZY', 'XYYZIIZIZY', 'XXIYIIXYZY', 'IIZIZZYYXY', 'IXIZXXZZYI', 'XXXZIIZZZY', 'XYYYIZZZII', 'YYIZZZIZXY', 'XYXZXXXYZY', 'YXZZIZYYII', 'ZZXZXXIIZY', 'XXIIYXZZII', 'XYZYIZZIYI', 'XXIYIIXYZY', 'IIZIZZYYXY', 'IXIZXXZZYI', 'XXZXZIIIYI', 'XYXZXXXYZY', 'YXZZIZYYII', 'IIZIZZYYXY', 'XXIIYXZZII', 'XYYZIIZIZY']
 Finished:      -7.830342488967
 Error:       0.000000463237
2.4




 --------------------------------------------------------------------------
                         ADAPT-VQE iteration:  59
 --------------------------------------------------------------------------
['XYXZXXXYZY', 'XYZYIZZIYI', 'IIZIZZYYXY', 'XXIYIIXYZY', 'XXXZIIZZZY', 'YYIZZZIZXY', 'YXZZIZYYII', 'XXIYIIXYZY', 'XYYYIZZZII', 'XXIIYXZZII', 'XYYZIIZIZY', 'IXIZXXZZYI', 'YZZZXYZZZY', 'XXZXZIIIYI', 'XXIIYXZZII', 'ZZXZXXIIZY', 'XYYYIZZZII', 'XXXZIIZZZY', 'XYXZXXXYZY', 'YYIZZZIZXY', 'IIZIZZYYXY', 'XYYZIIZIZY', 'XXIYIIXYZY', 'YXZZIZYYII', 'XXXZIIZZZY', 'YZZZXYZZZY', 'XYZYIZZIYI', 'XYXZXXXYZY', 'IIZIZZYYXY', 'XYYZIIZIZY', 'XXIYIIXYZY', 'XYYYIZZZII', 'XXXZIIZZZY', 'XYXZXXXYZY', 'IXIZXXZZYI', 'XXZXZIIIYI', 'IIZIZZYYXY', 'ZZXZXXIIZY', 'YZZZXYZZZY', 'XYYZIIZIZY', 'XXIYIIXYZY', 'IIZIZZYYXY', 'IXIZXXZZYI', 'XXXZIIZZZY', 'XYYYIZZZII', 'YYIZZZIZXY', 'XYXZXXXYZY', 'YXZZIZYYII', 'ZZXZXXIIZY', 'XXIIYXZZII', 'XYZYIZZIYI', 'XXIYIIXYZY', 'IIZIZZYYXY', 'IXIZXXZZYI', 'XXZXZIIIYI', 'XYXZXXXYZY', 'YXZZIZYYII', 'IIZIZZYYXY', 'XXIIYXZZII', 'XYYZIIZIZY']
 Finished:      -7.830342649647
 Error:       0.000000302557
2.4




 --------------------------------------------------------------------------
                         ADAPT-VQE iteration:  60
 --------------------------------------------------------------------------
['XYXZXXXYZY', 'XYZYIZZIYI', 'IIZIZZYYXY', 'XXIYIIXYZY', 'XXXZIIZZZY', 'XYXZXXXYZY', 'YYIZZZIZXY', 'YXZZIZYYII', 'XXIYIIXYZY', 'XYYYIZZZII', 'XXIIYXZZII', 'XYYZIIZIZY', 'IXIZXXZZYI', 'YZZZXYZZZY', 'XXZXZIIIYI', 'XXIIYXZZII', 'ZZXZXXIIZY', 'XYYYIZZZII', 'XXXZIIZZZY', 'XYXZXXXYZY', 'YYIZZZIZXY', 'IIZIZZYYXY', 'XYYZIIZIZY', 'XXIYIIXYZY', 'YXZZIZYYII', 'XXXZIIZZZY', 'YZZZXYZZZY', 'XYZYIZZIYI', 'XYXZXXXYZY', 'IIZIZZYYXY', 'XYYZIIZIZY', 'XXIYIIXYZY', 'XYYYIZZZII', 'XXXZIIZZZY', 'XYXZXXXYZY', 'IXIZXXZZYI', 'XXZXZIIIYI', 'IIZIZZYYXY', 'ZZXZXXIIZY', 'YZZZXYZZZY', 'XYYZIIZIZY', 'XXIYIIXYZY', 'IIZIZZYYXY', 'IXIZXXZZYI', 'XXXZIIZZZY', 'XYYYIZZZII', 'YYIZZZIZXY', 'XYXZXXXYZY', 'YXZZIZYYII', 'ZZXZXXIIZY', 'XXIIYXZZII', 'XYZYIZZIYI', 'XXIYIIXYZY', 'IIZIZZYYXY', 'IXIZXXZZYI', 'XXZXZIIIYI', 'XYXZXXXYZY', 'YXZZIZYYII', 'IIZIZZYYXY', 'XXIIYXZZII', 'XYYZIIZIZY']
 Finished:      -7.830342713862
 Error:       0.000000238342
2.4




 --------------------------------------------------------------------------
                         ADAPT-VQE iteration:  61
 --------------------------------------------------------------------------
['XYXZXXXYZY', 'XYZYIZZIYI', 'IIZIZZYYXY', 'XXIYIIXYZY', 'XXXZIIZZZY', 'XYXZXXXYZY', 'YYIZZZIZXY', 'YXZZIZYYII', 'XXIYIIXYZY', 'XYYYIZZZII', 'XXIIYXZZII', 'XYYZIIZIZY', 'IXIZXXZZYI', 'YZZZXYZZZY', 'XXZXZIIIYI', 'XXIIYXZZII', 'ZZXZXXIIZY', 'XYYYIZZZII', 'XXXZIIZZZY', 'XYXZXXXYZY', 'YYIZZZIZXY', 'IIZIZZYYXY', 'XYYZIIZIZY', 'XXIYIIXYZY', 'YXZZIZYYII', 'XXXZIIZZZY', 'YZZZXYZZZY', 'XYZYIZZIYI', 'XYXZXXXYZY', 'IIZIZZYYXY', 'XYYZIIZIZY', 'XXIYIIXYZY', 'XYYYIZZZII', 'XXXZIIZZZY', 'XYXZXXXYZY', 'IXIZXXZZYI', 'XXZXZIIIYI', 'IIZIZZYYXY', 'ZZXZXXIIZY', 'YZZZXYZZZY', 'XYYZIIZIZY', 'XXIYIIXYZY', 'IIZIZZYYXY', 'IXIZXXZZYI', 'XXXZIIZZZY', 'XYYYIZZZII', 'YYIZZZIZXY', 'XYXZXXXYZY', 'YXZZIZYYII', 'ZZXZXXIIZY', 'XXIIYXZZII', 'XYYZIIZIZY', 'XYZYIZZIYI', 'XXIYIIXYZY', 'IIZIZZYYXY', 'IXIZXXZZYI', 'XXZXZIIIYI', 'XYXZXXXYZY', 'YXZZIZYYII', 'IIZIZZYYXY', 'XXIIYXZZII', 'XYYZIIZIZY']
 Finished:      -7.830342811377
 Error:       0.000000140826
2.4




 --------------------------------------------------------------------------
                         ADAPT-VQE iteration:  62
 --------------------------------------------------------------------------
['XYXZXXXYZY', 'XYZYIZZIYI', 'IIZIZZYYXY', 'XXIYIIXYZY', 'XXXZIIZZZY', 'XYXZXXXYZY', 'YYIZZZIZXY', 'YXZZIZYYII', 'XXIYIIXYZY', 'YZZZXYZZZY', 'XYYYIZZZII', 'XXIIYXZZII', 'XYYZIIZIZY', 'IXIZXXZZYI', 'YZZZXYZZZY', 'XXZXZIIIYI', 'XXIIYXZZII', 'ZZXZXXIIZY', 'XYYYIZZZII', 'XXXZIIZZZY', 'XYXZXXXYZY', 'YYIZZZIZXY', 'IIZIZZYYXY', 'XYYZIIZIZY', 'XXIYIIXYZY', 'YXZZIZYYII', 'XXXZIIZZZY', 'YZZZXYZZZY', 'XYZYIZZIYI', 'XYXZXXXYZY', 'IIZIZZYYXY', 'XYYZIIZIZY', 'XXIYIIXYZY', 'XYYYIZZZII', 'XXXZIIZZZY', 'XYXZXXXYZY', 'IXIZXXZZYI', 'XXZXZIIIYI', 'IIZIZZYYXY', 'ZZXZXXIIZY', 'YZZZXYZZZY', 'XYYZIIZIZY', 'XXIYIIXYZY', 'IIZIZZYYXY', 'IXIZXXZZYI', 'XXXZIIZZZY', 'XYYYIZZZII', 'YYIZZZIZXY', 'XYXZXXXYZY', 'YXZZIZYYII', 'ZZXZXXIIZY', 'XXIIYXZZII', 'XYYZIIZIZY', 'XYZYIZZIYI', 'XXIYIIXYZY', 'IIZIZZYYXY', 'IXIZXXZZYI', 'XXZXZIIIYI', 'XYXZXXXYZY', 'YXZZIZYYII', 'IIZIZZYYXY', 'XXIIYXZZII', 'XYYZIIZIZY']
 Finished:      -7.830342952204
 Error:       0.000000000000

 
 ------------------------------------------ 

